[10.200s] Invoking command in '/home/dash/Desktop/ros_ws/src/cv_subsystem': PYTHONPATH=/home/dash/Desktop/ros_ws/build/cv_subsystem/prefix_override:/home/dash/Desktop/ros_ws/install/cv_subsystem/lib/python3.10/site-packages:${PYTHONPATH} /usr/bin/python3 -W ignore:setup.py install is deprecated setup.py egg_info --egg-base ../../build/cv_subsystem build --build-base /home/dash/Desktop/ros_ws/build/cv_subsystem/build install --record /home/dash/Desktop/ros_ws/build/cv_subsystem/install.log --single-version-externally-managed install_data
[12.731s] running egg_info
[12.740s] writing ../../build/cv_subsystem/cv_subsystem.egg-info/PKG-INFO
[12.747s] writing dependency_links to ../../build/cv_subsystem/cv_subsystem.egg-info/dependency_links.txt
[12.753s] writing entry points to ../../build/cv_subsystem/cv_subsystem.egg-info/entry_points.txt
[12.760s] writing requirements to ../../build/cv_subsystem/cv_subsystem.egg-info/requires.txt
[12.766s] writing top-level names to ../../build/cv_subsystem/cv_subsystem.egg-info/top_level.txt
[12.792s] reading manifest file '../../build/cv_subsystem/cv_subsystem.egg-info/SOURCES.txt'
[12.797s] writing manifest file '../../build/cv_subsystem/cv_subsystem.egg-info/SOURCES.txt'
[12.803s] running build
[12.808s] running build_py
[12.840s] running install
[12.841s] running install_lib
[12.841s] running install_data
[12.842s] running install_egg_info
[12.843s] removing '/home/dash/Desktop/ros_ws/install/cv_subsystem/lib/python3.10/site-packages/cv_subsystem-0.0.0-py3.10.egg-info' (and everything under it)
[12.861s] Copying ../../build/cv_subsystem/cv_subsystem.egg-info to /home/dash/Desktop/ros_ws/install/cv_subsystem/lib/python3.10/site-packages/cv_subsystem-0.0.0-py3.10.egg-info
[12.905s] running install_scripts
[13.061s] Installing gesture_recognizer script to /home/dash/Desktop/ros_ws/install/cv_subsystem/lib/cv_subsystem
[13.063s] writing list of installed files to '/home/dash/Desktop/ros_ws/build/cv_subsystem/install.log'
[13.547s] Invoked command in '/home/dash/Desktop/ros_ws/src/cv_subsystem' returned '0': PYTHONPATH=/home/dash/Desktop/ros_ws/build/cv_subsystem/prefix_override:/home/dash/Desktop/ros_ws/install/cv_subsystem/lib/python3.10/site-packages:${PYTHONPATH} /usr/bin/python3 -W ignore:setup.py install is deprecated setup.py egg_info --egg-base ../../build/cv_subsystem build --build-base /home/dash/Desktop/ros_ws/build/cv_subsystem/build install --record /home/dash/Desktop/ros_ws/build/cv_subsystem/install.log --single-version-externally-managed install_data
