[4.750s] Invoking command in '/home/dash/Desktop/ros_ws/src/user_interface': PYTHONPATH=/home/dash/Desktop/ros_ws/build/user_interface/prefix_override:/home/dash/Desktop/ros_ws/install/user_interface/lib/python3.10/site-packages:${PYTHONPATH} /usr/bin/python3 -W ignore:setup.py install is deprecated setup.py egg_info --egg-base ../../build/user_interface build --build-base /home/dash/Desktop/ros_ws/build/user_interface/build install --record /home/dash/Desktop/ros_ws/build/user_interface/install.log --single-version-externally-managed install_data
[6.368s] running egg_info
[6.371s] writing ../../build/user_interface/user_interface.egg-info/PKG-INFO
[6.372s] writing dependency_links to ../../build/user_interface/user_interface.egg-info/dependency_links.txt
[6.373s] writing entry points to ../../build/user_interface/user_interface.egg-info/entry_points.txt
[6.374s] writing requirements to ../../build/user_interface/user_interface.egg-info/requires.txt
[6.375s] writing top-level names to ../../build/user_interface/user_interface.egg-info/top_level.txt
[6.384s] reading manifest file '../../build/user_interface/user_interface.egg-info/SOURCES.txt'
[6.411s] writing manifest file '../../build/user_interface/user_interface.egg-info/SOURCES.txt'
[6.412s] running build
[6.413s] running build_py
[6.414s] copying user_interface/flask_ui_server.py -> /home/dash/Desktop/ros_ws/build/user_interface/build/lib/user_interface
[6.414s] running install
[6.415s] running install_lib
[6.432s] copying /home/dash/Desktop/ros_ws/build/user_interface/build/lib/user_interface/flask_ui_server.py -> /home/dash/Desktop/ros_ws/install/user_interface/lib/python3.10/site-packages/user_interface
[6.432s] byte-compiling /home/dash/Desktop/ros_ws/install/user_interface/lib/python3.10/site-packages/user_interface/flask_ui_server.py to flask_ui_server.cpython-310.pyc
[6.433s] running install_data
[6.433s] running install_egg_info
[6.440s] removing '/home/dash/Desktop/ros_ws/install/user_interface/lib/python3.10/site-packages/user_interface-0.0.0-py3.10.egg-info' (and everything under it)
[6.443s] Copying ../../build/user_interface/user_interface.egg-info to /home/dash/Desktop/ros_ws/install/user_interface/lib/python3.10/site-packages/user_interface-0.0.0-py3.10.egg-info
[6.453s] running install_scripts
[6.604s] Installing flask_user_interface script to /home/dash/Desktop/ros_ws/install/user_interface/lib/user_interface
[6.730s] Installing user_interface script to /home/dash/Desktop/ros_ws/install/user_interface/lib/user_interface
[6.736s] writing list of installed files to '/home/dash/Desktop/ros_ws/build/user_interface/install.log'
[6.873s] Invoked command in '/home/dash/Desktop/ros_ws/src/user_interface' returned '0': PYTHONPATH=/home/dash/Desktop/ros_ws/build/user_interface/prefix_override:/home/dash/Desktop/ros_ws/install/user_interface/lib/python3.10/site-packages:${PYTHONPATH} /usr/bin/python3 -W ignore:setup.py install is deprecated setup.py egg_info --egg-base ../../build/user_interface build --build-base /home/dash/Desktop/ros_ws/build/user_interface/build install --record /home/dash/Desktop/ros_ws/build/user_interface/install.log --single-version-externally-managed install_data
