[4.809s] Invoking command in '/home/dash/Desktop/ros_ws/src/user_interface': PYTHONPATH=/home/dash/Desktop/ros_ws/build/user_interface/prefix_override:/home/dash/Desktop/ros_ws/install/user_interface/lib/python3.10/site-packages:${PYTHONPATH} /usr/bin/python3 -W ignore:setup.py install is deprecated setup.py egg_info --egg-base ../../build/user_interface build --build-base /home/dash/Desktop/ros_ws/build/user_interface/build install --record /home/dash/Desktop/ros_ws/build/user_interface/install.log --single-version-externally-managed install_data
[6.441s] running egg_info
[6.444s] writing ../../build/user_interface/user_interface.egg-info/PKG-INFO
[6.445s] writing dependency_links to ../../build/user_interface/user_interface.egg-info/dependency_links.txt
[6.449s] writing entry points to ../../build/user_interface/user_interface.egg-info/entry_points.txt
[6.450s] writing requirements to ../../build/user_interface/user_interface.egg-info/requires.txt
[6.450s] writing top-level names to ../../build/user_interface/user_interface.egg-info/top_level.txt
[6.461s] reading manifest file '../../build/user_interface/user_interface.egg-info/SOURCES.txt'
[6.471s] writing manifest file '../../build/user_interface/user_interface.egg-info/SOURCES.txt'
[6.472s] running build
[6.474s] running build_py
[6.476s] running install
[6.484s] running install_lib
[6.496s] running install_data
[6.499s] running install_egg_info
[6.513s] removing '/home/dash/Desktop/ros_ws/install/user_interface/lib/python3.10/site-packages/user_interface-0.0.0-py3.10.egg-info' (and everything under it)
[6.514s] Copying ../../build/user_interface/user_interface.egg-info to /home/dash/Desktop/ros_ws/install/user_interface/lib/python3.10/site-packages/user_interface-0.0.0-py3.10.egg-info
[6.520s] running install_scripts
[6.618s] Installing flask_user_interface script to /home/dash/Desktop/ros_ws/install/user_interface/lib/user_interface
[6.619s] Installing user_interface script to /home/dash/Desktop/ros_ws/install/user_interface/lib/user_interface
[6.621s] writing list of installed files to '/home/dash/Desktop/ros_ws/build/user_interface/install.log'
[6.777s] Invoked command in '/home/dash/Desktop/ros_ws/src/user_interface' returned '0': PYTHONPATH=/home/dash/Desktop/ros_ws/build/user_interface/prefix_override:/home/dash/Desktop/ros_ws/install/user_interface/lib/python3.10/site-packages:${PYTHONPATH} /usr/bin/python3 -W ignore:setup.py install is deprecated setup.py egg_info --egg-base ../../build/user_interface build --build-base /home/dash/Desktop/ros_ws/build/user_interface/build install --record /home/dash/Desktop/ros_ws/build/user_interface/install.log --single-version-externally-managed install_data
