[5.540s] Invoking command in '/home/dash/Desktop/ros_ws/src/user_interface': PYTHONPATH=/home/dash/Desktop/ros_ws/build/user_interface/prefix_override:/home/dash/Desktop/ros_ws/install/user_interface/lib/python3.10/site-packages:${PYTHONPATH} /usr/bin/python3 -W ignore:setup.py install is deprecated setup.py egg_info --egg-base ../../build/user_interface build --build-base /home/dash/Desktop/ros_ws/build/user_interface/build install --record /home/dash/Desktop/ros_ws/build/user_interface/install.log --single-version-externally-managed install_data
[7.139s] running egg_info
[7.142s] writing ../../build/user_interface/user_interface.egg-info/PKG-INFO
[7.143s] writing dependency_links to ../../build/user_interface/user_interface.egg-info/dependency_links.txt
[7.144s] writing entry points to ../../build/user_interface/user_interface.egg-info/entry_points.txt
[7.145s] writing requirements to ../../build/user_interface/user_interface.egg-info/requires.txt
[7.146s] writing top-level names to ../../build/user_interface/user_interface.egg-info/top_level.txt
[7.155s] reading manifest file '../../build/user_interface/user_interface.egg-info/SOURCES.txt'
[7.174s] writing manifest file '../../build/user_interface/user_interface.egg-info/SOURCES.txt'
[7.175s] running build
[7.176s] running build_py
[7.177s] running install
[7.179s] running install_lib
[7.187s] running install_data
[7.188s] running install_egg_info
[7.197s] removing '/home/dash/Desktop/ros_ws/install/user_interface/lib/python3.10/site-packages/user_interface-0.0.0-py3.10.egg-info' (and everything under it)
[7.199s] Copying ../../build/user_interface/user_interface.egg-info to /home/dash/Desktop/ros_ws/install/user_interface/lib/python3.10/site-packages/user_interface-0.0.0-py3.10.egg-info
[7.207s] running install_scripts
[7.308s] Installing flask_user_interface script to /home/dash/Desktop/ros_ws/install/user_interface/lib/user_interface
[7.310s] Installing user_interface script to /home/dash/Desktop/ros_ws/install/user_interface/lib/user_interface
[7.312s] writing list of installed files to '/home/dash/Desktop/ros_ws/build/user_interface/install.log'
[7.461s] Invoked command in '/home/dash/Desktop/ros_ws/src/user_interface' returned '0': PYTHONPATH=/home/dash/Desktop/ros_ws/build/user_interface/prefix_override:/home/dash/Desktop/ros_ws/install/user_interface/lib/python3.10/site-packages:${PYTHONPATH} /usr/bin/python3 -W ignore:setup.py install is deprecated setup.py egg_info --egg-base ../../build/user_interface build --build-base /home/dash/Desktop/ros_ws/build/user_interface/build install --record /home/dash/Desktop/ros_ws/build/user_interface/install.log --single-version-externally-managed install_data
