[18.069s] Invoking command in '/home/dash/Desktop/ros_ws/src/controller': PYTHONPATH=/home/dash/Desktop/ros_ws/build/controller/prefix_override:/home/dash/Desktop/ros_ws/install/controller/lib/python3.10/site-packages:${PYTHONPATH} /usr/bin/python3 -W ignore:setup.py install is deprecated setup.py egg_info --egg-base ../../build/controller build --build-base /home/dash/Desktop/ros_ws/build/controller/build install --record /home/dash/Desktop/ros_ws/build/controller/install.log --single-version-externally-managed install_data
[23.896s] running egg_info
[23.911s] writing ../../build/controller/controller.egg-info/PKG-INFO
[23.942s] writing dependency_links to ../../build/controller/controller.egg-info/dependency_links.txt
[23.952s] writing entry points to ../../build/controller/controller.egg-info/entry_points.txt
[23.965s] writing requirements to ../../build/controller/controller.egg-info/requires.txt
[24.000s] writing top-level names to ../../build/controller/controller.egg-info/top_level.txt
[24.076s] reading manifest file '../../build/controller/controller.egg-info/SOURCES.txt'
[24.296s] writing manifest file '../../build/controller/controller.egg-info/SOURCES.txt'
[24.300s] running build
[24.302s] running build_py
[24.313s] running install
[24.323s] running install_lib
[24.341s] running install_data
[24.350s] running install_egg_info
[24.380s] removing '/home/dash/Desktop/ros_ws/install/controller/lib/python3.10/site-packages/controller-0.0.0-py3.10.egg-info' (and everything under it)
[24.382s] Copying ../../build/controller/controller.egg-info to /home/dash/Desktop/ros_ws/install/controller/lib/python3.10/site-packages/controller-0.0.0-py3.10.egg-info
[24.398s] running install_scripts
[24.600s] Installing app_control script to /home/dash/Desktop/ros_ws/install/controller/lib/controller
[24.664s] Installing controller script to /home/dash/Desktop/ros_ws/install/controller/lib/controller
[24.676s] Installing handshake script to /home/dash/Desktop/ros_ws/install/controller/lib/controller
[24.678s] Installing robot_status script to /home/dash/Desktop/ros_ws/install/controller/lib/controller
[24.679s] Installing settings_handler script to /home/dash/Desktop/ros_ws/install/controller/lib/controller
[24.684s] writing list of installed files to '/home/dash/Desktop/ros_ws/build/controller/install.log'
[25.310s] Invoked command in '/home/dash/Desktop/ros_ws/src/controller' returned '0': PYTHONPATH=/home/dash/Desktop/ros_ws/build/controller/prefix_override:/home/dash/Desktop/ros_ws/install/controller/lib/python3.10/site-packages:${PYTHONPATH} /usr/bin/python3 -W ignore:setup.py install is deprecated setup.py egg_info --egg-base ../../build/controller build --build-base /home/dash/Desktop/ros_ws/build/controller/build install --record /home/dash/Desktop/ros_ws/build/controller/install.log --single-version-externally-managed install_data
