[0.576s] DEBUG:colcon:Command line arguments: ['/usr/bin/colcon', 'build', '--packages-select', 'DASH_bringup']
[0.576s] DEBUG:colcon:Parsed command line arguments: Namespace(log_base=None, log_level=None, verb_name='build', build_base='build', install_base='install', merge_install=False, symlink_install=False, test_result_base=None, continue_on_error=False, executor='parallel', parallel_workers=4, event_handlers=None, ignore_user_meta=False, metas=['./colcon.meta'], base_paths=['.'], packages_ignore=None, packages_ignore_regex=None, paths=None, packages_up_to=None, packages_up_to_regex=None, packages_above=None, packages_above_and_dependencies=None, packages_above_depth=None, packages_select_by_dep=None, packages_skip_by_dep=None, packages_skip_up_to=None, packages_select_build_failed=False, packages_skip_build_finished=False, packages_select_test_failures=False, packages_skip_test_passed=False, packages_select=['DASH_bringup'], packages_skip=None, packages_select_regex=None, packages_skip_regex=None, packages_start=None, packages_end=None, allow_overriding=[], cmake_args=None, cmake_target=None, cmake_target_skip_unavailable=False, cmake_clean_cache=False, cmake_clean_first=False, cmake_force_configure=False, ament_cmake_args=None, catkin_cmake_args=None, catkin_skip_building_tests=False, verb_parser=<colcon_defaults.argument_parser.defaults.DefaultArgumentsDecorator object at 0xffff8aabd5d0>, verb_extension=<colcon_core.verb.build.BuildVerb object at 0xffff8ac0a0b0>, main=<bound method BuildVerb.main of <colcon_core.verb.build.BuildVerb object at 0xffff8ac0a0b0>>)
[1.919s] Level 1:colcon.colcon_core.package_discovery:discover_packages(colcon_meta) check parameters
[1.920s] Level 1:colcon.colcon_core.package_discovery:discover_packages(recursive) check parameters
[1.920s] Level 1:colcon.colcon_core.package_discovery:discover_packages(ignore) check parameters
[1.920s] Level 1:colcon.colcon_core.package_discovery:discover_packages(path) check parameters
[1.920s] Level 1:colcon.colcon_core.package_discovery:discover_packages(colcon_meta) discover
[1.921s] Level 1:colcon.colcon_core.package_discovery:discover_packages(recursive) discover
[1.921s] INFO:colcon.colcon_core.package_discovery:Crawling recursively for packages in '/home/dash/Desktop/ros_ws'
[1.922s] Level 1:colcon.colcon_core.package_identification:_identify(.) by extensions ['ignore', 'ignore_ament_install']
[1.922s] Level 1:colcon.colcon_core.package_identification:_identify(.) by extension 'ignore'
[1.922s] Level 1:colcon.colcon_core.package_identification:_identify(.) by extension 'ignore_ament_install'
[1.923s] Level 1:colcon.colcon_core.package_identification:_identify(.) by extensions ['colcon_pkg']
[1.923s] Level 1:colcon.colcon_core.package_identification:_identify(.) by extension 'colcon_pkg'
[1.923s] Level 1:colcon.colcon_core.package_identification:_identify(.) by extensions ['colcon_meta']
[1.923s] Level 1:colcon.colcon_core.package_identification:_identify(.) by extension 'colcon_meta'
[1.924s] Level 1:colcon.colcon_core.package_identification:_identify(.) by extensions ['ros']
[1.924s] Level 1:colcon.colcon_core.package_identification:_identify(.) by extension 'ros'
[1.980s] Level 1:colcon.colcon_core.package_identification:_identify(.) by extensions ['cmake', 'python']
[1.980s] Level 1:colcon.colcon_core.package_identification:_identify(.) by extension 'cmake'
[1.981s] Level 1:colcon.colcon_core.package_identification:_identify(.) by extension 'python'
[1.981s] Level 1:colcon.colcon_core.package_identification:_identify(.) by extensions ['python_setup_py']
[1.981s] Level 1:colcon.colcon_core.package_identification:_identify(.) by extension 'python_setup_py'
[1.982s] Level 1:colcon.colcon_core.package_identification:_identify(build) by extensions ['ignore', 'ignore_ament_install']
[1.982s] Level 1:colcon.colcon_core.package_identification:_identify(build) by extension 'ignore'
[1.982s] Level 1:colcon.colcon_core.package_identification:_identify(build) ignored
[1.983s] Level 1:colcon.colcon_core.package_identification:_identify(install) by extensions ['ignore', 'ignore_ament_install']
[1.984s] Level 1:colcon.colcon_core.package_identification:_identify(install) by extension 'ignore'
[1.984s] Level 1:colcon.colcon_core.package_identification:_identify(install) ignored
[1.985s] Level 1:colcon.colcon_core.package_identification:_identify(log) by extensions ['ignore', 'ignore_ament_install']
[1.985s] Level 1:colcon.colcon_core.package_identification:_identify(log) by extension 'ignore'
[1.986s] Level 1:colcon.colcon_core.package_identification:_identify(log) ignored
[1.986s] Level 1:colcon.colcon_core.package_identification:_identify(src) by extensions ['ignore', 'ignore_ament_install']
[1.986s] Level 1:colcon.colcon_core.package_identification:_identify(src) by extension 'ignore'
[1.987s] Level 1:colcon.colcon_core.package_identification:_identify(src) by extension 'ignore_ament_install'
[1.987s] Level 1:colcon.colcon_core.package_identification:_identify(src) by extensions ['colcon_pkg']
[1.987s] Level 1:colcon.colcon_core.package_identification:_identify(src) by extension 'colcon_pkg'
[1.987s] Level 1:colcon.colcon_core.package_identification:_identify(src) by extensions ['colcon_meta']
[1.988s] Level 1:colcon.colcon_core.package_identification:_identify(src) by extension 'colcon_meta'
[1.988s] Level 1:colcon.colcon_core.package_identification:_identify(src) by extensions ['ros']
[1.988s] Level 1:colcon.colcon_core.package_identification:_identify(src) by extension 'ros'
[1.988s] Level 1:colcon.colcon_core.package_identification:_identify(src) by extensions ['cmake', 'python']
[1.989s] Level 1:colcon.colcon_core.package_identification:_identify(src) by extension 'cmake'
[1.989s] Level 1:colcon.colcon_core.package_identification:_identify(src) by extension 'python'
[1.989s] Level 1:colcon.colcon_core.package_identification:_identify(src) by extensions ['python_setup_py']
[1.989s] Level 1:colcon.colcon_core.package_identification:_identify(src) by extension 'python_setup_py'
[1.990s] Level 1:colcon.colcon_core.package_identification:_identify(src/DASH_bringup) by extensions ['ignore', 'ignore_ament_install']
[1.990s] Level 1:colcon.colcon_core.package_identification:_identify(src/DASH_bringup) by extension 'ignore'
[1.991s] Level 1:colcon.colcon_core.package_identification:_identify(src/DASH_bringup) by extension 'ignore_ament_install'
[1.991s] Level 1:colcon.colcon_core.package_identification:_identify(src/DASH_bringup) by extensions ['colcon_pkg']
[1.991s] Level 1:colcon.colcon_core.package_identification:_identify(src/DASH_bringup) by extension 'colcon_pkg'
[1.991s] Level 1:colcon.colcon_core.package_identification:_identify(src/DASH_bringup) by extensions ['colcon_meta']
[1.991s] Level 1:colcon.colcon_core.package_identification:_identify(src/DASH_bringup) by extension 'colcon_meta'
[1.992s] Level 1:colcon.colcon_core.package_identification:_identify(src/DASH_bringup) by extensions ['ros']
[1.992s] Level 1:colcon.colcon_core.package_identification:_identify(src/DASH_bringup) by extension 'ros'
[2.038s] DEBUG:colcon.colcon_core.package_identification:Package 'src/DASH_bringup' with type 'ros.ament_cmake' and name 'DASH_bringup'
[2.039s] Level 1:colcon.colcon_core.package_identification:_identify(src/controller) by extensions ['ignore', 'ignore_ament_install']
[2.039s] Level 1:colcon.colcon_core.package_identification:_identify(src/controller) by extension 'ignore'
[2.040s] Level 1:colcon.colcon_core.package_identification:_identify(src/controller) by extension 'ignore_ament_install'
[2.040s] Level 1:colcon.colcon_core.package_identification:_identify(src/controller) by extensions ['colcon_pkg']
[2.040s] Level 1:colcon.colcon_core.package_identification:_identify(src/controller) by extension 'colcon_pkg'
[2.041s] Level 1:colcon.colcon_core.package_identification:_identify(src/controller) by extensions ['colcon_meta']
[2.041s] Level 1:colcon.colcon_core.package_identification:_identify(src/controller) by extension 'colcon_meta'
[2.041s] Level 1:colcon.colcon_core.package_identification:_identify(src/controller) by extensions ['ros']
[2.041s] Level 1:colcon.colcon_core.package_identification:_identify(src/controller) by extension 'ros'
[2.044s] DEBUG:colcon.colcon_core.package_identification:Package 'src/controller' with type 'ros.ament_python' and name 'controller'
[2.045s] Level 1:colcon.colcon_core.package_identification:_identify(src/cv_subsystem) by extensions ['ignore', 'ignore_ament_install']
[2.045s] Level 1:colcon.colcon_core.package_identification:_identify(src/cv_subsystem) by extension 'ignore'
[2.045s] Level 1:colcon.colcon_core.package_identification:_identify(src/cv_subsystem) by extension 'ignore_ament_install'
[2.046s] Level 1:colcon.colcon_core.package_identification:_identify(src/cv_subsystem) by extensions ['colcon_pkg']
[2.046s] Level 1:colcon.colcon_core.package_identification:_identify(src/cv_subsystem) by extension 'colcon_pkg'
[2.046s] Level 1:colcon.colcon_core.package_identification:_identify(src/cv_subsystem) by extensions ['colcon_meta']
[2.046s] Level 1:colcon.colcon_core.package_identification:_identify(src/cv_subsystem) by extension 'colcon_meta'
[2.047s] Level 1:colcon.colcon_core.package_identification:_identify(src/cv_subsystem) by extensions ['ros']
[2.047s] Level 1:colcon.colcon_core.package_identification:_identify(src/cv_subsystem) by extension 'ros'
[2.049s] DEBUG:colcon.colcon_core.package_identification:Package 'src/cv_subsystem' with type 'ros.ament_python' and name 'cv_subsystem'
[2.050s] Level 1:colcon.colcon_core.package_identification:_identify(src/nlp_subsystem) by extensions ['ignore', 'ignore_ament_install']
[2.050s] Level 1:colcon.colcon_core.package_identification:_identify(src/nlp_subsystem) by extension 'ignore'
[2.051s] Level 1:colcon.colcon_core.package_identification:_identify(src/nlp_subsystem) by extension 'ignore_ament_install'
[2.051s] Level 1:colcon.colcon_core.package_identification:_identify(src/nlp_subsystem) by extensions ['colcon_pkg']
[2.051s] Level 1:colcon.colcon_core.package_identification:_identify(src/nlp_subsystem) by extension 'colcon_pkg'
[2.052s] Level 1:colcon.colcon_core.package_identification:_identify(src/nlp_subsystem) by extensions ['colcon_meta']
[2.052s] Level 1:colcon.colcon_core.package_identification:_identify(src/nlp_subsystem) by extension 'colcon_meta'
[2.052s] Level 1:colcon.colcon_core.package_identification:_identify(src/nlp_subsystem) by extensions ['ros']
[2.052s] Level 1:colcon.colcon_core.package_identification:_identify(src/nlp_subsystem) by extension 'ros'
[2.055s] DEBUG:colcon.colcon_core.package_identification:Package 'src/nlp_subsystem' with type 'ros.ament_python' and name 'nlp_subsystem'
[2.055s] Level 1:colcon.colcon_core.package_identification:_identify(src/robot_interfaces) by extensions ['ignore', 'ignore_ament_install']
[2.056s] Level 1:colcon.colcon_core.package_identification:_identify(src/robot_interfaces) by extension 'ignore'
[2.056s] Level 1:colcon.colcon_core.package_identification:_identify(src/robot_interfaces) by extension 'ignore_ament_install'
[2.056s] Level 1:colcon.colcon_core.package_identification:_identify(src/robot_interfaces) by extensions ['colcon_pkg']
[2.057s] Level 1:colcon.colcon_core.package_identification:_identify(src/robot_interfaces) by extension 'colcon_pkg'
[2.057s] Level 1:colcon.colcon_core.package_identification:_identify(src/robot_interfaces) by extensions ['colcon_meta']
[2.057s] Level 1:colcon.colcon_core.package_identification:_identify(src/robot_interfaces) by extension 'colcon_meta'
[2.058s] Level 1:colcon.colcon_core.package_identification:_identify(src/robot_interfaces) by extensions ['ros']
[2.058s] Level 1:colcon.colcon_core.package_identification:_identify(src/robot_interfaces) by extension 'ros'
[2.061s] DEBUG:colcon.colcon_core.package_identification:Package 'src/robot_interfaces' with type 'ros.ament_cmake' and name 'robot_interfaces'
[2.061s] Level 1:colcon.colcon_core.package_discovery:discover_packages(recursive) using defaults
[2.062s] Level 1:colcon.colcon_core.package_discovery:discover_packages(ignore) discover
[2.062s] Level 1:colcon.colcon_core.package_discovery:discover_packages(ignore) using defaults
[2.062s] Level 1:colcon.colcon_core.package_discovery:discover_packages(path) discover
[2.062s] Level 1:colcon.colcon_core.package_discovery:discover_packages(path) using defaults
[2.158s] INFO:colcon.colcon_core.package_selection:Skipping not selected package 'controller' in 'src/controller'
[2.158s] INFO:colcon.colcon_core.package_selection:Skipping not selected package 'cv_subsystem' in 'src/cv_subsystem'
[2.158s] INFO:colcon.colcon_core.package_selection:Skipping not selected package 'nlp_subsystem' in 'src/nlp_subsystem'
[2.158s] INFO:colcon.colcon_core.package_selection:Skipping not selected package 'robot_interfaces' in 'src/robot_interfaces'
[2.160s] Level 1:colcon.colcon_core.package_discovery:discover_packages(prefix_path) check parameters
[2.161s] Level 1:colcon.colcon_core.package_discovery:discover_packages(prefix_path) discover
[2.174s] DEBUG:colcon.colcon_installed_package_information.package_discovery:Found 7 installed packages in /home/dash/Desktop/depthai-ros/install
[2.178s] DEBUG:colcon.colcon_installed_package_information.package_discovery:Found 4 installed packages in /home/dash/Desktop/ros_ws/install
[2.189s] DEBUG:colcon.colcon_installed_package_information.package_discovery:Found 296 installed packages in /opt/ros/humble
[2.197s] Level 1:colcon.colcon_core.package_discovery:discover_packages(prefix_path) using defaults
[2.408s] Level 5:colcon.colcon_core.verb:set package 'DASH_bringup' build argument 'cmake_args' from command line to 'None'
[2.409s] Level 5:colcon.colcon_core.verb:set package 'DASH_bringup' build argument 'cmake_target' from command line to 'None'
[2.409s] Level 5:colcon.colcon_core.verb:set package 'DASH_bringup' build argument 'cmake_target_skip_unavailable' from command line to 'False'
[2.409s] Level 5:colcon.colcon_core.verb:set package 'DASH_bringup' build argument 'cmake_clean_cache' from command line to 'False'
[2.409s] Level 5:colcon.colcon_core.verb:set package 'DASH_bringup' build argument 'cmake_clean_first' from command line to 'False'
[2.409s] Level 5:colcon.colcon_core.verb:set package 'DASH_bringup' build argument 'cmake_force_configure' from command line to 'False'
[2.410s] Level 5:colcon.colcon_core.verb:set package 'DASH_bringup' build argument 'ament_cmake_args' from command line to 'None'
[2.410s] Level 5:colcon.colcon_core.verb:set package 'DASH_bringup' build argument 'catkin_cmake_args' from command line to 'None'
[2.410s] Level 5:colcon.colcon_core.verb:set package 'DASH_bringup' build argument 'catkin_skip_building_tests' from command line to 'False'
[2.410s] DEBUG:colcon.colcon_core.verb:Building package 'DASH_bringup' with the following arguments: {'ament_cmake_args': None, 'build_base': '/home/dash/Desktop/ros_ws/build/DASH_bringup', 'catkin_cmake_args': None, 'catkin_skip_building_tests': False, 'cmake_args': None, 'cmake_clean_cache': False, 'cmake_clean_first': False, 'cmake_force_configure': False, 'cmake_target': None, 'cmake_target_skip_unavailable': False, 'install_base': '/home/dash/Desktop/ros_ws/install/DASH_bringup', 'merge_install': False, 'path': '/home/dash/Desktop/ros_ws/src/DASH_bringup', 'symlink_install': False, 'test_result_base': None}
[2.411s] INFO:colcon.colcon_core.executor:Executing jobs using 'parallel' executor
[2.415s] DEBUG:colcon.colcon_parallel_executor.executor.parallel:run_until_complete
[2.417s] INFO:colcon.colcon_ros.task.ament_cmake.build:Building ROS package in '/home/dash/Desktop/ros_ws/src/DASH_bringup' with build type 'ament_cmake'
[2.417s] INFO:colcon.colcon_cmake.task.cmake.build:Building CMake package in '/home/dash/Desktop/ros_ws/src/DASH_bringup'
[2.443s] INFO:colcon.colcon_core.plugin_system:Skipping extension 'colcon_core.shell.bat': Not used on non-Windows systems
[2.445s] INFO:colcon.colcon_core.shell:Skip shell extension 'powershell' for command environment: Not usable outside of PowerShell
[2.445s] DEBUG:colcon.colcon_core.shell:Skip shell extension 'dsv' for command environment
[2.596s] DEBUG:colcon.colcon_core.event_handler.log_command:Invoking command in '/home/dash/Desktop/ros_ws/build/DASH_bringup': AMENT_PREFIX_PATH=/home/dash/Desktop/ros_ws/install/nlp_subsystem:/home/dash/Desktop/ros_ws/install/cv_subsystem:/home/dash/Desktop/ros_ws/install/controller:/home/dash/Desktop/ros_ws/install/robot_interfaces:/home/dash/Desktop/depthai-ros/install/depthai-ros:/home/dash/Desktop/depthai-ros/install/depthai_ros_driver:/home/dash/Desktop/depthai-ros/install/depthai_filters:/home/dash/Desktop/depthai-ros/install/depthai_examples:/home/dash/Desktop/depthai-ros/install/depthai_bridge:/home/dash/Desktop/depthai-ros/install/depthai_ros_msgs:/home/dash/Desktop/depthai-ros/install/depthai_descriptions:/opt/ros/humble CMAKE_PREFIX_PATH=${CMAKE_PREFIX_PATH}:/home/dash/Desktop/ros_ws/install/nlp_subsystem:/home/dash/Desktop/ros_ws/install/cv_subsystem:/home/dash/Desktop/ros_ws/install/controller:/opt/ros/humble PYTHONPATH=/home/dash/Desktop/ros_ws/install/nlp_subsystem/lib/python3.10/site-packages:/home/dash/Desktop/ros_ws/install/cv_subsystem/lib/python3.10/site-packages:/home/dash/Desktop/ros_ws/install/controller/lib/python3.10/site-packages:/home/dash/Desktop/ros_ws/install/robot_interfaces/local/lib/python3.10/dist-packages:/home/dash/Desktop/ros_ws/install/robot_interfaces/lib/python3.10/site-packages:/home/dash/Desktop/depthai-ros/install/depthai_ros_driver/local/lib/python3.10/dist-packages:/home/dash/Desktop/depthai-ros/install/depthai_ros_msgs/local/lib/python3.10/dist-packages:/opt/ros/humble/lib/python3.10/site-packages:/opt/ros/humble/local/lib/python3.10/dist-packages /usr/bin/cmake /home/dash/Desktop/ros_ws/src/DASH_bringup -DCMAKE_INSTALL_PREFIX=/home/dash/Desktop/ros_ws/install/DASH_bringup
[8.669s] DEBUG:colcon.colcon_core.event_handler.log_command:Invoked command in '/home/dash/Desktop/ros_ws/build/DASH_bringup' returned '0': AMENT_PREFIX_PATH=/home/dash/Desktop/ros_ws/install/nlp_subsystem:/home/dash/Desktop/ros_ws/install/cv_subsystem:/home/dash/Desktop/ros_ws/install/controller:/home/dash/Desktop/ros_ws/install/robot_interfaces:/home/dash/Desktop/depthai-ros/install/depthai-ros:/home/dash/Desktop/depthai-ros/install/depthai_ros_driver:/home/dash/Desktop/depthai-ros/install/depthai_filters:/home/dash/Desktop/depthai-ros/install/depthai_examples:/home/dash/Desktop/depthai-ros/install/depthai_bridge:/home/dash/Desktop/depthai-ros/install/depthai_ros_msgs:/home/dash/Desktop/depthai-ros/install/depthai_descriptions:/opt/ros/humble CMAKE_PREFIX_PATH=${CMAKE_PREFIX_PATH}:/home/dash/Desktop/ros_ws/install/nlp_subsystem:/home/dash/Desktop/ros_ws/install/cv_subsystem:/home/dash/Desktop/ros_ws/install/controller:/opt/ros/humble PYTHONPATH=/home/dash/Desktop/ros_ws/install/nlp_subsystem/lib/python3.10/site-packages:/home/dash/Desktop/ros_ws/install/cv_subsystem/lib/python3.10/site-packages:/home/dash/Desktop/ros_ws/install/controller/lib/python3.10/site-packages:/home/dash/Desktop/ros_ws/install/robot_interfaces/local/lib/python3.10/dist-packages:/home/dash/Desktop/ros_ws/install/robot_interfaces/lib/python3.10/site-packages:/home/dash/Desktop/depthai-ros/install/depthai_ros_driver/local/lib/python3.10/dist-packages:/home/dash/Desktop/depthai-ros/install/depthai_ros_msgs/local/lib/python3.10/dist-packages:/opt/ros/humble/lib/python3.10/site-packages:/opt/ros/humble/local/lib/python3.10/dist-packages /usr/bin/cmake /home/dash/Desktop/ros_ws/src/DASH_bringup -DCMAKE_INSTALL_PREFIX=/home/dash/Desktop/ros_ws/install/DASH_bringup
[8.673s] DEBUG:colcon.colcon_core.event_handler.log_command:Invoking command in '/home/dash/Desktop/ros_ws/build/DASH_bringup': AMENT_PREFIX_PATH=/home/dash/Desktop/ros_ws/install/nlp_subsystem:/home/dash/Desktop/ros_ws/install/cv_subsystem:/home/dash/Desktop/ros_ws/install/controller:/home/dash/Desktop/ros_ws/install/robot_interfaces:/home/dash/Desktop/depthai-ros/install/depthai-ros:/home/dash/Desktop/depthai-ros/install/depthai_ros_driver:/home/dash/Desktop/depthai-ros/install/depthai_filters:/home/dash/Desktop/depthai-ros/install/depthai_examples:/home/dash/Desktop/depthai-ros/install/depthai_bridge:/home/dash/Desktop/depthai-ros/install/depthai_ros_msgs:/home/dash/Desktop/depthai-ros/install/depthai_descriptions:/opt/ros/humble CMAKE_PREFIX_PATH=${CMAKE_PREFIX_PATH}:/home/dash/Desktop/ros_ws/install/nlp_subsystem:/home/dash/Desktop/ros_ws/install/cv_subsystem:/home/dash/Desktop/ros_ws/install/controller:/opt/ros/humble PYTHONPATH=/home/dash/Desktop/ros_ws/install/nlp_subsystem/lib/python3.10/site-packages:/home/dash/Desktop/ros_ws/install/cv_subsystem/lib/python3.10/site-packages:/home/dash/Desktop/ros_ws/install/controller/lib/python3.10/site-packages:/home/dash/Desktop/ros_ws/install/robot_interfaces/local/lib/python3.10/dist-packages:/home/dash/Desktop/ros_ws/install/robot_interfaces/lib/python3.10/site-packages:/home/dash/Desktop/depthai-ros/install/depthai_ros_driver/local/lib/python3.10/dist-packages:/home/dash/Desktop/depthai-ros/install/depthai_ros_msgs/local/lib/python3.10/dist-packages:/opt/ros/humble/lib/python3.10/site-packages:/opt/ros/humble/local/lib/python3.10/dist-packages /usr/bin/cmake --build /home/dash/Desktop/ros_ws/build/DASH_bringup -- -j4 -l4
[8.922s] DEBUG:colcon.colcon_core.event_handler.log_command:Invoked command in '/home/dash/Desktop/ros_ws/build/DASH_bringup' returned '0': AMENT_PREFIX_PATH=/home/dash/Desktop/ros_ws/install/nlp_subsystem:/home/dash/Desktop/ros_ws/install/cv_subsystem:/home/dash/Desktop/ros_ws/install/controller:/home/dash/Desktop/ros_ws/install/robot_interfaces:/home/dash/Desktop/depthai-ros/install/depthai-ros:/home/dash/Desktop/depthai-ros/install/depthai_ros_driver:/home/dash/Desktop/depthai-ros/install/depthai_filters:/home/dash/Desktop/depthai-ros/install/depthai_examples:/home/dash/Desktop/depthai-ros/install/depthai_bridge:/home/dash/Desktop/depthai-ros/install/depthai_ros_msgs:/home/dash/Desktop/depthai-ros/install/depthai_descriptions:/opt/ros/humble CMAKE_PREFIX_PATH=${CMAKE_PREFIX_PATH}:/home/dash/Desktop/ros_ws/install/nlp_subsystem:/home/dash/Desktop/ros_ws/install/cv_subsystem:/home/dash/Desktop/ros_ws/install/controller:/opt/ros/humble PYTHONPATH=/home/dash/Desktop/ros_ws/install/nlp_subsystem/lib/python3.10/site-packages:/home/dash/Desktop/ros_ws/install/cv_subsystem/lib/python3.10/site-packages:/home/dash/Desktop/ros_ws/install/controller/lib/python3.10/site-packages:/home/dash/Desktop/ros_ws/install/robot_interfaces/local/lib/python3.10/dist-packages:/home/dash/Desktop/ros_ws/install/robot_interfaces/lib/python3.10/site-packages:/home/dash/Desktop/depthai-ros/install/depthai_ros_driver/local/lib/python3.10/dist-packages:/home/dash/Desktop/depthai-ros/install/depthai_ros_msgs/local/lib/python3.10/dist-packages:/opt/ros/humble/lib/python3.10/site-packages:/opt/ros/humble/local/lib/python3.10/dist-packages /usr/bin/cmake --build /home/dash/Desktop/ros_ws/build/DASH_bringup -- -j4 -l4
[9.490s] DEBUG:colcon.colcon_core.event_handler.log_command:Invoking command in '/home/dash/Desktop/ros_ws/build/DASH_bringup': AMENT_PREFIX_PATH=/home/dash/Desktop/ros_ws/install/nlp_subsystem:/home/dash/Desktop/ros_ws/install/cv_subsystem:/home/dash/Desktop/ros_ws/install/controller:/home/dash/Desktop/ros_ws/install/robot_interfaces:/home/dash/Desktop/depthai-ros/install/depthai-ros:/home/dash/Desktop/depthai-ros/install/depthai_ros_driver:/home/dash/Desktop/depthai-ros/install/depthai_filters:/home/dash/Desktop/depthai-ros/install/depthai_examples:/home/dash/Desktop/depthai-ros/install/depthai_bridge:/home/dash/Desktop/depthai-ros/install/depthai_ros_msgs:/home/dash/Desktop/depthai-ros/install/depthai_descriptions:/opt/ros/humble CMAKE_PREFIX_PATH=${CMAKE_PREFIX_PATH}:/home/dash/Desktop/ros_ws/install/nlp_subsystem:/home/dash/Desktop/ros_ws/install/cv_subsystem:/home/dash/Desktop/ros_ws/install/controller:/opt/ros/humble PYTHONPATH=/home/dash/Desktop/ros_ws/install/nlp_subsystem/lib/python3.10/site-packages:/home/dash/Desktop/ros_ws/install/cv_subsystem/lib/python3.10/site-packages:/home/dash/Desktop/ros_ws/install/controller/lib/python3.10/site-packages:/home/dash/Desktop/ros_ws/install/robot_interfaces/local/lib/python3.10/dist-packages:/home/dash/Desktop/ros_ws/install/robot_interfaces/lib/python3.10/site-packages:/home/dash/Desktop/depthai-ros/install/depthai_ros_driver/local/lib/python3.10/dist-packages:/home/dash/Desktop/depthai-ros/install/depthai_ros_msgs/local/lib/python3.10/dist-packages:/opt/ros/humble/lib/python3.10/site-packages:/opt/ros/humble/local/lib/python3.10/dist-packages /usr/bin/cmake --install /home/dash/Desktop/ros_ws/build/DASH_bringup
[9.524s] Level 1:colcon.colcon_core.environment:create_environment_scripts_only(DASH_bringup)
[9.531s] DEBUG:colcon.colcon_core.event_handler.log_command:Invoked command in '/home/dash/Desktop/ros_ws/build/DASH_bringup' returned '0': AMENT_PREFIX_PATH=/home/dash/Desktop/ros_ws/install/nlp_subsystem:/home/dash/Desktop/ros_ws/install/cv_subsystem:/home/dash/Desktop/ros_ws/install/controller:/home/dash/Desktop/ros_ws/install/robot_interfaces:/home/dash/Desktop/depthai-ros/install/depthai-ros:/home/dash/Desktop/depthai-ros/install/depthai_ros_driver:/home/dash/Desktop/depthai-ros/install/depthai_filters:/home/dash/Desktop/depthai-ros/install/depthai_examples:/home/dash/Desktop/depthai-ros/install/depthai_bridge:/home/dash/Desktop/depthai-ros/install/depthai_ros_msgs:/home/dash/Desktop/depthai-ros/install/depthai_descriptions:/opt/ros/humble CMAKE_PREFIX_PATH=${CMAKE_PREFIX_PATH}:/home/dash/Desktop/ros_ws/install/nlp_subsystem:/home/dash/Desktop/ros_ws/install/cv_subsystem:/home/dash/Desktop/ros_ws/install/controller:/opt/ros/humble PYTHONPATH=/home/dash/Desktop/ros_ws/install/nlp_subsystem/lib/python3.10/site-packages:/home/dash/Desktop/ros_ws/install/cv_subsystem/lib/python3.10/site-packages:/home/dash/Desktop/ros_ws/install/controller/lib/python3.10/site-packages:/home/dash/Desktop/ros_ws/install/robot_interfaces/local/lib/python3.10/dist-packages:/home/dash/Desktop/ros_ws/install/robot_interfaces/lib/python3.10/site-packages:/home/dash/Desktop/depthai-ros/install/depthai_ros_driver/local/lib/python3.10/dist-packages:/home/dash/Desktop/depthai-ros/install/depthai_ros_msgs/local/lib/python3.10/dist-packages:/opt/ros/humble/lib/python3.10/site-packages:/opt/ros/humble/local/lib/python3.10/dist-packages /usr/bin/cmake --install /home/dash/Desktop/ros_ws/build/DASH_bringup
[9.546s] Level 1:colcon.colcon_core.environment:checking '/home/dash/Desktop/ros_ws/install/DASH_bringup' for CMake module files
[9.549s] Level 1:colcon.colcon_core.environment:checking '/home/dash/Desktop/ros_ws/install/DASH_bringup' for CMake config files
[9.551s] Level 1:colcon.colcon_core.shell:create_environment_hook('DASH_bringup', 'cmake_prefix_path')
[9.552s] INFO:colcon.colcon_core.shell:Creating environment hook '/home/dash/Desktop/ros_ws/install/DASH_bringup/share/DASH_bringup/hook/cmake_prefix_path.ps1'
[9.555s] INFO:colcon.colcon_core.shell:Creating environment descriptor '/home/dash/Desktop/ros_ws/install/DASH_bringup/share/DASH_bringup/hook/cmake_prefix_path.dsv'
[9.557s] INFO:colcon.colcon_core.shell:Creating environment hook '/home/dash/Desktop/ros_ws/install/DASH_bringup/share/DASH_bringup/hook/cmake_prefix_path.sh'
[9.561s] Level 1:colcon.colcon_core.environment:checking '/home/dash/Desktop/ros_ws/install/DASH_bringup/bin'
[9.561s] Level 1:colcon.colcon_core.environment:checking '/home/dash/Desktop/ros_ws/install/DASH_bringup/lib/pkgconfig/DASH_bringup.pc'
[9.562s] Level 1:colcon.colcon_core.environment:checking '/home/dash/Desktop/ros_ws/install/DASH_bringup/lib/python3.10/site-packages'
[9.563s] Level 1:colcon.colcon_core.environment:checking '/home/dash/Desktop/ros_ws/install/DASH_bringup/bin'
[9.565s] INFO:colcon.colcon_core.shell:Creating package script '/home/dash/Desktop/ros_ws/install/DASH_bringup/share/DASH_bringup/package.ps1'
[9.568s] INFO:colcon.colcon_core.shell:Creating package descriptor '/home/dash/Desktop/ros_ws/install/DASH_bringup/share/DASH_bringup/package.dsv'
[9.571s] INFO:colcon.colcon_core.shell:Creating package script '/home/dash/Desktop/ros_ws/install/DASH_bringup/share/DASH_bringup/package.sh'
[9.574s] INFO:colcon.colcon_core.shell:Creating package script '/home/dash/Desktop/ros_ws/install/DASH_bringup/share/DASH_bringup/package.bash'
[9.578s] INFO:colcon.colcon_core.shell:Creating package script '/home/dash/Desktop/ros_ws/install/DASH_bringup/share/DASH_bringup/package.zsh'
[9.582s] Level 1:colcon.colcon_core.environment:create_file_with_runtime_dependencies(/home/dash/Desktop/ros_ws/install/DASH_bringup/share/colcon-core/packages/DASH_bringup)
[9.752s] Level 1:colcon.colcon_core.environment:create_environment_scripts_only(DASH_bringup)
[9.753s] Level 1:colcon.colcon_core.environment:checking '/home/dash/Desktop/ros_ws/install/DASH_bringup' for CMake module files
[9.757s] Level 1:colcon.colcon_core.environment:checking '/home/dash/Desktop/ros_ws/install/DASH_bringup' for CMake config files
[9.759s] Level 1:colcon.colcon_core.shell:create_environment_hook('DASH_bringup', 'cmake_prefix_path')
[9.761s] INFO:colcon.colcon_core.shell:Creating environment hook '/home/dash/Desktop/ros_ws/install/DASH_bringup/share/DASH_bringup/hook/cmake_prefix_path.ps1'
[9.765s] INFO:colcon.colcon_core.shell:Creating environment descriptor '/home/dash/Desktop/ros_ws/install/DASH_bringup/share/DASH_bringup/hook/cmake_prefix_path.dsv'
[9.773s] INFO:colcon.colcon_core.shell:Creating environment hook '/home/dash/Desktop/ros_ws/install/DASH_bringup/share/DASH_bringup/hook/cmake_prefix_path.sh'
[9.777s] Level 1:colcon.colcon_core.environment:checking '/home/dash/Desktop/ros_ws/install/DASH_bringup/bin'
[9.778s] Level 1:colcon.colcon_core.environment:checking '/home/dash/Desktop/ros_ws/install/DASH_bringup/lib/pkgconfig/DASH_bringup.pc'
[9.780s] Level 1:colcon.colcon_core.environment:checking '/home/dash/Desktop/ros_ws/install/DASH_bringup/lib/python3.10/site-packages'
[9.781s] Level 1:colcon.colcon_core.environment:checking '/home/dash/Desktop/ros_ws/install/DASH_bringup/bin'
[9.784s] INFO:colcon.colcon_core.shell:Creating package script '/home/dash/Desktop/ros_ws/install/DASH_bringup/share/DASH_bringup/package.ps1'
[9.787s] INFO:colcon.colcon_core.shell:Creating package descriptor '/home/dash/Desktop/ros_ws/install/DASH_bringup/share/DASH_bringup/package.dsv'
[9.791s] INFO:colcon.colcon_core.shell:Creating package script '/home/dash/Desktop/ros_ws/install/DASH_bringup/share/DASH_bringup/package.sh'
[9.793s] INFO:colcon.colcon_core.shell:Creating package script '/home/dash/Desktop/ros_ws/install/DASH_bringup/share/DASH_bringup/package.bash'
[9.796s] INFO:colcon.colcon_core.shell:Creating package script '/home/dash/Desktop/ros_ws/install/DASH_bringup/share/DASH_bringup/package.zsh'
[9.799s] Level 1:colcon.colcon_core.environment:create_file_with_runtime_dependencies(/home/dash/Desktop/ros_ws/install/DASH_bringup/share/colcon-core/packages/DASH_bringup)
[9.800s] DEBUG:colcon.colcon_parallel_executor.executor.parallel:closing loop
[9.802s] DEBUG:colcon.colcon_parallel_executor.executor.parallel:loop closed
[9.802s] DEBUG:colcon.colcon_parallel_executor.executor.parallel:run_until_complete finished with '0'
[9.804s] DEBUG:colcon.colcon_core.event_reactor:joining thread
[9.839s] INFO:colcon.colcon_core.plugin_system:Skipping extension 'colcon_notification.desktop_notification.terminal_notifier': Not used on non-Darwin systems
[9.839s] INFO:colcon.colcon_core.plugin_system:Skipping extension 'colcon_notification.desktop_notification.win32': Not used on non-Windows systems
[9.840s] INFO:colcon.colcon_notification.desktop_notification:Sending desktop notification using 'notify2'
[9.931s] DEBUG:colcon.colcon_core.event_reactor:joined thread
[9.933s] INFO:colcon.colcon_core.shell:Creating prefix script '/home/dash/Desktop/ros_ws/install/local_setup.ps1'
[9.938s] INFO:colcon.colcon_core.shell:Creating prefix util module '/home/dash/Desktop/ros_ws/install/_local_setup_util_ps1.py'
[9.944s] INFO:colcon.colcon_core.shell:Creating prefix chain script '/home/dash/Desktop/ros_ws/install/setup.ps1'
[9.969s] INFO:colcon.colcon_core.shell:Creating prefix script '/home/dash/Desktop/ros_ws/install/local_setup.sh'
[9.976s] INFO:colcon.colcon_core.shell:Creating prefix util module '/home/dash/Desktop/ros_ws/install/_local_setup_util_sh.py'
[9.980s] INFO:colcon.colcon_core.shell:Creating prefix chain script '/home/dash/Desktop/ros_ws/install/setup.sh'
[10.028s] INFO:colcon.colcon_core.shell:Creating prefix script '/home/dash/Desktop/ros_ws/install/local_setup.bash'
[10.034s] INFO:colcon.colcon_core.shell:Creating prefix chain script '/home/dash/Desktop/ros_ws/install/setup.bash'
[10.052s] INFO:colcon.colcon_core.shell:Creating prefix script '/home/dash/Desktop/ros_ws/install/local_setup.zsh'
[10.056s] INFO:colcon.colcon_core.shell:Creating prefix chain script '/home/dash/Desktop/ros_ws/install/setup.zsh'
