[6.912s] Invoking command in '/home/dash/Desktop/ros_ws/src/user_interface': PYTHONPATH=/home/dash/Desktop/ros_ws/build/user_interface/prefix_override:/home/dash/Desktop/ros_ws/install/user_interface/lib/python3.10/site-packages:${PYTHONPATH} /usr/bin/python3 -W ignore:setup.py install is deprecated setup.py egg_info --egg-base ../../build/user_interface build --build-base /home/dash/Desktop/ros_ws/build/user_interface/build install --record /home/dash/Desktop/ros_ws/build/user_interface/install.log --single-version-externally-managed install_data
[8.897s] running egg_info
[8.902s] writing ../../build/user_interface/user_interface.egg-info/PKG-INFO
[8.902s] writing dependency_links to ../../build/user_interface/user_interface.egg-info/dependency_links.txt
[8.919s] writing entry points to ../../build/user_interface/user_interface.egg-info/entry_points.txt
[8.919s] writing requirements to ../../build/user_interface/user_interface.egg-info/requires.txt
[8.920s] writing top-level names to ../../build/user_interface/user_interface.egg-info/top_level.txt
[8.921s] reading manifest file '../../build/user_interface/user_interface.egg-info/SOURCES.txt'
[8.928s] writing manifest file '../../build/user_interface/user_interface.egg-info/SOURCES.txt'
[8.930s] running build
[8.933s] running build_py
[8.936s] copying user_interface/flask_ui_server.py -> /home/dash/Desktop/ros_ws/build/user_interface/build/lib/user_interface
[8.940s] running install
[8.944s] running install_lib
[8.950s] copying /home/dash/Desktop/ros_ws/build/user_interface/build/lib/user_interface/flask_ui_server.py -> /home/dash/Desktop/ros_ws/install/user_interface/lib/python3.10/site-packages/user_interface
[8.958s] byte-compiling /home/dash/Desktop/ros_ws/install/user_interface/lib/python3.10/site-packages/user_interface/flask_ui_server.py to flask_ui_server.cpython-310.pyc
[8.965s] running install_data
[8.966s] running install_egg_info
[8.976s] removing '/home/dash/Desktop/ros_ws/install/user_interface/lib/python3.10/site-packages/user_interface-0.0.0-py3.10.egg-info' (and everything under it)
[8.982s] Copying ../../build/user_interface/user_interface.egg-info to /home/dash/Desktop/ros_ws/install/user_interface/lib/python3.10/site-packages/user_interface-0.0.0-py3.10.egg-info
[9.010s] running install_scripts
[9.120s] Installing flask_user_interface script to /home/dash/Desktop/ros_ws/install/user_interface/lib/user_interface
[9.127s] Installing user_interface script to /home/dash/Desktop/ros_ws/install/user_interface/lib/user_interface
[9.129s] writing list of installed files to '/home/dash/Desktop/ros_ws/build/user_interface/install.log'
[9.318s] Invoked command in '/home/dash/Desktop/ros_ws/src/user_interface' returned '0': PYTHONPATH=/home/dash/Desktop/ros_ws/build/user_interface/prefix_override:/home/dash/Desktop/ros_ws/install/user_interface/lib/python3.10/site-packages:${PYTHONPATH} /usr/bin/python3 -W ignore:setup.py install is deprecated setup.py egg_info --egg-base ../../build/user_interface build --build-base /home/dash/Desktop/ros_ws/build/user_interface/build install --record /home/dash/Desktop/ros_ws/build/user_interface/install.log --single-version-externally-managed install_data
