[10.028s] Invoking command in '/home/dash/Desktop/ros_ws/src/nlp_subsystem': PYTHONPATH=/home/dash/Desktop/ros_ws/build/nlp_subsystem/prefix_override:/home/dash/Desktop/ros_ws/install/nlp_subsystem/lib/python3.10/site-packages:${PYTHONPATH} /usr/bin/python3 -W ignore:setup.py install is deprecated setup.py egg_info --egg-base ../../build/nlp_subsystem build --build-base /home/dash/Desktop/ros_ws/build/nlp_subsystem/build install --record /home/dash/Desktop/ros_ws/build/nlp_subsystem/install.log --single-version-externally-managed install_data
[12.497s] running egg_info
[12.503s] writing ../../build/nlp_subsystem/nlp_subsystem.egg-info/PKG-INFO
[14.055s] writing dependency_links to ../../build/nlp_subsystem/nlp_subsystem.egg-info/dependency_links.txt
[14.196s] writing entry points to ../../build/nlp_subsystem/nlp_subsystem.egg-info/entry_points.txt
[14.197s] writing requirements to ../../build/nlp_subsystem/nlp_subsystem.egg-info/requires.txt
[14.198s] writing top-level names to ../../build/nlp_subsystem/nlp_subsystem.egg-info/top_level.txt
[14.199s] reading manifest file '../../build/nlp_subsystem/nlp_subsystem.egg-info/SOURCES.txt'
[14.217s] writing manifest file '../../build/nlp_subsystem/nlp_subsystem.egg-info/SOURCES.txt'
[14.267s] running build
[14.269s] running build_py
[14.270s] running install
[14.270s] running install_lib
[14.283s] running install_data
[14.295s] running install_egg_info
[14.365s] removing '/home/dash/Desktop/ros_ws/install/nlp_subsystem/lib/python3.10/site-packages/nlp_subsystem-0.0.0-py3.10.egg-info' (and everything under it)
[14.366s] Copying ../../build/nlp_subsystem/nlp_subsystem.egg-info to /home/dash/Desktop/ros_ws/install/nlp_subsystem/lib/python3.10/site-packages/nlp_subsystem-0.0.0-py3.10.egg-info
[14.388s] running install_scripts
[14.474s] Installing chat_client script to /home/dash/Desktop/ros_ws/install/nlp_subsystem/lib/nlp_subsystem
[14.483s] Installing voice_assistant script to /home/dash/Desktop/ros_ws/install/nlp_subsystem/lib/nlp_subsystem
[14.486s] writing list of installed files to '/home/dash/Desktop/ros_ws/build/nlp_subsystem/install.log'
[14.727s] Invoked command in '/home/dash/Desktop/ros_ws/src/nlp_subsystem' returned '0': PYTHONPATH=/home/dash/Desktop/ros_ws/build/nlp_subsystem/prefix_override:/home/dash/Desktop/ros_ws/install/nlp_subsystem/lib/python3.10/site-packages:${PYTHONPATH} /usr/bin/python3 -W ignore:setup.py install is deprecated setup.py egg_info --egg-base ../../build/nlp_subsystem build --build-base /home/dash/Desktop/ros_ws/build/nlp_subsystem/build install --record /home/dash/Desktop/ros_ws/build/nlp_subsystem/install.log --single-version-externally-managed install_data
