[14.426s] Invoking command in '/home/dash/Desktop/ros_ws/src/nlp_subsystem': PYTHONPATH=/home/dash/Desktop/ros_ws/build/nlp_subsystem/prefix_override:/home/dash/Desktop/ros_ws/install/nlp_subsystem/lib/python3.10/site-packages:${PYTHONPATH} /usr/bin/python3 -W ignore:setup.py install is deprecated setup.py egg_info --egg-base ../../build/nlp_subsystem build --build-base /home/dash/Desktop/ros_ws/build/nlp_subsystem/build install --record /home/dash/Desktop/ros_ws/build/nlp_subsystem/install.log --single-version-externally-managed install_data
[19.119s] running egg_info
[19.120s] creating ../../build/nlp_subsystem/nlp_subsystem.egg-info
[19.120s] writing ../../build/nlp_subsystem/nlp_subsystem.egg-info/PKG-INFO
[19.121s] writing dependency_links to ../../build/nlp_subsystem/nlp_subsystem.egg-info/dependency_links.txt
[19.121s] writing entry points to ../../build/nlp_subsystem/nlp_subsystem.egg-info/entry_points.txt
[19.122s] writing requirements to ../../build/nlp_subsystem/nlp_subsystem.egg-info/requires.txt
[19.123s] writing top-level names to ../../build/nlp_subsystem/nlp_subsystem.egg-info/top_level.txt
[19.123s] writing manifest file '../../build/nlp_subsystem/nlp_subsystem.egg-info/SOURCES.txt'
[19.144s] reading manifest file '../../build/nlp_subsystem/nlp_subsystem.egg-info/SOURCES.txt'
[19.145s] writing manifest file '../../build/nlp_subsystem/nlp_subsystem.egg-info/SOURCES.txt'
[19.150s] running build
[19.151s] running build_py
[19.168s] creating /home/dash/Desktop/ros_ws/build/nlp_subsystem/build
[19.179s] creating /home/dash/Desktop/ros_ws/build/nlp_subsystem/build/lib
[19.195s] creating /home/dash/Desktop/ros_ws/build/nlp_subsystem/build/lib/nlp_subsystem
[19.197s] copying nlp_subsystem/voice_assistant.py -> /home/dash/Desktop/ros_ws/build/nlp_subsystem/build/lib/nlp_subsystem
[19.198s] copying nlp_subsystem/chat_client.py -> /home/dash/Desktop/ros_ws/build/nlp_subsystem/build/lib/nlp_subsystem
[19.216s] copying nlp_subsystem/__init__.py -> /home/dash/Desktop/ros_ws/build/nlp_subsystem/build/lib/nlp_subsystem
[19.218s] running install
[19.219s] running install_lib
[19.232s] creating /home/dash/Desktop/ros_ws/install/nlp_subsystem/lib/python3.10/site-packages/nlp_subsystem
[19.250s] copying /home/dash/Desktop/ros_ws/build/nlp_subsystem/build/lib/nlp_subsystem/voice_assistant.py -> /home/dash/Desktop/ros_ws/install/nlp_subsystem/lib/python3.10/site-packages/nlp_subsystem
[19.252s] copying /home/dash/Desktop/ros_ws/build/nlp_subsystem/build/lib/nlp_subsystem/chat_client.py -> /home/dash/Desktop/ros_ws/install/nlp_subsystem/lib/python3.10/site-packages/nlp_subsystem
[19.265s] copying /home/dash/Desktop/ros_ws/build/nlp_subsystem/build/lib/nlp_subsystem/__init__.py -> /home/dash/Desktop/ros_ws/install/nlp_subsystem/lib/python3.10/site-packages/nlp_subsystem
[19.287s] byte-compiling /home/dash/Desktop/ros_ws/install/nlp_subsystem/lib/python3.10/site-packages/nlp_subsystem/voice_assistant.py to voice_assistant.cpython-310.pyc
[19.330s] byte-compiling /home/dash/Desktop/ros_ws/install/nlp_subsystem/lib/python3.10/site-packages/nlp_subsystem/chat_client.py to chat_client.cpython-310.pyc
[19.331s] byte-compiling /home/dash/Desktop/ros_ws/install/nlp_subsystem/lib/python3.10/site-packages/nlp_subsystem/__init__.py to __init__.cpython-310.pyc
[19.332s] running install_data
[19.332s] creating /home/dash/Desktop/ros_ws/install/nlp_subsystem/share/ament_index
[19.333s] creating /home/dash/Desktop/ros_ws/install/nlp_subsystem/share/ament_index/resource_index
[19.333s] creating /home/dash/Desktop/ros_ws/install/nlp_subsystem/share/ament_index/resource_index/packages
[19.347s] copying resource/nlp_subsystem -> /home/dash/Desktop/ros_ws/install/nlp_subsystem/share/ament_index/resource_index/packages
[19.348s] copying package.xml -> /home/dash/Desktop/ros_ws/install/nlp_subsystem/share/nlp_subsystem
[19.349s] running install_egg_info
[19.349s] Copying ../../build/nlp_subsystem/nlp_subsystem.egg-info to /home/dash/Desktop/ros_ws/install/nlp_subsystem/lib/python3.10/site-packages/nlp_subsystem-0.0.0-py3.10.egg-info
[19.357s] running install_scripts
[19.529s] Installing chat_client script to /home/dash/Desktop/ros_ws/install/nlp_subsystem/lib/nlp_subsystem
[19.547s] Installing voice_assistant script to /home/dash/Desktop/ros_ws/install/nlp_subsystem/lib/nlp_subsystem
[19.549s] writing list of installed files to '/home/dash/Desktop/ros_ws/build/nlp_subsystem/install.log'
[19.862s] Invoked command in '/home/dash/Desktop/ros_ws/src/nlp_subsystem' returned '0': PYTHONPATH=/home/dash/Desktop/ros_ws/build/nlp_subsystem/prefix_override:/home/dash/Desktop/ros_ws/install/nlp_subsystem/lib/python3.10/site-packages:${PYTHONPATH} /usr/bin/python3 -W ignore:setup.py install is deprecated setup.py egg_info --egg-base ../../build/nlp_subsystem build --build-base /home/dash/Desktop/ros_ws/build/nlp_subsystem/build install --record /home/dash/Desktop/ros_ws/build/nlp_subsystem/install.log --single-version-externally-managed install_data
