[10.408s] Invoking command in '/home/dash/Desktop/ros_ws/src/controller': PYTHONPATH=/home/dash/Desktop/ros_ws/build/controller/prefix_override:/home/dash/Desktop/ros_ws/install/controller/lib/python3.10/site-packages:${PYTHONPATH} /usr/bin/python3 -W ignore:setup.py install is deprecated setup.py egg_info --egg-base ../../build/controller build --build-base /home/dash/Desktop/ros_ws/build/controller/build install --record /home/dash/Desktop/ros_ws/build/controller/install.log --single-version-externally-managed install_data
[13.536s] running egg_info
[13.545s] writing ../../build/controller/controller.egg-info/PKG-INFO
[13.546s] writing dependency_links to ../../build/controller/controller.egg-info/dependency_links.txt
[13.547s] writing entry points to ../../build/controller/controller.egg-info/entry_points.txt
[13.563s] writing requirements to ../../build/controller/controller.egg-info/requires.txt
[13.565s] writing top-level names to ../../build/controller/controller.egg-info/top_level.txt
[13.596s] reading manifest file '../../build/controller/controller.egg-info/SOURCES.txt'
[13.606s] writing manifest file '../../build/controller/controller.egg-info/SOURCES.txt'
[13.606s] running build
[13.607s] running build_py
[13.607s] copying controller/controller.py -> /home/dash/Desktop/ros_ws/build/controller/build/lib/controller
[13.623s] running install
[13.628s] running install_lib
[13.652s] copying /home/dash/Desktop/ros_ws/build/controller/build/lib/controller/controller.py -> /home/dash/Desktop/ros_ws/install/controller/lib/python3.10/site-packages/controller
[13.710s] byte-compiling /home/dash/Desktop/ros_ws/install/controller/lib/python3.10/site-packages/controller/controller.py to controller.cpython-310.pyc
[13.711s] running install_data
[13.711s] running install_egg_info
[13.712s] removing '/home/dash/Desktop/ros_ws/install/controller/lib/python3.10/site-packages/controller-0.0.0-py3.10.egg-info' (and everything under it)
[13.713s] Copying ../../build/controller/controller.egg-info to /home/dash/Desktop/ros_ws/install/controller/lib/python3.10/site-packages/controller-0.0.0-py3.10.egg-info
[13.714s] running install_scripts
[13.946s] Installing app_control script to /home/dash/Desktop/ros_ws/install/controller/lib/controller
[13.982s] Installing controller script to /home/dash/Desktop/ros_ws/install/controller/lib/controller
[13.983s] Installing handshake script to /home/dash/Desktop/ros_ws/install/controller/lib/controller
[13.984s] Installing robot_status script to /home/dash/Desktop/ros_ws/install/controller/lib/controller
[13.985s] Installing settings_handler script to /home/dash/Desktop/ros_ws/install/controller/lib/controller
[13.985s] writing list of installed files to '/home/dash/Desktop/ros_ws/build/controller/install.log'
[16.021s] Invoked command in '/home/dash/Desktop/ros_ws/src/controller' returned '0': PYTHONPATH=/home/dash/Desktop/ros_ws/build/controller/prefix_override:/home/dash/Desktop/ros_ws/install/controller/lib/python3.10/site-packages:${PYTHONPATH} /usr/bin/python3 -W ignore:setup.py install is deprecated setup.py egg_info --egg-base ../../build/controller build --build-base /home/dash/Desktop/ros_ws/build/controller/build install --record /home/dash/Desktop/ros_ws/build/controller/install.log --single-version-externally-managed install_data
