[4.797s] Invoking command in '/home/dash/Desktop/ros_ws/src/user_interface': PYTHONPATH=/home/dash/Desktop/ros_ws/build/user_interface/prefix_override:/home/dash/Desktop/ros_ws/install/user_interface/lib/python3.10/site-packages:${PYTHONPATH} /usr/bin/python3 -W ignore:setup.py install is deprecated setup.py egg_info --egg-base ../../build/user_interface build --build-base /home/dash/Desktop/ros_ws/build/user_interface/build install --record /home/dash/Desktop/ros_ws/build/user_interface/install.log --single-version-externally-managed install_data
[6.447s] running egg_info
[6.450s] writing ../../build/user_interface/user_interface.egg-info/PKG-INFO
[6.451s] writing dependency_links to ../../build/user_interface/user_interface.egg-info/dependency_links.txt
[6.452s] writing entry points to ../../build/user_interface/user_interface.egg-info/entry_points.txt
[6.453s] writing requirements to ../../build/user_interface/user_interface.egg-info/requires.txt
[6.454s] writing top-level names to ../../build/user_interface/user_interface.egg-info/top_level.txt
[6.464s] reading manifest file '../../build/user_interface/user_interface.egg-info/SOURCES.txt'
[6.470s] writing manifest file '../../build/user_interface/user_interface.egg-info/SOURCES.txt'
[6.471s] running build
[6.471s] running build_py
[6.473s] copying user_interface/flask_ui_server.py -> /home/dash/Desktop/ros_ws/build/user_interface/build/lib/user_interface
[6.476s] running install
[6.477s] running install_lib
[6.483s] copying /home/dash/Desktop/ros_ws/build/user_interface/build/lib/user_interface/flask_ui_server.py -> /home/dash/Desktop/ros_ws/install/user_interface/lib/python3.10/site-packages/user_interface
[6.487s] byte-compiling /home/dash/Desktop/ros_ws/install/user_interface/lib/python3.10/site-packages/user_interface/flask_ui_server.py to flask_ui_server.cpython-310.pyc
[6.493s] running install_data
[6.494s] running install_egg_info
[6.502s] removing '/home/dash/Desktop/ros_ws/install/user_interface/lib/python3.10/site-packages/user_interface-0.0.0-py3.10.egg-info' (and everything under it)
[6.504s] Copying ../../build/user_interface/user_interface.egg-info to /home/dash/Desktop/ros_ws/install/user_interface/lib/python3.10/site-packages/user_interface-0.0.0-py3.10.egg-info
[6.511s] running install_scripts
[6.614s] Installing flask_user_interface script to /home/dash/Desktop/ros_ws/install/user_interface/lib/user_interface
[6.618s] Installing user_interface script to /home/dash/Desktop/ros_ws/install/user_interface/lib/user_interface
[6.623s] writing list of installed files to '/home/dash/Desktop/ros_ws/build/user_interface/install.log'
[6.777s] Invoked command in '/home/dash/Desktop/ros_ws/src/user_interface' returned '0': PYTHONPATH=/home/dash/Desktop/ros_ws/build/user_interface/prefix_override:/home/dash/Desktop/ros_ws/install/user_interface/lib/python3.10/site-packages:${PYTHONPATH} /usr/bin/python3 -W ignore:setup.py install is deprecated setup.py egg_info --egg-base ../../build/user_interface build --build-base /home/dash/Desktop/ros_ws/build/user_interface/build install --record /home/dash/Desktop/ros_ws/build/user_interface/install.log --single-version-externally-managed install_data
