[9.436s] Invoking command in '/home/dash/Desktop/ros_ws/src/controller': PYTHONPATH=/home/dash/Desktop/ros_ws/build/controller/prefix_override:/home/dash/Desktop/ros_ws/install/controller/lib/python3.10/site-packages:${PYTHONPATH} /usr/bin/python3 -W ignore:setup.py install is deprecated setup.py egg_info --egg-base ../../build/controller build --build-base /home/dash/Desktop/ros_ws/build/controller/build install --record /home/dash/Desktop/ros_ws/build/controller/install.log --single-version-externally-managed install_data
[12.054s] running egg_info
[12.066s] writing ../../build/controller/controller.egg-info/PKG-INFO
[12.071s] writing dependency_links to ../../build/controller/controller.egg-info/dependency_links.txt
[12.079s] writing entry points to ../../build/controller/controller.egg-info/entry_points.txt
[12.084s] writing requirements to ../../build/controller/controller.egg-info/requires.txt
[12.096s] writing top-level names to ../../build/controller/controller.egg-info/top_level.txt
[12.100s] reading manifest file '../../build/controller/controller.egg-info/SOURCES.txt'
[12.141s] writing manifest file '../../build/controller/controller.egg-info/SOURCES.txt'
[12.145s] running build
[12.148s] running build_py
[12.153s] running install
[12.156s] running install_lib
[12.175s] running install_data
[12.190s] running install_egg_info
[12.197s] removing '/home/dash/Desktop/ros_ws/install/controller/lib/python3.10/site-packages/controller-0.0.0-py3.10.egg-info' (and everything under it)
[12.204s] Copying ../../build/controller/controller.egg-info to /home/dash/Desktop/ros_ws/install/controller/lib/python3.10/site-packages/controller-0.0.0-py3.10.egg-info
[12.208s] running install_scripts
[12.277s] Installing app_control script to /home/dash/Desktop/ros_ws/install/controller/lib/controller
[12.327s] Installing handshake script to /home/dash/Desktop/ros_ws/install/controller/lib/controller
[12.330s] Installing robot_status script to /home/dash/Desktop/ros_ws/install/controller/lib/controller
[12.335s] Installing settings_handler script to /home/dash/Desktop/ros_ws/install/controller/lib/controller
[12.338s] writing list of installed files to '/home/dash/Desktop/ros_ws/build/controller/install.log'
[12.918s] Invoked command in '/home/dash/Desktop/ros_ws/src/controller' returned '0': PYTHONPATH=/home/dash/Desktop/ros_ws/build/controller/prefix_override:/home/dash/Desktop/ros_ws/install/controller/lib/python3.10/site-packages:${PYTHONPATH} /usr/bin/python3 -W ignore:setup.py install is deprecated setup.py egg_info --egg-base ../../build/controller build --build-base /home/dash/Desktop/ros_ws/build/controller/build install --record /home/dash/Desktop/ros_ws/build/controller/install.log --single-version-externally-managed install_data
