[4.664s] Invoking command in '/home/dash/Desktop/ros_ws/build/cv_subsystem': PYTHONPATH=/home/dash/Desktop/ros_ws/build/cv_subsystem/prefix_override:/home/dash/Desktop/ros_ws/install/cv_subsystem/lib/python3.10/site-packages:${PYTHONPATH} /usr/bin/python3 -W ignore:setup.py install is deprecated setup.py develop --uninstall --editable --build-directory /home/dash/Desktop/ros_ws/build/cv_subsystem/build
[6.971s] running develop
[8.460s] Removing /home/dash/Desktop/ros_ws/install/cv_subsystem/lib/python3.10/site-packages/cv-subsystem.egg-link (link to .)
[8.665s] Invoked command in '/home/dash/Desktop/ros_ws/build/cv_subsystem' returned '0': PYTHONPATH=/home/dash/Desktop/ros_ws/build/cv_subsystem/prefix_override:/home/dash/Desktop/ros_ws/install/cv_subsystem/lib/python3.10/site-packages:${PYTHONPATH} /usr/bin/python3 -W ignore:setup.py install is deprecated setup.py develop --uninstall --editable --build-directory /home/dash/Desktop/ros_ws/build/cv_subsystem/build
[8.680s] Invoking command in '/home/dash/Desktop/ros_ws/src/cv_subsystem': PYTHONPATH=/home/dash/Desktop/ros_ws/build/cv_subsystem/prefix_override:/home/dash/Desktop/ros_ws/install/cv_subsystem/lib/python3.10/site-packages:${PYTHONPATH} /usr/bin/python3 -W ignore:setup.py install is deprecated setup.py egg_info --egg-base ../../build/cv_subsystem build --build-base /home/dash/Desktop/ros_ws/build/cv_subsystem/build install --record /home/dash/Desktop/ros_ws/build/cv_subsystem/install.log --single-version-externally-managed install_data --force
[10.542s] running egg_info
[10.551s] writing ../../build/cv_subsystem/cv_subsystem.egg-info/PKG-INFO
[10.553s] writing dependency_links to ../../build/cv_subsystem/cv_subsystem.egg-info/dependency_links.txt
[10.560s] writing entry points to ../../build/cv_subsystem/cv_subsystem.egg-info/entry_points.txt
[10.561s] writing requirements to ../../build/cv_subsystem/cv_subsystem.egg-info/requires.txt
[10.562s] writing top-level names to ../../build/cv_subsystem/cv_subsystem.egg-info/top_level.txt
[10.573s] reading manifest file '../../build/cv_subsystem/cv_subsystem.egg-info/SOURCES.txt'
[10.580s] writing manifest file '../../build/cv_subsystem/cv_subsystem.egg-info/SOURCES.txt'
[10.582s] running build
[10.584s] running build_py
[10.585s] copying cv_subsystem/gesture_recognizer.py -> /home/dash/Desktop/ros_ws/build/cv_subsystem/build/lib/cv_subsystem
[10.588s] running install
[10.590s] running install_lib
[10.596s] creating /home/dash/Desktop/ros_ws/install/cv_subsystem/lib/python3.10/site-packages/cv_subsystem
[10.597s] copying /home/dash/Desktop/ros_ws/build/cv_subsystem/build/lib/cv_subsystem/gesture_recognizer.py -> /home/dash/Desktop/ros_ws/install/cv_subsystem/lib/python3.10/site-packages/cv_subsystem
[10.599s] copying /home/dash/Desktop/ros_ws/build/cv_subsystem/build/lib/cv_subsystem/__init__.py -> /home/dash/Desktop/ros_ws/install/cv_subsystem/lib/python3.10/site-packages/cv_subsystem
[10.605s] byte-compiling /home/dash/Desktop/ros_ws/install/cv_subsystem/lib/python3.10/site-packages/cv_subsystem/gesture_recognizer.py to gesture_recognizer.cpython-310.pyc
[10.608s] byte-compiling /home/dash/Desktop/ros_ws/install/cv_subsystem/lib/python3.10/site-packages/cv_subsystem/__init__.py to __init__.cpython-310.pyc
[10.610s] running install_data
[10.611s] copying resource/cv_subsystem -> /home/dash/Desktop/ros_ws/install/cv_subsystem/share/ament_index/resource_index/packages
[10.612s] copying package.xml -> /home/dash/Desktop/ros_ws/install/cv_subsystem/share/cv_subsystem
[10.613s] running install_egg_info
[10.622s] Copying ../../build/cv_subsystem/cv_subsystem.egg-info to /home/dash/Desktop/ros_ws/install/cv_subsystem/lib/python3.10/site-packages/cv_subsystem-0.0.0-py3.10.egg-info
[10.631s] running install_scripts
[10.750s] Installing gesture_recognizer script to /home/dash/Desktop/ros_ws/install/cv_subsystem/lib/cv_subsystem
[10.753s] writing list of installed files to '/home/dash/Desktop/ros_ws/build/cv_subsystem/install.log'
[10.932s] Invoked command in '/home/dash/Desktop/ros_ws/src/cv_subsystem' returned '0': PYTHONPATH=/home/dash/Desktop/ros_ws/build/cv_subsystem/prefix_override:/home/dash/Desktop/ros_ws/install/cv_subsystem/lib/python3.10/site-packages:${PYTHONPATH} /usr/bin/python3 -W ignore:setup.py install is deprecated setup.py egg_info --egg-base ../../build/cv_subsystem build --build-base /home/dash/Desktop/ros_ws/build/cv_subsystem/build install --record /home/dash/Desktop/ros_ws/build/cv_subsystem/install.log --single-version-externally-managed install_data --force
