[21.802s] Invoking command in '/home/dash/Desktop/ros_ws/src/controller': PYTHONPATH=/home/dash/Desktop/ros_ws/build/controller/prefix_override:/home/dash/Desktop/ros_ws/install/controller/lib/python3.10/site-packages:${PYTHONPATH} /usr/bin/python3 -W ignore:setup.py install is deprecated setup.py egg_info --egg-base ../../build/controller build --build-base /home/dash/Desktop/ros_ws/build/controller/build install --record /home/dash/Desktop/ros_ws/build/controller/install.log --single-version-externally-managed install_data
[27.671s] running egg_info
[27.690s] writing ../../build/controller/controller.egg-info/PKG-INFO
[27.700s] writing dependency_links to ../../build/controller/controller.egg-info/dependency_links.txt
[27.717s] writing entry points to ../../build/controller/controller.egg-info/entry_points.txt
[27.731s] writing requirements to ../../build/controller/controller.egg-info/requires.txt
[27.743s] writing top-level names to ../../build/controller/controller.egg-info/top_level.txt
[27.830s] reading manifest file '../../build/controller/controller.egg-info/SOURCES.txt'
[27.906s] writing manifest file '../../build/controller/controller.egg-info/SOURCES.txt'
[27.994s] running build
[27.995s] running build_py
[28.024s] running install
[28.034s] running install_lib
[28.056s] running install_data
[28.058s] running install_egg_info
[28.108s] removing '/home/dash/Desktop/ros_ws/install/controller/lib/python3.10/site-packages/controller-0.0.0-py3.10.egg-info' (and everything under it)
[28.113s] Copying ../../build/controller/controller.egg-info to /home/dash/Desktop/ros_ws/install/controller/lib/python3.10/site-packages/controller-0.0.0-py3.10.egg-info
[28.154s] running install_scripts
[28.663s] Installing app_control script to /home/dash/Desktop/ros_ws/install/controller/lib/controller
[28.664s] Installing controller script to /home/dash/Desktop/ros_ws/install/controller/lib/controller
[28.682s] Installing handshake script to /home/dash/Desktop/ros_ws/install/controller/lib/controller
[28.706s] Installing robot_status script to /home/dash/Desktop/ros_ws/install/controller/lib/controller
[28.730s] Installing settings_handler script to /home/dash/Desktop/ros_ws/install/controller/lib/controller
[28.751s] writing list of installed files to '/home/dash/Desktop/ros_ws/build/controller/install.log'
[29.695s] Invoked command in '/home/dash/Desktop/ros_ws/src/controller' returned '0': PYTHONPATH=/home/dash/Desktop/ros_ws/build/controller/prefix_override:/home/dash/Desktop/ros_ws/install/controller/lib/python3.10/site-packages:${PYTHONPATH} /usr/bin/python3 -W ignore:setup.py install is deprecated setup.py egg_info --egg-base ../../build/controller build --build-base /home/dash/Desktop/ros_ws/build/controller/build install --record /home/dash/Desktop/ros_ws/build/controller/install.log --single-version-externally-managed install_data
