[12.314s] Invoking command in '/home/dash/Desktop/ros_ws/src/controller': PYTHONPATH=/home/dash/Desktop/ros_ws/build/controller/prefix_override:/home/dash/Desktop/ros_ws/install/controller/lib/python3.10/site-packages:${PYTHONPATH} /usr/bin/python3 -W ignore:setup.py install is deprecated setup.py egg_info --egg-base ../../build/controller build --build-base /home/dash/Desktop/ros_ws/build/controller/build install --record /home/dash/Desktop/ros_ws/build/controller/install.log --single-version-externally-managed install_data
[15.647s] running egg_info
[15.657s] writing ../../build/controller/controller.egg-info/PKG-INFO
[15.672s] writing dependency_links to ../../build/controller/controller.egg-info/dependency_links.txt
[15.674s] writing entry points to ../../build/controller/controller.egg-info/entry_points.txt
[15.675s] writing requirements to ../../build/controller/controller.egg-info/requires.txt
[15.676s] writing top-level names to ../../build/controller/controller.egg-info/top_level.txt
[15.690s] reading manifest file '../../build/controller/controller.egg-info/SOURCES.txt'
[15.704s] writing manifest file '../../build/controller/controller.egg-info/SOURCES.txt'
[15.706s] running build
[15.706s] running build_py
[15.707s] running install
[15.708s] running install_lib
[15.730s] running install_data
[15.731s] running install_egg_info
[15.745s] removing '/home/dash/Desktop/ros_ws/install/controller/lib/python3.10/site-packages/controller-0.0.0-py3.10.egg-info' (and everything under it)
[15.745s] Copying ../../build/controller/controller.egg-info to /home/dash/Desktop/ros_ws/install/controller/lib/python3.10/site-packages/controller-0.0.0-py3.10.egg-info
[15.746s] running install_scripts
[15.945s] Installing app_control script to /home/dash/Desktop/ros_ws/install/controller/lib/controller
[15.948s] Installing handshake script to /home/dash/Desktop/ros_ws/install/controller/lib/controller
[15.953s] Installing robot_status script to /home/dash/Desktop/ros_ws/install/controller/lib/controller
[15.959s] writing list of installed files to '/home/dash/Desktop/ros_ws/build/controller/install.log'
[18.110s] Invoked command in '/home/dash/Desktop/ros_ws/src/controller' returned '0': PYTHONPATH=/home/dash/Desktop/ros_ws/build/controller/prefix_override:/home/dash/Desktop/ros_ws/install/controller/lib/python3.10/site-packages:${PYTHONPATH} /usr/bin/python3 -W ignore:setup.py install is deprecated setup.py egg_info --egg-base ../../build/controller build --build-base /home/dash/Desktop/ros_ws/build/controller/build install --record /home/dash/Desktop/ros_ws/build/controller/install.log --single-version-externally-managed install_data
