[9.733s] Invoking command in '/home/dash/Desktop/ros_ws/src/controller': PYTHONPATH=/home/dash/Desktop/ros_ws/build/controller/prefix_override:/home/dash/Desktop/ros_ws/install/controller/lib/python3.10/site-packages:${PYTHONPATH} /usr/bin/python3 -W ignore:setup.py install is deprecated setup.py egg_info --egg-base ../../build/controller build --build-base /home/dash/Desktop/ros_ws/build/controller/build install --record /home/dash/Desktop/ros_ws/build/controller/install.log --single-version-externally-managed install_data
[12.315s] running egg_info
[12.318s] writing ../../build/controller/controller.egg-info/PKG-INFO
[12.324s] writing dependency_links to ../../build/controller/controller.egg-info/dependency_links.txt
[12.326s] writing entry points to ../../build/controller/controller.egg-info/entry_points.txt
[12.329s] writing requirements to ../../build/controller/controller.egg-info/requires.txt
[12.332s] writing top-level names to ../../build/controller/controller.egg-info/top_level.txt
[12.335s] reading manifest file '../../build/controller/controller.egg-info/SOURCES.txt'
[12.353s] writing manifest file '../../build/controller/controller.egg-info/SOURCES.txt'
[12.356s] running build
[12.359s] running build_py
[12.360s] running install
[12.361s] running install_lib
[12.361s] running install_data
[12.362s] running install_egg_info
[12.366s] removing '/home/dash/Desktop/ros_ws/install/controller/lib/python3.10/site-packages/controller-0.0.0-py3.10.egg-info' (and everything under it)
[12.369s] Copying ../../build/controller/controller.egg-info to /home/dash/Desktop/ros_ws/install/controller/lib/python3.10/site-packages/controller-0.0.0-py3.10.egg-info
[12.378s] running install_scripts
[12.476s] Installing app_control script to /home/dash/Desktop/ros_ws/install/controller/lib/controller
[12.521s] Installing handshake script to /home/dash/Desktop/ros_ws/install/controller/lib/controller
[12.524s] Installing robot_status script to /home/dash/Desktop/ros_ws/install/controller/lib/controller
[12.526s] writing list of installed files to '/home/dash/Desktop/ros_ws/build/controller/install.log'
