[10.257s] Invoking command in '/home/dash/Desktop/ros_ws/src/controller': PYTHONPATH=/home/dash/Desktop/ros_ws/build/controller/prefix_override:/home/dash/Desktop/ros_ws/install/controller/lib/python3.10/site-packages:${PYTHONPATH} /usr/bin/python3 -W ignore:setup.py install is deprecated setup.py egg_info --egg-base ../../build/controller build --build-base /home/dash/Desktop/ros_ws/build/controller/build install --record /home/dash/Desktop/ros_ws/build/controller/install.log --single-version-externally-managed install_data
[13.451s] running egg_info
[13.459s] writing ../../build/controller/controller.egg-info/PKG-INFO
[13.542s] writing dependency_links to ../../build/controller/controller.egg-info/dependency_links.txt
[13.586s] writing entry points to ../../build/controller/controller.egg-info/entry_points.txt
[13.680s] writing requirements to ../../build/controller/controller.egg-info/requires.txt
[13.709s] writing top-level names to ../../build/controller/controller.egg-info/top_level.txt
[13.824s] reading manifest file '../../build/controller/controller.egg-info/SOURCES.txt'
[13.825s] writing manifest file '../../build/controller/controller.egg-info/SOURCES.txt'
[13.825s] running build
[13.826s] running build_py
[13.831s] running install
[13.832s] running install_lib
[13.846s] running install_data
[13.893s] running install_egg_info
[13.897s] removing '/home/dash/Desktop/ros_ws/install/controller/lib/python3.10/site-packages/controller-0.0.0-py3.10.egg-info' (and everything under it)
[13.898s] Copying ../../build/controller/controller.egg-info to /home/dash/Desktop/ros_ws/install/controller/lib/python3.10/site-packages/controller-0.0.0-py3.10.egg-info
[13.898s] running install_scripts
[13.948s] Installing app_control script to /home/dash/Desktop/ros_ws/install/controller/lib/controller
[13.975s] Installing handshake script to /home/dash/Desktop/ros_ws/install/controller/lib/controller
[13.986s] Installing robot_status script to /home/dash/Desktop/ros_ws/install/controller/lib/controller
[13.990s] writing list of installed files to '/home/dash/Desktop/ros_ws/build/controller/install.log'
[14.236s] Invoked command in '/home/dash/Desktop/ros_ws/src/controller' returned '0': PYTHONPATH=/home/dash/Desktop/ros_ws/build/controller/prefix_override:/home/dash/Desktop/ros_ws/install/controller/lib/python3.10/site-packages:${PYTHONPATH} /usr/bin/python3 -W ignore:setup.py install is deprecated setup.py egg_info --egg-base ../../build/controller build --build-base /home/dash/Desktop/ros_ws/build/controller/build install --record /home/dash/Desktop/ros_ws/build/controller/install.log --single-version-externally-managed install_data
