[15.276s] Invoking command in '/home/dash/Desktop/ros_ws/src/controller': PYTHONPATH=/home/dash/Desktop/ros_ws/build/controller/prefix_override:/home/dash/Desktop/ros_ws/install/controller/lib/python3.10/site-packages:${PYTHONPATH} /usr/bin/python3 -W ignore:setup.py install is deprecated setup.py egg_info --egg-base ../../build/controller build --build-base /home/dash/Desktop/ros_ws/build/controller/build install --record /home/dash/Desktop/ros_ws/build/controller/install.log --single-version-externally-managed install_data
[20.480s] running egg_info
[20.481s] writing ../../build/controller/controller.egg-info/PKG-INFO
[20.514s] writing dependency_links to ../../build/controller/controller.egg-info/dependency_links.txt
[20.527s] writing entry points to ../../build/controller/controller.egg-info/entry_points.txt
[20.536s] writing requirements to ../../build/controller/controller.egg-info/requires.txt
[20.544s] writing top-level names to ../../build/controller/controller.egg-info/top_level.txt
[20.546s] reading manifest file '../../build/controller/controller.egg-info/SOURCES.txt'
[20.579s] writing manifest file '../../build/controller/controller.egg-info/SOURCES.txt'
[20.580s] running build
[20.585s] running build_py
[20.585s] running install
[20.594s] running install_lib
[20.627s] running install_data
[20.634s] running install_egg_info
[20.679s] removing '/home/dash/Desktop/ros_ws/install/controller/lib/python3.10/site-packages/controller-0.0.0-py3.10.egg-info' (and everything under it)
[20.695s] Copying ../../build/controller/controller.egg-info to /home/dash/Desktop/ros_ws/install/controller/lib/python3.10/site-packages/controller-0.0.0-py3.10.egg-info
[20.700s] running install_scripts
[21.067s] Installing app_control script to /home/dash/Desktop/ros_ws/install/controller/lib/controller
[21.069s] Installing handshake script to /home/dash/Desktop/ros_ws/install/controller/lib/controller
[21.071s] Installing robot_status script to /home/dash/Desktop/ros_ws/install/controller/lib/controller
[21.084s] writing list of installed files to '/home/dash/Desktop/ros_ws/build/controller/install.log'
[25.101s] Invoked command in '/home/dash/Desktop/ros_ws/src/controller' returned '0': PYTHONPATH=/home/dash/Desktop/ros_ws/build/controller/prefix_override:/home/dash/Desktop/ros_ws/install/controller/lib/python3.10/site-packages:${PYTHONPATH} /usr/bin/python3 -W ignore:setup.py install is deprecated setup.py egg_info --egg-base ../../build/controller build --build-base /home/dash/Desktop/ros_ws/build/controller/build install --record /home/dash/Desktop/ros_ws/build/controller/install.log --single-version-externally-managed install_data
