[9.573s] Invoking command in '/home/dash/Desktop/ros_ws/src/controller': PYTHONPATH=/home/dash/Desktop/ros_ws/build/controller/prefix_override:/home/dash/Desktop/ros_ws/install/controller/lib/python3.10/site-packages:${PYTHONPATH} /usr/bin/python3 -W ignore:setup.py install is deprecated setup.py egg_info --egg-base ../../build/controller build --build-base /home/dash/Desktop/ros_ws/build/controller/build install --record /home/dash/Desktop/ros_ws/build/controller/install.log --single-version-externally-managed install_data
[12.204s] running egg_info
[12.211s] writing ../../build/controller/controller.egg-info/PKG-INFO
[12.221s] writing dependency_links to ../../build/controller/controller.egg-info/dependency_links.txt
[12.225s] writing entry points to ../../build/controller/controller.egg-info/entry_points.txt
[12.228s] writing requirements to ../../build/controller/controller.egg-info/requires.txt
[12.236s] writing top-level names to ../../build/controller/controller.egg-info/top_level.txt
[12.240s] reading manifest file '../../build/controller/controller.egg-info/SOURCES.txt'
[12.243s] writing manifest file '../../build/controller/controller.egg-info/SOURCES.txt'
[12.273s] running build
[12.274s] running build_py
[12.275s] running install
[12.276s] running install_lib
[12.276s] running install_data
[12.277s] running install_egg_info
[12.278s] removing '/home/dash/Desktop/ros_ws/install/controller/lib/python3.10/site-packages/controller-0.0.0-py3.10.egg-info' (and everything under it)
[12.278s] Copying ../../build/controller/controller.egg-info to /home/dash/Desktop/ros_ws/install/controller/lib/python3.10/site-packages/controller-0.0.0-py3.10.egg-info
[12.279s] running install_scripts
[12.439s] Installing app_control script to /home/dash/Desktop/ros_ws/install/controller/lib/controller
[12.445s] Installing handshake script to /home/dash/Desktop/ros_ws/install/controller/lib/controller
[12.457s] Installing robot_status script to /home/dash/Desktop/ros_ws/install/controller/lib/controller
[12.467s] Installing settings_handler script to /home/dash/Desktop/ros_ws/install/controller/lib/controller
[12.482s] writing list of installed files to '/home/dash/Desktop/ros_ws/build/controller/install.log'
[12.677s] Invoked command in '/home/dash/Desktop/ros_ws/src/controller' returned '0': PYTHONPATH=/home/dash/Desktop/ros_ws/build/controller/prefix_override:/home/dash/Desktop/ros_ws/install/controller/lib/python3.10/site-packages:${PYTHONPATH} /usr/bin/python3 -W ignore:setup.py install is deprecated setup.py egg_info --egg-base ../../build/controller build --build-base /home/dash/Desktop/ros_ws/build/controller/build install --record /home/dash/Desktop/ros_ws/build/controller/install.log --single-version-externally-managed install_data
