[11.157s] Invoking command in '/home/dash/Desktop/ros_ws/src/user_interface': PYTHONPATH=/home/dash/Desktop/ros_ws/build/user_interface/prefix_override:/home/dash/Desktop/ros_ws/install/user_interface/lib/python3.10/site-packages:${PYTHONPATH} /usr/bin/python3 -W ignore:setup.py install is deprecated setup.py egg_info --egg-base ../../build/user_interface build --build-base /home/dash/Desktop/ros_ws/build/user_interface/build install --record /home/dash/Desktop/ros_ws/build/user_interface/install.log --single-version-externally-managed install_data
[13.528s] running egg_info
[13.531s] writing ../../build/user_interface/user_interface.egg-info/PKG-INFO
[13.533s] writing dependency_links to ../../build/user_interface/user_interface.egg-info/dependency_links.txt
[13.534s] writing entry points to ../../build/user_interface/user_interface.egg-info/entry_points.txt
[13.536s] writing requirements to ../../build/user_interface/user_interface.egg-info/requires.txt
[13.537s] writing top-level names to ../../build/user_interface/user_interface.egg-info/top_level.txt
[13.547s] reading manifest file '../../build/user_interface/user_interface.egg-info/SOURCES.txt'
[13.553s] writing manifest file '../../build/user_interface/user_interface.egg-info/SOURCES.txt'
[13.555s] running build
[13.556s] running build_py
[13.559s] copying user_interface/flask_ui_server.py -> /home/dash/Desktop/ros_ws/build/user_interface/build/lib/user_interface
[13.562s] running install
[13.565s] running install_lib
[13.570s] copying /home/dash/Desktop/ros_ws/build/user_interface/build/lib/user_interface/flask_ui_server.py -> /home/dash/Desktop/ros_ws/install/user_interface/lib/python3.10/site-packages/user_interface
[13.576s] byte-compiling /home/dash/Desktop/ros_ws/install/user_interface/lib/python3.10/site-packages/user_interface/flask_ui_server.py to flask_ui_server.cpython-310.pyc
[13.591s] running install_data
[13.592s] running install_egg_info
[13.593s] removing '/home/dash/Desktop/ros_ws/install/user_interface/lib/python3.10/site-packages/user_interface-0.0.0-py3.10.egg-info' (and everything under it)
[13.595s] Copying ../../build/user_interface/user_interface.egg-info to /home/dash/Desktop/ros_ws/install/user_interface/lib/python3.10/site-packages/user_interface-0.0.0-py3.10.egg-info
[13.604s] running install_scripts
[14.187s] Installing flask_user_interface script to /home/dash/Desktop/ros_ws/install/user_interface/lib/user_interface
[14.237s] Installing user_interface script to /home/dash/Desktop/ros_ws/install/user_interface/lib/user_interface
[14.238s] writing list of installed files to '/home/dash/Desktop/ros_ws/build/user_interface/install.log'
[14.497s] Invoked command in '/home/dash/Desktop/ros_ws/src/user_interface' returned '0': PYTHONPATH=/home/dash/Desktop/ros_ws/build/user_interface/prefix_override:/home/dash/Desktop/ros_ws/install/user_interface/lib/python3.10/site-packages:${PYTHONPATH} /usr/bin/python3 -W ignore:setup.py install is deprecated setup.py egg_info --egg-base ../../build/user_interface build --build-base /home/dash/Desktop/ros_ws/build/user_interface/build install --record /home/dash/Desktop/ros_ws/build/user_interface/install.log --single-version-externally-managed install_data
