[5.709s] Invoking command in '/home/dash/Desktop/ros_ws/src/cv_subsystem': PYTHONPATH=/home/dash/Desktop/ros_ws/build/cv_subsystem/prefix_override:/home/dash/Desktop/ros_ws/install/cv_subsystem/lib/python3.10/site-packages:${PYTHONPATH} /usr/bin/python3 -W ignore:setup.py install is deprecated setup.py egg_info --egg-base ../../build/cv_subsystem build --build-base /home/dash/Desktop/ros_ws/build/cv_subsystem/build install --record /home/dash/Desktop/ros_ws/build/cv_subsystem/install.log --single-version-externally-managed install_data
[8.088s] running egg_info
[8.091s] writing ../../build/cv_subsystem/cv_subsystem.egg-info/PKG-INFO
[8.094s] writing dependency_links to ../../build/cv_subsystem/cv_subsystem.egg-info/dependency_links.txt
[8.095s] writing entry points to ../../build/cv_subsystem/cv_subsystem.egg-info/entry_points.txt
[8.097s] writing requirements to ../../build/cv_subsystem/cv_subsystem.egg-info/requires.txt
[8.098s] writing top-level names to ../../build/cv_subsystem/cv_subsystem.egg-info/top_level.txt
[8.108s] reading manifest file '../../build/cv_subsystem/cv_subsystem.egg-info/SOURCES.txt'
[8.113s] writing manifest file '../../build/cv_subsystem/cv_subsystem.egg-info/SOURCES.txt'
[8.116s] running build
[8.117s] running build_py
[8.119s] copying cv_subsystem/gesture_recognizer.py -> /home/dash/Desktop/ros_ws/build/cv_subsystem/build/lib/cv_subsystem
[8.132s] running install
[8.138s] running install_lib
[8.139s] copying /home/dash/Desktop/ros_ws/build/cv_subsystem/build/lib/cv_subsystem/gesture_recognizer.py -> /home/dash/Desktop/ros_ws/install/cv_subsystem/lib/python3.10/site-packages/cv_subsystem
[8.140s] byte-compiling /home/dash/Desktop/ros_ws/install/cv_subsystem/lib/python3.10/site-packages/cv_subsystem/gesture_recognizer.py to gesture_recognizer.cpython-310.pyc
[8.141s] running install_data
[8.142s] running install_egg_info
[8.156s] removing '/home/dash/Desktop/ros_ws/install/cv_subsystem/lib/python3.10/site-packages/cv_subsystem-0.0.0-py3.10.egg-info' (and everything under it)
[8.157s] Copying ../../build/cv_subsystem/cv_subsystem.egg-info to /home/dash/Desktop/ros_ws/install/cv_subsystem/lib/python3.10/site-packages/cv_subsystem-0.0.0-py3.10.egg-info
[8.181s] running install_scripts
[8.376s] Installing gesture_recognizer script to /home/dash/Desktop/ros_ws/install/cv_subsystem/lib/cv_subsystem
[8.380s] writing list of installed files to '/home/dash/Desktop/ros_ws/build/cv_subsystem/install.log'
[8.557s] Invoked command in '/home/dash/Desktop/ros_ws/src/cv_subsystem' returned '0': PYTHONPATH=/home/dash/Desktop/ros_ws/build/cv_subsystem/prefix_override:/home/dash/Desktop/ros_ws/install/cv_subsystem/lib/python3.10/site-packages:${PYTHONPATH} /usr/bin/python3 -W ignore:setup.py install is deprecated setup.py egg_info --egg-base ../../build/cv_subsystem build --build-base /home/dash/Desktop/ros_ws/build/cv_subsystem/build install --record /home/dash/Desktop/ros_ws/build/cv_subsystem/install.log --single-version-externally-managed install_data
