[10.108s] Invoking command in '/home/dash/Desktop/ros_ws/src/controller': PYTHONPATH=/home/dash/Desktop/ros_ws/build/controller/prefix_override:/home/dash/Desktop/ros_ws/install/controller/lib/python3.10/site-packages:${PYTHONPATH} /usr/bin/python3 -W ignore:setup.py install is deprecated setup.py egg_info --egg-base ../../build/controller build --build-base /home/dash/Desktop/ros_ws/build/controller/build install --record /home/dash/Desktop/ros_ws/build/controller/install.log --single-version-externally-managed install_data
[13.334s] running egg_info
[13.363s] writing ../../build/controller/controller.egg-info/PKG-INFO
[13.376s] writing dependency_links to ../../build/controller/controller.egg-info/dependency_links.txt
[13.384s] writing entry points to ../../build/controller/controller.egg-info/entry_points.txt
[13.385s] writing requirements to ../../build/controller/controller.egg-info/requires.txt
[13.397s] writing top-level names to ../../build/controller/controller.egg-info/top_level.txt
[13.426s] reading manifest file '../../build/controller/controller.egg-info/SOURCES.txt'
[13.435s] writing manifest file '../../build/controller/controller.egg-info/SOURCES.txt'
[13.442s] running build
[13.446s] running build_py
[13.458s] running install
[13.464s] running install_lib
[13.483s] running install_data
[13.488s] running install_egg_info
[13.509s] removing '/home/dash/Desktop/ros_ws/install/controller/lib/python3.10/site-packages/controller-0.0.0-py3.10.egg-info' (and everything under it)
[13.541s] Copying ../../build/controller/controller.egg-info to /home/dash/Desktop/ros_ws/install/controller/lib/python3.10/site-packages/controller-0.0.0-py3.10.egg-info
[13.574s] running install_scripts
[13.853s] Installing app_control script to /home/dash/Desktop/ros_ws/install/controller/lib/controller
[13.860s] Installing handshake script to /home/dash/Desktop/ros_ws/install/controller/lib/controller
[13.866s] Installing robot_status script to /home/dash/Desktop/ros_ws/install/controller/lib/controller
[13.871s] writing list of installed files to '/home/dash/Desktop/ros_ws/build/controller/install.log'
[14.129s] Invoked command in '/home/dash/Desktop/ros_ws/src/controller' returned '0': PYTHONPATH=/home/dash/Desktop/ros_ws/build/controller/prefix_override:/home/dash/Desktop/ros_ws/install/controller/lib/python3.10/site-packages:${PYTHONPATH} /usr/bin/python3 -W ignore:setup.py install is deprecated setup.py egg_info --egg-base ../../build/controller build --build-base /home/dash/Desktop/ros_ws/build/controller/build install --record /home/dash/Desktop/ros_ws/build/controller/install.log --single-version-externally-managed install_data
