[9.626s] Invoking command in '/home/dash/Desktop/ros_ws/src/controller': PYTHONPATH=/home/dash/Desktop/ros_ws/build/controller/prefix_override:/home/dash/Desktop/ros_ws/install/controller/lib/python3.10/site-packages:${PYTHONPATH} /usr/bin/python3 -W ignore:setup.py install is deprecated setup.py egg_info --egg-base ../../build/controller build --build-base /home/dash/Desktop/ros_ws/build/controller/build install --record /home/dash/Desktop/ros_ws/build/controller/install.log --single-version-externally-managed install_data
[12.413s] running egg_info
[12.419s] writing ../../build/controller/controller.egg-info/PKG-INFO
[12.423s] writing dependency_links to ../../build/controller/controller.egg-info/dependency_links.txt
[12.426s] writing entry points to ../../build/controller/controller.egg-info/entry_points.txt
[12.454s] writing requirements to ../../build/controller/controller.egg-info/requires.txt
[12.470s] writing top-level names to ../../build/controller/controller.egg-info/top_level.txt
[12.488s] reading manifest file '../../build/controller/controller.egg-info/SOURCES.txt'
[12.489s] writing manifest file '../../build/controller/controller.egg-info/SOURCES.txt'
[12.490s] running build
[12.491s] running build_py
[12.515s] running install
[12.516s] running install_lib
[12.517s] running install_data
[12.518s] running install_egg_info
[12.518s] removing '/home/dash/Desktop/ros_ws/install/controller/lib/python3.10/site-packages/controller-0.0.0-py3.10.egg-info' (and everything under it)
[12.553s] Copying ../../build/controller/controller.egg-info to /home/dash/Desktop/ros_ws/install/controller/lib/python3.10/site-packages/controller-0.0.0-py3.10.egg-info
[12.554s] running install_scripts
[12.689s] Installing app_control script to /home/dash/Desktop/ros_ws/install/controller/lib/controller
[12.691s] Installing handshake script to /home/dash/Desktop/ros_ws/install/controller/lib/controller
[12.700s] Installing robot_status script to /home/dash/Desktop/ros_ws/install/controller/lib/controller
[12.707s] writing list of installed files to '/home/dash/Desktop/ros_ws/build/controller/install.log'
[12.889s] Invoked command in '/home/dash/Desktop/ros_ws/src/controller' returned '0': PYTHONPATH=/home/dash/Desktop/ros_ws/build/controller/prefix_override:/home/dash/Desktop/ros_ws/install/controller/lib/python3.10/site-packages:${PYTHONPATH} /usr/bin/python3 -W ignore:setup.py install is deprecated setup.py egg_info --egg-base ../../build/controller build --build-base /home/dash/Desktop/ros_ws/build/controller/build install --record /home/dash/Desktop/ros_ws/build/controller/install.log --single-version-externally-managed install_data
