[9.319s] Invoking command in '/home/dash/Desktop/ros_ws/src/controller': PYTHONPATH=/home/dash/Desktop/ros_ws/build/controller/prefix_override:/home/dash/Desktop/ros_ws/install/controller/lib/python3.10/site-packages:${PYTHONPATH} /usr/bin/python3 -W ignore:setup.py install is deprecated setup.py egg_info --egg-base ../../build/controller build --build-base /home/dash/Desktop/ros_ws/build/controller/build install --record /home/dash/Desktop/ros_ws/build/controller/install.log --single-version-externally-managed install_data
[12.356s] running egg_info
[12.362s] writing ../../build/controller/controller.egg-info/PKG-INFO
[12.364s] writing dependency_links to ../../build/controller/controller.egg-info/dependency_links.txt
[12.367s] writing entry points to ../../build/controller/controller.egg-info/entry_points.txt
[12.368s] writing requirements to ../../build/controller/controller.egg-info/requires.txt
[12.373s] writing top-level names to ../../build/controller/controller.egg-info/top_level.txt
[12.391s] reading manifest file '../../build/controller/controller.egg-info/SOURCES.txt'
[12.400s] writing manifest file '../../build/controller/controller.egg-info/SOURCES.txt'
[12.411s] running build
[12.412s] running build_py
[12.415s] running install
[12.419s] running install_lib
[12.441s] running install_data
[12.455s] running install_egg_info
[12.493s] removing '/home/dash/Desktop/ros_ws/install/controller/lib/python3.10/site-packages/controller-0.0.0-py3.10.egg-info' (and everything under it)
[12.505s] Copying ../../build/controller/controller.egg-info to /home/dash/Desktop/ros_ws/install/controller/lib/python3.10/site-packages/controller-0.0.0-py3.10.egg-info
[12.570s] running install_scripts
[12.853s] Installing app_control script to /home/dash/Desktop/ros_ws/install/controller/lib/controller
[12.878s] Installing handshake script to /home/dash/Desktop/ros_ws/install/controller/lib/controller
[12.890s] Installing robot_status script to /home/dash/Desktop/ros_ws/install/controller/lib/controller
[12.894s] Installing settings_handler script to /home/dash/Desktop/ros_ws/install/controller/lib/controller
[12.894s] writing list of installed files to '/home/dash/Desktop/ros_ws/build/controller/install.log'
[15.536s] Invoked command in '/home/dash/Desktop/ros_ws/src/controller' returned '0': PYTHONPATH=/home/dash/Desktop/ros_ws/build/controller/prefix_override:/home/dash/Desktop/ros_ws/install/controller/lib/python3.10/site-packages:${PYTHONPATH} /usr/bin/python3 -W ignore:setup.py install is deprecated setup.py egg_info --egg-base ../../build/controller build --build-base /home/dash/Desktop/ros_ws/build/controller/build install --record /home/dash/Desktop/ros_ws/build/controller/install.log --single-version-externally-managed install_data
