[16.703s] Invoking command in '/home/dash/Desktop/ros_ws/src/controller': PYTHONPATH=/home/dash/Desktop/ros_ws/build/controller/prefix_override:/home/dash/Desktop/ros_ws/install/controller/lib/python3.10/site-packages:${PYTHONPATH} /usr/bin/python3 -W ignore:setup.py install is deprecated setup.py egg_info --egg-base ../../build/controller build --build-base /home/dash/Desktop/ros_ws/build/controller/build install --record /home/dash/Desktop/ros_ws/build/controller/install.log --single-version-externally-managed install_data
[21.134s] running egg_info
[21.135s] writing ../../build/controller/controller.egg-info/PKG-INFO
[21.195s] writing dependency_links to ../../build/controller/controller.egg-info/dependency_links.txt
[21.222s] writing entry points to ../../build/controller/controller.egg-info/entry_points.txt
[21.250s] writing requirements to ../../build/controller/controller.egg-info/requires.txt
[21.276s] writing top-level names to ../../build/controller/controller.egg-info/top_level.txt
[21.281s] reading manifest file '../../build/controller/controller.egg-info/SOURCES.txt'
[21.315s] writing manifest file '../../build/controller/controller.egg-info/SOURCES.txt'
[21.337s] running build
[21.341s] running build_py
[21.343s] running install
[21.376s] running install_lib
[21.377s] running install_data
[21.378s] running install_egg_info
[21.395s] removing '/home/dash/Desktop/ros_ws/install/controller/lib/python3.10/site-packages/controller-0.0.0-py3.10.egg-info' (and everything under it)
[21.410s] Copying ../../build/controller/controller.egg-info to /home/dash/Desktop/ros_ws/install/controller/lib/python3.10/site-packages/controller-0.0.0-py3.10.egg-info
[21.464s] running install_scripts
[21.910s] Installing app_control script to /home/dash/Desktop/ros_ws/install/controller/lib/controller
[21.947s] Installing handshake script to /home/dash/Desktop/ros_ws/install/controller/lib/controller
[21.984s] Installing robot_status script to /home/dash/Desktop/ros_ws/install/controller/lib/controller
[22.020s] writing list of installed files to '/home/dash/Desktop/ros_ws/build/controller/install.log'
[22.684s] Invoked command in '/home/dash/Desktop/ros_ws/src/controller' returned '0': PYTHONPATH=/home/dash/Desktop/ros_ws/build/controller/prefix_override:/home/dash/Desktop/ros_ws/install/controller/lib/python3.10/site-packages:${PYTHONPATH} /usr/bin/python3 -W ignore:setup.py install is deprecated setup.py egg_info --egg-base ../../build/controller build --build-base /home/dash/Desktop/ros_ws/build/controller/build install --record /home/dash/Desktop/ros_ws/build/controller/install.log --single-version-externally-managed install_data
