[5.151s] Invoking command in '/home/dash/Desktop/ros_ws/src/user_interface': PYTHONPATH=/home/dash/Desktop/ros_ws/build/user_interface/prefix_override:/home/dash/Desktop/ros_ws/install/user_interface/lib/python3.10/site-packages:${PYTHONPATH} /usr/bin/python3 -W ignore:setup.py install is deprecated setup.py egg_info --egg-base ../../build/user_interface build --build-base /home/dash/Desktop/ros_ws/build/user_interface/build install --record /home/dash/Desktop/ros_ws/build/user_interface/install.log --single-version-externally-managed install_data
[6.802s] running egg_info
[6.805s] writing ../../build/user_interface/user_interface.egg-info/PKG-INFO
[6.806s] writing dependency_links to ../../build/user_interface/user_interface.egg-info/dependency_links.txt
[6.807s] writing entry points to ../../build/user_interface/user_interface.egg-info/entry_points.txt
[6.808s] writing requirements to ../../build/user_interface/user_interface.egg-info/requires.txt
[6.809s] writing top-level names to ../../build/user_interface/user_interface.egg-info/top_level.txt
[6.819s] reading manifest file '../../build/user_interface/user_interface.egg-info/SOURCES.txt'
[6.824s] writing manifest file '../../build/user_interface/user_interface.egg-info/SOURCES.txt'
[6.825s] running build
[6.825s] running build_py
[6.826s] copying user_interface/flask_ui_server.py -> /home/dash/Desktop/ros_ws/build/user_interface/build/lib/user_interface
[6.828s] running install
[6.830s] running install_lib
[6.835s] copying /home/dash/Desktop/ros_ws/build/user_interface/build/lib/user_interface/flask_ui_server.py -> /home/dash/Desktop/ros_ws/install/user_interface/lib/python3.10/site-packages/user_interface
[6.840s] byte-compiling /home/dash/Desktop/ros_ws/install/user_interface/lib/python3.10/site-packages/user_interface/flask_ui_server.py to flask_ui_server.cpython-310.pyc
[6.844s] running install_data
[6.860s] running install_egg_info
[6.861s] removing '/home/dash/Desktop/ros_ws/install/user_interface/lib/python3.10/site-packages/user_interface-0.0.0-py3.10.egg-info' (and everything under it)
[6.862s] Copying ../../build/user_interface/user_interface.egg-info to /home/dash/Desktop/ros_ws/install/user_interface/lib/python3.10/site-packages/user_interface-0.0.0-py3.10.egg-info
[6.867s] running install_scripts
[6.972s] Installing flask_user_interface script to /home/dash/Desktop/ros_ws/install/user_interface/lib/user_interface
[6.997s] Installing user_interface script to /home/dash/Desktop/ros_ws/install/user_interface/lib/user_interface
[7.011s] writing list of installed files to '/home/dash/Desktop/ros_ws/build/user_interface/install.log'
[7.163s] Invoked command in '/home/dash/Desktop/ros_ws/src/user_interface' returned '0': PYTHONPATH=/home/dash/Desktop/ros_ws/build/user_interface/prefix_override:/home/dash/Desktop/ros_ws/install/user_interface/lib/python3.10/site-packages:${PYTHONPATH} /usr/bin/python3 -W ignore:setup.py install is deprecated setup.py egg_info --egg-base ../../build/user_interface build --build-base /home/dash/Desktop/ros_ws/build/user_interface/build install --record /home/dash/Desktop/ros_ws/build/user_interface/install.log --single-version-externally-managed install_data
