[17.220s] Invoking command in '/home/dash/Desktop/ros_ws/src/controller': PYTHONPATH=/home/dash/Desktop/ros_ws/build/controller/prefix_override:/home/dash/Desktop/ros_ws/install/controller/lib/python3.10/site-packages:${PYTHONPATH} /usr/bin/python3 -W ignore:setup.py install is deprecated setup.py egg_info --egg-base ../../build/controller build --build-base /home/dash/Desktop/ros_ws/build/controller/build install --record /home/dash/Desktop/ros_ws/build/controller/install.log --single-version-externally-managed install_data
[24.511s] running egg_info
[24.558s] writing ../../build/controller/controller.egg-info/PKG-INFO
[24.560s] writing dependency_links to ../../build/controller/controller.egg-info/dependency_links.txt
[24.561s] writing entry points to ../../build/controller/controller.egg-info/entry_points.txt
[24.562s] writing requirements to ../../build/controller/controller.egg-info/requires.txt
[24.565s] writing top-level names to ../../build/controller/controller.egg-info/top_level.txt
[24.600s] reading manifest file '../../build/controller/controller.egg-info/SOURCES.txt'
[24.653s] writing manifest file '../../build/controller/controller.egg-info/SOURCES.txt'
[24.673s] running build
[24.675s] running build_py
[24.697s] copying controller/controller.py -> /home/dash/Desktop/ros_ws/build/controller/build/lib/controller
[24.777s] running install
[24.806s] running install_lib
[24.809s] copying /home/dash/Desktop/ros_ws/build/controller/build/lib/controller/controller.py -> /home/dash/Desktop/ros_ws/install/controller/lib/python3.10/site-packages/controller
[24.864s] byte-compiling /home/dash/Desktop/ros_ws/install/controller/lib/python3.10/site-packages/controller/controller.py to controller.cpython-310.pyc
[24.880s] running install_data
[24.884s] running install_egg_info
[24.909s] removing '/home/dash/Desktop/ros_ws/install/controller/lib/python3.10/site-packages/controller-0.0.0-py3.10.egg-info' (and everything under it)
[24.946s] Copying ../../build/controller/controller.egg-info to /home/dash/Desktop/ros_ws/install/controller/lib/python3.10/site-packages/controller-0.0.0-py3.10.egg-info
[25.024s] running install_scripts
[25.288s] Installing app_control script to /home/dash/Desktop/ros_ws/install/controller/lib/controller
[25.344s] Installing controller script to /home/dash/Desktop/ros_ws/install/controller/lib/controller
[25.355s] Installing handshake script to /home/dash/Desktop/ros_ws/install/controller/lib/controller
[25.375s] Installing robot_status script to /home/dash/Desktop/ros_ws/install/controller/lib/controller
[25.377s] Installing settings_handler script to /home/dash/Desktop/ros_ws/install/controller/lib/controller
[25.406s] writing list of installed files to '/home/dash/Desktop/ros_ws/build/controller/install.log'
[29.050s] Invoked command in '/home/dash/Desktop/ros_ws/src/controller' returned '0': PYTHONPATH=/home/dash/Desktop/ros_ws/build/controller/prefix_override:/home/dash/Desktop/ros_ws/install/controller/lib/python3.10/site-packages:${PYTHONPATH} /usr/bin/python3 -W ignore:setup.py install is deprecated setup.py egg_info --egg-base ../../build/controller build --build-base /home/dash/Desktop/ros_ws/build/controller/build install --record /home/dash/Desktop/ros_ws/build/controller/install.log --single-version-externally-managed install_data
