[9.177s] Invoking command in '/home/dash/Desktop/ros_ws/src/nlp_subsystem': PYTHONPATH=/home/dash/Desktop/ros_ws/build/nlp_subsystem/prefix_override:/home/dash/Desktop/ros_ws/install/nlp_subsystem/lib/python3.10/site-packages:${PYTHONPATH} /usr/bin/python3 -W ignore:setup.py install is deprecated setup.py egg_info --egg-base ../../build/nlp_subsystem build --build-base /home/dash/Desktop/ros_ws/build/nlp_subsystem/build install --record /home/dash/Desktop/ros_ws/build/nlp_subsystem/install.log --single-version-externally-managed install_data
[13.250s] running egg_info
[13.251s] writing ../../build/nlp_subsystem/nlp_subsystem.egg-info/PKG-INFO
[13.264s] writing dependency_links to ../../build/nlp_subsystem/nlp_subsystem.egg-info/dependency_links.txt
[13.265s] writing entry points to ../../build/nlp_subsystem/nlp_subsystem.egg-info/entry_points.txt
[13.266s] writing requirements to ../../build/nlp_subsystem/nlp_subsystem.egg-info/requires.txt
[13.267s] writing top-level names to ../../build/nlp_subsystem/nlp_subsystem.egg-info/top_level.txt
[13.267s] reading manifest file '../../build/nlp_subsystem/nlp_subsystem.egg-info/SOURCES.txt'
[13.268s] writing manifest file '../../build/nlp_subsystem/nlp_subsystem.egg-info/SOURCES.txt'
[13.269s] running build
[13.269s] running build_py
[13.270s] running install
[13.271s] running install_lib
[13.272s] running install_data
[13.277s] running install_egg_info
[13.278s] removing '/home/dash/Desktop/ros_ws/install/nlp_subsystem/lib/python3.10/site-packages/nlp_subsystem-0.0.0-py3.10.egg-info' (and everything under it)
[13.279s] Copying ../../build/nlp_subsystem/nlp_subsystem.egg-info to /home/dash/Desktop/ros_ws/install/nlp_subsystem/lib/python3.10/site-packages/nlp_subsystem-0.0.0-py3.10.egg-info
[13.280s] running install_scripts
[13.512s] Installing chat_client script to /home/dash/Desktop/ros_ws/install/nlp_subsystem/lib/nlp_subsystem
[13.514s] Installing voice_assistant script to /home/dash/Desktop/ros_ws/install/nlp_subsystem/lib/nlp_subsystem
[13.533s] writing list of installed files to '/home/dash/Desktop/ros_ws/build/nlp_subsystem/install.log'
[15.720s] Invoked command in '/home/dash/Desktop/ros_ws/src/nlp_subsystem' returned '0': PYTHONPATH=/home/dash/Desktop/ros_ws/build/nlp_subsystem/prefix_override:/home/dash/Desktop/ros_ws/install/nlp_subsystem/lib/python3.10/site-packages:${PYTHONPATH} /usr/bin/python3 -W ignore:setup.py install is deprecated setup.py egg_info --egg-base ../../build/nlp_subsystem build --build-base /home/dash/Desktop/ros_ws/build/nlp_subsystem/build install --record /home/dash/Desktop/ros_ws/build/nlp_subsystem/install.log --single-version-externally-managed install_data
