[16.464s] Invoking command in '/home/dash/Desktop/ros_ws/src/controller': PYTHONPATH=/home/dash/Desktop/ros_ws/build/controller/prefix_override:/home/dash/Desktop/ros_ws/install/controller/lib/python3.10/site-packages:${PYTHONPATH} /usr/bin/python3 -W ignore:setup.py install is deprecated setup.py egg_info --egg-base ../../build/controller build --build-base /home/dash/Desktop/ros_ws/build/controller/build install --record /home/dash/Desktop/ros_ws/build/controller/install.log --single-version-externally-managed install_data
[21.341s] running egg_info
[21.344s] writing ../../build/controller/controller.egg-info/PKG-INFO
[21.352s] writing dependency_links to ../../build/controller/controller.egg-info/dependency_links.txt
[21.355s] writing entry points to ../../build/controller/controller.egg-info/entry_points.txt
[21.356s] writing requirements to ../../build/controller/controller.egg-info/requires.txt
[21.359s] writing top-level names to ../../build/controller/controller.egg-info/top_level.txt
[21.388s] reading manifest file '../../build/controller/controller.egg-info/SOURCES.txt'
[21.410s] writing manifest file '../../build/controller/controller.egg-info/SOURCES.txt'
[21.411s] running build
[21.412s] running build_py
[21.419s] running install
[21.422s] running install_lib
[21.464s] running install_data
[21.469s] running install_egg_info
[21.514s] removing '/home/dash/Desktop/ros_ws/install/controller/lib/python3.10/site-packages/controller-0.0.0-py3.10.egg-info' (and everything under it)
[21.531s] Copying ../../build/controller/controller.egg-info to /home/dash/Desktop/ros_ws/install/controller/lib/python3.10/site-packages/controller-0.0.0-py3.10.egg-info
[21.695s] running install_scripts
[22.184s] Installing app_control script to /home/dash/Desktop/ros_ws/install/controller/lib/controller
[22.282s] Installing handshake script to /home/dash/Desktop/ros_ws/install/controller/lib/controller
[22.282s] Installing robot_status script to /home/dash/Desktop/ros_ws/install/controller/lib/controller
[22.285s] writing list of installed files to '/home/dash/Desktop/ros_ws/build/controller/install.log'
[22.774s] Invoked command in '/home/dash/Desktop/ros_ws/src/controller' returned '0': PYTHONPATH=/home/dash/Desktop/ros_ws/build/controller/prefix_override:/home/dash/Desktop/ros_ws/install/controller/lib/python3.10/site-packages:${PYTHONPATH} /usr/bin/python3 -W ignore:setup.py install is deprecated setup.py egg_info --egg-base ../../build/controller build --build-base /home/dash/Desktop/ros_ws/build/controller/build install --record /home/dash/Desktop/ros_ws/build/controller/install.log --single-version-externally-managed install_data
