[10.199s] Invoking command in '/home/dash/Desktop/ros_ws/src/user_interface': PYTHONPATH=/home/dash/Desktop/ros_ws/build/user_interface/prefix_override:/home/dash/Desktop/ros_ws/install/user_interface/lib/python3.10/site-packages:${PYTHONPATH} /usr/bin/python3 -W ignore:setup.py install is deprecated setup.py egg_info --egg-base ../../build/user_interface build --build-base /home/dash/Desktop/ros_ws/build/user_interface/build install --record /home/dash/Desktop/ros_ws/build/user_interface/install.log --single-version-externally-managed install_data
[14.360s] running egg_info
[14.366s] writing ../../build/user_interface/user_interface.egg-info/PKG-INFO
[14.369s] writing dependency_links to ../../build/user_interface/user_interface.egg-info/dependency_links.txt
[14.371s] writing entry points to ../../build/user_interface/user_interface.egg-info/entry_points.txt
[14.373s] writing requirements to ../../build/user_interface/user_interface.egg-info/requires.txt
[14.375s] writing top-level names to ../../build/user_interface/user_interface.egg-info/top_level.txt
[14.397s] reading manifest file '../../build/user_interface/user_interface.egg-info/SOURCES.txt'
[14.409s] writing manifest file '../../build/user_interface/user_interface.egg-info/SOURCES.txt'
[14.412s] running build
[14.414s] running build_py
[14.415s] copying user_interface/flask_ui_server.py -> /home/dash/Desktop/ros_ws/build/user_interface/build/lib/user_interface
[14.418s] running install
[14.421s] running install_lib
[14.431s] copying /home/dash/Desktop/ros_ws/build/user_interface/build/lib/user_interface/flask_ui_server.py -> /home/dash/Desktop/ros_ws/install/user_interface/lib/python3.10/site-packages/user_interface
[14.440s] byte-compiling /home/dash/Desktop/ros_ws/install/user_interface/lib/python3.10/site-packages/user_interface/flask_ui_server.py to flask_ui_server.cpython-310.pyc
[14.454s] running install_data
[14.458s] running install_egg_info
[14.478s] removing '/home/dash/Desktop/ros_ws/install/user_interface/lib/python3.10/site-packages/user_interface-0.0.0-py3.10.egg-info' (and everything under it)
[14.483s] Copying ../../build/user_interface/user_interface.egg-info to /home/dash/Desktop/ros_ws/install/user_interface/lib/python3.10/site-packages/user_interface-0.0.0-py3.10.egg-info
[14.503s] running install_scripts
[14.740s] Installing flask_user_interface script to /home/dash/Desktop/ros_ws/install/user_interface/lib/user_interface
[14.742s] Installing user_interface script to /home/dash/Desktop/ros_ws/install/user_interface/lib/user_interface
[14.748s] writing list of installed files to '/home/dash/Desktop/ros_ws/build/user_interface/install.log'
[15.008s] Invoked command in '/home/dash/Desktop/ros_ws/src/user_interface' returned '0': PYTHONPATH=/home/dash/Desktop/ros_ws/build/user_interface/prefix_override:/home/dash/Desktop/ros_ws/install/user_interface/lib/python3.10/site-packages:${PYTHONPATH} /usr/bin/python3 -W ignore:setup.py install is deprecated setup.py egg_info --egg-base ../../build/user_interface build --build-base /home/dash/Desktop/ros_ws/build/user_interface/build install --record /home/dash/Desktop/ros_ws/build/user_interface/install.log --single-version-externally-managed install_data
