[0.703s] DEBUG:colcon:Command line arguments: ['/usr/bin/colcon', 'build']
[0.703s] DEBUG:colcon:Parsed command line arguments: Namespace(log_base=None, log_level=None, verb_name='build', build_base='build', install_base='install', merge_install=False, symlink_install=False, test_result_base=None, continue_on_error=False, executor='parallel', parallel_workers=4, event_handlers=None, ignore_user_meta=False, metas=['./colcon.meta'], base_paths=['.'], packages_ignore=None, packages_ignore_regex=None, paths=None, packages_up_to=None, packages_up_to_regex=None, packages_above=None, packages_above_and_dependencies=None, packages_above_depth=None, packages_select_by_dep=None, packages_skip_by_dep=None, packages_skip_up_to=None, packages_select_build_failed=False, packages_skip_build_finished=False, packages_select_test_failures=False, packages_skip_test_passed=False, packages_select=None, packages_skip=None, packages_select_regex=None, packages_skip_regex=None, packages_start=None, packages_end=None, allow_overriding=[], cmake_args=None, cmake_target=None, cmake_target_skip_unavailable=False, cmake_clean_cache=False, cmake_clean_first=False, cmake_force_configure=False, ament_cmake_args=None, catkin_cmake_args=None, catkin_skip_building_tests=False, verb_parser=<colcon_defaults.argument_parser.defaults.DefaultArgumentsDecorator object at 0xffffa87e93f0>, verb_extension=<colcon_core.verb.build.BuildVerb object at 0xffffa8929ed0>, main=<bound method BuildVerb.main of <colcon_core.verb.build.BuildVerb object at 0xffffa8929ed0>>)
[2.189s] Level 1:colcon.colcon_core.package_discovery:discover_packages(colcon_meta) check parameters
[2.190s] Level 1:colcon.colcon_core.package_discovery:discover_packages(recursive) check parameters
[2.190s] Level 1:colcon.colcon_core.package_discovery:discover_packages(ignore) check parameters
[2.190s] Level 1:colcon.colcon_core.package_discovery:discover_packages(path) check parameters
[2.191s] Level 1:colcon.colcon_core.package_discovery:discover_packages(colcon_meta) discover
[2.191s] Level 1:colcon.colcon_core.package_discovery:discover_packages(recursive) discover
[2.192s] INFO:colcon.colcon_core.package_discovery:Crawling recursively for packages in '/home/dash/Desktop/ros_ws'
[2.192s] Level 1:colcon.colcon_core.package_identification:_identify(.) by extensions ['ignore', 'ignore_ament_install']
[2.193s] Level 1:colcon.colcon_core.package_identification:_identify(.) by extension 'ignore'
[2.194s] Level 1:colcon.colcon_core.package_identification:_identify(.) by extension 'ignore_ament_install'
[2.194s] Level 1:colcon.colcon_core.package_identification:_identify(.) by extensions ['colcon_pkg']
[2.195s] Level 1:colcon.colcon_core.package_identification:_identify(.) by extension 'colcon_pkg'
[2.195s] Level 1:colcon.colcon_core.package_identification:_identify(.) by extensions ['colcon_meta']
[2.195s] Level 1:colcon.colcon_core.package_identification:_identify(.) by extension 'colcon_meta'
[2.196s] Level 1:colcon.colcon_core.package_identification:_identify(.) by extensions ['ros']
[2.196s] Level 1:colcon.colcon_core.package_identification:_identify(.) by extension 'ros'
[2.261s] Level 1:colcon.colcon_core.package_identification:_identify(.) by extensions ['cmake', 'python']
[2.261s] Level 1:colcon.colcon_core.package_identification:_identify(.) by extension 'cmake'
[2.262s] Level 1:colcon.colcon_core.package_identification:_identify(.) by extension 'python'
[2.262s] Level 1:colcon.colcon_core.package_identification:_identify(.) by extensions ['python_setup_py']
[2.262s] Level 1:colcon.colcon_core.package_identification:_identify(.) by extension 'python_setup_py'
[2.263s] Level 1:colcon.colcon_core.package_identification:_identify(build) by extensions ['ignore', 'ignore_ament_install']
[2.264s] Level 1:colcon.colcon_core.package_identification:_identify(build) by extension 'ignore'
[2.264s] Level 1:colcon.colcon_core.package_identification:_identify(build) ignored
[2.265s] Level 1:colcon.colcon_core.package_identification:_identify(install) by extensions ['ignore', 'ignore_ament_install']
[2.265s] Level 1:colcon.colcon_core.package_identification:_identify(install) by extension 'ignore'
[2.266s] Level 1:colcon.colcon_core.package_identification:_identify(install) ignored
[2.269s] Level 1:colcon.colcon_core.package_identification:_identify(log) by extensions ['ignore', 'ignore_ament_install']
[2.270s] Level 1:colcon.colcon_core.package_identification:_identify(log) by extension 'ignore'
[2.270s] Level 1:colcon.colcon_core.package_identification:_identify(log) ignored
[2.271s] Level 1:colcon.colcon_core.package_identification:_identify(src) by extensions ['ignore', 'ignore_ament_install']
[2.271s] Level 1:colcon.colcon_core.package_identification:_identify(src) by extension 'ignore'
[2.272s] Level 1:colcon.colcon_core.package_identification:_identify(src) by extension 'ignore_ament_install'
[2.272s] Level 1:colcon.colcon_core.package_identification:_identify(src) by extensions ['colcon_pkg']
[2.272s] Level 1:colcon.colcon_core.package_identification:_identify(src) by extension 'colcon_pkg'
[2.273s] Level 1:colcon.colcon_core.package_identification:_identify(src) by extensions ['colcon_meta']
[2.273s] Level 1:colcon.colcon_core.package_identification:_identify(src) by extension 'colcon_meta'
[2.273s] Level 1:colcon.colcon_core.package_identification:_identify(src) by extensions ['ros']
[2.273s] Level 1:colcon.colcon_core.package_identification:_identify(src) by extension 'ros'
[2.273s] Level 1:colcon.colcon_core.package_identification:_identify(src) by extensions ['cmake', 'python']
[2.274s] Level 1:colcon.colcon_core.package_identification:_identify(src) by extension 'cmake'
[2.274s] Level 1:colcon.colcon_core.package_identification:_identify(src) by extension 'python'
[2.274s] Level 1:colcon.colcon_core.package_identification:_identify(src) by extensions ['python_setup_py']
[2.274s] Level 1:colcon.colcon_core.package_identification:_identify(src) by extension 'python_setup_py'
[2.275s] Level 1:colcon.colcon_core.package_identification:_identify(src/DASH_bringup) by extensions ['ignore', 'ignore_ament_install']
[2.275s] Level 1:colcon.colcon_core.package_identification:_identify(src/DASH_bringup) by extension 'ignore'
[2.276s] Level 1:colcon.colcon_core.package_identification:_identify(src/DASH_bringup) by extension 'ignore_ament_install'
[2.276s] Level 1:colcon.colcon_core.package_identification:_identify(src/DASH_bringup) by extensions ['colcon_pkg']
[2.276s] Level 1:colcon.colcon_core.package_identification:_identify(src/DASH_bringup) by extension 'colcon_pkg'
[2.276s] Level 1:colcon.colcon_core.package_identification:_identify(src/DASH_bringup) by extensions ['colcon_meta']
[2.276s] Level 1:colcon.colcon_core.package_identification:_identify(src/DASH_bringup) by extension 'colcon_meta'
[2.277s] Level 1:colcon.colcon_core.package_identification:_identify(src/DASH_bringup) by extensions ['ros']
[2.277s] Level 1:colcon.colcon_core.package_identification:_identify(src/DASH_bringup) by extension 'ros'
[2.286s] DEBUG:colcon.colcon_core.package_identification:Package 'src/DASH_bringup' with type 'ros.ament_cmake' and name 'DASH_bringup'
[2.287s] Level 1:colcon.colcon_core.package_identification:_identify(src/controller) by extensions ['ignore', 'ignore_ament_install']
[2.288s] Level 1:colcon.colcon_core.package_identification:_identify(src/controller) by extension 'ignore'
[2.288s] Level 1:colcon.colcon_core.package_identification:_identify(src/controller) by extension 'ignore_ament_install'
[2.289s] Level 1:colcon.colcon_core.package_identification:_identify(src/controller) by extensions ['colcon_pkg']
[2.289s] Level 1:colcon.colcon_core.package_identification:_identify(src/controller) by extension 'colcon_pkg'
[2.289s] Level 1:colcon.colcon_core.package_identification:_identify(src/controller) by extensions ['colcon_meta']
[2.289s] Level 1:colcon.colcon_core.package_identification:_identify(src/controller) by extension 'colcon_meta'
[2.290s] Level 1:colcon.colcon_core.package_identification:_identify(src/controller) by extensions ['ros']
[2.290s] Level 1:colcon.colcon_core.package_identification:_identify(src/controller) by extension 'ros'
[2.292s] DEBUG:colcon.colcon_core.package_identification:Package 'src/controller' with type 'ros.ament_python' and name 'controller'
[2.293s] Level 1:colcon.colcon_core.package_identification:_identify(src/cv_subsystem) by extensions ['ignore', 'ignore_ament_install']
[2.299s] Level 1:colcon.colcon_core.package_identification:_identify(src/cv_subsystem) by extension 'ignore'
[2.299s] Level 1:colcon.colcon_core.package_identification:_identify(src/cv_subsystem) by extension 'ignore_ament_install'
[2.300s] Level 1:colcon.colcon_core.package_identification:_identify(src/cv_subsystem) by extensions ['colcon_pkg']
[2.300s] Level 1:colcon.colcon_core.package_identification:_identify(src/cv_subsystem) by extension 'colcon_pkg'
[2.300s] Level 1:colcon.colcon_core.package_identification:_identify(src/cv_subsystem) by extensions ['colcon_meta']
[2.300s] Level 1:colcon.colcon_core.package_identification:_identify(src/cv_subsystem) by extension 'colcon_meta'
[2.301s] Level 1:colcon.colcon_core.package_identification:_identify(src/cv_subsystem) by extensions ['ros']
[2.301s] Level 1:colcon.colcon_core.package_identification:_identify(src/cv_subsystem) by extension 'ros'
[2.303s] DEBUG:colcon.colcon_core.package_identification:Package 'src/cv_subsystem' with type 'ros.ament_python' and name 'cv_subsystem'
[2.304s] Level 1:colcon.colcon_core.package_identification:_identify(src/nlp_subsystem) by extensions ['ignore', 'ignore_ament_install']
[2.304s] Level 1:colcon.colcon_core.package_identification:_identify(src/nlp_subsystem) by extension 'ignore'
[2.305s] Level 1:colcon.colcon_core.package_identification:_identify(src/nlp_subsystem) by extension 'ignore_ament_install'
[2.305s] Level 1:colcon.colcon_core.package_identification:_identify(src/nlp_subsystem) by extensions ['colcon_pkg']
[2.305s] Level 1:colcon.colcon_core.package_identification:_identify(src/nlp_subsystem) by extension 'colcon_pkg'
[2.305s] Level 1:colcon.colcon_core.package_identification:_identify(src/nlp_subsystem) by extensions ['colcon_meta']
[2.306s] Level 1:colcon.colcon_core.package_identification:_identify(src/nlp_subsystem) by extension 'colcon_meta'
[2.306s] Level 1:colcon.colcon_core.package_identification:_identify(src/nlp_subsystem) by extensions ['ros']
[2.306s] Level 1:colcon.colcon_core.package_identification:_identify(src/nlp_subsystem) by extension 'ros'
[2.308s] DEBUG:colcon.colcon_core.package_identification:Package 'src/nlp_subsystem' with type 'ros.ament_python' and name 'nlp_subsystem'
[2.309s] Level 1:colcon.colcon_core.package_identification:_identify(src/robot_interfaces) by extensions ['ignore', 'ignore_ament_install']
[2.310s] Level 1:colcon.colcon_core.package_identification:_identify(src/robot_interfaces) by extension 'ignore'
[2.310s] Level 1:colcon.colcon_core.package_identification:_identify(src/robot_interfaces) by extension 'ignore_ament_install'
[2.310s] Level 1:colcon.colcon_core.package_identification:_identify(src/robot_interfaces) by extensions ['colcon_pkg']
[2.310s] Level 1:colcon.colcon_core.package_identification:_identify(src/robot_interfaces) by extension 'colcon_pkg'
[2.311s] Level 1:colcon.colcon_core.package_identification:_identify(src/robot_interfaces) by extensions ['colcon_meta']
[2.311s] Level 1:colcon.colcon_core.package_identification:_identify(src/robot_interfaces) by extension 'colcon_meta'
[2.311s] Level 1:colcon.colcon_core.package_identification:_identify(src/robot_interfaces) by extensions ['ros']
[2.311s] Level 1:colcon.colcon_core.package_identification:_identify(src/robot_interfaces) by extension 'ros'
[2.313s] DEBUG:colcon.colcon_core.package_identification:Package 'src/robot_interfaces' with type 'ros.ament_cmake' and name 'robot_interfaces'
[2.314s] Level 1:colcon.colcon_core.package_identification:_identify(src/user_interface) by extensions ['ignore', 'ignore_ament_install']
[2.315s] Level 1:colcon.colcon_core.package_identification:_identify(src/user_interface) by extension 'ignore'
[2.315s] Level 1:colcon.colcon_core.package_identification:_identify(src/user_interface) by extension 'ignore_ament_install'
[2.315s] Level 1:colcon.colcon_core.package_identification:_identify(src/user_interface) by extensions ['colcon_pkg']
[2.316s] Level 1:colcon.colcon_core.package_identification:_identify(src/user_interface) by extension 'colcon_pkg'
[2.316s] Level 1:colcon.colcon_core.package_identification:_identify(src/user_interface) by extensions ['colcon_meta']
[2.316s] Level 1:colcon.colcon_core.package_identification:_identify(src/user_interface) by extension 'colcon_meta'
[2.316s] Level 1:colcon.colcon_core.package_identification:_identify(src/user_interface) by extensions ['ros']
[2.316s] Level 1:colcon.colcon_core.package_identification:_identify(src/user_interface) by extension 'ros'
[2.319s] DEBUG:colcon.colcon_core.package_identification:Package 'src/user_interface' with type 'ros.ament_python' and name 'user_interface'
[2.319s] Level 1:colcon.colcon_core.package_discovery:discover_packages(recursive) using defaults
[2.319s] Level 1:colcon.colcon_core.package_discovery:discover_packages(ignore) discover
[2.319s] Level 1:colcon.colcon_core.package_discovery:discover_packages(ignore) using defaults
[2.320s] Level 1:colcon.colcon_core.package_discovery:discover_packages(path) discover
[2.320s] Level 1:colcon.colcon_core.package_discovery:discover_packages(path) using defaults
[2.476s] Level 1:colcon.colcon_core.package_discovery:discover_packages(prefix_path) check parameters
[2.477s] Level 1:colcon.colcon_core.package_discovery:discover_packages(prefix_path) discover
[2.497s] DEBUG:colcon.colcon_installed_package_information.package_discovery:Found 7 installed packages in /home/dash/Desktop/depthai-ros/install
[2.502s] DEBUG:colcon.colcon_installed_package_information.package_discovery:Found 6 installed packages in /home/dash/Desktop/ros_ws/install
[2.514s] DEBUG:colcon.colcon_installed_package_information.package_discovery:Found 296 installed packages in /opt/ros/humble
[2.524s] Level 1:colcon.colcon_core.package_discovery:discover_packages(prefix_path) using defaults
[2.807s] Level 5:colcon.colcon_core.verb:set package 'controller' build argument 'cmake_args' from command line to 'None'
[2.808s] Level 5:colcon.colcon_core.verb:set package 'controller' build argument 'cmake_target' from command line to 'None'
[2.808s] Level 5:colcon.colcon_core.verb:set package 'controller' build argument 'cmake_target_skip_unavailable' from command line to 'False'
[2.808s] Level 5:colcon.colcon_core.verb:set package 'controller' build argument 'cmake_clean_cache' from command line to 'False'
[2.808s] Level 5:colcon.colcon_core.verb:set package 'controller' build argument 'cmake_clean_first' from command line to 'False'
[2.808s] Level 5:colcon.colcon_core.verb:set package 'controller' build argument 'cmake_force_configure' from command line to 'False'
[2.809s] Level 5:colcon.colcon_core.verb:set package 'controller' build argument 'ament_cmake_args' from command line to 'None'
[2.809s] Level 5:colcon.colcon_core.verb:set package 'controller' build argument 'catkin_cmake_args' from command line to 'None'
[2.809s] Level 5:colcon.colcon_core.verb:set package 'controller' build argument 'catkin_skip_building_tests' from command line to 'False'
[2.809s] DEBUG:colcon.colcon_core.verb:Building package 'controller' with the following arguments: {'ament_cmake_args': None, 'build_base': '/home/dash/Desktop/ros_ws/build/controller', 'catkin_cmake_args': None, 'catkin_skip_building_tests': False, 'cmake_args': None, 'cmake_clean_cache': False, 'cmake_clean_first': False, 'cmake_force_configure': False, 'cmake_target': None, 'cmake_target_skip_unavailable': False, 'install_base': '/home/dash/Desktop/ros_ws/install/controller', 'merge_install': False, 'path': '/home/dash/Desktop/ros_ws/src/controller', 'symlink_install': False, 'test_result_base': None}
[2.811s] Level 5:colcon.colcon_core.verb:set package 'cv_subsystem' build argument 'cmake_args' from command line to 'None'
[2.811s] Level 5:colcon.colcon_core.verb:set package 'cv_subsystem' build argument 'cmake_target' from command line to 'None'
[2.811s] Level 5:colcon.colcon_core.verb:set package 'cv_subsystem' build argument 'cmake_target_skip_unavailable' from command line to 'False'
[2.811s] Level 5:colcon.colcon_core.verb:set package 'cv_subsystem' build argument 'cmake_clean_cache' from command line to 'False'
[2.812s] Level 5:colcon.colcon_core.verb:set package 'cv_subsystem' build argument 'cmake_clean_first' from command line to 'False'
[2.812s] Level 5:colcon.colcon_core.verb:set package 'cv_subsystem' build argument 'cmake_force_configure' from command line to 'False'
[2.812s] Level 5:colcon.colcon_core.verb:set package 'cv_subsystem' build argument 'ament_cmake_args' from command line to 'None'
[2.812s] Level 5:colcon.colcon_core.verb:set package 'cv_subsystem' build argument 'catkin_cmake_args' from command line to 'None'
[2.812s] Level 5:colcon.colcon_core.verb:set package 'cv_subsystem' build argument 'catkin_skip_building_tests' from command line to 'False'
[2.812s] DEBUG:colcon.colcon_core.verb:Building package 'cv_subsystem' with the following arguments: {'ament_cmake_args': None, 'build_base': '/home/dash/Desktop/ros_ws/build/cv_subsystem', 'catkin_cmake_args': None, 'catkin_skip_building_tests': False, 'cmake_args': None, 'cmake_clean_cache': False, 'cmake_clean_first': False, 'cmake_force_configure': False, 'cmake_target': None, 'cmake_target_skip_unavailable': False, 'install_base': '/home/dash/Desktop/ros_ws/install/cv_subsystem', 'merge_install': False, 'path': '/home/dash/Desktop/ros_ws/src/cv_subsystem', 'symlink_install': False, 'test_result_base': None}
[2.814s] Level 5:colcon.colcon_core.verb:set package 'nlp_subsystem' build argument 'cmake_args' from command line to 'None'
[2.814s] Level 5:colcon.colcon_core.verb:set package 'nlp_subsystem' build argument 'cmake_target' from command line to 'None'
[2.814s] Level 5:colcon.colcon_core.verb:set package 'nlp_subsystem' build argument 'cmake_target_skip_unavailable' from command line to 'False'
[2.815s] Level 5:colcon.colcon_core.verb:set package 'nlp_subsystem' build argument 'cmake_clean_cache' from command line to 'False'
[2.815s] Level 5:colcon.colcon_core.verb:set package 'nlp_subsystem' build argument 'cmake_clean_first' from command line to 'False'
[2.815s] Level 5:colcon.colcon_core.verb:set package 'nlp_subsystem' build argument 'cmake_force_configure' from command line to 'False'
[2.815s] Level 5:colcon.colcon_core.verb:set package 'nlp_subsystem' build argument 'ament_cmake_args' from command line to 'None'
[2.815s] Level 5:colcon.colcon_core.verb:set package 'nlp_subsystem' build argument 'catkin_cmake_args' from command line to 'None'
[2.815s] Level 5:colcon.colcon_core.verb:set package 'nlp_subsystem' build argument 'catkin_skip_building_tests' from command line to 'False'
[2.815s] DEBUG:colcon.colcon_core.verb:Building package 'nlp_subsystem' with the following arguments: {'ament_cmake_args': None, 'build_base': '/home/dash/Desktop/ros_ws/build/nlp_subsystem', 'catkin_cmake_args': None, 'catkin_skip_building_tests': False, 'cmake_args': None, 'cmake_clean_cache': False, 'cmake_clean_first': False, 'cmake_force_configure': False, 'cmake_target': None, 'cmake_target_skip_unavailable': False, 'install_base': '/home/dash/Desktop/ros_ws/install/nlp_subsystem', 'merge_install': False, 'path': '/home/dash/Desktop/ros_ws/src/nlp_subsystem', 'symlink_install': False, 'test_result_base': None}
[2.817s] Level 5:colcon.colcon_core.verb:set package 'robot_interfaces' build argument 'cmake_args' from command line to 'None'
[2.817s] Level 5:colcon.colcon_core.verb:set package 'robot_interfaces' build argument 'cmake_target' from command line to 'None'
[2.818s] Level 5:colcon.colcon_core.verb:set package 'robot_interfaces' build argument 'cmake_target_skip_unavailable' from command line to 'False'
[2.818s] Level 5:colcon.colcon_core.verb:set package 'robot_interfaces' build argument 'cmake_clean_cache' from command line to 'False'
[2.818s] Level 5:colcon.colcon_core.verb:set package 'robot_interfaces' build argument 'cmake_clean_first' from command line to 'False'
[2.818s] Level 5:colcon.colcon_core.verb:set package 'robot_interfaces' build argument 'cmake_force_configure' from command line to 'False'
[2.818s] Level 5:colcon.colcon_core.verb:set package 'robot_interfaces' build argument 'ament_cmake_args' from command line to 'None'
[2.818s] Level 5:colcon.colcon_core.verb:set package 'robot_interfaces' build argument 'catkin_cmake_args' from command line to 'None'
[2.818s] Level 5:colcon.colcon_core.verb:set package 'robot_interfaces' build argument 'catkin_skip_building_tests' from command line to 'False'
[2.819s] DEBUG:colcon.colcon_core.verb:Building package 'robot_interfaces' with the following arguments: {'ament_cmake_args': None, 'build_base': '/home/dash/Desktop/ros_ws/build/robot_interfaces', 'catkin_cmake_args': None, 'catkin_skip_building_tests': False, 'cmake_args': None, 'cmake_clean_cache': False, 'cmake_clean_first': False, 'cmake_force_configure': False, 'cmake_target': None, 'cmake_target_skip_unavailable': False, 'install_base': '/home/dash/Desktop/ros_ws/install/robot_interfaces', 'merge_install': False, 'path': '/home/dash/Desktop/ros_ws/src/robot_interfaces', 'symlink_install': False, 'test_result_base': None}
[2.820s] Level 5:colcon.colcon_core.verb:set package 'user_interface' build argument 'cmake_args' from command line to 'None'
[2.821s] Level 5:colcon.colcon_core.verb:set package 'user_interface' build argument 'cmake_target' from command line to 'None'
[2.821s] Level 5:colcon.colcon_core.verb:set package 'user_interface' build argument 'cmake_target_skip_unavailable' from command line to 'False'
[2.821s] Level 5:colcon.colcon_core.verb:set package 'user_interface' build argument 'cmake_clean_cache' from command line to 'False'
[2.821s] Level 5:colcon.colcon_core.verb:set package 'user_interface' build argument 'cmake_clean_first' from command line to 'False'
[2.821s] Level 5:colcon.colcon_core.verb:set package 'user_interface' build argument 'cmake_force_configure' from command line to 'False'
[2.821s] Level 5:colcon.colcon_core.verb:set package 'user_interface' build argument 'ament_cmake_args' from command line to 'None'
[2.822s] Level 5:colcon.colcon_core.verb:set package 'user_interface' build argument 'catkin_cmake_args' from command line to 'None'
[2.822s] Level 5:colcon.colcon_core.verb:set package 'user_interface' build argument 'catkin_skip_building_tests' from command line to 'False'
[2.822s] DEBUG:colcon.colcon_core.verb:Building package 'user_interface' with the following arguments: {'ament_cmake_args': None, 'build_base': '/home/dash/Desktop/ros_ws/build/user_interface', 'catkin_cmake_args': None, 'catkin_skip_building_tests': False, 'cmake_args': None, 'cmake_clean_cache': False, 'cmake_clean_first': False, 'cmake_force_configure': False, 'cmake_target': None, 'cmake_target_skip_unavailable': False, 'install_base': '/home/dash/Desktop/ros_ws/install/user_interface', 'merge_install': False, 'path': '/home/dash/Desktop/ros_ws/src/user_interface', 'symlink_install': False, 'test_result_base': None}
[2.824s] Level 5:colcon.colcon_core.verb:set package 'DASH_bringup' build argument 'cmake_args' from command line to 'None'
[2.824s] Level 5:colcon.colcon_core.verb:set package 'DASH_bringup' build argument 'cmake_target' from command line to 'None'
[2.824s] Level 5:colcon.colcon_core.verb:set package 'DASH_bringup' build argument 'cmake_target_skip_unavailable' from command line to 'False'
[2.824s] Level 5:colcon.colcon_core.verb:set package 'DASH_bringup' build argument 'cmake_clean_cache' from command line to 'False'
[2.824s] Level 5:colcon.colcon_core.verb:set package 'DASH_bringup' build argument 'cmake_clean_first' from command line to 'False'
[2.824s] Level 5:colcon.colcon_core.verb:set package 'DASH_bringup' build argument 'cmake_force_configure' from command line to 'False'
[2.824s] Level 5:colcon.colcon_core.verb:set package 'DASH_bringup' build argument 'ament_cmake_args' from command line to 'None'
[2.825s] Level 5:colcon.colcon_core.verb:set package 'DASH_bringup' build argument 'catkin_cmake_args' from command line to 'None'
[2.825s] Level 5:colcon.colcon_core.verb:set package 'DASH_bringup' build argument 'catkin_skip_building_tests' from command line to 'False'
[2.825s] DEBUG:colcon.colcon_core.verb:Building package 'DASH_bringup' with the following arguments: {'ament_cmake_args': None, 'build_base': '/home/dash/Desktop/ros_ws/build/DASH_bringup', 'catkin_cmake_args': None, 'catkin_skip_building_tests': False, 'cmake_args': None, 'cmake_clean_cache': False, 'cmake_clean_first': False, 'cmake_force_configure': False, 'cmake_target': None, 'cmake_target_skip_unavailable': False, 'install_base': '/home/dash/Desktop/ros_ws/install/DASH_bringup', 'merge_install': False, 'path': '/home/dash/Desktop/ros_ws/src/DASH_bringup', 'symlink_install': False, 'test_result_base': None}
[2.826s] INFO:colcon.colcon_core.executor:Executing jobs using 'parallel' executor
[2.829s] DEBUG:colcon.colcon_parallel_executor.executor.parallel:run_until_complete
[2.831s] INFO:colcon.colcon_ros.task.ament_python.build:Building ROS package in '/home/dash/Desktop/ros_ws/src/controller' with build type 'ament_python'
[2.832s] Level 1:colcon.colcon_core.shell:create_environment_hook('controller', 'ament_prefix_path')
[2.844s] INFO:colcon.colcon_core.plugin_system:Skipping extension 'colcon_core.shell.bat': Not used on non-Windows systems
[2.845s] INFO:colcon.colcon_core.shell:Creating environment hook '/home/dash/Desktop/ros_ws/install/controller/share/controller/hook/ament_prefix_path.ps1'
[2.848s] INFO:colcon.colcon_core.shell:Creating environment descriptor '/home/dash/Desktop/ros_ws/install/controller/share/controller/hook/ament_prefix_path.dsv'
[2.851s] INFO:colcon.colcon_core.shell:Creating environment hook '/home/dash/Desktop/ros_ws/install/controller/share/controller/hook/ament_prefix_path.sh'
[2.855s] INFO:colcon.colcon_core.shell:Skip shell extension 'powershell' for command environment: Not usable outside of PowerShell
[2.855s] DEBUG:colcon.colcon_core.shell:Skip shell extension 'dsv' for command environment
[2.884s] INFO:colcon.colcon_ros.task.ament_python.build:Building ROS package in '/home/dash/Desktop/ros_ws/src/cv_subsystem' with build type 'ament_python'
[2.885s] Level 1:colcon.colcon_core.shell:create_environment_hook('cv_subsystem', 'ament_prefix_path')
[2.886s] INFO:colcon.colcon_core.shell:Creating environment hook '/home/dash/Desktop/ros_ws/install/cv_subsystem/share/cv_subsystem/hook/ament_prefix_path.ps1'
[2.889s] INFO:colcon.colcon_core.shell:Creating environment descriptor '/home/dash/Desktop/ros_ws/install/cv_subsystem/share/cv_subsystem/hook/ament_prefix_path.dsv'
[2.891s] INFO:colcon.colcon_core.shell:Creating environment hook '/home/dash/Desktop/ros_ws/install/cv_subsystem/share/cv_subsystem/hook/ament_prefix_path.sh'
[2.895s] INFO:colcon.colcon_core.shell:Skip shell extension 'powershell' for command environment: Not usable outside of PowerShell
[2.895s] DEBUG:colcon.colcon_core.shell:Skip shell extension 'dsv' for command environment
[2.928s] INFO:colcon.colcon_ros.task.ament_python.build:Building ROS package in '/home/dash/Desktop/ros_ws/src/nlp_subsystem' with build type 'ament_python'
[2.929s] Level 1:colcon.colcon_core.shell:create_environment_hook('nlp_subsystem', 'ament_prefix_path')
[2.930s] INFO:colcon.colcon_core.shell:Creating environment hook '/home/dash/Desktop/ros_ws/install/nlp_subsystem/share/nlp_subsystem/hook/ament_prefix_path.ps1'
[2.933s] INFO:colcon.colcon_core.shell:Creating environment descriptor '/home/dash/Desktop/ros_ws/install/nlp_subsystem/share/nlp_subsystem/hook/ament_prefix_path.dsv'
[2.935s] INFO:colcon.colcon_core.shell:Creating environment hook '/home/dash/Desktop/ros_ws/install/nlp_subsystem/share/nlp_subsystem/hook/ament_prefix_path.sh'
[2.941s] INFO:colcon.colcon_core.shell:Skip shell extension 'powershell' for command environment: Not usable outside of PowerShell
[2.944s] DEBUG:colcon.colcon_core.shell:Skip shell extension 'dsv' for command environment
[2.979s] INFO:colcon.colcon_ros.task.ament_cmake.build:Building ROS package in '/home/dash/Desktop/ros_ws/src/robot_interfaces' with build type 'ament_cmake'
[2.980s] INFO:colcon.colcon_cmake.task.cmake.build:Building CMake package in '/home/dash/Desktop/ros_ws/src/robot_interfaces'
[2.982s] INFO:colcon.colcon_core.shell:Skip shell extension 'powershell' for command environment: Not usable outside of PowerShell
[2.983s] DEBUG:colcon.colcon_core.shell:Skip shell extension 'dsv' for command environment
[5.124s] INFO:colcon.colcon_core.task.python.build:Building Python package in '/home/dash/Desktop/ros_ws/src/controller'
[5.125s] INFO:colcon.colcon_core.shell:Skip shell extension 'powershell' for command environment: Not usable outside of PowerShell
[5.126s] DEBUG:colcon.colcon_core.shell:Skip shell extension 'dsv' for command environment
[7.169s] INFO:colcon.colcon_core.task.python.build:Building Python package in '/home/dash/Desktop/ros_ws/src/cv_subsystem'
[7.171s] INFO:colcon.colcon_core.shell:Skip shell extension 'powershell' for command environment: Not usable outside of PowerShell
[7.171s] DEBUG:colcon.colcon_core.shell:Skip shell extension 'dsv' for command environment
[9.240s] INFO:colcon.colcon_core.task.python.build:Building Python package in '/home/dash/Desktop/ros_ws/src/nlp_subsystem'
[9.247s] INFO:colcon.colcon_core.shell:Skip shell extension 'powershell' for command environment: Not usable outside of PowerShell
[9.247s] DEBUG:colcon.colcon_core.shell:Skip shell extension 'dsv' for command environment
[9.303s] DEBUG:colcon.colcon_core.event_handler.log_command:Invoking command in '/home/dash/Desktop/ros_ws/build/robot_interfaces': CMAKE_PREFIX_PATH=${CMAKE_PREFIX_PATH}:/home/dash/Desktop/ros_ws/install/user_interface:/home/dash/Desktop/ros_ws/install/nlp_subsystem:/home/dash/Desktop/ros_ws/install/cv_subsystem:/home/dash/Desktop/ros_ws/install/controller:/opt/ros/humble /usr/bin/cmake --build /home/dash/Desktop/ros_ws/build/robot_interfaces -- -j4 -l4
[15.168s] DEBUG:colcon.colcon_core.event_handler.log_command:Invoking command in '/home/dash/Desktop/ros_ws/src/cv_subsystem': PYTHONPATH=/home/dash/Desktop/ros_ws/build/cv_subsystem/prefix_override:/home/dash/Desktop/ros_ws/install/cv_subsystem/lib/python3.10/site-packages:${PYTHONPATH} /usr/bin/python3 -W ignore:setup.py install is deprecated setup.py egg_info --egg-base ../../build/cv_subsystem build --build-base /home/dash/Desktop/ros_ws/build/cv_subsystem/build install --record /home/dash/Desktop/ros_ws/build/cv_subsystem/install.log --single-version-externally-managed install_data
[16.352s] DEBUG:colcon.colcon_core.event_handler.log_command:Invoking command in '/home/dash/Desktop/ros_ws/src/nlp_subsystem': PYTHONPATH=/home/dash/Desktop/ros_ws/build/nlp_subsystem/prefix_override:/home/dash/Desktop/ros_ws/install/nlp_subsystem/lib/python3.10/site-packages:${PYTHONPATH} /usr/bin/python3 -W ignore:setup.py install is deprecated setup.py egg_info --egg-base ../../build/nlp_subsystem build --build-base /home/dash/Desktop/ros_ws/build/nlp_subsystem/build install --record /home/dash/Desktop/ros_ws/build/nlp_subsystem/install.log --single-version-externally-managed install_data
[16.828s] DEBUG:colcon.colcon_core.event_handler.log_command:Invoking command in '/home/dash/Desktop/ros_ws/src/controller': PYTHONPATH=/home/dash/Desktop/ros_ws/build/controller/prefix_override:/home/dash/Desktop/ros_ws/install/controller/lib/python3.10/site-packages:${PYTHONPATH} /usr/bin/python3 -W ignore:setup.py install is deprecated setup.py egg_info --egg-base ../../build/controller build --build-base /home/dash/Desktop/ros_ws/build/controller/build install --record /home/dash/Desktop/ros_ws/build/controller/install.log --single-version-externally-managed install_data
[17.944s] DEBUG:colcon.colcon_core.event_handler.log_command:Invoked command in '/home/dash/Desktop/ros_ws/build/robot_interfaces' returned '0': CMAKE_PREFIX_PATH=${CMAKE_PREFIX_PATH}:/home/dash/Desktop/ros_ws/install/user_interface:/home/dash/Desktop/ros_ws/install/nlp_subsystem:/home/dash/Desktop/ros_ws/install/cv_subsystem:/home/dash/Desktop/ros_ws/install/controller:/opt/ros/humble /usr/bin/cmake --build /home/dash/Desktop/ros_ws/build/robot_interfaces -- -j4 -l4
[19.641s] DEBUG:colcon.colcon_core.event_handler.log_command:Invoked command in '/home/dash/Desktop/ros_ws/src/cv_subsystem' returned '0': PYTHONPATH=/home/dash/Desktop/ros_ws/build/cv_subsystem/prefix_override:/home/dash/Desktop/ros_ws/install/cv_subsystem/lib/python3.10/site-packages:${PYTHONPATH} /usr/bin/python3 -W ignore:setup.py install is deprecated setup.py egg_info --egg-base ../../build/cv_subsystem build --build-base /home/dash/Desktop/ros_ws/build/cv_subsystem/build install --record /home/dash/Desktop/ros_ws/build/cv_subsystem/install.log --single-version-externally-managed install_data
[19.667s] Level 1:colcon.colcon_core.environment:checking '/home/dash/Desktop/ros_ws/install/cv_subsystem' for CMake module files
[19.675s] Level 1:colcon.colcon_core.environment:checking '/home/dash/Desktop/ros_ws/install/cv_subsystem' for CMake config files
[19.693s] Level 1:colcon.colcon_core.environment:checking '/home/dash/Desktop/ros_ws/install/cv_subsystem/lib'
[19.700s] Level 1:colcon.colcon_core.environment:checking '/home/dash/Desktop/ros_ws/install/cv_subsystem/bin'
[19.701s] Level 1:colcon.colcon_core.environment:checking '/home/dash/Desktop/ros_ws/install/cv_subsystem/lib/pkgconfig/cv_subsystem.pc'
[19.703s] Level 1:colcon.colcon_core.environment:checking '/home/dash/Desktop/ros_ws/install/cv_subsystem/lib/python3.10/site-packages'
[19.704s] Level 1:colcon.colcon_core.shell:create_environment_hook('cv_subsystem', 'pythonpath')
[19.706s] INFO:colcon.colcon_core.shell:Creating environment hook '/home/dash/Desktop/ros_ws/install/cv_subsystem/share/cv_subsystem/hook/pythonpath.ps1'
[19.714s] INFO:colcon.colcon_core.shell:Creating environment descriptor '/home/dash/Desktop/ros_ws/install/cv_subsystem/share/cv_subsystem/hook/pythonpath.dsv'
[19.753s] INFO:colcon.colcon_core.shell:Creating environment hook '/home/dash/Desktop/ros_ws/install/cv_subsystem/share/cv_subsystem/hook/pythonpath.sh'
[19.805s] Level 1:colcon.colcon_core.environment:checking '/home/dash/Desktop/ros_ws/install/cv_subsystem/bin'
[19.813s] Level 1:colcon.colcon_core.environment:create_environment_scripts_only(cv_subsystem)
[19.821s] INFO:colcon.colcon_core.shell:Creating package script '/home/dash/Desktop/ros_ws/install/cv_subsystem/share/cv_subsystem/package.ps1'
[19.840s] INFO:colcon.colcon_core.shell:Creating package descriptor '/home/dash/Desktop/ros_ws/install/cv_subsystem/share/cv_subsystem/package.dsv'
[19.844s] INFO:colcon.colcon_core.shell:Creating package script '/home/dash/Desktop/ros_ws/install/cv_subsystem/share/cv_subsystem/package.sh'
[19.855s] INFO:colcon.colcon_core.shell:Creating package script '/home/dash/Desktop/ros_ws/install/cv_subsystem/share/cv_subsystem/package.bash'
[19.882s] INFO:colcon.colcon_core.shell:Creating package script '/home/dash/Desktop/ros_ws/install/cv_subsystem/share/cv_subsystem/package.zsh'
[19.908s] Level 1:colcon.colcon_core.environment:create_file_with_runtime_dependencies(/home/dash/Desktop/ros_ws/install/cv_subsystem/share/colcon-core/packages/cv_subsystem)
[19.935s] INFO:colcon.colcon_ros.task.ament_python.build:Building ROS package in '/home/dash/Desktop/ros_ws/src/user_interface' with build type 'ament_python'
[19.944s] Level 1:colcon.colcon_core.shell:create_environment_hook('user_interface', 'ament_prefix_path')
[19.968s] INFO:colcon.colcon_core.shell:Creating environment hook '/home/dash/Desktop/ros_ws/install/user_interface/share/user_interface/hook/ament_prefix_path.ps1'
[19.984s] INFO:colcon.colcon_core.shell:Creating environment descriptor '/home/dash/Desktop/ros_ws/install/user_interface/share/user_interface/hook/ament_prefix_path.dsv'
[20.000s] INFO:colcon.colcon_core.shell:Creating environment hook '/home/dash/Desktop/ros_ws/install/user_interface/share/user_interface/hook/ament_prefix_path.sh'
[20.022s] INFO:colcon.colcon_core.shell:Skip shell extension 'powershell' for command environment: Not usable outside of PowerShell
[20.030s] DEBUG:colcon.colcon_core.shell:Skip shell extension 'dsv' for command environment
[23.510s] INFO:colcon.colcon_core.task.python.build:Building Python package in '/home/dash/Desktop/ros_ws/src/user_interface'
[23.511s] INFO:colcon.colcon_core.shell:Skip shell extension 'powershell' for command environment: Not usable outside of PowerShell
[23.512s] DEBUG:colcon.colcon_core.shell:Skip shell extension 'dsv' for command environment
[23.561s] Level 1:colcon.colcon_core.environment:checking '/home/dash/Desktop/ros_ws/install/controller' for CMake module files
[23.565s] Level 1:colcon.colcon_core.environment:checking '/home/dash/Desktop/ros_ws/install/controller' for CMake config files
[23.569s] DEBUG:colcon.colcon_core.event_handler.log_command:Invoked command in '/home/dash/Desktop/ros_ws/src/controller' returned '0': PYTHONPATH=/home/dash/Desktop/ros_ws/build/controller/prefix_override:/home/dash/Desktop/ros_ws/install/controller/lib/python3.10/site-packages:${PYTHONPATH} /usr/bin/python3 -W ignore:setup.py install is deprecated setup.py egg_info --egg-base ../../build/controller build --build-base /home/dash/Desktop/ros_ws/build/controller/build install --record /home/dash/Desktop/ros_ws/build/controller/install.log --single-version-externally-managed install_data
[23.574s] Level 1:colcon.colcon_core.environment:checking '/home/dash/Desktop/ros_ws/install/controller/lib'
[23.577s] Level 1:colcon.colcon_core.environment:checking '/home/dash/Desktop/ros_ws/install/controller/bin'
[23.577s] Level 1:colcon.colcon_core.environment:checking '/home/dash/Desktop/ros_ws/install/controller/lib/pkgconfig/controller.pc'
[23.579s] Level 1:colcon.colcon_core.environment:checking '/home/dash/Desktop/ros_ws/install/controller/lib/python3.10/site-packages'
[23.599s] Level 1:colcon.colcon_core.shell:create_environment_hook('controller', 'pythonpath')
[23.602s] INFO:colcon.colcon_core.shell:Creating environment hook '/home/dash/Desktop/ros_ws/install/controller/share/controller/hook/pythonpath.ps1'
[23.605s] INFO:colcon.colcon_core.shell:Creating environment descriptor '/home/dash/Desktop/ros_ws/install/controller/share/controller/hook/pythonpath.dsv'
[23.608s] INFO:colcon.colcon_core.shell:Creating environment hook '/home/dash/Desktop/ros_ws/install/controller/share/controller/hook/pythonpath.sh'
[23.612s] Level 1:colcon.colcon_core.environment:checking '/home/dash/Desktop/ros_ws/install/controller/bin'
[23.613s] Level 1:colcon.colcon_core.environment:create_environment_scripts_only(controller)
[23.614s] INFO:colcon.colcon_core.shell:Creating package script '/home/dash/Desktop/ros_ws/install/controller/share/controller/package.ps1'
[23.619s] INFO:colcon.colcon_core.shell:Creating package descriptor '/home/dash/Desktop/ros_ws/install/controller/share/controller/package.dsv'
[23.622s] INFO:colcon.colcon_core.shell:Creating package script '/home/dash/Desktop/ros_ws/install/controller/share/controller/package.sh'
[23.625s] INFO:colcon.colcon_core.shell:Creating package script '/home/dash/Desktop/ros_ws/install/controller/share/controller/package.bash'
[23.664s] INFO:colcon.colcon_core.shell:Creating package script '/home/dash/Desktop/ros_ws/install/controller/share/controller/package.zsh'
[23.666s] Level 1:colcon.colcon_core.environment:create_file_with_runtime_dependencies(/home/dash/Desktop/ros_ws/install/controller/share/colcon-core/packages/controller)
[23.682s] Level 1:colcon.colcon_core.environment:checking '/home/dash/Desktop/ros_ws/install/nlp_subsystem' for CMake module files
[23.691s] DEBUG:colcon.colcon_core.event_handler.log_command:Invoked command in '/home/dash/Desktop/ros_ws/src/nlp_subsystem' returned '0': PYTHONPATH=/home/dash/Desktop/ros_ws/build/nlp_subsystem/prefix_override:/home/dash/Desktop/ros_ws/install/nlp_subsystem/lib/python3.10/site-packages:${PYTHONPATH} /usr/bin/python3 -W ignore:setup.py install is deprecated setup.py egg_info --egg-base ../../build/nlp_subsystem build --build-base /home/dash/Desktop/ros_ws/build/nlp_subsystem/build install --record /home/dash/Desktop/ros_ws/build/nlp_subsystem/install.log --single-version-externally-managed install_data
[23.694s] Level 1:colcon.colcon_core.environment:checking '/home/dash/Desktop/ros_ws/install/nlp_subsystem' for CMake config files
[23.699s] Level 1:colcon.colcon_core.environment:checking '/home/dash/Desktop/ros_ws/install/nlp_subsystem/lib'
[23.700s] Level 1:colcon.colcon_core.environment:checking '/home/dash/Desktop/ros_ws/install/nlp_subsystem/bin'
[23.701s] Level 1:colcon.colcon_core.environment:checking '/home/dash/Desktop/ros_ws/install/nlp_subsystem/lib/pkgconfig/nlp_subsystem.pc'
[23.702s] Level 1:colcon.colcon_core.environment:checking '/home/dash/Desktop/ros_ws/install/nlp_subsystem/lib/python3.10/site-packages'
[23.702s] Level 1:colcon.colcon_core.shell:create_environment_hook('nlp_subsystem', 'pythonpath')
[23.704s] INFO:colcon.colcon_core.shell:Creating environment hook '/home/dash/Desktop/ros_ws/install/nlp_subsystem/share/nlp_subsystem/hook/pythonpath.ps1'
[23.706s] INFO:colcon.colcon_core.shell:Creating environment descriptor '/home/dash/Desktop/ros_ws/install/nlp_subsystem/share/nlp_subsystem/hook/pythonpath.dsv'
[23.709s] INFO:colcon.colcon_core.shell:Creating environment hook '/home/dash/Desktop/ros_ws/install/nlp_subsystem/share/nlp_subsystem/hook/pythonpath.sh'
[23.713s] Level 1:colcon.colcon_core.environment:checking '/home/dash/Desktop/ros_ws/install/nlp_subsystem/bin'
[23.713s] Level 1:colcon.colcon_core.environment:create_environment_scripts_only(nlp_subsystem)
[23.715s] INFO:colcon.colcon_core.shell:Creating package script '/home/dash/Desktop/ros_ws/install/nlp_subsystem/share/nlp_subsystem/package.ps1'
[23.718s] INFO:colcon.colcon_core.shell:Creating package descriptor '/home/dash/Desktop/ros_ws/install/nlp_subsystem/share/nlp_subsystem/package.dsv'
[23.721s] INFO:colcon.colcon_core.shell:Creating package script '/home/dash/Desktop/ros_ws/install/nlp_subsystem/share/nlp_subsystem/package.sh'
[23.724s] INFO:colcon.colcon_core.shell:Creating package script '/home/dash/Desktop/ros_ws/install/nlp_subsystem/share/nlp_subsystem/package.bash'
[23.727s] INFO:colcon.colcon_core.shell:Creating package script '/home/dash/Desktop/ros_ws/install/nlp_subsystem/share/nlp_subsystem/package.zsh'
[23.731s] Level 1:colcon.colcon_core.environment:create_file_with_runtime_dependencies(/home/dash/Desktop/ros_ws/install/nlp_subsystem/share/colcon-core/packages/nlp_subsystem)
[23.797s] DEBUG:colcon.colcon_core.event_handler.log_command:Invoking command in '/home/dash/Desktop/ros_ws/build/robot_interfaces': CMAKE_PREFIX_PATH=${CMAKE_PREFIX_PATH}:/home/dash/Desktop/ros_ws/install/user_interface:/home/dash/Desktop/ros_ws/install/nlp_subsystem:/home/dash/Desktop/ros_ws/install/cv_subsystem:/home/dash/Desktop/ros_ws/install/controller:/opt/ros/humble /usr/bin/cmake --install /home/dash/Desktop/ros_ws/build/robot_interfaces
[23.798s] INFO:colcon.colcon_ros.task.ament_cmake.build:Building ROS package in '/home/dash/Desktop/ros_ws/src/DASH_bringup' with build type 'ament_cmake'
[23.804s] INFO:colcon.colcon_cmake.task.cmake.build:Building CMake package in '/home/dash/Desktop/ros_ws/src/DASH_bringup'
[23.805s] INFO:colcon.colcon_core.shell:Skip shell extension 'powershell' for command environment: Not usable outside of PowerShell
[23.805s] DEBUG:colcon.colcon_core.shell:Skip shell extension 'dsv' for command environment
[24.404s] DEBUG:colcon.colcon_core.event_handler.log_command:Invoking command in '/home/dash/Desktop/ros_ws/build/DASH_bringup': AMENT_PREFIX_PATH=/home/dash/Desktop/ros_ws/install/nlp_subsystem:/home/dash/Desktop/ros_ws/install/cv_subsystem:/home/dash/Desktop/ros_ws/install/controller:/home/dash/Desktop/ros_ws/install/user_interface:/home/dash/Desktop/ros_ws/install/robot_interfaces:/home/dash/Desktop/ros_ws/install/DASH_bringup:/home/dash/Desktop/depthai-ros/install/depthai-ros:/home/dash/Desktop/depthai-ros/install/depthai_ros_driver:/home/dash/Desktop/depthai-ros/install/depthai_filters:/home/dash/Desktop/depthai-ros/install/depthai_examples:/home/dash/Desktop/depthai-ros/install/depthai_bridge:/home/dash/Desktop/depthai-ros/install/depthai_ros_msgs:/home/dash/Desktop/depthai-ros/install/depthai_descriptions:/opt/ros/humble CMAKE_PREFIX_PATH=${CMAKE_PREFIX_PATH}:/home/dash/Desktop/ros_ws/install/user_interface:/home/dash/Desktop/ros_ws/install/nlp_subsystem:/home/dash/Desktop/ros_ws/install/cv_subsystem:/home/dash/Desktop/ros_ws/install/controller:/opt/ros/humble PYTHONPATH=/home/dash/Desktop/ros_ws/install/nlp_subsystem/lib/python3.10/site-packages:/home/dash/Desktop/ros_ws/install/cv_subsystem/lib/python3.10/site-packages:/home/dash/Desktop/ros_ws/install/controller/lib/python3.10/site-packages:/home/dash/Desktop/ros_ws/install/user_interface/lib/python3.10/site-packages:/home/dash/Desktop/ros_ws/install/robot_interfaces/local/lib/python3.10/dist-packages:/home/dash/Desktop/depthai-ros/install/depthai_ros_driver/local/lib/python3.10/dist-packages:/home/dash/Desktop/depthai-ros/install/depthai_ros_msgs/local/lib/python3.10/dist-packages:/opt/ros/humble/lib/python3.10/site-packages:/opt/ros/humble/local/lib/python3.10/dist-packages /usr/bin/cmake --build /home/dash/Desktop/ros_ws/build/DASH_bringup -- -j4 -l4
[24.683s] DEBUG:colcon.colcon_core.event_handler.log_command:Invoked command in '/home/dash/Desktop/ros_ws/build/DASH_bringup' returned '0': AMENT_PREFIX_PATH=/home/dash/Desktop/ros_ws/install/nlp_subsystem:/home/dash/Desktop/ros_ws/install/cv_subsystem:/home/dash/Desktop/ros_ws/install/controller:/home/dash/Desktop/ros_ws/install/user_interface:/home/dash/Desktop/ros_ws/install/robot_interfaces:/home/dash/Desktop/ros_ws/install/DASH_bringup:/home/dash/Desktop/depthai-ros/install/depthai-ros:/home/dash/Desktop/depthai-ros/install/depthai_ros_driver:/home/dash/Desktop/depthai-ros/install/depthai_filters:/home/dash/Desktop/depthai-ros/install/depthai_examples:/home/dash/Desktop/depthai-ros/install/depthai_bridge:/home/dash/Desktop/depthai-ros/install/depthai_ros_msgs:/home/dash/Desktop/depthai-ros/install/depthai_descriptions:/opt/ros/humble CMAKE_PREFIX_PATH=${CMAKE_PREFIX_PATH}:/home/dash/Desktop/ros_ws/install/user_interface:/home/dash/Desktop/ros_ws/install/nlp_subsystem:/home/dash/Desktop/ros_ws/install/cv_subsystem:/home/dash/Desktop/ros_ws/install/controller:/opt/ros/humble PYTHONPATH=/home/dash/Desktop/ros_ws/install/nlp_subsystem/lib/python3.10/site-packages:/home/dash/Desktop/ros_ws/install/cv_subsystem/lib/python3.10/site-packages:/home/dash/Desktop/ros_ws/install/controller/lib/python3.10/site-packages:/home/dash/Desktop/ros_ws/install/user_interface/lib/python3.10/site-packages:/home/dash/Desktop/ros_ws/install/robot_interfaces/local/lib/python3.10/dist-packages:/home/dash/Desktop/depthai-ros/install/depthai_ros_driver/local/lib/python3.10/dist-packages:/home/dash/Desktop/depthai-ros/install/depthai_ros_msgs/local/lib/python3.10/dist-packages:/opt/ros/humble/lib/python3.10/site-packages:/opt/ros/humble/local/lib/python3.10/dist-packages /usr/bin/cmake --build /home/dash/Desktop/ros_ws/build/DASH_bringup -- -j4 -l4
[24.884s] Level 1:colcon.colcon_core.environment:create_environment_scripts_only(robot_interfaces)
[24.895s] Level 1:colcon.colcon_core.environment:checking '/home/dash/Desktop/ros_ws/install/robot_interfaces' for CMake module files
[24.925s] Level 1:colcon.colcon_core.environment:checking '/home/dash/Desktop/ros_ws/install/robot_interfaces' for CMake config files
[24.963s] Level 1:colcon.colcon_core.shell:create_environment_hook('robot_interfaces', 'cmake_prefix_path')
[24.978s] INFO:colcon.colcon_core.shell:Creating environment hook '/home/dash/Desktop/ros_ws/install/robot_interfaces/share/robot_interfaces/hook/cmake_prefix_path.ps1'
[25.000s] INFO:colcon.colcon_core.shell:Creating environment descriptor '/home/dash/Desktop/ros_ws/install/robot_interfaces/share/robot_interfaces/hook/cmake_prefix_path.dsv'
[25.003s] INFO:colcon.colcon_core.shell:Creating environment hook '/home/dash/Desktop/ros_ws/install/robot_interfaces/share/robot_interfaces/hook/cmake_prefix_path.sh'
[25.009s] Level 1:colcon.colcon_core.environment:checking '/home/dash/Desktop/ros_ws/install/robot_interfaces/lib'
[25.013s] Level 1:colcon.colcon_core.shell:create_environment_hook('robot_interfaces', 'ld_library_path_lib')
[25.014s] INFO:colcon.colcon_core.shell:Creating environment hook '/home/dash/Desktop/ros_ws/install/robot_interfaces/share/robot_interfaces/hook/ld_library_path_lib.ps1'
[25.019s] INFO:colcon.colcon_core.shell:Creating environment descriptor '/home/dash/Desktop/ros_ws/install/robot_interfaces/share/robot_interfaces/hook/ld_library_path_lib.dsv'
[25.023s] INFO:colcon.colcon_core.shell:Creating environment hook '/home/dash/Desktop/ros_ws/install/robot_interfaces/share/robot_interfaces/hook/ld_library_path_lib.sh'
[25.026s] Level 1:colcon.colcon_core.environment:checking '/home/dash/Desktop/ros_ws/install/robot_interfaces/bin'
[25.027s] Level 1:colcon.colcon_core.environment:checking '/home/dash/Desktop/ros_ws/install/robot_interfaces/lib/pkgconfig/robot_interfaces.pc'
[25.029s] Level 1:colcon.colcon_core.environment:checking '/home/dash/Desktop/ros_ws/install/robot_interfaces/lib/python3.10/site-packages'
[25.030s] Level 1:colcon.colcon_core.environment:checking '/home/dash/Desktop/ros_ws/install/robot_interfaces/bin'
[25.032s] INFO:colcon.colcon_core.shell:Creating package script '/home/dash/Desktop/ros_ws/install/robot_interfaces/share/robot_interfaces/package.ps1'
[25.058s] INFO:colcon.colcon_core.shell:Creating package descriptor '/home/dash/Desktop/ros_ws/install/robot_interfaces/share/robot_interfaces/package.dsv'
[25.071s] INFO:colcon.colcon_core.shell:Creating package script '/home/dash/Desktop/ros_ws/install/robot_interfaces/share/robot_interfaces/package.sh'
[25.096s] INFO:colcon.colcon_core.shell:Creating package script '/home/dash/Desktop/ros_ws/install/robot_interfaces/share/robot_interfaces/package.bash'
[25.116s] INFO:colcon.colcon_core.shell:Creating package script '/home/dash/Desktop/ros_ws/install/robot_interfaces/share/robot_interfaces/package.zsh'
[25.139s] Level 1:colcon.colcon_core.environment:create_file_with_runtime_dependencies(/home/dash/Desktop/ros_ws/install/robot_interfaces/share/colcon-core/packages/robot_interfaces)
[25.248s] DEBUG:colcon.colcon_core.event_handler.log_command:Invoked command in '/home/dash/Desktop/ros_ws/build/robot_interfaces' returned '0': CMAKE_PREFIX_PATH=${CMAKE_PREFIX_PATH}:/home/dash/Desktop/ros_ws/install/user_interface:/home/dash/Desktop/ros_ws/install/nlp_subsystem:/home/dash/Desktop/ros_ws/install/cv_subsystem:/home/dash/Desktop/ros_ws/install/controller:/opt/ros/humble /usr/bin/cmake --install /home/dash/Desktop/ros_ws/build/robot_interfaces
[25.250s] DEBUG:colcon.colcon_core.event_handler.log_command:Invoking command in '/home/dash/Desktop/ros_ws/build/DASH_bringup': AMENT_PREFIX_PATH=/home/dash/Desktop/ros_ws/install/nlp_subsystem:/home/dash/Desktop/ros_ws/install/cv_subsystem:/home/dash/Desktop/ros_ws/install/controller:/home/dash/Desktop/ros_ws/install/user_interface:/home/dash/Desktop/ros_ws/install/robot_interfaces:/home/dash/Desktop/ros_ws/install/DASH_bringup:/home/dash/Desktop/depthai-ros/install/depthai-ros:/home/dash/Desktop/depthai-ros/install/depthai_ros_driver:/home/dash/Desktop/depthai-ros/install/depthai_filters:/home/dash/Desktop/depthai-ros/install/depthai_examples:/home/dash/Desktop/depthai-ros/install/depthai_bridge:/home/dash/Desktop/depthai-ros/install/depthai_ros_msgs:/home/dash/Desktop/depthai-ros/install/depthai_descriptions:/opt/ros/humble CMAKE_PREFIX_PATH=${CMAKE_PREFIX_PATH}:/home/dash/Desktop/ros_ws/install/user_interface:/home/dash/Desktop/ros_ws/install/nlp_subsystem:/home/dash/Desktop/ros_ws/install/cv_subsystem:/home/dash/Desktop/ros_ws/install/controller:/opt/ros/humble PYTHONPATH=/home/dash/Desktop/ros_ws/install/nlp_subsystem/lib/python3.10/site-packages:/home/dash/Desktop/ros_ws/install/cv_subsystem/lib/python3.10/site-packages:/home/dash/Desktop/ros_ws/install/controller/lib/python3.10/site-packages:/home/dash/Desktop/ros_ws/install/user_interface/lib/python3.10/site-packages:/home/dash/Desktop/ros_ws/install/robot_interfaces/local/lib/python3.10/dist-packages:/home/dash/Desktop/depthai-ros/install/depthai_ros_driver/local/lib/python3.10/dist-packages:/home/dash/Desktop/depthai-ros/install/depthai_ros_msgs/local/lib/python3.10/dist-packages:/opt/ros/humble/lib/python3.10/site-packages:/opt/ros/humble/local/lib/python3.10/dist-packages /usr/bin/cmake --install /home/dash/Desktop/ros_ws/build/DASH_bringup
[25.372s] Level 1:colcon.colcon_core.environment:create_environment_scripts_only(DASH_bringup)
[25.374s] Level 1:colcon.colcon_core.environment:checking '/home/dash/Desktop/ros_ws/install/DASH_bringup' for CMake module files
[25.377s] DEBUG:colcon.colcon_core.event_handler.log_command:Invoked command in '/home/dash/Desktop/ros_ws/build/DASH_bringup' returned '0': AMENT_PREFIX_PATH=/home/dash/Desktop/ros_ws/install/nlp_subsystem:/home/dash/Desktop/ros_ws/install/cv_subsystem:/home/dash/Desktop/ros_ws/install/controller:/home/dash/Desktop/ros_ws/install/user_interface:/home/dash/Desktop/ros_ws/install/robot_interfaces:/home/dash/Desktop/ros_ws/install/DASH_bringup:/home/dash/Desktop/depthai-ros/install/depthai-ros:/home/dash/Desktop/depthai-ros/install/depthai_ros_driver:/home/dash/Desktop/depthai-ros/install/depthai_filters:/home/dash/Desktop/depthai-ros/install/depthai_examples:/home/dash/Desktop/depthai-ros/install/depthai_bridge:/home/dash/Desktop/depthai-ros/install/depthai_ros_msgs:/home/dash/Desktop/depthai-ros/install/depthai_descriptions:/opt/ros/humble CMAKE_PREFIX_PATH=${CMAKE_PREFIX_PATH}:/home/dash/Desktop/ros_ws/install/user_interface:/home/dash/Desktop/ros_ws/install/nlp_subsystem:/home/dash/Desktop/ros_ws/install/cv_subsystem:/home/dash/Desktop/ros_ws/install/controller:/opt/ros/humble PYTHONPATH=/home/dash/Desktop/ros_ws/install/nlp_subsystem/lib/python3.10/site-packages:/home/dash/Desktop/ros_ws/install/cv_subsystem/lib/python3.10/site-packages:/home/dash/Desktop/ros_ws/install/controller/lib/python3.10/site-packages:/home/dash/Desktop/ros_ws/install/user_interface/lib/python3.10/site-packages:/home/dash/Desktop/ros_ws/install/robot_interfaces/local/lib/python3.10/dist-packages:/home/dash/Desktop/depthai-ros/install/depthai_ros_driver/local/lib/python3.10/dist-packages:/home/dash/Desktop/depthai-ros/install/depthai_ros_msgs/local/lib/python3.10/dist-packages:/opt/ros/humble/lib/python3.10/site-packages:/opt/ros/humble/local/lib/python3.10/dist-packages /usr/bin/cmake --install /home/dash/Desktop/ros_ws/build/DASH_bringup
[25.380s] Level 1:colcon.colcon_core.environment:checking '/home/dash/Desktop/ros_ws/install/DASH_bringup' for CMake config files
[25.381s] Level 1:colcon.colcon_core.shell:create_environment_hook('DASH_bringup', 'cmake_prefix_path')
[25.382s] INFO:colcon.colcon_core.shell:Creating environment hook '/home/dash/Desktop/ros_ws/install/DASH_bringup/share/DASH_bringup/hook/cmake_prefix_path.ps1'
[25.386s] INFO:colcon.colcon_core.shell:Creating environment descriptor '/home/dash/Desktop/ros_ws/install/DASH_bringup/share/DASH_bringup/hook/cmake_prefix_path.dsv'
[25.392s] INFO:colcon.colcon_core.shell:Creating environment hook '/home/dash/Desktop/ros_ws/install/DASH_bringup/share/DASH_bringup/hook/cmake_prefix_path.sh'
[25.396s] Level 1:colcon.colcon_core.environment:checking '/home/dash/Desktop/ros_ws/install/DASH_bringup/bin'
[25.397s] Level 1:colcon.colcon_core.environment:checking '/home/dash/Desktop/ros_ws/install/DASH_bringup/lib/pkgconfig/DASH_bringup.pc'
[25.399s] Level 1:colcon.colcon_core.environment:checking '/home/dash/Desktop/ros_ws/install/DASH_bringup/lib/python3.10/site-packages'
[25.401s] Level 1:colcon.colcon_core.environment:checking '/home/dash/Desktop/ros_ws/install/DASH_bringup/bin'
[25.403s] INFO:colcon.colcon_core.shell:Creating package script '/home/dash/Desktop/ros_ws/install/DASH_bringup/share/DASH_bringup/package.ps1'
[25.406s] INFO:colcon.colcon_core.shell:Creating package descriptor '/home/dash/Desktop/ros_ws/install/DASH_bringup/share/DASH_bringup/package.dsv'
[25.409s] INFO:colcon.colcon_core.shell:Creating package script '/home/dash/Desktop/ros_ws/install/DASH_bringup/share/DASH_bringup/package.sh'
[25.412s] INFO:colcon.colcon_core.shell:Creating package script '/home/dash/Desktop/ros_ws/install/DASH_bringup/share/DASH_bringup/package.bash'
[25.415s] INFO:colcon.colcon_core.shell:Creating package script '/home/dash/Desktop/ros_ws/install/DASH_bringup/share/DASH_bringup/package.zsh'
[25.417s] Level 1:colcon.colcon_core.environment:create_file_with_runtime_dependencies(/home/dash/Desktop/ros_ws/install/DASH_bringup/share/colcon-core/packages/DASH_bringup)
[25.638s] Level 1:colcon.colcon_core.environment:create_environment_scripts_only(DASH_bringup)
[25.640s] Level 1:colcon.colcon_core.environment:checking '/home/dash/Desktop/ros_ws/install/DASH_bringup' for CMake module files
[25.647s] Level 1:colcon.colcon_core.environment:checking '/home/dash/Desktop/ros_ws/install/DASH_bringup' for CMake config files
[25.648s] Level 1:colcon.colcon_core.shell:create_environment_hook('DASH_bringup', 'cmake_prefix_path')
[25.649s] INFO:colcon.colcon_core.shell:Creating environment hook '/home/dash/Desktop/ros_ws/install/DASH_bringup/share/DASH_bringup/hook/cmake_prefix_path.ps1'
[25.854s] INFO:colcon.colcon_core.shell:Creating environment descriptor '/home/dash/Desktop/ros_ws/install/DASH_bringup/share/DASH_bringup/hook/cmake_prefix_path.dsv'
[25.856s] INFO:colcon.colcon_core.shell:Creating environment hook '/home/dash/Desktop/ros_ws/install/DASH_bringup/share/DASH_bringup/hook/cmake_prefix_path.sh'
[25.859s] Level 1:colcon.colcon_core.environment:checking '/home/dash/Desktop/ros_ws/install/DASH_bringup/bin'
[25.860s] Level 1:colcon.colcon_core.environment:checking '/home/dash/Desktop/ros_ws/install/DASH_bringup/lib/pkgconfig/DASH_bringup.pc'
[25.862s] Level 1:colcon.colcon_core.environment:checking '/home/dash/Desktop/ros_ws/install/DASH_bringup/lib/python3.10/site-packages'
[25.863s] Level 1:colcon.colcon_core.environment:checking '/home/dash/Desktop/ros_ws/install/DASH_bringup/bin'
[25.865s] INFO:colcon.colcon_core.shell:Creating package script '/home/dash/Desktop/ros_ws/install/DASH_bringup/share/DASH_bringup/package.ps1'
[25.868s] INFO:colcon.colcon_core.shell:Creating package descriptor '/home/dash/Desktop/ros_ws/install/DASH_bringup/share/DASH_bringup/package.dsv'
[25.871s] INFO:colcon.colcon_core.shell:Creating package script '/home/dash/Desktop/ros_ws/install/DASH_bringup/share/DASH_bringup/package.sh'
[25.874s] INFO:colcon.colcon_core.shell:Creating package script '/home/dash/Desktop/ros_ws/install/DASH_bringup/share/DASH_bringup/package.bash'
[25.877s] INFO:colcon.colcon_core.shell:Creating package script '/home/dash/Desktop/ros_ws/install/DASH_bringup/share/DASH_bringup/package.zsh'
[25.880s] Level 1:colcon.colcon_core.environment:create_file_with_runtime_dependencies(/home/dash/Desktop/ros_ws/install/DASH_bringup/share/colcon-core/packages/DASH_bringup)
[27.024s] Level 1:colcon.colcon_core.environment:create_environment_scripts_only(robot_interfaces)
[27.026s] Level 1:colcon.colcon_core.environment:checking '/home/dash/Desktop/ros_ws/install/robot_interfaces' for CMake module files
[27.032s] Level 1:colcon.colcon_core.environment:checking '/home/dash/Desktop/ros_ws/install/robot_interfaces' for CMake config files
[27.036s] Level 1:colcon.colcon_core.shell:create_environment_hook('robot_interfaces', 'cmake_prefix_path')
[27.037s] INFO:colcon.colcon_core.shell:Creating environment hook '/home/dash/Desktop/ros_ws/install/robot_interfaces/share/robot_interfaces/hook/cmake_prefix_path.ps1'
[27.039s] INFO:colcon.colcon_core.shell:Creating environment descriptor '/home/dash/Desktop/ros_ws/install/robot_interfaces/share/robot_interfaces/hook/cmake_prefix_path.dsv'
[27.042s] INFO:colcon.colcon_core.shell:Creating environment hook '/home/dash/Desktop/ros_ws/install/robot_interfaces/share/robot_interfaces/hook/cmake_prefix_path.sh'
[27.045s] Level 1:colcon.colcon_core.environment:checking '/home/dash/Desktop/ros_ws/install/robot_interfaces/lib'
[27.046s] Level 1:colcon.colcon_core.shell:create_environment_hook('robot_interfaces', 'ld_library_path_lib')
[27.047s] INFO:colcon.colcon_core.shell:Creating environment hook '/home/dash/Desktop/ros_ws/install/robot_interfaces/share/robot_interfaces/hook/ld_library_path_lib.ps1'
[27.050s] INFO:colcon.colcon_core.shell:Creating environment descriptor '/home/dash/Desktop/ros_ws/install/robot_interfaces/share/robot_interfaces/hook/ld_library_path_lib.dsv'
[27.052s] INFO:colcon.colcon_core.shell:Creating environment hook '/home/dash/Desktop/ros_ws/install/robot_interfaces/share/robot_interfaces/hook/ld_library_path_lib.sh'
[27.054s] Level 1:colcon.colcon_core.environment:checking '/home/dash/Desktop/ros_ws/install/robot_interfaces/bin'
[27.055s] Level 1:colcon.colcon_core.environment:checking '/home/dash/Desktop/ros_ws/install/robot_interfaces/lib/pkgconfig/robot_interfaces.pc'
[27.056s] Level 1:colcon.colcon_core.environment:checking '/home/dash/Desktop/ros_ws/install/robot_interfaces/lib/python3.10/site-packages'
[27.057s] Level 1:colcon.colcon_core.environment:checking '/home/dash/Desktop/ros_ws/install/robot_interfaces/bin'
[27.059s] INFO:colcon.colcon_core.shell:Creating package script '/home/dash/Desktop/ros_ws/install/robot_interfaces/share/robot_interfaces/package.ps1'
[27.062s] INFO:colcon.colcon_core.shell:Creating package descriptor '/home/dash/Desktop/ros_ws/install/robot_interfaces/share/robot_interfaces/package.dsv'
[27.065s] INFO:colcon.colcon_core.shell:Creating package script '/home/dash/Desktop/ros_ws/install/robot_interfaces/share/robot_interfaces/package.sh'
[27.068s] INFO:colcon.colcon_core.shell:Creating package script '/home/dash/Desktop/ros_ws/install/robot_interfaces/share/robot_interfaces/package.bash'
[27.071s] INFO:colcon.colcon_core.shell:Creating package script '/home/dash/Desktop/ros_ws/install/robot_interfaces/share/robot_interfaces/package.zsh'
[27.073s] Level 1:colcon.colcon_core.environment:create_file_with_runtime_dependencies(/home/dash/Desktop/ros_ws/install/robot_interfaces/share/colcon-core/packages/robot_interfaces)
[27.738s] DEBUG:colcon.colcon_core.event_handler.log_command:Invoking command in '/home/dash/Desktop/ros_ws/src/user_interface': PYTHONPATH=/home/dash/Desktop/ros_ws/build/user_interface/prefix_override:/home/dash/Desktop/ros_ws/install/user_interface/lib/python3.10/site-packages:${PYTHONPATH} /usr/bin/python3 -W ignore:setup.py install is deprecated setup.py egg_info --egg-base ../../build/user_interface build --build-base /home/dash/Desktop/ros_ws/build/user_interface/build install --record /home/dash/Desktop/ros_ws/build/user_interface/install.log --single-version-externally-managed install_data
[30.144s] Level 1:colcon.colcon_core.environment:checking '/home/dash/Desktop/ros_ws/install/user_interface' for CMake module files
[30.152s] DEBUG:colcon.colcon_core.event_handler.log_command:Invoked command in '/home/dash/Desktop/ros_ws/src/user_interface' returned '0': PYTHONPATH=/home/dash/Desktop/ros_ws/build/user_interface/prefix_override:/home/dash/Desktop/ros_ws/install/user_interface/lib/python3.10/site-packages:${PYTHONPATH} /usr/bin/python3 -W ignore:setup.py install is deprecated setup.py egg_info --egg-base ../../build/user_interface build --build-base /home/dash/Desktop/ros_ws/build/user_interface/build install --record /home/dash/Desktop/ros_ws/build/user_interface/install.log --single-version-externally-managed install_data
[30.155s] Level 1:colcon.colcon_core.environment:checking '/home/dash/Desktop/ros_ws/install/user_interface' for CMake config files
[30.160s] Level 1:colcon.colcon_core.environment:checking '/home/dash/Desktop/ros_ws/install/user_interface/lib'
[30.161s] Level 1:colcon.colcon_core.environment:checking '/home/dash/Desktop/ros_ws/install/user_interface/bin'
[30.161s] Level 1:colcon.colcon_core.environment:checking '/home/dash/Desktop/ros_ws/install/user_interface/lib/pkgconfig/user_interface.pc'
[30.163s] Level 1:colcon.colcon_core.environment:checking '/home/dash/Desktop/ros_ws/install/user_interface/lib/python3.10/site-packages'
[30.163s] Level 1:colcon.colcon_core.shell:create_environment_hook('user_interface', 'pythonpath')
[30.164s] INFO:colcon.colcon_core.shell:Creating environment hook '/home/dash/Desktop/ros_ws/install/user_interface/share/user_interface/hook/pythonpath.ps1'
[30.167s] INFO:colcon.colcon_core.shell:Creating environment descriptor '/home/dash/Desktop/ros_ws/install/user_interface/share/user_interface/hook/pythonpath.dsv'
[30.169s] INFO:colcon.colcon_core.shell:Creating environment hook '/home/dash/Desktop/ros_ws/install/user_interface/share/user_interface/hook/pythonpath.sh'
[30.174s] Level 1:colcon.colcon_core.environment:checking '/home/dash/Desktop/ros_ws/install/user_interface/bin'
[30.174s] Level 1:colcon.colcon_core.environment:create_environment_scripts_only(user_interface)
[30.176s] INFO:colcon.colcon_core.shell:Creating package script '/home/dash/Desktop/ros_ws/install/user_interface/share/user_interface/package.ps1'
[30.179s] INFO:colcon.colcon_core.shell:Creating package descriptor '/home/dash/Desktop/ros_ws/install/user_interface/share/user_interface/package.dsv'
[30.181s] INFO:colcon.colcon_core.shell:Creating package script '/home/dash/Desktop/ros_ws/install/user_interface/share/user_interface/package.sh'
[30.184s] INFO:colcon.colcon_core.shell:Creating package script '/home/dash/Desktop/ros_ws/install/user_interface/share/user_interface/package.bash'
[30.186s] INFO:colcon.colcon_core.shell:Creating package script '/home/dash/Desktop/ros_ws/install/user_interface/share/user_interface/package.zsh'
[30.188s] Level 1:colcon.colcon_core.environment:create_file_with_runtime_dependencies(/home/dash/Desktop/ros_ws/install/user_interface/share/colcon-core/packages/user_interface)
[30.190s] DEBUG:colcon.colcon_parallel_executor.executor.parallel:closing loop
[30.191s] DEBUG:colcon.colcon_parallel_executor.executor.parallel:loop closed
[30.191s] DEBUG:colcon.colcon_parallel_executor.executor.parallel:run_until_complete finished with '0'
[30.192s] DEBUG:colcon.colcon_core.event_reactor:joining thread
[30.220s] INFO:colcon.colcon_core.plugin_system:Skipping extension 'colcon_notification.desktop_notification.terminal_notifier': Not used on non-Darwin systems
[30.221s] INFO:colcon.colcon_core.plugin_system:Skipping extension 'colcon_notification.desktop_notification.win32': Not used on non-Windows systems
[30.221s] INFO:colcon.colcon_notification.desktop_notification:Sending desktop notification using 'notify2'
[30.228s] DEBUG:colcon.colcon_notification.desktop_notification.notify2:Failed to initialize notify2: org.freedesktop.DBus.Error.ServiceUnknown: The name org.freedesktop.Notifications was not provided by any .service files
[30.228s] DEBUG:colcon.colcon_core.event_reactor:joined thread
[30.229s] INFO:colcon.colcon_core.shell:Creating prefix script '/home/dash/Desktop/ros_ws/install/local_setup.ps1'
[30.234s] INFO:colcon.colcon_core.shell:Creating prefix util module '/home/dash/Desktop/ros_ws/install/_local_setup_util_ps1.py'
[30.241s] INFO:colcon.colcon_core.shell:Creating prefix chain script '/home/dash/Desktop/ros_ws/install/setup.ps1'
[30.252s] INFO:colcon.colcon_core.shell:Creating prefix script '/home/dash/Desktop/ros_ws/install/local_setup.sh'
[30.256s] INFO:colcon.colcon_core.shell:Creating prefix util module '/home/dash/Desktop/ros_ws/install/_local_setup_util_sh.py'
[30.259s] INFO:colcon.colcon_core.shell:Creating prefix chain script '/home/dash/Desktop/ros_ws/install/setup.sh'
[30.272s] INFO:colcon.colcon_core.shell:Creating prefix script '/home/dash/Desktop/ros_ws/install/local_setup.bash'
[30.275s] INFO:colcon.colcon_core.shell:Creating prefix chain script '/home/dash/Desktop/ros_ws/install/setup.bash'
[30.287s] INFO:colcon.colcon_core.shell:Creating prefix script '/home/dash/Desktop/ros_ws/install/local_setup.zsh'
[30.291s] INFO:colcon.colcon_core.shell:Creating prefix chain script '/home/dash/Desktop/ros_ws/install/setup.zsh'
