[5.394s] Invoking command in '/home/dash/Desktop/ros_ws/src/cv_subsystem': PYTHONPATH=/home/dash/Desktop/ros_ws/build/cv_subsystem/prefix_override:/home/dash/Desktop/ros_ws/install/cv_subsystem/lib/python3.10/site-packages:${PYTHONPATH} /usr/bin/python3 -W ignore:setup.py install is deprecated setup.py egg_info --egg-base ../../build/cv_subsystem build --build-base /home/dash/Desktop/ros_ws/build/cv_subsystem/build install --record /home/dash/Desktop/ros_ws/build/cv_subsystem/install.log --single-version-externally-managed install_data
[7.730s] running egg_info
[7.739s] writing ../../build/cv_subsystem/cv_subsystem.egg-info/PKG-INFO
[7.741s] writing dependency_links to ../../build/cv_subsystem/cv_subsystem.egg-info/dependency_links.txt
[7.743s] writing entry points to ../../build/cv_subsystem/cv_subsystem.egg-info/entry_points.txt
[7.748s] writing requirements to ../../build/cv_subsystem/cv_subsystem.egg-info/requires.txt
[7.749s] writing top-level names to ../../build/cv_subsystem/cv_subsystem.egg-info/top_level.txt
[7.755s] reading manifest file '../../build/cv_subsystem/cv_subsystem.egg-info/SOURCES.txt'
[7.762s] writing manifest file '../../build/cv_subsystem/cv_subsystem.egg-info/SOURCES.txt'
[7.763s] running build
[7.764s] running build_py
[7.765s] copying cv_subsystem/gesture_recognizer.py -> /home/dash/Desktop/ros_ws/build/cv_subsystem/build/lib/cv_subsystem
[7.766s] running install
[7.771s] running install_lib
[7.773s] copying /home/dash/Desktop/ros_ws/build/cv_subsystem/build/lib/cv_subsystem/gesture_recognizer.py -> /home/dash/Desktop/ros_ws/install/cv_subsystem/lib/python3.10/site-packages/cv_subsystem
[7.777s] byte-compiling /home/dash/Desktop/ros_ws/install/cv_subsystem/lib/python3.10/site-packages/cv_subsystem/gesture_recognizer.py to gesture_recognizer.cpython-310.pyc
[7.782s] running install_data
[7.783s] running install_egg_info
[7.801s] removing '/home/dash/Desktop/ros_ws/install/cv_subsystem/lib/python3.10/site-packages/cv_subsystem-0.0.0-py3.10.egg-info' (and everything under it)
[7.802s] Copying ../../build/cv_subsystem/cv_subsystem.egg-info to /home/dash/Desktop/ros_ws/install/cv_subsystem/lib/python3.10/site-packages/cv_subsystem-0.0.0-py3.10.egg-info
[7.814s] running install_scripts
[7.950s] Installing gesture_recognizer script to /home/dash/Desktop/ros_ws/install/cv_subsystem/lib/cv_subsystem
[7.951s] writing list of installed files to '/home/dash/Desktop/ros_ws/build/cv_subsystem/install.log'
[8.178s] Invoked command in '/home/dash/Desktop/ros_ws/src/cv_subsystem' returned '0': PYTHONPATH=/home/dash/Desktop/ros_ws/build/cv_subsystem/prefix_override:/home/dash/Desktop/ros_ws/install/cv_subsystem/lib/python3.10/site-packages:${PYTHONPATH} /usr/bin/python3 -W ignore:setup.py install is deprecated setup.py egg_info --egg-base ../../build/cv_subsystem build --build-base /home/dash/Desktop/ros_ws/build/cv_subsystem/build install --record /home/dash/Desktop/ros_ws/build/cv_subsystem/install.log --single-version-externally-managed install_data
