[9.776s] Invoking command in '/home/dash/Desktop/ros_ws/src/controller': PYTHONPATH=/home/dash/Desktop/ros_ws/build/controller/prefix_override:/home/dash/Desktop/ros_ws/install/controller/lib/python3.10/site-packages:${PYTHONPATH} /usr/bin/python3 -W ignore:setup.py install is deprecated setup.py egg_info --egg-base ../../build/controller build --build-base /home/dash/Desktop/ros_ws/build/controller/build install --record /home/dash/Desktop/ros_ws/build/controller/install.log --single-version-externally-managed install_data
[13.712s] running egg_info
[13.718s] writing ../../build/controller/controller.egg-info/PKG-INFO
[13.721s] writing dependency_links to ../../build/controller/controller.egg-info/dependency_links.txt
[13.725s] writing entry points to ../../build/controller/controller.egg-info/entry_points.txt
[13.730s] writing requirements to ../../build/controller/controller.egg-info/requires.txt
[13.738s] writing top-level names to ../../build/controller/controller.egg-info/top_level.txt
[13.741s] reading manifest file '../../build/controller/controller.egg-info/SOURCES.txt'
[14.119s] writing manifest file '../../build/controller/controller.egg-info/SOURCES.txt'
[14.119s] running build
[14.125s] running build_py
[14.126s] running install
[14.130s] running install_lib
[14.133s] running install_data
[14.161s] running install_egg_info
[14.267s] removing '/home/dash/Desktop/ros_ws/install/controller/lib/python3.10/site-packages/controller-0.0.0-py3.10.egg-info' (and everything under it)
[14.268s] Copying ../../build/controller/controller.egg-info to /home/dash/Desktop/ros_ws/install/controller/lib/python3.10/site-packages/controller-0.0.0-py3.10.egg-info
[14.308s] running install_scripts
[14.774s] Installing app_control script to /home/dash/Desktop/ros_ws/install/controller/lib/controller
[14.792s] Installing handshake script to /home/dash/Desktop/ros_ws/install/controller/lib/controller
[14.794s] Installing robot_status script to /home/dash/Desktop/ros_ws/install/controller/lib/controller
[14.836s] writing list of installed files to '/home/dash/Desktop/ros_ws/build/controller/install.log'
[15.411s] Invoked command in '/home/dash/Desktop/ros_ws/src/controller' returned '0': PYTHONPATH=/home/dash/Desktop/ros_ws/build/controller/prefix_override:/home/dash/Desktop/ros_ws/install/controller/lib/python3.10/site-packages:${PYTHONPATH} /usr/bin/python3 -W ignore:setup.py install is deprecated setup.py egg_info --egg-base ../../build/controller build --build-base /home/dash/Desktop/ros_ws/build/controller/build install --record /home/dash/Desktop/ros_ws/build/controller/install.log --single-version-externally-managed install_data
