[7.808s] Invoking command in '/home/dash/Desktop/ros_ws/src/user_interface': PYTHONPATH=/home/dash/Desktop/ros_ws/build/user_interface/prefix_override:/home/dash/Desktop/ros_ws/install/user_interface/lib/python3.10/site-packages:${PYTHONPATH} /usr/bin/python3 -W ignore:setup.py install is deprecated setup.py egg_info --egg-base ../../build/user_interface build --build-base /home/dash/Desktop/ros_ws/build/user_interface/build install --record /home/dash/Desktop/ros_ws/build/user_interface/install.log --single-version-externally-managed install_data
[10.009s] running egg_info
[10.013s] writing ../../build/user_interface/user_interface.egg-info/PKG-INFO
[10.017s] writing dependency_links to ../../build/user_interface/user_interface.egg-info/dependency_links.txt
[10.018s] writing entry points to ../../build/user_interface/user_interface.egg-info/entry_points.txt
[10.019s] writing requirements to ../../build/user_interface/user_interface.egg-info/requires.txt
[10.020s] writing top-level names to ../../build/user_interface/user_interface.egg-info/top_level.txt
[10.032s] reading manifest file '../../build/user_interface/user_interface.egg-info/SOURCES.txt'
[10.040s] writing manifest file '../../build/user_interface/user_interface.egg-info/SOURCES.txt'
[10.041s] running build
[10.042s] running build_py
[10.043s] copying user_interface/flask_ui_server.py -> /home/dash/Desktop/ros_ws/build/user_interface/build/lib/user_interface
[10.046s] running install
[10.048s] running install_lib
[10.054s] copying /home/dash/Desktop/ros_ws/build/user_interface/build/lib/user_interface/flask_ui_server.py -> /home/dash/Desktop/ros_ws/install/user_interface/lib/python3.10/site-packages/user_interface
[10.059s] byte-compiling /home/dash/Desktop/ros_ws/install/user_interface/lib/python3.10/site-packages/user_interface/flask_ui_server.py to flask_ui_server.cpython-310.pyc
[10.067s] running install_data
[10.069s] running install_egg_info
[10.079s] removing '/home/dash/Desktop/ros_ws/install/user_interface/lib/python3.10/site-packages/user_interface-0.0.0-py3.10.egg-info' (and everything under it)
[10.084s] Copying ../../build/user_interface/user_interface.egg-info to /home/dash/Desktop/ros_ws/install/user_interface/lib/python3.10/site-packages/user_interface-0.0.0-py3.10.egg-info
[10.097s] running install_scripts
[10.224s] Installing flask_user_interface script to /home/dash/Desktop/ros_ws/install/user_interface/lib/user_interface
[10.228s] Installing user_interface script to /home/dash/Desktop/ros_ws/install/user_interface/lib/user_interface
[10.235s] writing list of installed files to '/home/dash/Desktop/ros_ws/build/user_interface/install.log'
[10.423s] Invoked command in '/home/dash/Desktop/ros_ws/src/user_interface' returned '0': PYTHONPATH=/home/dash/Desktop/ros_ws/build/user_interface/prefix_override:/home/dash/Desktop/ros_ws/install/user_interface/lib/python3.10/site-packages:${PYTHONPATH} /usr/bin/python3 -W ignore:setup.py install is deprecated setup.py egg_info --egg-base ../../build/user_interface build --build-base /home/dash/Desktop/ros_ws/build/user_interface/build install --record /home/dash/Desktop/ros_ws/build/user_interface/install.log --single-version-externally-managed install_data
