[5.493s] Invoking command in '/home/dash/Desktop/ros_ws/src/user_interface': PYTHONPATH=/home/dash/Desktop/ros_ws/build/user_interface/prefix_override:/home/dash/Desktop/ros_ws/install/user_interface/lib/python3.10/site-packages:${PYTHONPATH} /usr/bin/python3 -W ignore:setup.py install is deprecated setup.py egg_info --egg-base ../../build/user_interface build --build-base /home/dash/Desktop/ros_ws/build/user_interface/build install --record /home/dash/Desktop/ros_ws/build/user_interface/install.log --single-version-externally-managed install_data
[7.282s] running egg_info
[7.285s] writing ../../build/user_interface/user_interface.egg-info/PKG-INFO
[7.286s] writing dependency_links to ../../build/user_interface/user_interface.egg-info/dependency_links.txt
[7.287s] writing entry points to ../../build/user_interface/user_interface.egg-info/entry_points.txt
[7.288s] writing requirements to ../../build/user_interface/user_interface.egg-info/requires.txt
[7.288s] writing top-level names to ../../build/user_interface/user_interface.egg-info/top_level.txt
[7.298s] reading manifest file '../../build/user_interface/user_interface.egg-info/SOURCES.txt'
[7.306s] writing manifest file '../../build/user_interface/user_interface.egg-info/SOURCES.txt'
[7.307s] running build
[7.308s] running build_py
[7.308s] copying user_interface/flask_ui_server.py -> /home/dash/Desktop/ros_ws/build/user_interface/build/lib/user_interface
[7.311s] running install
[7.313s] running install_lib
[7.319s] copying /home/dash/Desktop/ros_ws/build/user_interface/build/lib/user_interface/flask_ui_server.py -> /home/dash/Desktop/ros_ws/install/user_interface/lib/python3.10/site-packages/user_interface
[7.324s] byte-compiling /home/dash/Desktop/ros_ws/install/user_interface/lib/python3.10/site-packages/user_interface/flask_ui_server.py to flask_ui_server.cpython-310.pyc
[7.332s] running install_data
[7.336s] running install_egg_info
[7.351s] removing '/home/dash/Desktop/ros_ws/install/user_interface/lib/python3.10/site-packages/user_interface-0.0.0-py3.10.egg-info' (and everything under it)
[7.352s] Copying ../../build/user_interface/user_interface.egg-info to /home/dash/Desktop/ros_ws/install/user_interface/lib/python3.10/site-packages/user_interface-0.0.0-py3.10.egg-info
[7.355s] running install_scripts
[7.454s] Installing flask_user_interface script to /home/dash/Desktop/ros_ws/install/user_interface/lib/user_interface
[7.455s] Installing user_interface script to /home/dash/Desktop/ros_ws/install/user_interface/lib/user_interface
[7.457s] writing list of installed files to '/home/dash/Desktop/ros_ws/build/user_interface/install.log'
[7.609s] Invoked command in '/home/dash/Desktop/ros_ws/src/user_interface' returned '0': PYTHONPATH=/home/dash/Desktop/ros_ws/build/user_interface/prefix_override:/home/dash/Desktop/ros_ws/install/user_interface/lib/python3.10/site-packages:${PYTHONPATH} /usr/bin/python3 -W ignore:setup.py install is deprecated setup.py egg_info --egg-base ../../build/user_interface build --build-base /home/dash/Desktop/ros_ws/build/user_interface/build install --record /home/dash/Desktop/ros_ws/build/user_interface/install.log --single-version-externally-managed install_data
