[5.570s] Invoking command in '/home/dash/Desktop/ros_ws/build/robot_interfaces': CMAKE_PREFIX_PATH=${CMAKE_PREFIX_PATH}:/home/dash/Desktop/ros_ws/install/user_interface:/home/dash/Desktop/ros_ws/install/nlp_subsystem:/home/dash/Desktop/ros_ws/install/cv_subsystem:/home/dash/Desktop/ros_ws/install/controller:/opt/ros/humble /usr/bin/cmake --build /home/dash/Desktop/ros_ws/build/robot_interfaces -- -j4 -l4
[6.008s] [  2%] Built target robot_interfaces__cpp
[6.221s] [ 12%] Built target robot_interfaces__rosidl_generator_c
[6.410s] [ 12%] Built target ament_cmake_python_copy_robot_interfaces
[6.533s] [ 23%] Built target robot_interfaces__rosidl_typesupport_fastrtps_cpp
[6.606s] [ 34%] Built target robot_interfaces__rosidl_typesupport_cpp
[6.667s] [ 44%] Built target robot_interfaces__rosidl_typesupport_introspection_cpp
[6.949s] [ 55%] Built target robot_interfaces__rosidl_typesupport_introspection_c
[7.033s] [ 65%] Built target robot_interfaces__rosidl_typesupport_c
[7.066s] [ 76%] Built target robot_interfaces__rosidl_typesupport_fastrtps_c
[7.372s] [ 76%] Built target robot_interfaces
[7.544s] [ 78%] Built target robot_interfaces__py
[7.885s] [ 87%] Built target robot_interfaces__rosidl_generator_py
[8.132s] [ 91%] Built target robot_interfaces__rosidl_typesupport_introspection_c__pyext
[8.211s] [ 95%] Built target robot_interfaces__rosidl_typesupport_c__pyext
[8.231s] [100%] Built target robot_interfaces__rosidl_typesupport_fastrtps_c__pyext
[10.361s] running egg_info
[10.396s] writing robot_interfaces.egg-info/PKG-INFO
[10.404s] writing dependency_links to robot_interfaces.egg-info/dependency_links.txt
[10.409s] writing top-level names to robot_interfaces.egg-info/top_level.txt
[10.435s] reading manifest file 'robot_interfaces.egg-info/SOURCES.txt'
[10.436s] writing manifest file 'robot_interfaces.egg-info/SOURCES.txt'
[10.739s] [100%] Built target ament_cmake_python_build_robot_interfaces_egg
[10.834s] Invoked command in '/home/dash/Desktop/ros_ws/build/robot_interfaces' returned '0': CMAKE_PREFIX_PATH=${CMAKE_PREFIX_PATH}:/home/dash/Desktop/ros_ws/install/user_interface:/home/dash/Desktop/ros_ws/install/nlp_subsystem:/home/dash/Desktop/ros_ws/install/cv_subsystem:/home/dash/Desktop/ros_ws/install/controller:/opt/ros/humble /usr/bin/cmake --build /home/dash/Desktop/ros_ws/build/robot_interfaces -- -j4 -l4
[12.364s] Invoking command in '/home/dash/Desktop/ros_ws/build/robot_interfaces': CMAKE_PREFIX_PATH=${CMAKE_PREFIX_PATH}:/home/dash/Desktop/ros_ws/install/user_interface:/home/dash/Desktop/ros_ws/install/nlp_subsystem:/home/dash/Desktop/ros_ws/install/cv_subsystem:/home/dash/Desktop/ros_ws/install/controller:/opt/ros/humble /usr/bin/cmake --install /home/dash/Desktop/ros_ws/build/robot_interfaces
[12.412s] -- Install configuration: ""
[12.413s] -- Up-to-date: /home/dash/Desktop/ros_ws/install/robot_interfaces/share/ament_index/resource_index/rosidl_interfaces/robot_interfaces
[12.414s] -- Up-to-date: /home/dash/Desktop/ros_ws/install/robot_interfaces/include/robot_interfaces/robot_interfaces
[12.419s] -- Up-to-date: /home/dash/Desktop/ros_ws/install/robot_interfaces/include/robot_interfaces/robot_interfaces/srv
[12.422s] -- Up-to-date: /home/dash/Desktop/ros_ws/install/robot_interfaces/include/robot_interfaces/robot_interfaces/srv/detail
[12.429s] -- Up-to-date: /home/dash/Desktop/ros_ws/install/robot_interfaces/include/robot_interfaces/robot_interfaces/srv/detail/handshake__functions.c
[12.429s] -- Up-to-date: /home/dash/Desktop/ros_ws/install/robot_interfaces/include/robot_interfaces/robot_interfaces/srv/detail/robot_status_srv__struct.h
[12.430s] -- Up-to-date: /home/dash/Desktop/ros_ws/install/robot_interfaces/include/robot_interfaces/robot_interfaces/srv/detail/lm_chat__functions.h
[12.431s] -- Up-to-date: /home/dash/Desktop/ros_ws/install/robot_interfaces/include/robot_interfaces/robot_interfaces/srv/detail/lm_chat__functions.c
[12.432s] -- Up-to-date: /home/dash/Desktop/ros_ws/install/robot_interfaces/include/robot_interfaces/robot_interfaces/srv/detail/handshake__functions.h
[12.433s] -- Up-to-date: /home/dash/Desktop/ros_ws/install/robot_interfaces/include/robot_interfaces/robot_interfaces/srv/detail/lm_chat__struct.h
[12.434s] -- Up-to-date: /home/dash/Desktop/ros_ws/install/robot_interfaces/include/robot_interfaces/robot_interfaces/srv/detail/handshake__struct.h
[12.435s] -- Up-to-date: /home/dash/Desktop/ros_ws/install/robot_interfaces/include/robot_interfaces/robot_interfaces/srv/detail/robot_status_srv__functions.c
[12.446s] -- Up-to-date: /home/dash/Desktop/ros_ws/install/robot_interfaces/include/robot_interfaces/robot_interfaces/srv/detail/handshake__type_support.h
[12.447s] -- Up-to-date: /home/dash/Desktop/ros_ws/install/robot_interfaces/include/robot_interfaces/robot_interfaces/srv/detail/robot_status_srv__type_support.h
[12.448s] -- Up-to-date: /home/dash/Desktop/ros_ws/install/robot_interfaces/include/robot_interfaces/robot_interfaces/srv/detail/robot_status_srv__functions.h
[12.448s] -- Up-to-date: /home/dash/Desktop/ros_ws/install/robot_interfaces/include/robot_interfaces/robot_interfaces/srv/detail/lm_chat__type_support.h
[12.449s] -- Up-to-date: /home/dash/Desktop/ros_ws/install/robot_interfaces/include/robot_interfaces/robot_interfaces/srv/robot_status_srv.h
[12.449s] -- Up-to-date: /home/dash/Desktop/ros_ws/install/robot_interfaces/include/robot_interfaces/robot_interfaces/srv/lm_chat.h
[12.450s] -- Up-to-date: /home/dash/Desktop/ros_ws/install/robot_interfaces/include/robot_interfaces/robot_interfaces/srv/handshake.h
[12.457s] -- Up-to-date: /home/dash/Desktop/ros_ws/install/robot_interfaces/include/robot_interfaces/robot_interfaces/msg
[12.462s] -- Up-to-date: /home/dash/Desktop/ros_ws/install/robot_interfaces/include/robot_interfaces/robot_interfaces/msg/rosidl_generator_c__visibility_control.h
[12.464s] -- Up-to-date: /home/dash/Desktop/ros_ws/install/robot_interfaces/share/robot_interfaces/environment/library_path.sh
[12.465s] -- Up-to-date: /home/dash/Desktop/ros_ws/install/robot_interfaces/share/robot_interfaces/environment/library_path.dsv
[12.466s] -- Up-to-date: /home/dash/Desktop/ros_ws/install/robot_interfaces/lib/librobot_interfaces__rosidl_generator_c.so
[12.467s] -- Up-to-date: /home/dash/Desktop/ros_ws/install/robot_interfaces/include/robot_interfaces/robot_interfaces
[12.468s] -- Up-to-date: /home/dash/Desktop/ros_ws/install/robot_interfaces/include/robot_interfaces/robot_interfaces/srv
[12.473s] -- Up-to-date: /home/dash/Desktop/ros_ws/install/robot_interfaces/include/robot_interfaces/robot_interfaces/srv/detail
[12.473s] -- Up-to-date: /home/dash/Desktop/ros_ws/install/robot_interfaces/include/robot_interfaces/robot_interfaces/srv/detail/lm_chat__rosidl_typesupport_fastrtps_c.h
[12.479s] -- Up-to-date: /home/dash/Desktop/ros_ws/install/robot_interfaces/include/robot_interfaces/robot_interfaces/srv/detail/robot_status_srv__rosidl_typesupport_fastrtps_c.h
[12.482s] -- Up-to-date: /home/dash/Desktop/ros_ws/install/robot_interfaces/include/robot_interfaces/robot_interfaces/srv/detail/handshake__rosidl_typesupport_fastrtps_c.h
[12.482s] -- Up-to-date: /home/dash/Desktop/ros_ws/install/robot_interfaces/include/robot_interfaces/robot_interfaces/msg
[12.487s] -- Up-to-date: /home/dash/Desktop/ros_ws/install/robot_interfaces/include/robot_interfaces/robot_interfaces/msg/rosidl_typesupport_fastrtps_c__visibility_control.h
[12.487s] -- Up-to-date: /home/dash/Desktop/ros_ws/install/robot_interfaces/lib/librobot_interfaces__rosidl_typesupport_fastrtps_c.so
[12.490s] -- Up-to-date: /home/dash/Desktop/ros_ws/install/robot_interfaces/include/robot_interfaces/robot_interfaces
[12.491s] -- Up-to-date: /home/dash/Desktop/ros_ws/install/robot_interfaces/include/robot_interfaces/robot_interfaces/srv
[12.492s] -- Up-to-date: /home/dash/Desktop/ros_ws/install/robot_interfaces/include/robot_interfaces/robot_interfaces/srv/detail
[12.493s] -- Up-to-date: /home/dash/Desktop/ros_ws/install/robot_interfaces/include/robot_interfaces/robot_interfaces/srv/detail/lm_chat__rosidl_typesupport_introspection_c.h
[12.493s] -- Up-to-date: /home/dash/Desktop/ros_ws/install/robot_interfaces/include/robot_interfaces/robot_interfaces/srv/detail/handshake__rosidl_typesupport_introspection_c.h
[12.494s] -- Up-to-date: /home/dash/Desktop/ros_ws/install/robot_interfaces/include/robot_interfaces/robot_interfaces/srv/detail/robot_status_srv__rosidl_typesupport_introspection_c.h
[12.495s] -- Up-to-date: /home/dash/Desktop/ros_ws/install/robot_interfaces/include/robot_interfaces/robot_interfaces/srv/detail/handshake__type_support.c
[12.505s] -- Up-to-date: /home/dash/Desktop/ros_ws/install/robot_interfaces/include/robot_interfaces/robot_interfaces/srv/detail/robot_status_srv__type_support.c
[12.506s] -- Up-to-date: /home/dash/Desktop/ros_ws/install/robot_interfaces/include/robot_interfaces/robot_interfaces/srv/detail/lm_chat__type_support.c
[12.507s] -- Up-to-date: /home/dash/Desktop/ros_ws/install/robot_interfaces/include/robot_interfaces/robot_interfaces/msg
[12.508s] -- Up-to-date: /home/dash/Desktop/ros_ws/install/robot_interfaces/include/robot_interfaces/robot_interfaces/msg/rosidl_typesupport_introspection_c__visibility_control.h
[12.509s] -- Up-to-date: /home/dash/Desktop/ros_ws/install/robot_interfaces/lib/librobot_interfaces__rosidl_typesupport_introspection_c.so
[12.509s] -- Up-to-date: /home/dash/Desktop/ros_ws/install/robot_interfaces/lib/librobot_interfaces__rosidl_typesupport_c.so
[12.510s] -- Up-to-date: /home/dash/Desktop/ros_ws/install/robot_interfaces/include/robot_interfaces/robot_interfaces
[12.511s] -- Up-to-date: /home/dash/Desktop/ros_ws/install/robot_interfaces/include/robot_interfaces/robot_interfaces/srv
[12.512s] -- Up-to-date: /home/dash/Desktop/ros_ws/install/robot_interfaces/include/robot_interfaces/robot_interfaces/srv/detail
[12.512s] -- Up-to-date: /home/dash/Desktop/ros_ws/install/robot_interfaces/include/robot_interfaces/robot_interfaces/srv/detail/lm_chat__builder.hpp
[12.513s] -- Up-to-date: /home/dash/Desktop/ros_ws/install/robot_interfaces/include/robot_interfaces/robot_interfaces/srv/detail/lm_chat__struct.hpp
[12.514s] -- Up-to-date: /home/dash/Desktop/ros_ws/install/robot_interfaces/include/robot_interfaces/robot_interfaces/srv/detail/handshake__builder.hpp
[12.514s] -- Up-to-date: /home/dash/Desktop/ros_ws/install/robot_interfaces/include/robot_interfaces/robot_interfaces/srv/detail/robot_status_srv__builder.hpp
[12.515s] -- Up-to-date: /home/dash/Desktop/ros_ws/install/robot_interfaces/include/robot_interfaces/robot_interfaces/srv/detail/robot_status_srv__struct.hpp
[12.516s] -- Up-to-date: /home/dash/Desktop/ros_ws/install/robot_interfaces/include/robot_interfaces/robot_interfaces/srv/detail/handshake__traits.hpp
[12.516s] -- Up-to-date: /home/dash/Desktop/ros_ws/install/robot_interfaces/include/robot_interfaces/robot_interfaces/srv/detail/robot_status_srv__traits.hpp
[12.529s] -- Up-to-date: /home/dash/Desktop/ros_ws/install/robot_interfaces/include/robot_interfaces/robot_interfaces/srv/detail/lm_chat__traits.hpp
[12.529s] -- Up-to-date: /home/dash/Desktop/ros_ws/install/robot_interfaces/include/robot_interfaces/robot_interfaces/srv/detail/handshake__struct.hpp
[12.530s] -- Up-to-date: /home/dash/Desktop/ros_ws/install/robot_interfaces/include/robot_interfaces/robot_interfaces/srv/robot_status_srv.hpp
[12.531s] -- Up-to-date: /home/dash/Desktop/ros_ws/install/robot_interfaces/include/robot_interfaces/robot_interfaces/srv/handshake.hpp
[12.532s] -- Up-to-date: /home/dash/Desktop/ros_ws/install/robot_interfaces/include/robot_interfaces/robot_interfaces/srv/lm_chat.hpp
[12.532s] -- Up-to-date: /home/dash/Desktop/ros_ws/install/robot_interfaces/include/robot_interfaces/robot_interfaces
[12.533s] -- Up-to-date: /home/dash/Desktop/ros_ws/install/robot_interfaces/include/robot_interfaces/robot_interfaces/srv
[12.534s] -- Up-to-date: /home/dash/Desktop/ros_ws/install/robot_interfaces/include/robot_interfaces/robot_interfaces/srv/detail
[12.534s] -- Up-to-date: /home/dash/Desktop/ros_ws/install/robot_interfaces/include/robot_interfaces/robot_interfaces/srv/detail/dds_fastrtps
[12.535s] -- Up-to-date: /home/dash/Desktop/ros_ws/install/robot_interfaces/include/robot_interfaces/robot_interfaces/srv/detail/lm_chat__rosidl_typesupport_fastrtps_cpp.hpp
[12.553s] -- Up-to-date: /home/dash/Desktop/ros_ws/install/robot_interfaces/include/robot_interfaces/robot_interfaces/srv/detail/handshake__rosidl_typesupport_fastrtps_cpp.hpp
[12.553s] -- Up-to-date: /home/dash/Desktop/ros_ws/install/robot_interfaces/include/robot_interfaces/robot_interfaces/srv/detail/robot_status_srv__rosidl_typesupport_fastrtps_cpp.hpp
[12.564s] -- Up-to-date: /home/dash/Desktop/ros_ws/install/robot_interfaces/include/robot_interfaces/robot_interfaces/msg
[12.568s] -- Up-to-date: /home/dash/Desktop/ros_ws/install/robot_interfaces/include/robot_interfaces/robot_interfaces/msg/rosidl_typesupport_fastrtps_cpp__visibility_control.h
[12.569s] -- Up-to-date: /home/dash/Desktop/ros_ws/install/robot_interfaces/lib/librobot_interfaces__rosidl_typesupport_fastrtps_cpp.so
[12.570s] -- Up-to-date: /home/dash/Desktop/ros_ws/install/robot_interfaces/include/robot_interfaces/robot_interfaces
[12.571s] -- Up-to-date: /home/dash/Desktop/ros_ws/install/robot_interfaces/include/robot_interfaces/robot_interfaces/srv
[12.571s] -- Up-to-date: /home/dash/Desktop/ros_ws/install/robot_interfaces/include/robot_interfaces/robot_interfaces/srv/detail
[12.574s] -- Up-to-date: /home/dash/Desktop/ros_ws/install/robot_interfaces/include/robot_interfaces/robot_interfaces/srv/detail/handshake__rosidl_typesupport_introspection_cpp.hpp
[12.575s] -- Up-to-date: /home/dash/Desktop/ros_ws/install/robot_interfaces/include/robot_interfaces/robot_interfaces/srv/detail/handshake__type_support.cpp
[12.576s] -- Up-to-date: /home/dash/Desktop/ros_ws/install/robot_interfaces/include/robot_interfaces/robot_interfaces/srv/detail/lm_chat__type_support.cpp
[12.576s] -- Up-to-date: /home/dash/Desktop/ros_ws/install/robot_interfaces/include/robot_interfaces/robot_interfaces/srv/detail/lm_chat__rosidl_typesupport_introspection_cpp.hpp
[12.577s] -- Up-to-date: /home/dash/Desktop/ros_ws/install/robot_interfaces/include/robot_interfaces/robot_interfaces/srv/detail/robot_status_srv__type_support.cpp
[12.578s] -- Up-to-date: /home/dash/Desktop/ros_ws/install/robot_interfaces/include/robot_interfaces/robot_interfaces/srv/detail/robot_status_srv__rosidl_typesupport_introspection_cpp.hpp
[12.578s] -- Up-to-date: /home/dash/Desktop/ros_ws/install/robot_interfaces/lib/librobot_interfaces__rosidl_typesupport_introspection_cpp.so
[12.579s] -- Up-to-date: /home/dash/Desktop/ros_ws/install/robot_interfaces/lib/librobot_interfaces__rosidl_typesupport_cpp.so
[12.580s] -- Up-to-date: /home/dash/Desktop/ros_ws/install/robot_interfaces/share/robot_interfaces/environment/pythonpath.sh
[12.581s] -- Up-to-date: /home/dash/Desktop/ros_ws/install/robot_interfaces/share/robot_interfaces/environment/pythonpath.dsv
[12.582s] -- Up-to-date: /home/dash/Desktop/ros_ws/install/robot_interfaces/local/lib/python3.10/dist-packages/robot_interfaces-0.0.0-py3.10.egg-info
[12.582s] -- Installing: /home/dash/Desktop/ros_ws/install/robot_interfaces/local/lib/python3.10/dist-packages/robot_interfaces-0.0.0-py3.10.egg-info/dependency_links.txt
[12.583s] -- Installing: /home/dash/Desktop/ros_ws/install/robot_interfaces/local/lib/python3.10/dist-packages/robot_interfaces-0.0.0-py3.10.egg-info/top_level.txt
[12.585s] -- Installing: /home/dash/Desktop/ros_ws/install/robot_interfaces/local/lib/python3.10/dist-packages/robot_interfaces-0.0.0-py3.10.egg-info/SOURCES.txt
[12.589s] -- Installing: /home/dash/Desktop/ros_ws/install/robot_interfaces/local/lib/python3.10/dist-packages/robot_interfaces-0.0.0-py3.10.egg-info/PKG-INFO
[12.606s] -- Up-to-date: /home/dash/Desktop/ros_ws/install/robot_interfaces/local/lib/python3.10/dist-packages/robot_interfaces
[12.606s] -- Up-to-date: /home/dash/Desktop/ros_ws/install/robot_interfaces/local/lib/python3.10/dist-packages/robot_interfaces/_robot_interfaces_s.ep.rosidl_typesupport_introspection_c.c
[12.607s] -- Up-to-date: /home/dash/Desktop/ros_ws/install/robot_interfaces/local/lib/python3.10/dist-packages/robot_interfaces/robot_interfaces_s__rosidl_typesupport_c.cpython-310-aarch64-linux-gnu.so
[12.608s] -- Up-to-date: /home/dash/Desktop/ros_ws/install/robot_interfaces/local/lib/python3.10/dist-packages/robot_interfaces/_robot_interfaces_s.ep.rosidl_typesupport_c.c
[12.609s] -- Up-to-date: /home/dash/Desktop/ros_ws/install/robot_interfaces/local/lib/python3.10/dist-packages/robot_interfaces/librobot_interfaces__rosidl_generator_py.so
[12.610s] -- Up-to-date: /home/dash/Desktop/ros_ws/install/robot_interfaces/local/lib/python3.10/dist-packages/robot_interfaces/_robot_interfaces_s.ep.rosidl_typesupport_fastrtps_c.c
[12.618s] -- Up-to-date: /home/dash/Desktop/ros_ws/install/robot_interfaces/local/lib/python3.10/dist-packages/robot_interfaces/srv
[12.627s] -- Up-to-date: /home/dash/Desktop/ros_ws/install/robot_interfaces/local/lib/python3.10/dist-packages/robot_interfaces/srv/_robot_status_srv_s.c
[12.629s] -- Up-to-date: /home/dash/Desktop/ros_ws/install/robot_interfaces/local/lib/python3.10/dist-packages/robot_interfaces/srv/_robot_status_srv.py
[12.630s] -- Up-to-date: /home/dash/Desktop/ros_ws/install/robot_interfaces/local/lib/python3.10/dist-packages/robot_interfaces/srv/_lm_chat_s.c
[12.631s] -- Up-to-date: /home/dash/Desktop/ros_ws/install/robot_interfaces/local/lib/python3.10/dist-packages/robot_interfaces/srv/_handshake_s.c
[12.634s] -- Up-to-date: /home/dash/Desktop/ros_ws/install/robot_interfaces/local/lib/python3.10/dist-packages/robot_interfaces/srv/_handshake.py
[12.634s] -- Up-to-date: /home/dash/Desktop/ros_ws/install/robot_interfaces/local/lib/python3.10/dist-packages/robot_interfaces/srv/__init__.py
[12.635s] -- Up-to-date: /home/dash/Desktop/ros_ws/install/robot_interfaces/local/lib/python3.10/dist-packages/robot_interfaces/srv/_lm_chat.py
[12.636s] -- Up-to-date: /home/dash/Desktop/ros_ws/install/robot_interfaces/local/lib/python3.10/dist-packages/robot_interfaces/__init__.py
[12.636s] -- Up-to-date: /home/dash/Desktop/ros_ws/install/robot_interfaces/local/lib/python3.10/dist-packages/robot_interfaces/robot_interfaces_s__rosidl_typesupport_fastrtps_c.cpython-310-aarch64-linux-gnu.so
[12.637s] -- Up-to-date: /home/dash/Desktop/ros_ws/install/robot_interfaces/local/lib/python3.10/dist-packages/robot_interfaces/robot_interfaces_s__rosidl_typesupport_introspection_c.cpython-310-aarch64-linux-gnu.so
[12.986s] Listing '/home/dash/Desktop/ros_ws/install/robot_interfaces/local/lib/python3.10/dist-packages/robot_interfaces'...
[13.000s] Listing '/home/dash/Desktop/ros_ws/install/robot_interfaces/local/lib/python3.10/dist-packages/robot_interfaces/srv'...
[13.063s] -- Up-to-date: /home/dash/Desktop/ros_ws/install/robot_interfaces/local/lib/python3.10/dist-packages/robot_interfaces/robot_interfaces_s__rosidl_typesupport_fastrtps_c.cpython-310-aarch64-linux-gnu.so
[13.069s] -- Up-to-date: /home/dash/Desktop/ros_ws/install/robot_interfaces/local/lib/python3.10/dist-packages/robot_interfaces/robot_interfaces_s__rosidl_typesupport_introspection_c.cpython-310-aarch64-linux-gnu.so
[13.078s] -- Up-to-date: /home/dash/Desktop/ros_ws/install/robot_interfaces/local/lib/python3.10/dist-packages/robot_interfaces/robot_interfaces_s__rosidl_typesupport_c.cpython-310-aarch64-linux-gnu.so
[13.088s] -- Up-to-date: /home/dash/Desktop/ros_ws/install/robot_interfaces/lib/librobot_interfaces__rosidl_generator_py.so
[13.100s] -- Up-to-date: /home/dash/Desktop/ros_ws/install/robot_interfaces/share/robot_interfaces/srv/LMChat.idl
[13.105s] -- Up-to-date: /home/dash/Desktop/ros_ws/install/robot_interfaces/share/robot_interfaces/srv/Handshake.idl
[13.110s] -- Up-to-date: /home/dash/Desktop/ros_ws/install/robot_interfaces/share/robot_interfaces/srv/RobotStatusSrv.idl
[13.124s] -- Up-to-date: /home/dash/Desktop/ros_ws/install/robot_interfaces/share/robot_interfaces/srv/LMChat.srv
[13.124s] -- Up-to-date: /home/dash/Desktop/ros_ws/install/robot_interfaces/share/robot_interfaces/srv/LMChat_Request.msg
[13.125s] -- Up-to-date: /home/dash/Desktop/ros_ws/install/robot_interfaces/share/robot_interfaces/srv/LMChat_Response.msg
[13.131s] -- Up-to-date: /home/dash/Desktop/ros_ws/install/robot_interfaces/share/robot_interfaces/srv/Handshake.srv
[13.135s] -- Up-to-date: /home/dash/Desktop/ros_ws/install/robot_interfaces/share/robot_interfaces/srv/Handshake_Request.msg
[13.136s] -- Up-to-date: /home/dash/Desktop/ros_ws/install/robot_interfaces/share/robot_interfaces/srv/Handshake_Response.msg
[13.137s] -- Up-to-date: /home/dash/Desktop/ros_ws/install/robot_interfaces/share/robot_interfaces/srv/RobotStatusSrv.srv
[13.138s] -- Up-to-date: /home/dash/Desktop/ros_ws/install/robot_interfaces/share/robot_interfaces/srv/RobotStatusSrv_Request.msg
[13.138s] -- Up-to-date: /home/dash/Desktop/ros_ws/install/robot_interfaces/share/robot_interfaces/srv/RobotStatusSrv_Response.msg
[13.139s] -- Up-to-date: /home/dash/Desktop/ros_ws/install/robot_interfaces/share/ament_index/resource_index/package_run_dependencies/robot_interfaces
[13.164s] -- Up-to-date: /home/dash/Desktop/ros_ws/install/robot_interfaces/share/ament_index/resource_index/parent_prefix_path/robot_interfaces
[13.165s] -- Up-to-date: /home/dash/Desktop/ros_ws/install/robot_interfaces/share/robot_interfaces/environment/ament_prefix_path.sh
[13.166s] -- Up-to-date: /home/dash/Desktop/ros_ws/install/robot_interfaces/share/robot_interfaces/environment/ament_prefix_path.dsv
[13.167s] -- Up-to-date: /home/dash/Desktop/ros_ws/install/robot_interfaces/share/robot_interfaces/environment/path.sh
[13.168s] -- Up-to-date: /home/dash/Desktop/ros_ws/install/robot_interfaces/share/robot_interfaces/environment/path.dsv
[13.168s] -- Up-to-date: /home/dash/Desktop/ros_ws/install/robot_interfaces/share/robot_interfaces/local_setup.bash
[13.169s] -- Up-to-date: /home/dash/Desktop/ros_ws/install/robot_interfaces/share/robot_interfaces/local_setup.sh
[13.169s] -- Up-to-date: /home/dash/Desktop/ros_ws/install/robot_interfaces/share/robot_interfaces/local_setup.zsh
[13.170s] -- Up-to-date: /home/dash/Desktop/ros_ws/install/robot_interfaces/share/robot_interfaces/local_setup.dsv
[13.170s] -- Installing: /home/dash/Desktop/ros_ws/install/robot_interfaces/share/robot_interfaces/package.dsv
[13.171s] -- Up-to-date: /home/dash/Desktop/ros_ws/install/robot_interfaces/share/ament_index/resource_index/packages/robot_interfaces
[13.197s] -- Up-to-date: /home/dash/Desktop/ros_ws/install/robot_interfaces/share/robot_interfaces/cmake/export_robot_interfaces__rosidl_generator_cExport.cmake
[13.198s] -- Up-to-date: /home/dash/Desktop/ros_ws/install/robot_interfaces/share/robot_interfaces/cmake/export_robot_interfaces__rosidl_generator_cExport-noconfig.cmake
[13.199s] -- Up-to-date: /home/dash/Desktop/ros_ws/install/robot_interfaces/share/robot_interfaces/cmake/export_robot_interfaces__rosidl_typesupport_fastrtps_cExport.cmake
[13.199s] -- Up-to-date: /home/dash/Desktop/ros_ws/install/robot_interfaces/share/robot_interfaces/cmake/export_robot_interfaces__rosidl_typesupport_fastrtps_cExport-noconfig.cmake
[13.200s] -- Up-to-date: /home/dash/Desktop/ros_ws/install/robot_interfaces/share/robot_interfaces/cmake/robot_interfaces__rosidl_typesupport_introspection_cExport.cmake
[13.201s] -- Up-to-date: /home/dash/Desktop/ros_ws/install/robot_interfaces/share/robot_interfaces/cmake/robot_interfaces__rosidl_typesupport_introspection_cExport-noconfig.cmake
[13.201s] -- Up-to-date: /home/dash/Desktop/ros_ws/install/robot_interfaces/share/robot_interfaces/cmake/robot_interfaces__rosidl_typesupport_cExport.cmake
[13.202s] -- Up-to-date: /home/dash/Desktop/ros_ws/install/robot_interfaces/share/robot_interfaces/cmake/robot_interfaces__rosidl_typesupport_cExport-noconfig.cmake
[13.203s] -- Up-to-date: /home/dash/Desktop/ros_ws/install/robot_interfaces/share/robot_interfaces/cmake/export_robot_interfaces__rosidl_generator_cppExport.cmake
[13.235s] -- Up-to-date: /home/dash/Desktop/ros_ws/install/robot_interfaces/share/robot_interfaces/cmake/export_robot_interfaces__rosidl_typesupport_fastrtps_cppExport.cmake
[13.236s] -- Up-to-date: /home/dash/Desktop/ros_ws/install/robot_interfaces/share/robot_interfaces/cmake/export_robot_interfaces__rosidl_typesupport_fastrtps_cppExport-noconfig.cmake
[13.237s] -- Up-to-date: /home/dash/Desktop/ros_ws/install/robot_interfaces/share/robot_interfaces/cmake/robot_interfaces__rosidl_typesupport_introspection_cppExport.cmake
[13.238s] -- Up-to-date: /home/dash/Desktop/ros_ws/install/robot_interfaces/share/robot_interfaces/cmake/robot_interfaces__rosidl_typesupport_introspection_cppExport-noconfig.cmake
[13.238s] -- Up-to-date: /home/dash/Desktop/ros_ws/install/robot_interfaces/share/robot_interfaces/cmake/robot_interfaces__rosidl_typesupport_cppExport.cmake
[13.239s] -- Up-to-date: /home/dash/Desktop/ros_ws/install/robot_interfaces/share/robot_interfaces/cmake/robot_interfaces__rosidl_typesupport_cppExport-noconfig.cmake
[13.239s] -- Up-to-date: /home/dash/Desktop/ros_ws/install/robot_interfaces/share/robot_interfaces/cmake/export_robot_interfaces__rosidl_generator_pyExport.cmake
[13.240s] -- Up-to-date: /home/dash/Desktop/ros_ws/install/robot_interfaces/share/robot_interfaces/cmake/export_robot_interfaces__rosidl_generator_pyExport-noconfig.cmake
[13.241s] -- Up-to-date: /home/dash/Desktop/ros_ws/install/robot_interfaces/share/robot_interfaces/cmake/rosidl_cmake-extras.cmake
[13.241s] -- Up-to-date: /home/dash/Desktop/ros_ws/install/robot_interfaces/share/robot_interfaces/cmake/ament_cmake_export_include_directories-extras.cmake
[13.242s] -- Up-to-date: /home/dash/Desktop/ros_ws/install/robot_interfaces/share/robot_interfaces/cmake/ament_cmake_export_libraries-extras.cmake
[13.243s] -- Up-to-date: /home/dash/Desktop/ros_ws/install/robot_interfaces/share/robot_interfaces/cmake/ament_cmake_export_targets-extras.cmake
[13.255s] -- Up-to-date: /home/dash/Desktop/ros_ws/install/robot_interfaces/share/robot_interfaces/cmake/rosidl_cmake_export_typesupport_targets-extras.cmake
[13.263s] -- Up-to-date: /home/dash/Desktop/ros_ws/install/robot_interfaces/share/robot_interfaces/cmake/ament_cmake_export_dependencies-extras.cmake
[13.264s] -- Up-to-date: /home/dash/Desktop/ros_ws/install/robot_interfaces/share/robot_interfaces/cmake/rosidl_cmake_export_typesupport_libraries-extras.cmake
[13.266s] -- Up-to-date: /home/dash/Desktop/ros_ws/install/robot_interfaces/share/robot_interfaces/cmake/robot_interfacesConfig.cmake
[13.266s] -- Up-to-date: /home/dash/Desktop/ros_ws/install/robot_interfaces/share/robot_interfaces/cmake/robot_interfacesConfig-version.cmake
[13.267s] -- Up-to-date: /home/dash/Desktop/ros_ws/install/robot_interfaces/share/robot_interfaces/package.xml
[13.280s] Invoked command in '/home/dash/Desktop/ros_ws/build/robot_interfaces' returned '0': CMAKE_PREFIX_PATH=${CMAKE_PREFIX_PATH}:/home/dash/Desktop/ros_ws/install/user_interface:/home/dash/Desktop/ros_ws/install/nlp_subsystem:/home/dash/Desktop/ros_ws/install/cv_subsystem:/home/dash/Desktop/ros_ws/install/controller:/opt/ros/humble /usr/bin/cmake --install /home/dash/Desktop/ros_ws/build/robot_interfaces
