[0.539s] DEBUG:colcon:Command line arguments: ['/usr/bin/colcon', 'build']
[0.540s] DEBUG:colcon:Parsed command line arguments: Namespace(log_base=None, log_level=None, verb_name='build', build_base='build', install_base='install', merge_install=False, symlink_install=False, test_result_base=None, continue_on_error=False, executor='parallel', parallel_workers=4, event_handlers=None, ignore_user_meta=False, metas=['./colcon.meta'], base_paths=['.'], packages_ignore=None, packages_ignore_regex=None, paths=None, packages_up_to=None, packages_up_to_regex=None, packages_above=None, packages_above_and_dependencies=None, packages_above_depth=None, packages_select_by_dep=None, packages_skip_by_dep=None, packages_skip_up_to=None, packages_select_build_failed=False, packages_skip_build_finished=False, packages_select_test_failures=False, packages_skip_test_passed=False, packages_select=None, packages_skip=None, packages_select_regex=None, packages_skip_regex=None, packages_start=None, packages_end=None, allow_overriding=[], cmake_args=None, cmake_target=None, cmake_target_skip_unavailable=False, cmake_clean_cache=False, cmake_clean_first=False, cmake_force_configure=False, ament_cmake_args=None, catkin_cmake_args=None, catkin_skip_building_tests=False, verb_parser=<colcon_defaults.argument_parser.defaults.DefaultArgumentsDecorator object at 0xffffa1a7d6f0>, verb_extension=<colcon_core.verb.build.BuildVerb object at 0xffffa1bca1d0>, main=<bound method BuildVerb.main of <colcon_core.verb.build.BuildVerb object at 0xffffa1bca1d0>>)
[1.789s] Level 1:colcon.colcon_core.package_discovery:discover_packages(colcon_meta) check parameters
[1.789s] Level 1:colcon.colcon_core.package_discovery:discover_packages(recursive) check parameters
[1.790s] Level 1:colcon.colcon_core.package_discovery:discover_packages(ignore) check parameters
[1.790s] Level 1:colcon.colcon_core.package_discovery:discover_packages(path) check parameters
[1.790s] Level 1:colcon.colcon_core.package_discovery:discover_packages(colcon_meta) discover
[1.791s] Level 1:colcon.colcon_core.package_discovery:discover_packages(recursive) discover
[1.791s] INFO:colcon.colcon_core.package_discovery:Crawling recursively for packages in '/home/dash/Desktop/ros_ws'
[1.792s] Level 1:colcon.colcon_core.package_identification:_identify(.) by extensions ['ignore', 'ignore_ament_install']
[1.792s] Level 1:colcon.colcon_core.package_identification:_identify(.) by extension 'ignore'
[1.793s] Level 1:colcon.colcon_core.package_identification:_identify(.) by extension 'ignore_ament_install'
[1.793s] Level 1:colcon.colcon_core.package_identification:_identify(.) by extensions ['colcon_pkg']
[1.793s] Level 1:colcon.colcon_core.package_identification:_identify(.) by extension 'colcon_pkg'
[1.793s] Level 1:colcon.colcon_core.package_identification:_identify(.) by extensions ['colcon_meta']
[1.794s] Level 1:colcon.colcon_core.package_identification:_identify(.) by extension 'colcon_meta'
[1.794s] Level 1:colcon.colcon_core.package_identification:_identify(.) by extensions ['ros']
[1.794s] Level 1:colcon.colcon_core.package_identification:_identify(.) by extension 'ros'
[1.845s] Level 1:colcon.colcon_core.package_identification:_identify(.) by extensions ['cmake', 'python']
[1.845s] Level 1:colcon.colcon_core.package_identification:_identify(.) by extension 'cmake'
[1.845s] Level 1:colcon.colcon_core.package_identification:_identify(.) by extension 'python'
[1.846s] Level 1:colcon.colcon_core.package_identification:_identify(.) by extensions ['python_setup_py']
[1.846s] Level 1:colcon.colcon_core.package_identification:_identify(.) by extension 'python_setup_py'
[1.847s] Level 1:colcon.colcon_core.package_identification:_identify(build) by extensions ['ignore', 'ignore_ament_install']
[1.847s] Level 1:colcon.colcon_core.package_identification:_identify(build) by extension 'ignore'
[1.847s] Level 1:colcon.colcon_core.package_identification:_identify(build) ignored
[1.848s] Level 1:colcon.colcon_core.package_identification:_identify(install) by extensions ['ignore', 'ignore_ament_install']
[1.849s] Level 1:colcon.colcon_core.package_identification:_identify(install) by extension 'ignore'
[1.849s] Level 1:colcon.colcon_core.package_identification:_identify(install) ignored
[1.851s] Level 1:colcon.colcon_core.package_identification:_identify(log) by extensions ['ignore', 'ignore_ament_install']
[1.852s] Level 1:colcon.colcon_core.package_identification:_identify(log) by extension 'ignore'
[1.852s] Level 1:colcon.colcon_core.package_identification:_identify(log) ignored
[1.853s] Level 1:colcon.colcon_core.package_identification:_identify(src) by extensions ['ignore', 'ignore_ament_install']
[1.853s] Level 1:colcon.colcon_core.package_identification:_identify(src) by extension 'ignore'
[1.854s] Level 1:colcon.colcon_core.package_identification:_identify(src) by extension 'ignore_ament_install'
[1.854s] Level 1:colcon.colcon_core.package_identification:_identify(src) by extensions ['colcon_pkg']
[1.854s] Level 1:colcon.colcon_core.package_identification:_identify(src) by extension 'colcon_pkg'
[1.854s] Level 1:colcon.colcon_core.package_identification:_identify(src) by extensions ['colcon_meta']
[1.855s] Level 1:colcon.colcon_core.package_identification:_identify(src) by extension 'colcon_meta'
[1.855s] Level 1:colcon.colcon_core.package_identification:_identify(src) by extensions ['ros']
[1.855s] Level 1:colcon.colcon_core.package_identification:_identify(src) by extension 'ros'
[1.855s] Level 1:colcon.colcon_core.package_identification:_identify(src) by extensions ['cmake', 'python']
[1.856s] Level 1:colcon.colcon_core.package_identification:_identify(src) by extension 'cmake'
[1.856s] Level 1:colcon.colcon_core.package_identification:_identify(src) by extension 'python'
[1.856s] Level 1:colcon.colcon_core.package_identification:_identify(src) by extensions ['python_setup_py']
[1.856s] Level 1:colcon.colcon_core.package_identification:_identify(src) by extension 'python_setup_py'
[1.857s] Level 1:colcon.colcon_core.package_identification:_identify(src/DASH_bringup) by extensions ['ignore', 'ignore_ament_install']
[1.857s] Level 1:colcon.colcon_core.package_identification:_identify(src/DASH_bringup) by extension 'ignore'
[1.858s] Level 1:colcon.colcon_core.package_identification:_identify(src/DASH_bringup) by extension 'ignore_ament_install'
[1.858s] Level 1:colcon.colcon_core.package_identification:_identify(src/DASH_bringup) by extensions ['colcon_pkg']
[1.858s] Level 1:colcon.colcon_core.package_identification:_identify(src/DASH_bringup) by extension 'colcon_pkg'
[1.858s] Level 1:colcon.colcon_core.package_identification:_identify(src/DASH_bringup) by extensions ['colcon_meta']
[1.859s] Level 1:colcon.colcon_core.package_identification:_identify(src/DASH_bringup) by extension 'colcon_meta'
[1.859s] Level 1:colcon.colcon_core.package_identification:_identify(src/DASH_bringup) by extensions ['ros']
[1.859s] Level 1:colcon.colcon_core.package_identification:_identify(src/DASH_bringup) by extension 'ros'
[1.869s] DEBUG:colcon.colcon_core.package_identification:Package 'src/DASH_bringup' with type 'ros.ament_cmake' and name 'DASH_bringup'
[1.870s] Level 1:colcon.colcon_core.package_identification:_identify(src/controller) by extensions ['ignore', 'ignore_ament_install']
[1.870s] Level 1:colcon.colcon_core.package_identification:_identify(src/controller) by extension 'ignore'
[1.871s] Level 1:colcon.colcon_core.package_identification:_identify(src/controller) by extension 'ignore_ament_install'
[1.871s] Level 1:colcon.colcon_core.package_identification:_identify(src/controller) by extensions ['colcon_pkg']
[1.871s] Level 1:colcon.colcon_core.package_identification:_identify(src/controller) by extension 'colcon_pkg'
[1.872s] Level 1:colcon.colcon_core.package_identification:_identify(src/controller) by extensions ['colcon_meta']
[1.872s] Level 1:colcon.colcon_core.package_identification:_identify(src/controller) by extension 'colcon_meta'
[1.872s] Level 1:colcon.colcon_core.package_identification:_identify(src/controller) by extensions ['ros']
[1.873s] Level 1:colcon.colcon_core.package_identification:_identify(src/controller) by extension 'ros'
[1.875s] DEBUG:colcon.colcon_core.package_identification:Package 'src/controller' with type 'ros.ament_python' and name 'controller'
[1.876s] Level 1:colcon.colcon_core.package_identification:_identify(src/cv_subsystem) by extensions ['ignore', 'ignore_ament_install']
[1.883s] Level 1:colcon.colcon_core.package_identification:_identify(src/cv_subsystem) by extension 'ignore'
[1.883s] Level 1:colcon.colcon_core.package_identification:_identify(src/cv_subsystem) by extension 'ignore_ament_install'
[1.884s] Level 1:colcon.colcon_core.package_identification:_identify(src/cv_subsystem) by extensions ['colcon_pkg']
[1.884s] Level 1:colcon.colcon_core.package_identification:_identify(src/cv_subsystem) by extension 'colcon_pkg'
[1.884s] Level 1:colcon.colcon_core.package_identification:_identify(src/cv_subsystem) by extensions ['colcon_meta']
[1.885s] Level 1:colcon.colcon_core.package_identification:_identify(src/cv_subsystem) by extension 'colcon_meta'
[1.885s] Level 1:colcon.colcon_core.package_identification:_identify(src/cv_subsystem) by extensions ['ros']
[1.885s] Level 1:colcon.colcon_core.package_identification:_identify(src/cv_subsystem) by extension 'ros'
[1.888s] DEBUG:colcon.colcon_core.package_identification:Package 'src/cv_subsystem' with type 'ros.ament_python' and name 'cv_subsystem'
[1.889s] Level 1:colcon.colcon_core.package_identification:_identify(src/nlp_subsystem) by extensions ['ignore', 'ignore_ament_install']
[1.889s] Level 1:colcon.colcon_core.package_identification:_identify(src/nlp_subsystem) by extension 'ignore'
[1.890s] Level 1:colcon.colcon_core.package_identification:_identify(src/nlp_subsystem) by extension 'ignore_ament_install'
[1.890s] Level 1:colcon.colcon_core.package_identification:_identify(src/nlp_subsystem) by extensions ['colcon_pkg']
[1.890s] Level 1:colcon.colcon_core.package_identification:_identify(src/nlp_subsystem) by extension 'colcon_pkg'
[1.891s] Level 1:colcon.colcon_core.package_identification:_identify(src/nlp_subsystem) by extensions ['colcon_meta']
[1.891s] Level 1:colcon.colcon_core.package_identification:_identify(src/nlp_subsystem) by extension 'colcon_meta'
[1.891s] Level 1:colcon.colcon_core.package_identification:_identify(src/nlp_subsystem) by extensions ['ros']
[1.892s] Level 1:colcon.colcon_core.package_identification:_identify(src/nlp_subsystem) by extension 'ros'
[1.895s] DEBUG:colcon.colcon_core.package_identification:Package 'src/nlp_subsystem' with type 'ros.ament_python' and name 'nlp_subsystem'
[1.897s] Level 1:colcon.colcon_core.package_identification:_identify(src/robot_interfaces) by extensions ['ignore', 'ignore_ament_install']
[1.898s] Level 1:colcon.colcon_core.package_identification:_identify(src/robot_interfaces) by extension 'ignore'
[1.899s] Level 1:colcon.colcon_core.package_identification:_identify(src/robot_interfaces) by extension 'ignore_ament_install'
[1.899s] Level 1:colcon.colcon_core.package_identification:_identify(src/robot_interfaces) by extensions ['colcon_pkg']
[1.899s] Level 1:colcon.colcon_core.package_identification:_identify(src/robot_interfaces) by extension 'colcon_pkg'
[1.900s] Level 1:colcon.colcon_core.package_identification:_identify(src/robot_interfaces) by extensions ['colcon_meta']
[1.900s] Level 1:colcon.colcon_core.package_identification:_identify(src/robot_interfaces) by extension 'colcon_meta'
[1.900s] Level 1:colcon.colcon_core.package_identification:_identify(src/robot_interfaces) by extensions ['ros']
[1.900s] Level 1:colcon.colcon_core.package_identification:_identify(src/robot_interfaces) by extension 'ros'
[1.904s] DEBUG:colcon.colcon_core.package_identification:Package 'src/robot_interfaces' with type 'ros.ament_cmake' and name 'robot_interfaces'
[1.905s] Level 1:colcon.colcon_core.package_identification:_identify(src/user_interface) by extensions ['ignore', 'ignore_ament_install']
[1.906s] Level 1:colcon.colcon_core.package_identification:_identify(src/user_interface) by extension 'ignore'
[1.906s] Level 1:colcon.colcon_core.package_identification:_identify(src/user_interface) by extension 'ignore_ament_install'
[1.907s] Level 1:colcon.colcon_core.package_identification:_identify(src/user_interface) by extensions ['colcon_pkg']
[1.907s] Level 1:colcon.colcon_core.package_identification:_identify(src/user_interface) by extension 'colcon_pkg'
[1.907s] Level 1:colcon.colcon_core.package_identification:_identify(src/user_interface) by extensions ['colcon_meta']
[1.908s] Level 1:colcon.colcon_core.package_identification:_identify(src/user_interface) by extension 'colcon_meta'
[1.908s] Level 1:colcon.colcon_core.package_identification:_identify(src/user_interface) by extensions ['ros']
[1.909s] Level 1:colcon.colcon_core.package_identification:_identify(src/user_interface) by extension 'ros'
[1.912s] DEBUG:colcon.colcon_core.package_identification:Package 'src/user_interface' with type 'ros.ament_python' and name 'user_interface'
[1.913s] Level 1:colcon.colcon_core.package_discovery:discover_packages(recursive) using defaults
[1.914s] Level 1:colcon.colcon_core.package_discovery:discover_packages(ignore) discover
[1.914s] Level 1:colcon.colcon_core.package_discovery:discover_packages(ignore) using defaults
[1.915s] Level 1:colcon.colcon_core.package_discovery:discover_packages(path) discover
[1.915s] Level 1:colcon.colcon_core.package_discovery:discover_packages(path) using defaults
[2.046s] Level 1:colcon.colcon_core.package_discovery:discover_packages(prefix_path) check parameters
[2.046s] Level 1:colcon.colcon_core.package_discovery:discover_packages(prefix_path) discover
[2.063s] DEBUG:colcon.colcon_installed_package_information.package_discovery:Found 7 installed packages in /home/dash/Desktop/depthai-ros/install
[2.067s] DEBUG:colcon.colcon_installed_package_information.package_discovery:Found 6 installed packages in /home/dash/Desktop/ros_ws/install
[2.078s] DEBUG:colcon.colcon_installed_package_information.package_discovery:Found 296 installed packages in /opt/ros/humble
[2.086s] Level 1:colcon.colcon_core.package_discovery:discover_packages(prefix_path) using defaults
[2.302s] Level 5:colcon.colcon_core.verb:set package 'controller' build argument 'cmake_args' from command line to 'None'
[2.303s] Level 5:colcon.colcon_core.verb:set package 'controller' build argument 'cmake_target' from command line to 'None'
[2.303s] Level 5:colcon.colcon_core.verb:set package 'controller' build argument 'cmake_target_skip_unavailable' from command line to 'False'
[2.303s] Level 5:colcon.colcon_core.verb:set package 'controller' build argument 'cmake_clean_cache' from command line to 'False'
[2.303s] Level 5:colcon.colcon_core.verb:set package 'controller' build argument 'cmake_clean_first' from command line to 'False'
[2.303s] Level 5:colcon.colcon_core.verb:set package 'controller' build argument 'cmake_force_configure' from command line to 'False'
[2.303s] Level 5:colcon.colcon_core.verb:set package 'controller' build argument 'ament_cmake_args' from command line to 'None'
[2.304s] Level 5:colcon.colcon_core.verb:set package 'controller' build argument 'catkin_cmake_args' from command line to 'None'
[2.304s] Level 5:colcon.colcon_core.verb:set package 'controller' build argument 'catkin_skip_building_tests' from command line to 'False'
[2.304s] DEBUG:colcon.colcon_core.verb:Building package 'controller' with the following arguments: {'ament_cmake_args': None, 'build_base': '/home/dash/Desktop/ros_ws/build/controller', 'catkin_cmake_args': None, 'catkin_skip_building_tests': False, 'cmake_args': None, 'cmake_clean_cache': False, 'cmake_clean_first': False, 'cmake_force_configure': False, 'cmake_target': None, 'cmake_target_skip_unavailable': False, 'install_base': '/home/dash/Desktop/ros_ws/install/controller', 'merge_install': False, 'path': '/home/dash/Desktop/ros_ws/src/controller', 'symlink_install': False, 'test_result_base': None}
[2.306s] Level 5:colcon.colcon_core.verb:set package 'cv_subsystem' build argument 'cmake_args' from command line to 'None'
[2.306s] Level 5:colcon.colcon_core.verb:set package 'cv_subsystem' build argument 'cmake_target' from command line to 'None'
[2.306s] Level 5:colcon.colcon_core.verb:set package 'cv_subsystem' build argument 'cmake_target_skip_unavailable' from command line to 'False'
[2.306s] Level 5:colcon.colcon_core.verb:set package 'cv_subsystem' build argument 'cmake_clean_cache' from command line to 'False'
[2.307s] Level 5:colcon.colcon_core.verb:set package 'cv_subsystem' build argument 'cmake_clean_first' from command line to 'False'
[2.307s] Level 5:colcon.colcon_core.verb:set package 'cv_subsystem' build argument 'cmake_force_configure' from command line to 'False'
[2.307s] Level 5:colcon.colcon_core.verb:set package 'cv_subsystem' build argument 'ament_cmake_args' from command line to 'None'
[2.307s] Level 5:colcon.colcon_core.verb:set package 'cv_subsystem' build argument 'catkin_cmake_args' from command line to 'None'
[2.307s] Level 5:colcon.colcon_core.verb:set package 'cv_subsystem' build argument 'catkin_skip_building_tests' from command line to 'False'
[2.307s] DEBUG:colcon.colcon_core.verb:Building package 'cv_subsystem' with the following arguments: {'ament_cmake_args': None, 'build_base': '/home/dash/Desktop/ros_ws/build/cv_subsystem', 'catkin_cmake_args': None, 'catkin_skip_building_tests': False, 'cmake_args': None, 'cmake_clean_cache': False, 'cmake_clean_first': False, 'cmake_force_configure': False, 'cmake_target': None, 'cmake_target_skip_unavailable': False, 'install_base': '/home/dash/Desktop/ros_ws/install/cv_subsystem', 'merge_install': False, 'path': '/home/dash/Desktop/ros_ws/src/cv_subsystem', 'symlink_install': False, 'test_result_base': None}
[2.309s] Level 5:colcon.colcon_core.verb:set package 'nlp_subsystem' build argument 'cmake_args' from command line to 'None'
[2.309s] Level 5:colcon.colcon_core.verb:set package 'nlp_subsystem' build argument 'cmake_target' from command line to 'None'
[2.310s] Level 5:colcon.colcon_core.verb:set package 'nlp_subsystem' build argument 'cmake_target_skip_unavailable' from command line to 'False'
[2.310s] Level 5:colcon.colcon_core.verb:set package 'nlp_subsystem' build argument 'cmake_clean_cache' from command line to 'False'
[2.310s] Level 5:colcon.colcon_core.verb:set package 'nlp_subsystem' build argument 'cmake_clean_first' from command line to 'False'
[2.310s] Level 5:colcon.colcon_core.verb:set package 'nlp_subsystem' build argument 'cmake_force_configure' from command line to 'False'
[2.310s] Level 5:colcon.colcon_core.verb:set package 'nlp_subsystem' build argument 'ament_cmake_args' from command line to 'None'
[2.310s] Level 5:colcon.colcon_core.verb:set package 'nlp_subsystem' build argument 'catkin_cmake_args' from command line to 'None'
[2.310s] Level 5:colcon.colcon_core.verb:set package 'nlp_subsystem' build argument 'catkin_skip_building_tests' from command line to 'False'
[2.310s] DEBUG:colcon.colcon_core.verb:Building package 'nlp_subsystem' with the following arguments: {'ament_cmake_args': None, 'build_base': '/home/dash/Desktop/ros_ws/build/nlp_subsystem', 'catkin_cmake_args': None, 'catkin_skip_building_tests': False, 'cmake_args': None, 'cmake_clean_cache': False, 'cmake_clean_first': False, 'cmake_force_configure': False, 'cmake_target': None, 'cmake_target_skip_unavailable': False, 'install_base': '/home/dash/Desktop/ros_ws/install/nlp_subsystem', 'merge_install': False, 'path': '/home/dash/Desktop/ros_ws/src/nlp_subsystem', 'symlink_install': False, 'test_result_base': None}
[2.312s] Level 5:colcon.colcon_core.verb:set package 'robot_interfaces' build argument 'cmake_args' from command line to 'None'
[2.312s] Level 5:colcon.colcon_core.verb:set package 'robot_interfaces' build argument 'cmake_target' from command line to 'None'
[2.313s] Level 5:colcon.colcon_core.verb:set package 'robot_interfaces' build argument 'cmake_target_skip_unavailable' from command line to 'False'
[2.313s] Level 5:colcon.colcon_core.verb:set package 'robot_interfaces' build argument 'cmake_clean_cache' from command line to 'False'
[2.313s] Level 5:colcon.colcon_core.verb:set package 'robot_interfaces' build argument 'cmake_clean_first' from command line to 'False'
[2.313s] Level 5:colcon.colcon_core.verb:set package 'robot_interfaces' build argument 'cmake_force_configure' from command line to 'False'
[2.313s] Level 5:colcon.colcon_core.verb:set package 'robot_interfaces' build argument 'ament_cmake_args' from command line to 'None'
[2.313s] Level 5:colcon.colcon_core.verb:set package 'robot_interfaces' build argument 'catkin_cmake_args' from command line to 'None'
[2.313s] Level 5:colcon.colcon_core.verb:set package 'robot_interfaces' build argument 'catkin_skip_building_tests' from command line to 'False'
[2.314s] DEBUG:colcon.colcon_core.verb:Building package 'robot_interfaces' with the following arguments: {'ament_cmake_args': None, 'build_base': '/home/dash/Desktop/ros_ws/build/robot_interfaces', 'catkin_cmake_args': None, 'catkin_skip_building_tests': False, 'cmake_args': None, 'cmake_clean_cache': False, 'cmake_clean_first': False, 'cmake_force_configure': False, 'cmake_target': None, 'cmake_target_skip_unavailable': False, 'install_base': '/home/dash/Desktop/ros_ws/install/robot_interfaces', 'merge_install': False, 'path': '/home/dash/Desktop/ros_ws/src/robot_interfaces', 'symlink_install': False, 'test_result_base': None}
[2.315s] Level 5:colcon.colcon_core.verb:set package 'user_interface' build argument 'cmake_args' from command line to 'None'
[2.316s] Level 5:colcon.colcon_core.verb:set package 'user_interface' build argument 'cmake_target' from command line to 'None'
[2.316s] Level 5:colcon.colcon_core.verb:set package 'user_interface' build argument 'cmake_target_skip_unavailable' from command line to 'False'
[2.316s] Level 5:colcon.colcon_core.verb:set package 'user_interface' build argument 'cmake_clean_cache' from command line to 'False'
[2.316s] Level 5:colcon.colcon_core.verb:set package 'user_interface' build argument 'cmake_clean_first' from command line to 'False'
[2.316s] Level 5:colcon.colcon_core.verb:set package 'user_interface' build argument 'cmake_force_configure' from command line to 'False'
[2.316s] Level 5:colcon.colcon_core.verb:set package 'user_interface' build argument 'ament_cmake_args' from command line to 'None'
[2.316s] Level 5:colcon.colcon_core.verb:set package 'user_interface' build argument 'catkin_cmake_args' from command line to 'None'
[2.317s] Level 5:colcon.colcon_core.verb:set package 'user_interface' build argument 'catkin_skip_building_tests' from command line to 'False'
[2.317s] DEBUG:colcon.colcon_core.verb:Building package 'user_interface' with the following arguments: {'ament_cmake_args': None, 'build_base': '/home/dash/Desktop/ros_ws/build/user_interface', 'catkin_cmake_args': None, 'catkin_skip_building_tests': False, 'cmake_args': None, 'cmake_clean_cache': False, 'cmake_clean_first': False, 'cmake_force_configure': False, 'cmake_target': None, 'cmake_target_skip_unavailable': False, 'install_base': '/home/dash/Desktop/ros_ws/install/user_interface', 'merge_install': False, 'path': '/home/dash/Desktop/ros_ws/src/user_interface', 'symlink_install': False, 'test_result_base': None}
[2.318s] Level 5:colcon.colcon_core.verb:set package 'DASH_bringup' build argument 'cmake_args' from command line to 'None'
[2.319s] Level 5:colcon.colcon_core.verb:set package 'DASH_bringup' build argument 'cmake_target' from command line to 'None'
[2.319s] Level 5:colcon.colcon_core.verb:set package 'DASH_bringup' build argument 'cmake_target_skip_unavailable' from command line to 'False'
[2.319s] Level 5:colcon.colcon_core.verb:set package 'DASH_bringup' build argument 'cmake_clean_cache' from command line to 'False'
[2.319s] Level 5:colcon.colcon_core.verb:set package 'DASH_bringup' build argument 'cmake_clean_first' from command line to 'False'
[2.319s] Level 5:colcon.colcon_core.verb:set package 'DASH_bringup' build argument 'cmake_force_configure' from command line to 'False'
[2.319s] Level 5:colcon.colcon_core.verb:set package 'DASH_bringup' build argument 'ament_cmake_args' from command line to 'None'
[2.320s] Level 5:colcon.colcon_core.verb:set package 'DASH_bringup' build argument 'catkin_cmake_args' from command line to 'None'
[2.320s] Level 5:colcon.colcon_core.verb:set package 'DASH_bringup' build argument 'catkin_skip_building_tests' from command line to 'False'
[2.320s] DEBUG:colcon.colcon_core.verb:Building package 'DASH_bringup' with the following arguments: {'ament_cmake_args': None, 'build_base': '/home/dash/Desktop/ros_ws/build/DASH_bringup', 'catkin_cmake_args': None, 'catkin_skip_building_tests': False, 'cmake_args': None, 'cmake_clean_cache': False, 'cmake_clean_first': False, 'cmake_force_configure': False, 'cmake_target': None, 'cmake_target_skip_unavailable': False, 'install_base': '/home/dash/Desktop/ros_ws/install/DASH_bringup', 'merge_install': False, 'path': '/home/dash/Desktop/ros_ws/src/DASH_bringup', 'symlink_install': False, 'test_result_base': None}
[2.321s] INFO:colcon.colcon_core.executor:Executing jobs using 'parallel' executor
[2.325s] DEBUG:colcon.colcon_parallel_executor.executor.parallel:run_until_complete
[2.326s] INFO:colcon.colcon_ros.task.ament_python.build:Building ROS package in '/home/dash/Desktop/ros_ws/src/controller' with build type 'ament_python'
[2.327s] Level 1:colcon.colcon_core.shell:create_environment_hook('controller', 'ament_prefix_path')
[2.340s] INFO:colcon.colcon_core.plugin_system:Skipping extension 'colcon_core.shell.bat': Not used on non-Windows systems
[2.341s] INFO:colcon.colcon_core.shell:Creating environment hook '/home/dash/Desktop/ros_ws/install/controller/share/controller/hook/ament_prefix_path.ps1'
[2.346s] INFO:colcon.colcon_core.shell:Creating environment descriptor '/home/dash/Desktop/ros_ws/install/controller/share/controller/hook/ament_prefix_path.dsv'
[2.350s] INFO:colcon.colcon_core.shell:Creating environment hook '/home/dash/Desktop/ros_ws/install/controller/share/controller/hook/ament_prefix_path.sh'
[2.354s] INFO:colcon.colcon_core.shell:Skip shell extension 'powershell' for command environment: Not usable outside of PowerShell
[2.354s] DEBUG:colcon.colcon_core.shell:Skip shell extension 'dsv' for command environment
[2.387s] INFO:colcon.colcon_ros.task.ament_python.build:Building ROS package in '/home/dash/Desktop/ros_ws/src/cv_subsystem' with build type 'ament_python'
[2.388s] Level 1:colcon.colcon_core.shell:create_environment_hook('cv_subsystem', 'ament_prefix_path')
[2.389s] INFO:colcon.colcon_core.shell:Creating environment hook '/home/dash/Desktop/ros_ws/install/cv_subsystem/share/cv_subsystem/hook/ament_prefix_path.ps1'
[2.392s] INFO:colcon.colcon_core.shell:Creating environment descriptor '/home/dash/Desktop/ros_ws/install/cv_subsystem/share/cv_subsystem/hook/ament_prefix_path.dsv'
[2.395s] INFO:colcon.colcon_core.shell:Creating environment hook '/home/dash/Desktop/ros_ws/install/cv_subsystem/share/cv_subsystem/hook/ament_prefix_path.sh'
[2.398s] INFO:colcon.colcon_core.shell:Skip shell extension 'powershell' for command environment: Not usable outside of PowerShell
[2.399s] DEBUG:colcon.colcon_core.shell:Skip shell extension 'dsv' for command environment
[2.440s] INFO:colcon.colcon_ros.task.ament_python.build:Building ROS package in '/home/dash/Desktop/ros_ws/src/nlp_subsystem' with build type 'ament_python'
[2.441s] Level 1:colcon.colcon_core.shell:create_environment_hook('nlp_subsystem', 'ament_prefix_path')
[2.444s] INFO:colcon.colcon_core.shell:Creating environment hook '/home/dash/Desktop/ros_ws/install/nlp_subsystem/share/nlp_subsystem/hook/ament_prefix_path.ps1'
[2.447s] INFO:colcon.colcon_core.shell:Creating environment descriptor '/home/dash/Desktop/ros_ws/install/nlp_subsystem/share/nlp_subsystem/hook/ament_prefix_path.dsv'
[2.450s] INFO:colcon.colcon_core.shell:Creating environment hook '/home/dash/Desktop/ros_ws/install/nlp_subsystem/share/nlp_subsystem/hook/ament_prefix_path.sh'
[2.455s] INFO:colcon.colcon_core.shell:Skip shell extension 'powershell' for command environment: Not usable outside of PowerShell
[2.455s] DEBUG:colcon.colcon_core.shell:Skip shell extension 'dsv' for command environment
[2.493s] INFO:colcon.colcon_ros.task.ament_cmake.build:Building ROS package in '/home/dash/Desktop/ros_ws/src/robot_interfaces' with build type 'ament_cmake'
[2.494s] INFO:colcon.colcon_cmake.task.cmake.build:Building CMake package in '/home/dash/Desktop/ros_ws/src/robot_interfaces'
[2.496s] INFO:colcon.colcon_core.shell:Skip shell extension 'powershell' for command environment: Not usable outside of PowerShell
[2.497s] DEBUG:colcon.colcon_core.shell:Skip shell extension 'dsv' for command environment
[4.367s] INFO:colcon.colcon_core.task.python.build:Building Python package in '/home/dash/Desktop/ros_ws/src/controller'
[5.148s] INFO:colcon.colcon_core.shell:Skip shell extension 'powershell' for command environment: Not usable outside of PowerShell
[5.149s] DEBUG:colcon.colcon_core.shell:Skip shell extension 'dsv' for command environment
[6.952s] INFO:colcon.colcon_core.task.python.build:Building Python package in '/home/dash/Desktop/ros_ws/src/cv_subsystem'
[6.954s] INFO:colcon.colcon_core.shell:Skip shell extension 'powershell' for command environment: Not usable outside of PowerShell
[6.954s] DEBUG:colcon.colcon_core.shell:Skip shell extension 'dsv' for command environment
[8.798s] INFO:colcon.colcon_core.task.python.build:Building Python package in '/home/dash/Desktop/ros_ws/src/nlp_subsystem'
[8.799s] INFO:colcon.colcon_core.shell:Skip shell extension 'powershell' for command environment: Not usable outside of PowerShell
[8.799s] DEBUG:colcon.colcon_core.shell:Skip shell extension 'dsv' for command environment
[8.878s] DEBUG:colcon.colcon_core.event_handler.log_command:Invoking command in '/home/dash/Desktop/ros_ws/build/robot_interfaces': CMAKE_PREFIX_PATH=${CMAKE_PREFIX_PATH}:/home/dash/Desktop/ros_ws/install/user_interface:/home/dash/Desktop/ros_ws/install/nlp_subsystem:/home/dash/Desktop/ros_ws/install/cv_subsystem:/home/dash/Desktop/ros_ws/install/controller:/opt/ros/humble /usr/bin/cmake --build /home/dash/Desktop/ros_ws/build/robot_interfaces -- -j4 -l4
[12.987s] DEBUG:colcon.colcon_core.event_handler.log_command:Invoking command in '/home/dash/Desktop/ros_ws/src/controller': PYTHONPATH=/home/dash/Desktop/ros_ws/build/controller/prefix_override:/home/dash/Desktop/ros_ws/install/controller/lib/python3.10/site-packages:${PYTHONPATH} /usr/bin/python3 -W ignore:setup.py install is deprecated setup.py egg_info --egg-base ../../build/controller build --build-base /home/dash/Desktop/ros_ws/build/controller/build install --record /home/dash/Desktop/ros_ws/build/controller/install.log --single-version-externally-managed install_data
[13.895s] DEBUG:colcon.colcon_core.event_handler.log_command:Invoking command in '/home/dash/Desktop/ros_ws/src/cv_subsystem': PYTHONPATH=/home/dash/Desktop/ros_ws/build/cv_subsystem/prefix_override:/home/dash/Desktop/ros_ws/install/cv_subsystem/lib/python3.10/site-packages:${PYTHONPATH} /usr/bin/python3 -W ignore:setup.py install is deprecated setup.py egg_info --egg-base ../../build/cv_subsystem build --build-base /home/dash/Desktop/ros_ws/build/cv_subsystem/build install --record /home/dash/Desktop/ros_ws/build/cv_subsystem/install.log --single-version-externally-managed install_data
[13.921s] DEBUG:colcon.colcon_core.event_handler.log_command:Invoking command in '/home/dash/Desktop/ros_ws/src/nlp_subsystem': PYTHONPATH=/home/dash/Desktop/ros_ws/build/nlp_subsystem/prefix_override:/home/dash/Desktop/ros_ws/install/nlp_subsystem/lib/python3.10/site-packages:${PYTHONPATH} /usr/bin/python3 -W ignore:setup.py install is deprecated setup.py egg_info --egg-base ../../build/nlp_subsystem build --build-base /home/dash/Desktop/ros_ws/build/nlp_subsystem/build install --record /home/dash/Desktop/ros_ws/build/nlp_subsystem/install.log --single-version-externally-managed install_data
[14.914s] DEBUG:colcon.colcon_core.event_handler.log_command:Invoked command in '/home/dash/Desktop/ros_ws/build/robot_interfaces' returned '0': CMAKE_PREFIX_PATH=${CMAKE_PREFIX_PATH}:/home/dash/Desktop/ros_ws/install/user_interface:/home/dash/Desktop/ros_ws/install/nlp_subsystem:/home/dash/Desktop/ros_ws/install/cv_subsystem:/home/dash/Desktop/ros_ws/install/controller:/opt/ros/humble /usr/bin/cmake --build /home/dash/Desktop/ros_ws/build/robot_interfaces -- -j4 -l4
[16.718s] DEBUG:colcon.colcon_core.event_handler.log_command:Invoked command in '/home/dash/Desktop/ros_ws/src/controller' returned '0': PYTHONPATH=/home/dash/Desktop/ros_ws/build/controller/prefix_override:/home/dash/Desktop/ros_ws/install/controller/lib/python3.10/site-packages:${PYTHONPATH} /usr/bin/python3 -W ignore:setup.py install is deprecated setup.py egg_info --egg-base ../../build/controller build --build-base /home/dash/Desktop/ros_ws/build/controller/build install --record /home/dash/Desktop/ros_ws/build/controller/install.log --single-version-externally-managed install_data
[16.755s] Level 1:colcon.colcon_core.environment:checking '/home/dash/Desktop/ros_ws/install/controller' for CMake module files
[16.766s] Level 1:colcon.colcon_core.environment:checking '/home/dash/Desktop/ros_ws/install/controller' for CMake config files
[16.778s] Level 1:colcon.colcon_core.environment:checking '/home/dash/Desktop/ros_ws/install/controller/lib'
[16.786s] Level 1:colcon.colcon_core.environment:checking '/home/dash/Desktop/ros_ws/install/controller/bin'
[16.788s] Level 1:colcon.colcon_core.environment:checking '/home/dash/Desktop/ros_ws/install/controller/lib/pkgconfig/controller.pc'
[16.824s] Level 1:colcon.colcon_core.environment:checking '/home/dash/Desktop/ros_ws/install/controller/lib/python3.10/site-packages'
[16.827s] Level 1:colcon.colcon_core.shell:create_environment_hook('controller', 'pythonpath')
[16.830s] INFO:colcon.colcon_core.shell:Creating environment hook '/home/dash/Desktop/ros_ws/install/controller/share/controller/hook/pythonpath.ps1'
[16.852s] INFO:colcon.colcon_core.shell:Creating environment descriptor '/home/dash/Desktop/ros_ws/install/controller/share/controller/hook/pythonpath.dsv'
[16.861s] INFO:colcon.colcon_core.shell:Creating environment hook '/home/dash/Desktop/ros_ws/install/controller/share/controller/hook/pythonpath.sh'
[16.875s] Level 1:colcon.colcon_core.environment:checking '/home/dash/Desktop/ros_ws/install/controller/bin'
[16.885s] Level 1:colcon.colcon_core.environment:create_environment_scripts_only(controller)
[16.889s] INFO:colcon.colcon_core.shell:Creating package script '/home/dash/Desktop/ros_ws/install/controller/share/controller/package.ps1'
[16.922s] INFO:colcon.colcon_core.shell:Creating package descriptor '/home/dash/Desktop/ros_ws/install/controller/share/controller/package.dsv'
[16.933s] INFO:colcon.colcon_core.shell:Creating package script '/home/dash/Desktop/ros_ws/install/controller/share/controller/package.sh'
[16.940s] INFO:colcon.colcon_core.shell:Creating package script '/home/dash/Desktop/ros_ws/install/controller/share/controller/package.bash'
[16.947s] INFO:colcon.colcon_core.shell:Creating package script '/home/dash/Desktop/ros_ws/install/controller/share/controller/package.zsh'
[16.952s] Level 1:colcon.colcon_core.environment:create_file_with_runtime_dependencies(/home/dash/Desktop/ros_ws/install/controller/share/colcon-core/packages/controller)
[16.964s] INFO:colcon.colcon_ros.task.ament_python.build:Building ROS package in '/home/dash/Desktop/ros_ws/src/user_interface' with build type 'ament_python'
[16.967s] Level 1:colcon.colcon_core.shell:create_environment_hook('user_interface', 'ament_prefix_path')
[16.970s] INFO:colcon.colcon_core.shell:Creating environment hook '/home/dash/Desktop/ros_ws/install/user_interface/share/user_interface/hook/ament_prefix_path.ps1'
[16.976s] INFO:colcon.colcon_core.shell:Creating environment descriptor '/home/dash/Desktop/ros_ws/install/user_interface/share/user_interface/hook/ament_prefix_path.dsv'
[16.984s] INFO:colcon.colcon_core.shell:Creating environment hook '/home/dash/Desktop/ros_ws/install/user_interface/share/user_interface/hook/ament_prefix_path.sh'
[16.991s] INFO:colcon.colcon_core.shell:Skip shell extension 'powershell' for command environment: Not usable outside of PowerShell
[16.991s] DEBUG:colcon.colcon_core.shell:Skip shell extension 'dsv' for command environment
[17.139s] DEBUG:colcon.colcon_core.event_handler.log_command:Invoking command in '/home/dash/Desktop/ros_ws/build/robot_interfaces': CMAKE_PREFIX_PATH=${CMAKE_PREFIX_PATH}:/home/dash/Desktop/ros_ws/install/user_interface:/home/dash/Desktop/ros_ws/install/nlp_subsystem:/home/dash/Desktop/ros_ws/install/cv_subsystem:/home/dash/Desktop/ros_ws/install/controller:/opt/ros/humble /usr/bin/cmake --install /home/dash/Desktop/ros_ws/build/robot_interfaces
[17.162s] Level 1:colcon.colcon_core.environment:checking '/home/dash/Desktop/ros_ws/install/cv_subsystem' for CMake module files
[17.173s] DEBUG:colcon.colcon_core.event_handler.log_command:Invoked command in '/home/dash/Desktop/ros_ws/src/cv_subsystem' returned '0': PYTHONPATH=/home/dash/Desktop/ros_ws/build/cv_subsystem/prefix_override:/home/dash/Desktop/ros_ws/install/cv_subsystem/lib/python3.10/site-packages:${PYTHONPATH} /usr/bin/python3 -W ignore:setup.py install is deprecated setup.py egg_info --egg-base ../../build/cv_subsystem build --build-base /home/dash/Desktop/ros_ws/build/cv_subsystem/build install --record /home/dash/Desktop/ros_ws/build/cv_subsystem/install.log --single-version-externally-managed install_data
[17.179s] Level 1:colcon.colcon_core.environment:checking '/home/dash/Desktop/ros_ws/install/cv_subsystem' for CMake config files
[17.200s] Level 1:colcon.colcon_core.environment:checking '/home/dash/Desktop/ros_ws/install/cv_subsystem/lib'
[17.201s] Level 1:colcon.colcon_core.environment:checking '/home/dash/Desktop/ros_ws/install/cv_subsystem/bin'
[17.215s] Level 1:colcon.colcon_core.environment:checking '/home/dash/Desktop/ros_ws/install/cv_subsystem/lib/pkgconfig/cv_subsystem.pc'
[17.219s] Level 1:colcon.colcon_core.environment:checking '/home/dash/Desktop/ros_ws/install/cv_subsystem/lib/python3.10/site-packages'
[17.220s] Level 1:colcon.colcon_core.shell:create_environment_hook('cv_subsystem', 'pythonpath')
[17.222s] INFO:colcon.colcon_core.shell:Creating environment hook '/home/dash/Desktop/ros_ws/install/cv_subsystem/share/cv_subsystem/hook/pythonpath.ps1'
[17.237s] INFO:colcon.colcon_core.shell:Creating environment descriptor '/home/dash/Desktop/ros_ws/install/cv_subsystem/share/cv_subsystem/hook/pythonpath.dsv'
[17.271s] INFO:colcon.colcon_core.shell:Creating environment hook '/home/dash/Desktop/ros_ws/install/cv_subsystem/share/cv_subsystem/hook/pythonpath.sh'
[17.278s] Level 1:colcon.colcon_core.environment:checking '/home/dash/Desktop/ros_ws/install/cv_subsystem/bin'
[17.282s] Level 1:colcon.colcon_core.environment:create_environment_scripts_only(cv_subsystem)
[17.284s] INFO:colcon.colcon_core.shell:Creating package script '/home/dash/Desktop/ros_ws/install/cv_subsystem/share/cv_subsystem/package.ps1'
[17.295s] INFO:colcon.colcon_core.shell:Creating package descriptor '/home/dash/Desktop/ros_ws/install/cv_subsystem/share/cv_subsystem/package.dsv'
[17.312s] INFO:colcon.colcon_core.shell:Creating package script '/home/dash/Desktop/ros_ws/install/cv_subsystem/share/cv_subsystem/package.sh'
[17.318s] INFO:colcon.colcon_core.shell:Creating package script '/home/dash/Desktop/ros_ws/install/cv_subsystem/share/cv_subsystem/package.bash'
[17.327s] INFO:colcon.colcon_core.shell:Creating package script '/home/dash/Desktop/ros_ws/install/cv_subsystem/share/cv_subsystem/package.zsh'
[17.334s] Level 1:colcon.colcon_core.environment:create_file_with_runtime_dependencies(/home/dash/Desktop/ros_ws/install/cv_subsystem/share/colcon-core/packages/cv_subsystem)
[19.401s] INFO:colcon.colcon_core.task.python.build:Building Python package in '/home/dash/Desktop/ros_ws/src/user_interface'
[19.403s] INFO:colcon.colcon_core.shell:Skip shell extension 'powershell' for command environment: Not usable outside of PowerShell
[19.404s] DEBUG:colcon.colcon_core.shell:Skip shell extension 'dsv' for command environment
[19.438s] Level 1:colcon.colcon_core.environment:checking '/home/dash/Desktop/ros_ws/install/nlp_subsystem' for CMake module files
[19.441s] DEBUG:colcon.colcon_core.event_handler.log_command:Invoked command in '/home/dash/Desktop/ros_ws/src/nlp_subsystem' returned '0': PYTHONPATH=/home/dash/Desktop/ros_ws/build/nlp_subsystem/prefix_override:/home/dash/Desktop/ros_ws/install/nlp_subsystem/lib/python3.10/site-packages:${PYTHONPATH} /usr/bin/python3 -W ignore:setup.py install is deprecated setup.py egg_info --egg-base ../../build/nlp_subsystem build --build-base /home/dash/Desktop/ros_ws/build/nlp_subsystem/build install --record /home/dash/Desktop/ros_ws/build/nlp_subsystem/install.log --single-version-externally-managed install_data
[19.444s] Level 1:colcon.colcon_core.environment:checking '/home/dash/Desktop/ros_ws/install/nlp_subsystem' for CMake config files
[19.449s] Level 1:colcon.colcon_core.environment:checking '/home/dash/Desktop/ros_ws/install/nlp_subsystem/lib'
[19.449s] Level 1:colcon.colcon_core.environment:checking '/home/dash/Desktop/ros_ws/install/nlp_subsystem/bin'
[19.450s] Level 1:colcon.colcon_core.environment:checking '/home/dash/Desktop/ros_ws/install/nlp_subsystem/lib/pkgconfig/nlp_subsystem.pc'
[19.451s] Level 1:colcon.colcon_core.environment:checking '/home/dash/Desktop/ros_ws/install/nlp_subsystem/lib/python3.10/site-packages'
[19.451s] Level 1:colcon.colcon_core.shell:create_environment_hook('nlp_subsystem', 'pythonpath')
[19.452s] INFO:colcon.colcon_core.shell:Creating environment hook '/home/dash/Desktop/ros_ws/install/nlp_subsystem/share/nlp_subsystem/hook/pythonpath.ps1'
[19.455s] INFO:colcon.colcon_core.shell:Creating environment descriptor '/home/dash/Desktop/ros_ws/install/nlp_subsystem/share/nlp_subsystem/hook/pythonpath.dsv'
[19.457s] INFO:colcon.colcon_core.shell:Creating environment hook '/home/dash/Desktop/ros_ws/install/nlp_subsystem/share/nlp_subsystem/hook/pythonpath.sh'
[19.460s] Level 1:colcon.colcon_core.environment:checking '/home/dash/Desktop/ros_ws/install/nlp_subsystem/bin'
[19.460s] Level 1:colcon.colcon_core.environment:create_environment_scripts_only(nlp_subsystem)
[19.462s] INFO:colcon.colcon_core.shell:Creating package script '/home/dash/Desktop/ros_ws/install/nlp_subsystem/share/nlp_subsystem/package.ps1'
[19.465s] INFO:colcon.colcon_core.shell:Creating package descriptor '/home/dash/Desktop/ros_ws/install/nlp_subsystem/share/nlp_subsystem/package.dsv'
[19.467s] INFO:colcon.colcon_core.shell:Creating package script '/home/dash/Desktop/ros_ws/install/nlp_subsystem/share/nlp_subsystem/package.sh'
[19.470s] INFO:colcon.colcon_core.shell:Creating package script '/home/dash/Desktop/ros_ws/install/nlp_subsystem/share/nlp_subsystem/package.bash'
[19.472s] INFO:colcon.colcon_core.shell:Creating package script '/home/dash/Desktop/ros_ws/install/nlp_subsystem/share/nlp_subsystem/package.zsh'
[19.474s] Level 1:colcon.colcon_core.environment:create_file_with_runtime_dependencies(/home/dash/Desktop/ros_ws/install/nlp_subsystem/share/colcon-core/packages/nlp_subsystem)
[19.479s] INFO:colcon.colcon_ros.task.ament_cmake.build:Building ROS package in '/home/dash/Desktop/ros_ws/src/DASH_bringup' with build type 'ament_cmake'
[19.479s] INFO:colcon.colcon_cmake.task.cmake.build:Building CMake package in '/home/dash/Desktop/ros_ws/src/DASH_bringup'
[19.481s] INFO:colcon.colcon_core.shell:Skip shell extension 'powershell' for command environment: Not usable outside of PowerShell
[19.481s] DEBUG:colcon.colcon_core.shell:Skip shell extension 'dsv' for command environment
[19.520s] Level 1:colcon.colcon_core.environment:create_environment_scripts_only(robot_interfaces)
[19.522s] Level 1:colcon.colcon_core.environment:checking '/home/dash/Desktop/ros_ws/install/robot_interfaces' for CMake module files
[19.525s] DEBUG:colcon.colcon_core.event_handler.log_command:Invoked command in '/home/dash/Desktop/ros_ws/build/robot_interfaces' returned '0': CMAKE_PREFIX_PATH=${CMAKE_PREFIX_PATH}:/home/dash/Desktop/ros_ws/install/user_interface:/home/dash/Desktop/ros_ws/install/nlp_subsystem:/home/dash/Desktop/ros_ws/install/cv_subsystem:/home/dash/Desktop/ros_ws/install/controller:/opt/ros/humble /usr/bin/cmake --install /home/dash/Desktop/ros_ws/build/robot_interfaces
[19.530s] Level 1:colcon.colcon_core.environment:checking '/home/dash/Desktop/ros_ws/install/robot_interfaces' for CMake config files
[19.534s] Level 1:colcon.colcon_core.shell:create_environment_hook('robot_interfaces', 'cmake_prefix_path')
[19.537s] INFO:colcon.colcon_core.shell:Creating environment hook '/home/dash/Desktop/ros_ws/install/robot_interfaces/share/robot_interfaces/hook/cmake_prefix_path.ps1'
[19.539s] INFO:colcon.colcon_core.shell:Creating environment descriptor '/home/dash/Desktop/ros_ws/install/robot_interfaces/share/robot_interfaces/hook/cmake_prefix_path.dsv'
[19.542s] INFO:colcon.colcon_core.shell:Creating environment hook '/home/dash/Desktop/ros_ws/install/robot_interfaces/share/robot_interfaces/hook/cmake_prefix_path.sh'
[19.548s] Level 1:colcon.colcon_core.environment:checking '/home/dash/Desktop/ros_ws/install/robot_interfaces/lib'
[19.549s] Level 1:colcon.colcon_core.shell:create_environment_hook('robot_interfaces', 'ld_library_path_lib')
[19.550s] INFO:colcon.colcon_core.shell:Creating environment hook '/home/dash/Desktop/ros_ws/install/robot_interfaces/share/robot_interfaces/hook/ld_library_path_lib.ps1'
[19.553s] INFO:colcon.colcon_core.shell:Creating environment descriptor '/home/dash/Desktop/ros_ws/install/robot_interfaces/share/robot_interfaces/hook/ld_library_path_lib.dsv'
[19.555s] INFO:colcon.colcon_core.shell:Creating environment hook '/home/dash/Desktop/ros_ws/install/robot_interfaces/share/robot_interfaces/hook/ld_library_path_lib.sh'
[19.558s] Level 1:colcon.colcon_core.environment:checking '/home/dash/Desktop/ros_ws/install/robot_interfaces/bin'
[19.559s] Level 1:colcon.colcon_core.environment:checking '/home/dash/Desktop/ros_ws/install/robot_interfaces/lib/pkgconfig/robot_interfaces.pc'
[19.560s] Level 1:colcon.colcon_core.environment:checking '/home/dash/Desktop/ros_ws/install/robot_interfaces/lib/python3.10/site-packages'
[19.562s] Level 1:colcon.colcon_core.environment:checking '/home/dash/Desktop/ros_ws/install/robot_interfaces/bin'
[19.564s] INFO:colcon.colcon_core.shell:Creating package script '/home/dash/Desktop/ros_ws/install/robot_interfaces/share/robot_interfaces/package.ps1'
[19.567s] INFO:colcon.colcon_core.shell:Creating package descriptor '/home/dash/Desktop/ros_ws/install/robot_interfaces/share/robot_interfaces/package.dsv'
[19.572s] INFO:colcon.colcon_core.shell:Creating package script '/home/dash/Desktop/ros_ws/install/robot_interfaces/share/robot_interfaces/package.sh'
[19.575s] INFO:colcon.colcon_core.shell:Creating package script '/home/dash/Desktop/ros_ws/install/robot_interfaces/share/robot_interfaces/package.bash'
[19.577s] INFO:colcon.colcon_core.shell:Creating package script '/home/dash/Desktop/ros_ws/install/robot_interfaces/share/robot_interfaces/package.zsh'
[19.580s] Level 1:colcon.colcon_core.environment:create_file_with_runtime_dependencies(/home/dash/Desktop/ros_ws/install/robot_interfaces/share/colcon-core/packages/robot_interfaces)
[19.626s] DEBUG:colcon.colcon_core.event_handler.log_command:Invoking command in '/home/dash/Desktop/ros_ws/build/DASH_bringup': AMENT_PREFIX_PATH=/home/dash/Desktop/ros_ws/install/nlp_subsystem:/home/dash/Desktop/ros_ws/install/cv_subsystem:/home/dash/Desktop/ros_ws/install/controller:/home/dash/Desktop/ros_ws/install/user_interface:/home/dash/Desktop/ros_ws/install/robot_interfaces:/home/dash/Desktop/ros_ws/install/DASH_bringup:/home/dash/Desktop/depthai-ros/install/depthai-ros:/home/dash/Desktop/depthai-ros/install/depthai_ros_driver:/home/dash/Desktop/depthai-ros/install/depthai_filters:/home/dash/Desktop/depthai-ros/install/depthai_examples:/home/dash/Desktop/depthai-ros/install/depthai_bridge:/home/dash/Desktop/depthai-ros/install/depthai_ros_msgs:/home/dash/Desktop/depthai-ros/install/depthai_descriptions:/opt/ros/humble CMAKE_PREFIX_PATH=${CMAKE_PREFIX_PATH}:/home/dash/Desktop/ros_ws/install/user_interface:/home/dash/Desktop/ros_ws/install/nlp_subsystem:/home/dash/Desktop/ros_ws/install/cv_subsystem:/home/dash/Desktop/ros_ws/install/controller:/opt/ros/humble PYTHONPATH=/home/dash/Desktop/ros_ws/install/nlp_subsystem/lib/python3.10/site-packages:/home/dash/Desktop/ros_ws/install/cv_subsystem/lib/python3.10/site-packages:/home/dash/Desktop/ros_ws/install/controller/lib/python3.10/site-packages:/home/dash/Desktop/ros_ws/install/user_interface/lib/python3.10/site-packages:/home/dash/Desktop/ros_ws/install/robot_interfaces/local/lib/python3.10/dist-packages:/home/dash/Desktop/depthai-ros/install/depthai_ros_driver/local/lib/python3.10/dist-packages:/home/dash/Desktop/depthai-ros/install/depthai_ros_msgs/local/lib/python3.10/dist-packages:/opt/ros/humble/lib/python3.10/site-packages:/opt/ros/humble/local/lib/python3.10/dist-packages /usr/bin/cmake --build /home/dash/Desktop/ros_ws/build/DASH_bringup -- -j4 -l4
[19.935s] DEBUG:colcon.colcon_core.event_handler.log_command:Invoked command in '/home/dash/Desktop/ros_ws/build/DASH_bringup' returned '0': AMENT_PREFIX_PATH=/home/dash/Desktop/ros_ws/install/nlp_subsystem:/home/dash/Desktop/ros_ws/install/cv_subsystem:/home/dash/Desktop/ros_ws/install/controller:/home/dash/Desktop/ros_ws/install/user_interface:/home/dash/Desktop/ros_ws/install/robot_interfaces:/home/dash/Desktop/ros_ws/install/DASH_bringup:/home/dash/Desktop/depthai-ros/install/depthai-ros:/home/dash/Desktop/depthai-ros/install/depthai_ros_driver:/home/dash/Desktop/depthai-ros/install/depthai_filters:/home/dash/Desktop/depthai-ros/install/depthai_examples:/home/dash/Desktop/depthai-ros/install/depthai_bridge:/home/dash/Desktop/depthai-ros/install/depthai_ros_msgs:/home/dash/Desktop/depthai-ros/install/depthai_descriptions:/opt/ros/humble CMAKE_PREFIX_PATH=${CMAKE_PREFIX_PATH}:/home/dash/Desktop/ros_ws/install/user_interface:/home/dash/Desktop/ros_ws/install/nlp_subsystem:/home/dash/Desktop/ros_ws/install/cv_subsystem:/home/dash/Desktop/ros_ws/install/controller:/opt/ros/humble PYTHONPATH=/home/dash/Desktop/ros_ws/install/nlp_subsystem/lib/python3.10/site-packages:/home/dash/Desktop/ros_ws/install/cv_subsystem/lib/python3.10/site-packages:/home/dash/Desktop/ros_ws/install/controller/lib/python3.10/site-packages:/home/dash/Desktop/ros_ws/install/user_interface/lib/python3.10/site-packages:/home/dash/Desktop/ros_ws/install/robot_interfaces/local/lib/python3.10/dist-packages:/home/dash/Desktop/depthai-ros/install/depthai_ros_driver/local/lib/python3.10/dist-packages:/home/dash/Desktop/depthai-ros/install/depthai_ros_msgs/local/lib/python3.10/dist-packages:/opt/ros/humble/lib/python3.10/site-packages:/opt/ros/humble/local/lib/python3.10/dist-packages /usr/bin/cmake --build /home/dash/Desktop/ros_ws/build/DASH_bringup -- -j4 -l4
[20.141s] DEBUG:colcon.colcon_core.event_handler.log_command:Invoking command in '/home/dash/Desktop/ros_ws/build/DASH_bringup': AMENT_PREFIX_PATH=/home/dash/Desktop/ros_ws/install/nlp_subsystem:/home/dash/Desktop/ros_ws/install/cv_subsystem:/home/dash/Desktop/ros_ws/install/controller:/home/dash/Desktop/ros_ws/install/user_interface:/home/dash/Desktop/ros_ws/install/robot_interfaces:/home/dash/Desktop/ros_ws/install/DASH_bringup:/home/dash/Desktop/depthai-ros/install/depthai-ros:/home/dash/Desktop/depthai-ros/install/depthai_ros_driver:/home/dash/Desktop/depthai-ros/install/depthai_filters:/home/dash/Desktop/depthai-ros/install/depthai_examples:/home/dash/Desktop/depthai-ros/install/depthai_bridge:/home/dash/Desktop/depthai-ros/install/depthai_ros_msgs:/home/dash/Desktop/depthai-ros/install/depthai_descriptions:/opt/ros/humble CMAKE_PREFIX_PATH=${CMAKE_PREFIX_PATH}:/home/dash/Desktop/ros_ws/install/user_interface:/home/dash/Desktop/ros_ws/install/nlp_subsystem:/home/dash/Desktop/ros_ws/install/cv_subsystem:/home/dash/Desktop/ros_ws/install/controller:/opt/ros/humble PYTHONPATH=/home/dash/Desktop/ros_ws/install/nlp_subsystem/lib/python3.10/site-packages:/home/dash/Desktop/ros_ws/install/cv_subsystem/lib/python3.10/site-packages:/home/dash/Desktop/ros_ws/install/controller/lib/python3.10/site-packages:/home/dash/Desktop/ros_ws/install/user_interface/lib/python3.10/site-packages:/home/dash/Desktop/ros_ws/install/robot_interfaces/local/lib/python3.10/dist-packages:/home/dash/Desktop/depthai-ros/install/depthai_ros_driver/local/lib/python3.10/dist-packages:/home/dash/Desktop/depthai-ros/install/depthai_ros_msgs/local/lib/python3.10/dist-packages:/opt/ros/humble/lib/python3.10/site-packages:/opt/ros/humble/local/lib/python3.10/dist-packages /usr/bin/cmake --install /home/dash/Desktop/ros_ws/build/DASH_bringup
[20.209s] Level 1:colcon.colcon_core.environment:create_environment_scripts_only(DASH_bringup)
[20.210s] Level 1:colcon.colcon_core.environment:checking '/home/dash/Desktop/ros_ws/install/DASH_bringup' for CMake module files
[20.214s] Level 1:colcon.colcon_core.environment:checking '/home/dash/Desktop/ros_ws/install/DASH_bringup' for CMake config files
[20.215s] Level 1:colcon.colcon_core.shell:create_environment_hook('DASH_bringup', 'cmake_prefix_path')
[20.217s] INFO:colcon.colcon_core.shell:Creating environment hook '/home/dash/Desktop/ros_ws/install/DASH_bringup/share/DASH_bringup/hook/cmake_prefix_path.ps1'
[20.222s] INFO:colcon.colcon_core.shell:Creating environment descriptor '/home/dash/Desktop/ros_ws/install/DASH_bringup/share/DASH_bringup/hook/cmake_prefix_path.dsv'
[20.220s] DEBUG:colcon.colcon_core.event_handler.log_command:Invoked command in '/home/dash/Desktop/ros_ws/build/DASH_bringup' returned '0': AMENT_PREFIX_PATH=/home/dash/Desktop/ros_ws/install/nlp_subsystem:/home/dash/Desktop/ros_ws/install/cv_subsystem:/home/dash/Desktop/ros_ws/install/controller:/home/dash/Desktop/ros_ws/install/user_interface:/home/dash/Desktop/ros_ws/install/robot_interfaces:/home/dash/Desktop/ros_ws/install/DASH_bringup:/home/dash/Desktop/depthai-ros/install/depthai-ros:/home/dash/Desktop/depthai-ros/install/depthai_ros_driver:/home/dash/Desktop/depthai-ros/install/depthai_filters:/home/dash/Desktop/depthai-ros/install/depthai_examples:/home/dash/Desktop/depthai-ros/install/depthai_bridge:/home/dash/Desktop/depthai-ros/install/depthai_ros_msgs:/home/dash/Desktop/depthai-ros/install/depthai_descriptions:/opt/ros/humble CMAKE_PREFIX_PATH=${CMAKE_PREFIX_PATH}:/home/dash/Desktop/ros_ws/install/user_interface:/home/dash/Desktop/ros_ws/install/nlp_subsystem:/home/dash/Desktop/ros_ws/install/cv_subsystem:/home/dash/Desktop/ros_ws/install/controller:/opt/ros/humble PYTHONPATH=/home/dash/Desktop/ros_ws/install/nlp_subsystem/lib/python3.10/site-packages:/home/dash/Desktop/ros_ws/install/cv_subsystem/lib/python3.10/site-packages:/home/dash/Desktop/ros_ws/install/controller/lib/python3.10/site-packages:/home/dash/Desktop/ros_ws/install/user_interface/lib/python3.10/site-packages:/home/dash/Desktop/ros_ws/install/robot_interfaces/local/lib/python3.10/dist-packages:/home/dash/Desktop/depthai-ros/install/depthai_ros_driver/local/lib/python3.10/dist-packages:/home/dash/Desktop/depthai-ros/install/depthai_ros_msgs/local/lib/python3.10/dist-packages:/opt/ros/humble/lib/python3.10/site-packages:/opt/ros/humble/local/lib/python3.10/dist-packages /usr/bin/cmake --install /home/dash/Desktop/ros_ws/build/DASH_bringup
[20.225s] INFO:colcon.colcon_core.shell:Creating environment hook '/home/dash/Desktop/ros_ws/install/DASH_bringup/share/DASH_bringup/hook/cmake_prefix_path.sh'
[20.230s] Level 1:colcon.colcon_core.environment:checking '/home/dash/Desktop/ros_ws/install/DASH_bringup/bin'
[20.230s] Level 1:colcon.colcon_core.environment:checking '/home/dash/Desktop/ros_ws/install/DASH_bringup/lib/pkgconfig/DASH_bringup.pc'
[20.232s] Level 1:colcon.colcon_core.environment:checking '/home/dash/Desktop/ros_ws/install/DASH_bringup/lib/python3.10/site-packages'
[20.238s] Level 1:colcon.colcon_core.environment:checking '/home/dash/Desktop/ros_ws/install/DASH_bringup/bin'
[20.241s] INFO:colcon.colcon_core.shell:Creating package script '/home/dash/Desktop/ros_ws/install/DASH_bringup/share/DASH_bringup/package.ps1'
[20.247s] INFO:colcon.colcon_core.shell:Creating package descriptor '/home/dash/Desktop/ros_ws/install/DASH_bringup/share/DASH_bringup/package.dsv'
[20.252s] INFO:colcon.colcon_core.shell:Creating package script '/home/dash/Desktop/ros_ws/install/DASH_bringup/share/DASH_bringup/package.sh'
[20.258s] INFO:colcon.colcon_core.shell:Creating package script '/home/dash/Desktop/ros_ws/install/DASH_bringup/share/DASH_bringup/package.bash'
[20.264s] INFO:colcon.colcon_core.shell:Creating package script '/home/dash/Desktop/ros_ws/install/DASH_bringup/share/DASH_bringup/package.zsh'
[20.269s] Level 1:colcon.colcon_core.environment:create_file_with_runtime_dependencies(/home/dash/Desktop/ros_ws/install/DASH_bringup/share/colcon-core/packages/DASH_bringup)
[20.453s] Level 1:colcon.colcon_core.environment:create_environment_scripts_only(DASH_bringup)
[20.455s] Level 1:colcon.colcon_core.environment:checking '/home/dash/Desktop/ros_ws/install/DASH_bringup' for CMake module files
[20.461s] Level 1:colcon.colcon_core.environment:checking '/home/dash/Desktop/ros_ws/install/DASH_bringup' for CMake config files
[20.464s] Level 1:colcon.colcon_core.shell:create_environment_hook('DASH_bringup', 'cmake_prefix_path')
[20.466s] INFO:colcon.colcon_core.shell:Creating environment hook '/home/dash/Desktop/ros_ws/install/DASH_bringup/share/DASH_bringup/hook/cmake_prefix_path.ps1'
[20.542s] INFO:colcon.colcon_core.shell:Creating environment descriptor '/home/dash/Desktop/ros_ws/install/DASH_bringup/share/DASH_bringup/hook/cmake_prefix_path.dsv'
[20.638s] INFO:colcon.colcon_core.shell:Creating environment hook '/home/dash/Desktop/ros_ws/install/DASH_bringup/share/DASH_bringup/hook/cmake_prefix_path.sh'
[20.642s] Level 1:colcon.colcon_core.environment:checking '/home/dash/Desktop/ros_ws/install/DASH_bringup/bin'
[20.642s] Level 1:colcon.colcon_core.environment:checking '/home/dash/Desktop/ros_ws/install/DASH_bringup/lib/pkgconfig/DASH_bringup.pc'
[20.643s] Level 1:colcon.colcon_core.environment:checking '/home/dash/Desktop/ros_ws/install/DASH_bringup/lib/python3.10/site-packages'
[20.645s] Level 1:colcon.colcon_core.environment:checking '/home/dash/Desktop/ros_ws/install/DASH_bringup/bin'
[20.646s] INFO:colcon.colcon_core.shell:Creating package script '/home/dash/Desktop/ros_ws/install/DASH_bringup/share/DASH_bringup/package.ps1'
[20.649s] INFO:colcon.colcon_core.shell:Creating package descriptor '/home/dash/Desktop/ros_ws/install/DASH_bringup/share/DASH_bringup/package.dsv'
[20.652s] INFO:colcon.colcon_core.shell:Creating package script '/home/dash/Desktop/ros_ws/install/DASH_bringup/share/DASH_bringup/package.sh'
[20.655s] INFO:colcon.colcon_core.shell:Creating package script '/home/dash/Desktop/ros_ws/install/DASH_bringup/share/DASH_bringup/package.bash'
[20.660s] INFO:colcon.colcon_core.shell:Creating package script '/home/dash/Desktop/ros_ws/install/DASH_bringup/share/DASH_bringup/package.zsh'
[20.663s] Level 1:colcon.colcon_core.environment:create_file_with_runtime_dependencies(/home/dash/Desktop/ros_ws/install/DASH_bringup/share/colcon-core/packages/DASH_bringup)
[20.670s] Level 1:colcon.colcon_core.environment:create_environment_scripts_only(robot_interfaces)
[20.672s] Level 1:colcon.colcon_core.environment:checking '/home/dash/Desktop/ros_ws/install/robot_interfaces' for CMake module files
[20.677s] Level 1:colcon.colcon_core.environment:checking '/home/dash/Desktop/ros_ws/install/robot_interfaces' for CMake config files
[20.681s] Level 1:colcon.colcon_core.shell:create_environment_hook('robot_interfaces', 'cmake_prefix_path')
[20.682s] INFO:colcon.colcon_core.shell:Creating environment hook '/home/dash/Desktop/ros_ws/install/robot_interfaces/share/robot_interfaces/hook/cmake_prefix_path.ps1'
[20.684s] INFO:colcon.colcon_core.shell:Creating environment descriptor '/home/dash/Desktop/ros_ws/install/robot_interfaces/share/robot_interfaces/hook/cmake_prefix_path.dsv'
[20.687s] INFO:colcon.colcon_core.shell:Creating environment hook '/home/dash/Desktop/ros_ws/install/robot_interfaces/share/robot_interfaces/hook/cmake_prefix_path.sh'
[20.690s] Level 1:colcon.colcon_core.environment:checking '/home/dash/Desktop/ros_ws/install/robot_interfaces/lib'
[20.691s] Level 1:colcon.colcon_core.shell:create_environment_hook('robot_interfaces', 'ld_library_path_lib')
[20.692s] INFO:colcon.colcon_core.shell:Creating environment hook '/home/dash/Desktop/ros_ws/install/robot_interfaces/share/robot_interfaces/hook/ld_library_path_lib.ps1'
[20.695s] INFO:colcon.colcon_core.shell:Creating environment descriptor '/home/dash/Desktop/ros_ws/install/robot_interfaces/share/robot_interfaces/hook/ld_library_path_lib.dsv'
[20.698s] INFO:colcon.colcon_core.shell:Creating environment hook '/home/dash/Desktop/ros_ws/install/robot_interfaces/share/robot_interfaces/hook/ld_library_path_lib.sh'
[20.701s] Level 1:colcon.colcon_core.environment:checking '/home/dash/Desktop/ros_ws/install/robot_interfaces/bin'
[20.702s] Level 1:colcon.colcon_core.environment:checking '/home/dash/Desktop/ros_ws/install/robot_interfaces/lib/pkgconfig/robot_interfaces.pc'
[20.703s] Level 1:colcon.colcon_core.environment:checking '/home/dash/Desktop/ros_ws/install/robot_interfaces/lib/python3.10/site-packages'
[20.704s] Level 1:colcon.colcon_core.environment:checking '/home/dash/Desktop/ros_ws/install/robot_interfaces/bin'
[20.706s] INFO:colcon.colcon_core.shell:Creating package script '/home/dash/Desktop/ros_ws/install/robot_interfaces/share/robot_interfaces/package.ps1'
[20.710s] INFO:colcon.colcon_core.shell:Creating package descriptor '/home/dash/Desktop/ros_ws/install/robot_interfaces/share/robot_interfaces/package.dsv'
[20.715s] INFO:colcon.colcon_core.shell:Creating package script '/home/dash/Desktop/ros_ws/install/robot_interfaces/share/robot_interfaces/package.sh'
[20.718s] INFO:colcon.colcon_core.shell:Creating package script '/home/dash/Desktop/ros_ws/install/robot_interfaces/share/robot_interfaces/package.bash'
[20.721s] INFO:colcon.colcon_core.shell:Creating package script '/home/dash/Desktop/ros_ws/install/robot_interfaces/share/robot_interfaces/package.zsh'
[20.724s] Level 1:colcon.colcon_core.environment:create_file_with_runtime_dependencies(/home/dash/Desktop/ros_ws/install/robot_interfaces/share/colcon-core/packages/robot_interfaces)
[22.165s] DEBUG:colcon.colcon_core.event_handler.log_command:Invoking command in '/home/dash/Desktop/ros_ws/src/user_interface': PYTHONPATH=/home/dash/Desktop/ros_ws/build/user_interface/prefix_override:/home/dash/Desktop/ros_ws/install/user_interface/lib/python3.10/site-packages:${PYTHONPATH} /usr/bin/python3 -W ignore:setup.py install is deprecated setup.py egg_info --egg-base ../../build/user_interface build --build-base /home/dash/Desktop/ros_ws/build/user_interface/build install --record /home/dash/Desktop/ros_ws/build/user_interface/install.log --single-version-externally-managed install_data
[24.164s] Level 1:colcon.colcon_core.environment:checking '/home/dash/Desktop/ros_ws/install/user_interface' for CMake module files
[24.167s] Level 1:colcon.colcon_core.environment:checking '/home/dash/Desktop/ros_ws/install/user_interface' for CMake config files
[24.174s] DEBUG:colcon.colcon_core.event_handler.log_command:Invoked command in '/home/dash/Desktop/ros_ws/src/user_interface' returned '0': PYTHONPATH=/home/dash/Desktop/ros_ws/build/user_interface/prefix_override:/home/dash/Desktop/ros_ws/install/user_interface/lib/python3.10/site-packages:${PYTHONPATH} /usr/bin/python3 -W ignore:setup.py install is deprecated setup.py egg_info --egg-base ../../build/user_interface build --build-base /home/dash/Desktop/ros_ws/build/user_interface/build install --record /home/dash/Desktop/ros_ws/build/user_interface/install.log --single-version-externally-managed install_data
[24.180s] Level 1:colcon.colcon_core.environment:checking '/home/dash/Desktop/ros_ws/install/user_interface/lib'
[24.181s] Level 1:colcon.colcon_core.environment:checking '/home/dash/Desktop/ros_ws/install/user_interface/bin'
[24.182s] Level 1:colcon.colcon_core.environment:checking '/home/dash/Desktop/ros_ws/install/user_interface/lib/pkgconfig/user_interface.pc'
[24.183s] Level 1:colcon.colcon_core.environment:checking '/home/dash/Desktop/ros_ws/install/user_interface/lib/python3.10/site-packages'
[24.183s] Level 1:colcon.colcon_core.shell:create_environment_hook('user_interface', 'pythonpath')
[24.185s] INFO:colcon.colcon_core.shell:Creating environment hook '/home/dash/Desktop/ros_ws/install/user_interface/share/user_interface/hook/pythonpath.ps1'
[24.187s] INFO:colcon.colcon_core.shell:Creating environment descriptor '/home/dash/Desktop/ros_ws/install/user_interface/share/user_interface/hook/pythonpath.dsv'
[24.190s] INFO:colcon.colcon_core.shell:Creating environment hook '/home/dash/Desktop/ros_ws/install/user_interface/share/user_interface/hook/pythonpath.sh'
[24.193s] Level 1:colcon.colcon_core.environment:checking '/home/dash/Desktop/ros_ws/install/user_interface/bin'
[24.194s] Level 1:colcon.colcon_core.environment:create_environment_scripts_only(user_interface)
[24.196s] INFO:colcon.colcon_core.shell:Creating package script '/home/dash/Desktop/ros_ws/install/user_interface/share/user_interface/package.ps1'
[24.199s] INFO:colcon.colcon_core.shell:Creating package descriptor '/home/dash/Desktop/ros_ws/install/user_interface/share/user_interface/package.dsv'
[24.202s] INFO:colcon.colcon_core.shell:Creating package script '/home/dash/Desktop/ros_ws/install/user_interface/share/user_interface/package.sh'
[24.206s] INFO:colcon.colcon_core.shell:Creating package script '/home/dash/Desktop/ros_ws/install/user_interface/share/user_interface/package.bash'
[24.209s] INFO:colcon.colcon_core.shell:Creating package script '/home/dash/Desktop/ros_ws/install/user_interface/share/user_interface/package.zsh'
[24.213s] Level 1:colcon.colcon_core.environment:create_file_with_runtime_dependencies(/home/dash/Desktop/ros_ws/install/user_interface/share/colcon-core/packages/user_interface)
[24.215s] DEBUG:colcon.colcon_parallel_executor.executor.parallel:closing loop
[24.216s] DEBUG:colcon.colcon_parallel_executor.executor.parallel:loop closed
[24.217s] DEBUG:colcon.colcon_parallel_executor.executor.parallel:run_until_complete finished with '0'
[24.217s] DEBUG:colcon.colcon_core.event_reactor:joining thread
[24.256s] INFO:colcon.colcon_core.plugin_system:Skipping extension 'colcon_notification.desktop_notification.terminal_notifier': Not used on non-Darwin systems
[24.257s] INFO:colcon.colcon_core.plugin_system:Skipping extension 'colcon_notification.desktop_notification.win32': Not used on non-Windows systems
[24.257s] INFO:colcon.colcon_notification.desktop_notification:Sending desktop notification using 'notify2'
[24.328s] DEBUG:colcon.colcon_core.event_reactor:joined thread
[24.330s] INFO:colcon.colcon_core.shell:Creating prefix script '/home/dash/Desktop/ros_ws/install/local_setup.ps1'
[24.336s] INFO:colcon.colcon_core.shell:Creating prefix util module '/home/dash/Desktop/ros_ws/install/_local_setup_util_ps1.py'
[24.345s] INFO:colcon.colcon_core.shell:Creating prefix chain script '/home/dash/Desktop/ros_ws/install/setup.ps1'
[24.359s] INFO:colcon.colcon_core.shell:Creating prefix script '/home/dash/Desktop/ros_ws/install/local_setup.sh'
[24.364s] INFO:colcon.colcon_core.shell:Creating prefix util module '/home/dash/Desktop/ros_ws/install/_local_setup_util_sh.py'
[24.367s] INFO:colcon.colcon_core.shell:Creating prefix chain script '/home/dash/Desktop/ros_ws/install/setup.sh'
[24.383s] INFO:colcon.colcon_core.shell:Creating prefix script '/home/dash/Desktop/ros_ws/install/local_setup.bash'
[24.388s] INFO:colcon.colcon_core.shell:Creating prefix chain script '/home/dash/Desktop/ros_ws/install/setup.bash'
[24.401s] INFO:colcon.colcon_core.shell:Creating prefix script '/home/dash/Desktop/ros_ws/install/local_setup.zsh'
[24.404s] INFO:colcon.colcon_core.shell:Creating prefix chain script '/home/dash/Desktop/ros_ws/install/setup.zsh'
