[5.182s] Invoking command in '/home/dash/Desktop/ros_ws/src/user_interface': PYTHONPATH=/home/dash/Desktop/ros_ws/build/user_interface/prefix_override:/home/dash/Desktop/ros_ws/install/user_interface/lib/python3.10/site-packages:${PYTHONPATH} /usr/bin/python3 -W ignore:setup.py install is deprecated setup.py egg_info --egg-base ../../build/user_interface build --build-base /home/dash/Desktop/ros_ws/build/user_interface/build install --record /home/dash/Desktop/ros_ws/build/user_interface/install.log --single-version-externally-managed install_data
[6.824s] running egg_info
[6.827s] writing ../../build/user_interface/user_interface.egg-info/PKG-INFO
[6.830s] writing dependency_links to ../../build/user_interface/user_interface.egg-info/dependency_links.txt
[6.831s] writing entry points to ../../build/user_interface/user_interface.egg-info/entry_points.txt
[6.832s] writing requirements to ../../build/user_interface/user_interface.egg-info/requires.txt
[6.832s] writing top-level names to ../../build/user_interface/user_interface.egg-info/top_level.txt
[6.842s] reading manifest file '../../build/user_interface/user_interface.egg-info/SOURCES.txt'
[6.848s] writing manifest file '../../build/user_interface/user_interface.egg-info/SOURCES.txt'
[6.849s] running build
[6.849s] running build_py
[6.851s] running install
[6.853s] running install_lib
[6.866s] running install_data
[6.867s] running install_egg_info
[6.875s] removing '/home/dash/Desktop/ros_ws/install/user_interface/lib/python3.10/site-packages/user_interface-0.0.0-py3.10.egg-info' (and everything under it)
[6.877s] Copying ../../build/user_interface/user_interface.egg-info to /home/dash/Desktop/ros_ws/install/user_interface/lib/python3.10/site-packages/user_interface-0.0.0-py3.10.egg-info
[6.908s] running install_scripts
[7.013s] Installing flask_user_interface script to /home/dash/Desktop/ros_ws/install/user_interface/lib/user_interface
[7.016s] Installing user_interface script to /home/dash/Desktop/ros_ws/install/user_interface/lib/user_interface
[7.018s] writing list of installed files to '/home/dash/Desktop/ros_ws/build/user_interface/install.log'
[7.160s] Invoked command in '/home/dash/Desktop/ros_ws/src/user_interface' returned '0': PYTHONPATH=/home/dash/Desktop/ros_ws/build/user_interface/prefix_override:/home/dash/Desktop/ros_ws/install/user_interface/lib/python3.10/site-packages:${PYTHONPATH} /usr/bin/python3 -W ignore:setup.py install is deprecated setup.py egg_info --egg-base ../../build/user_interface build --build-base /home/dash/Desktop/ros_ws/build/user_interface/build install --record /home/dash/Desktop/ros_ws/build/user_interface/install.log --single-version-externally-managed install_data
