[5.277s] Invoking command in '/home/dash/Desktop/ros_ws/src/user_interface': PYTHONPATH=/home/dash/Desktop/ros_ws/build/user_interface/prefix_override:/home/dash/Desktop/ros_ws/install/user_interface/lib/python3.10/site-packages:${PYTHONPATH} /usr/bin/python3 -W ignore:setup.py install is deprecated setup.py egg_info --egg-base ../../build/user_interface build --build-base /home/dash/Desktop/ros_ws/build/user_interface/build install --record /home/dash/Desktop/ros_ws/build/user_interface/install.log --single-version-externally-managed install_data
[6.913s] running egg_info
[6.916s] writing ../../build/user_interface/user_interface.egg-info/PKG-INFO
[6.918s] writing dependency_links to ../../build/user_interface/user_interface.egg-info/dependency_links.txt
[6.919s] writing entry points to ../../build/user_interface/user_interface.egg-info/entry_points.txt
[6.920s] writing requirements to ../../build/user_interface/user_interface.egg-info/requires.txt
[6.921s] writing top-level names to ../../build/user_interface/user_interface.egg-info/top_level.txt
[6.932s] reading manifest file '../../build/user_interface/user_interface.egg-info/SOURCES.txt'
[6.937s] writing manifest file '../../build/user_interface/user_interface.egg-info/SOURCES.txt'
[6.938s] running build
[6.939s] running build_py
[6.944s] running install
[6.946s] running install_lib
[6.962s] running install_data
[6.963s] running install_egg_info
[6.968s] removing '/home/dash/Desktop/ros_ws/install/user_interface/lib/python3.10/site-packages/user_interface-0.0.0-py3.10.egg-info' (and everything under it)
[6.970s] Copying ../../build/user_interface/user_interface.egg-info to /home/dash/Desktop/ros_ws/install/user_interface/lib/python3.10/site-packages/user_interface-0.0.0-py3.10.egg-info
[6.982s] running install_scripts
[7.087s] Installing flask_user_interface script to /home/dash/Desktop/ros_ws/install/user_interface/lib/user_interface
[7.088s] Installing user_interface script to /home/dash/Desktop/ros_ws/install/user_interface/lib/user_interface
[7.090s] writing list of installed files to '/home/dash/Desktop/ros_ws/build/user_interface/install.log'
[7.256s] Invoked command in '/home/dash/Desktop/ros_ws/src/user_interface' returned '0': PYTHONPATH=/home/dash/Desktop/ros_ws/build/user_interface/prefix_override:/home/dash/Desktop/ros_ws/install/user_interface/lib/python3.10/site-packages:${PYTHONPATH} /usr/bin/python3 -W ignore:setup.py install is deprecated setup.py egg_info --egg-base ../../build/user_interface build --build-base /home/dash/Desktop/ros_ws/build/user_interface/build install --record /home/dash/Desktop/ros_ws/build/user_interface/install.log --single-version-externally-managed install_data
