[10.247s] Invoking command in '/home/dash/Desktop/ros_ws/src/nlp_subsystem': PYTHONPATH=/home/dash/Desktop/ros_ws/build/nlp_subsystem/prefix_override:/home/dash/Desktop/ros_ws/install/nlp_subsystem/lib/python3.10/site-packages:${PYTHONPATH} /usr/bin/python3 -W ignore:setup.py install is deprecated setup.py egg_info --egg-base ../../build/nlp_subsystem build --build-base /home/dash/Desktop/ros_ws/build/nlp_subsystem/build install --record /home/dash/Desktop/ros_ws/build/nlp_subsystem/install.log --single-version-externally-managed install_data
[12.074s] Traceback (most recent call last):
[12.081s]   File "/home/dash/Desktop/ros_ws/src/nlp_subsystem/setup.py", line 1, in <module>
[12.102s]     from setuptools import find_packages, setup
[12.112s]   File "/home/dash/.local/lib/python3.10/site-packages/setuptools/__init__.py", line 16, in <module>
[12.131s]     import setuptools.version
[12.140s]   File "/home/dash/.local/lib/python3.10/site-packages/setuptools/version.py", line 1, in <module>
[12.181s]     import pkg_resources
[12.188s]   File "/home/dash/.local/lib/python3.10/site-packages/pkg_resources/__init__.py", line 3243, in <module>
[12.265s]     def _initialize_master_working_set():
[12.268s]   File "/home/dash/.local/lib/python3.10/site-packages/pkg_resources/__init__.py", line 3226, in _call_aside
[12.273s]     f(*args, **kwargs)
[12.275s]   File "/home/dash/.local/lib/python3.10/site-packages/pkg_resources/__init__.py", line 3268, in _initialize_master_working_set
[12.276s]     tuple(
[12.277s]   File "/home/dash/.local/lib/python3.10/site-packages/pkg_resources/__init__.py", line 3269, in <genexpr>
[12.279s]     dist.activate(replace=False)
[12.280s]   File "/home/dash/.local/lib/python3.10/site-packages/pkg_resources/__init__.py", line 2780, in activate
[12.283s]     fixup_namespace_packages(self.location)
[12.284s]   File "/home/dash/.local/lib/python3.10/site-packages/pkg_resources/__init__.py", line 2293, in fixup_namespace_packages
[12.287s]     subpath = _handle_ns(package, path_item)
[12.289s]   File "/home/dash/.local/lib/python3.10/site-packages/pkg_resources/__init__.py", line 2194, in _handle_ns
[12.294s]     loader = importer.find_spec(packageName).loader
[12.296s]   File "<frozen importlib._bootstrap_external>", line 1544, in find_spec
[12.298s]   File "<frozen importlib._bootstrap_external>", line 147, in _path_stat
[12.298s] KeyboardInterrupt
