running egg_info
writing ../../build/nlp_subsystem/nlp_subsystem.egg-info/PKG-INFO
writing dependency_links to ../../build/nlp_subsystem/nlp_subsystem.egg-info/dependency_links.txt
writing entry points to ../../build/nlp_subsystem/nlp_subsystem.egg-info/entry_points.txt
writing requirements to ../../build/nlp_subsystem/nlp_subsystem.egg-info/requires.txt
writing top-level names to ../../build/nlp_subsystem/nlp_subsystem.egg-info/top_level.txt
reading manifest file '../../build/nlp_subsystem/nlp_subsystem.egg-info/SOURCES.txt'
writing manifest file '../../build/nlp_subsystem/nlp_subsystem.egg-info/SOURCES.txt'
running build
running build_py
copying nlp_subsystem/voice_assistant.py -> /home/dash/Desktop/ros_ws/build/nlp_subsystem/build/lib/nlp_subsystem
running install
running install_lib
copying /home/dash/Desktop/ros_ws/build/nlp_subsystem/build/lib/nlp_subsystem/voice_assistant.py -> /home/dash/Desktop/ros_ws/install/nlp_subsystem/lib/python3.10/site-packages/nlp_subsystem
byte-compiling /home/dash/Desktop/ros_ws/install/nlp_subsystem/lib/python3.10/site-packages/nlp_subsystem/voice_assistant.py to voice_assistant.cpython-310.pyc
running install_data
running install_egg_info
removing '/home/dash/Desktop/ros_ws/install/nlp_subsystem/lib/python3.10/site-packages/nlp_subsystem-0.0.0-py3.10.egg-info' (and everything under it)
Copying ../../build/nlp_subsystem/nlp_subsystem.egg-info to /home/dash/Desktop/ros_ws/install/nlp_subsystem/lib/python3.10/site-packages/nlp_subsystem-0.0.0-py3.10.egg-info
running install_scripts
Installing chat_client script to /home/dash/Desktop/ros_ws/install/nlp_subsystem/lib/nlp_subsystem
Installing voice_assistant script to /home/dash/Desktop/ros_ws/install/nlp_subsystem/lib/nlp_subsystem
writing list of installed files to '/home/dash/Desktop/ros_ws/build/nlp_subsystem/install.log'
