[15.821s] Invoking command in '/home/dash/Desktop/ros_ws/src/cv_subsystem': PYTHONPATH=/home/dash/Desktop/ros_ws/build/cv_subsystem/prefix_override:/home/dash/Desktop/ros_ws/install/cv_subsystem/lib/python3.10/site-packages:${PYTHONPATH} /usr/bin/python3 -W ignore:setup.py install is deprecated setup.py egg_info --egg-base ../../build/cv_subsystem build --build-base /home/dash/Desktop/ros_ws/build/cv_subsystem/build install --record /home/dash/Desktop/ros_ws/build/cv_subsystem/install.log --single-version-externally-managed install_data
[22.296s] running egg_info
[22.323s] writing ../../build/cv_subsystem/cv_subsystem.egg-info/PKG-INFO
[22.324s] writing dependency_links to ../../build/cv_subsystem/cv_subsystem.egg-info/dependency_links.txt
[22.326s] writing entry points to ../../build/cv_subsystem/cv_subsystem.egg-info/entry_points.txt
[22.334s] writing requirements to ../../build/cv_subsystem/cv_subsystem.egg-info/requires.txt
[22.335s] writing top-level names to ../../build/cv_subsystem/cv_subsystem.egg-info/top_level.txt
[22.339s] reading manifest file '../../build/cv_subsystem/cv_subsystem.egg-info/SOURCES.txt'
[22.340s] writing manifest file '../../build/cv_subsystem/cv_subsystem.egg-info/SOURCES.txt'
[22.356s] running build
[22.370s] running build_py
[22.371s] copying cv_subsystem/picam_publisher.py -> /home/dash/Desktop/ros_ws/build/cv_subsystem/build/lib/cv_subsystem
[22.390s] running install
[22.392s] running install_lib
[22.409s] copying /home/dash/Desktop/ros_ws/build/cv_subsystem/build/lib/cv_subsystem/picam_publisher.py -> /home/dash/Desktop/ros_ws/install/cv_subsystem/lib/python3.10/site-packages/cv_subsystem
[22.411s] byte-compiling /home/dash/Desktop/ros_ws/install/cv_subsystem/lib/python3.10/site-packages/cv_subsystem/picam_publisher.py to picam_publisher.cpython-310.pyc
[22.412s] running install_data
[22.417s] running install_egg_info
[22.518s] removing '/home/dash/Desktop/ros_ws/install/cv_subsystem/lib/python3.10/site-packages/cv_subsystem-0.0.0-py3.10.egg-info' (and everything under it)
[22.521s] Copying ../../build/cv_subsystem/cv_subsystem.egg-info to /home/dash/Desktop/ros_ws/install/cv_subsystem/lib/python3.10/site-packages/cv_subsystem-0.0.0-py3.10.egg-info
[22.539s] running install_scripts
[22.898s] Installing capture_handler script to /home/dash/Desktop/ros_ws/install/cv_subsystem/lib/cv_subsystem
[22.910s] Installing face_detector script to /home/dash/Desktop/ros_ws/install/cv_subsystem/lib/cv_subsystem
[22.930s] Installing gesture_recognizer script to /home/dash/Desktop/ros_ws/install/cv_subsystem/lib/cv_subsystem
[22.966s] Installing picam_publisher script to /home/dash/Desktop/ros_ws/install/cv_subsystem/lib/cv_subsystem
[22.994s] writing list of installed files to '/home/dash/Desktop/ros_ws/build/cv_subsystem/install.log'
[27.721s] Invoked command in '/home/dash/Desktop/ros_ws/src/cv_subsystem' returned '0': PYTHONPATH=/home/dash/Desktop/ros_ws/build/cv_subsystem/prefix_override:/home/dash/Desktop/ros_ws/install/cv_subsystem/lib/python3.10/site-packages:${PYTHONPATH} /usr/bin/python3 -W ignore:setup.py install is deprecated setup.py egg_info --egg-base ../../build/cv_subsystem build --build-base /home/dash/Desktop/ros_ws/build/cv_subsystem/build install --record /home/dash/Desktop/ros_ws/build/cv_subsystem/install.log --single-version-externally-managed install_data
