[8.809s] Invoking command in '/home/dash/Desktop/ros_ws/src/controller': PYTHONPATH=/home/dash/Desktop/ros_ws/build/controller/prefix_override:/home/dash/Desktop/ros_ws/install/controller/lib/python3.10/site-packages:${PYTHONPATH} /usr/bin/python3 -W ignore:setup.py install is deprecated setup.py egg_info --egg-base ../../build/controller build --build-base /home/dash/Desktop/ros_ws/build/controller/build install --record /home/dash/Desktop/ros_ws/build/controller/install.log --single-version-externally-managed install_data
[12.101s] running egg_info
[12.112s] writing ../../build/controller/controller.egg-info/PKG-INFO
[12.121s] writing dependency_links to ../../build/controller/controller.egg-info/dependency_links.txt
[12.124s] writing entry points to ../../build/controller/controller.egg-info/entry_points.txt
[12.127s] writing requirements to ../../build/controller/controller.egg-info/requires.txt
[12.131s] writing top-level names to ../../build/controller/controller.egg-info/top_level.txt
[12.159s] reading manifest file '../../build/controller/controller.egg-info/SOURCES.txt'
[12.165s] writing manifest file '../../build/controller/controller.egg-info/SOURCES.txt'
[12.166s] running build
[12.166s] running build_py
[12.182s] running install
[12.182s] running install_lib
[12.205s] running install_data
[12.206s] running install_egg_info
[12.220s] removing '/home/dash/Desktop/ros_ws/install/controller/lib/python3.10/site-packages/controller-0.0.0-py3.10.egg-info' (and everything under it)
[12.228s] Copying ../../build/controller/controller.egg-info to /home/dash/Desktop/ros_ws/install/controller/lib/python3.10/site-packages/controller-0.0.0-py3.10.egg-info
[12.255s] running install_scripts
[12.778s] Installing app_control script to /home/dash/Desktop/ros_ws/install/controller/lib/controller
[12.855s] Installing controller script to /home/dash/Desktop/ros_ws/install/controller/lib/controller
[12.857s] Installing handshake script to /home/dash/Desktop/ros_ws/install/controller/lib/controller
[12.859s] Installing robot_status script to /home/dash/Desktop/ros_ws/install/controller/lib/controller
[12.862s] Installing settings_handler script to /home/dash/Desktop/ros_ws/install/controller/lib/controller
[12.866s] writing list of installed files to '/home/dash/Desktop/ros_ws/build/controller/install.log'
[13.139s] Invoked command in '/home/dash/Desktop/ros_ws/src/controller' returned '0': PYTHONPATH=/home/dash/Desktop/ros_ws/build/controller/prefix_override:/home/dash/Desktop/ros_ws/install/controller/lib/python3.10/site-packages:${PYTHONPATH} /usr/bin/python3 -W ignore:setup.py install is deprecated setup.py egg_info --egg-base ../../build/controller build --build-base /home/dash/Desktop/ros_ws/build/controller/build install --record /home/dash/Desktop/ros_ws/build/controller/install.log --single-version-externally-managed install_data
