[9.561s] Invoking command in '/home/dash/Desktop/ros_ws/src/user_interface': PYTHONPATH=/home/dash/Desktop/ros_ws/build/user_interface/prefix_override:/home/dash/Desktop/ros_ws/install/user_interface/lib/python3.10/site-packages:${PYTHONPATH} /usr/bin/python3 -W ignore:setup.py install is deprecated setup.py egg_info --egg-base ../../build/user_interface build --build-base /home/dash/Desktop/ros_ws/build/user_interface/build install --record /home/dash/Desktop/ros_ws/build/user_interface/install.log --single-version-externally-managed install_data
[12.222s] running egg_info
[12.227s] writing ../../build/user_interface/user_interface.egg-info/PKG-INFO
[12.230s] writing dependency_links to ../../build/user_interface/user_interface.egg-info/dependency_links.txt
[12.231s] writing entry points to ../../build/user_interface/user_interface.egg-info/entry_points.txt
[12.233s] writing requirements to ../../build/user_interface/user_interface.egg-info/requires.txt
[12.234s] writing top-level names to ../../build/user_interface/user_interface.egg-info/top_level.txt
[12.251s] reading manifest file '../../build/user_interface/user_interface.egg-info/SOURCES.txt'
[12.267s] writing manifest file '../../build/user_interface/user_interface.egg-info/SOURCES.txt'
[12.280s] running build
[12.283s] running build_py
[12.284s] copying user_interface/flask_ui_server.py -> /home/dash/Desktop/ros_ws/build/user_interface/build/lib/user_interface
[12.288s] running install
[12.290s] running install_lib
[12.298s] copying /home/dash/Desktop/ros_ws/build/user_interface/build/lib/user_interface/flask_ui_server.py -> /home/dash/Desktop/ros_ws/install/user_interface/lib/python3.10/site-packages/user_interface
[12.324s] byte-compiling /home/dash/Desktop/ros_ws/install/user_interface/lib/python3.10/site-packages/user_interface/flask_ui_server.py to flask_ui_server.cpython-310.pyc
[12.331s] running install_data
[12.348s] running install_egg_info
[12.361s] removing '/home/dash/Desktop/ros_ws/install/user_interface/lib/python3.10/site-packages/user_interface-0.0.0-py3.10.egg-info' (and everything under it)
[12.370s] Copying ../../build/user_interface/user_interface.egg-info to /home/dash/Desktop/ros_ws/install/user_interface/lib/python3.10/site-packages/user_interface-0.0.0-py3.10.egg-info
[12.380s] running install_scripts
[12.538s] Installing flask_user_interface script to /home/dash/Desktop/ros_ws/install/user_interface/lib/user_interface
[12.543s] Installing user_interface script to /home/dash/Desktop/ros_ws/install/user_interface/lib/user_interface
[12.553s] writing list of installed files to '/home/dash/Desktop/ros_ws/build/user_interface/install.log'
[12.803s] Invoked command in '/home/dash/Desktop/ros_ws/src/user_interface' returned '0': PYTHONPATH=/home/dash/Desktop/ros_ws/build/user_interface/prefix_override:/home/dash/Desktop/ros_ws/install/user_interface/lib/python3.10/site-packages:${PYTHONPATH} /usr/bin/python3 -W ignore:setup.py install is deprecated setup.py egg_info --egg-base ../../build/user_interface build --build-base /home/dash/Desktop/ros_ws/build/user_interface/build install --record /home/dash/Desktop/ros_ws/build/user_interface/install.log --single-version-externally-managed install_data
