[11.967s] Invoking command in '/home/dash/Desktop/ros_ws/src/cv_subsystem': PYTHONPATH=/home/dash/Desktop/ros_ws/build/cv_subsystem/prefix_override:/home/dash/Desktop/ros_ws/install/cv_subsystem/lib/python3.10/site-packages:${PYTHONPATH} /usr/bin/python3 -W ignore:setup.py install is deprecated setup.py egg_info --egg-base ../../build/cv_subsystem build --build-base /home/dash/Desktop/ros_ws/build/cv_subsystem/build install --record /home/dash/Desktop/ros_ws/build/cv_subsystem/install.log --single-version-externally-managed install_data
[14.401s] running egg_info
[14.409s] writing ../../build/cv_subsystem/cv_subsystem.egg-info/PKG-INFO
[14.410s] writing dependency_links to ../../build/cv_subsystem/cv_subsystem.egg-info/dependency_links.txt
[14.412s] writing entry points to ../../build/cv_subsystem/cv_subsystem.egg-info/entry_points.txt
[14.414s] writing requirements to ../../build/cv_subsystem/cv_subsystem.egg-info/requires.txt
[14.415s] writing top-level names to ../../build/cv_subsystem/cv_subsystem.egg-info/top_level.txt
[14.436s] reading manifest file '../../build/cv_subsystem/cv_subsystem.egg-info/SOURCES.txt'
[14.461s] writing manifest file '../../build/cv_subsystem/cv_subsystem.egg-info/SOURCES.txt'
[14.462s] running build
[14.463s] running build_py
[14.474s] running install
[14.475s] running install_lib
[14.481s] running install_data
[14.483s] running install_egg_info
[14.498s] removing '/home/dash/Desktop/ros_ws/install/cv_subsystem/lib/python3.10/site-packages/cv_subsystem-0.0.0-py3.10.egg-info' (and everything under it)
[14.504s] Copying ../../build/cv_subsystem/cv_subsystem.egg-info to /home/dash/Desktop/ros_ws/install/cv_subsystem/lib/python3.10/site-packages/cv_subsystem-0.0.0-py3.10.egg-info
[14.525s] running install_scripts
[14.762s] Installing gesture_recognizer script to /home/dash/Desktop/ros_ws/install/cv_subsystem/lib/cv_subsystem
[14.766s] writing list of installed files to '/home/dash/Desktop/ros_ws/build/cv_subsystem/install.log'
