[4.853s] Invoking command in '/home/dash/Desktop/ros_ws/src/user_interface': PYTHONPATH=/home/dash/Desktop/ros_ws/build/user_interface/prefix_override:/home/dash/Desktop/ros_ws/install/user_interface/lib/python3.10/site-packages:${PYTHONPATH} /usr/bin/python3 -W ignore:setup.py install is deprecated setup.py egg_info --egg-base ../../build/user_interface build --build-base /home/dash/Desktop/ros_ws/build/user_interface/build install --record /home/dash/Desktop/ros_ws/build/user_interface/install.log --single-version-externally-managed install_data
[6.469s] running egg_info
[6.472s] writing ../../build/user_interface/user_interface.egg-info/PKG-INFO
[6.473s] writing dependency_links to ../../build/user_interface/user_interface.egg-info/dependency_links.txt
[6.474s] writing entry points to ../../build/user_interface/user_interface.egg-info/entry_points.txt
[6.475s] writing requirements to ../../build/user_interface/user_interface.egg-info/requires.txt
[6.476s] writing top-level names to ../../build/user_interface/user_interface.egg-info/top_level.txt
[6.486s] reading manifest file '../../build/user_interface/user_interface.egg-info/SOURCES.txt'
[6.491s] writing manifest file '../../build/user_interface/user_interface.egg-info/SOURCES.txt'
[6.492s] running build
[6.492s] running build_py
[6.493s] copying user_interface/flask_ui_server.py -> /home/dash/Desktop/ros_ws/build/user_interface/build/lib/user_interface
[6.495s] running install
[6.497s] running install_lib
[6.501s] copying /home/dash/Desktop/ros_ws/build/user_interface/build/lib/user_interface/flask_ui_server.py -> /home/dash/Desktop/ros_ws/install/user_interface/lib/python3.10/site-packages/user_interface
[6.505s] byte-compiling /home/dash/Desktop/ros_ws/install/user_interface/lib/python3.10/site-packages/user_interface/flask_ui_server.py to flask_ui_server.cpython-310.pyc
[6.511s] running install_data
[6.513s] running install_egg_info
[6.520s] removing '/home/dash/Desktop/ros_ws/install/user_interface/lib/python3.10/site-packages/user_interface-0.0.0-py3.10.egg-info' (and everything under it)
[6.522s] Copying ../../build/user_interface/user_interface.egg-info to /home/dash/Desktop/ros_ws/install/user_interface/lib/python3.10/site-packages/user_interface-0.0.0-py3.10.egg-info
[6.529s] running install_scripts
[6.633s] Installing flask_user_interface script to /home/dash/Desktop/ros_ws/install/user_interface/lib/user_interface
[6.634s] Installing user_interface script to /home/dash/Desktop/ros_ws/install/user_interface/lib/user_interface
[6.636s] writing list of installed files to '/home/dash/Desktop/ros_ws/build/user_interface/install.log'
[6.801s] Invoked command in '/home/dash/Desktop/ros_ws/src/user_interface' returned '0': PYTHONPATH=/home/dash/Desktop/ros_ws/build/user_interface/prefix_override:/home/dash/Desktop/ros_ws/install/user_interface/lib/python3.10/site-packages:${PYTHONPATH} /usr/bin/python3 -W ignore:setup.py install is deprecated setup.py egg_info --egg-base ../../build/user_interface build --build-base /home/dash/Desktop/ros_ws/build/user_interface/build install --record /home/dash/Desktop/ros_ws/build/user_interface/install.log --single-version-externally-managed install_data
