[4.306s] Invoking command in '/home/dash/Desktop/ros_ws/src/cv_subsystem': PYTHONPATH=/home/dash/Desktop/ros_ws/build/cv_subsystem/prefix_override:/home/dash/Desktop/ros_ws/install/cv_subsystem/lib/python3.10/site-packages:${PYTHONPATH} /usr/bin/python3 -W ignore:setup.py install is deprecated setup.py egg_info --egg-base ../../build/cv_subsystem build --build-base /home/dash/Desktop/ros_ws/build/cv_subsystem/build install --record /home/dash/Desktop/ros_ws/build/cv_subsystem/install.log --single-version-externally-managed install_data
[6.082s] running egg_info
[6.086s] writing ../../build/cv_subsystem/cv_subsystem.egg-info/PKG-INFO
[6.088s] writing dependency_links to ../../build/cv_subsystem/cv_subsystem.egg-info/dependency_links.txt
[6.089s] writing entry points to ../../build/cv_subsystem/cv_subsystem.egg-info/entry_points.txt
[6.091s] writing requirements to ../../build/cv_subsystem/cv_subsystem.egg-info/requires.txt
[6.092s] writing top-level names to ../../build/cv_subsystem/cv_subsystem.egg-info/top_level.txt
[6.103s] reading manifest file '../../build/cv_subsystem/cv_subsystem.egg-info/SOURCES.txt'
[6.109s] writing manifest file '../../build/cv_subsystem/cv_subsystem.egg-info/SOURCES.txt'
[6.109s] running build
[6.110s] running build_py
[6.111s] copying cv_subsystem/face_detector.py -> /home/dash/Desktop/ros_ws/build/cv_subsystem/build/lib/cv_subsystem
[6.113s] running install
[6.114s] running install_lib
[6.121s] copying /home/dash/Desktop/ros_ws/build/cv_subsystem/build/lib/cv_subsystem/face_detector.py -> /home/dash/Desktop/ros_ws/install/cv_subsystem/lib/python3.10/site-packages/cv_subsystem
[6.125s] byte-compiling /home/dash/Desktop/ros_ws/install/cv_subsystem/lib/python3.10/site-packages/cv_subsystem/face_detector.py to face_detector.cpython-310.pyc
[6.130s] running install_data
[6.131s] running install_egg_info
[6.141s] removing '/home/dash/Desktop/ros_ws/install/cv_subsystem/lib/python3.10/site-packages/cv_subsystem-0.0.0-py3.10.egg-info' (and everything under it)
[6.142s] Copying ../../build/cv_subsystem/cv_subsystem.egg-info to /home/dash/Desktop/ros_ws/install/cv_subsystem/lib/python3.10/site-packages/cv_subsystem-0.0.0-py3.10.egg-info
[6.150s] running install_scripts
[6.266s] Installing capture_handler script to /home/dash/Desktop/ros_ws/install/cv_subsystem/lib/cv_subsystem
[6.267s] Installing face_detector script to /home/dash/Desktop/ros_ws/install/cv_subsystem/lib/cv_subsystem
[6.269s] Installing gesture_recognizer script to /home/dash/Desktop/ros_ws/install/cv_subsystem/lib/cv_subsystem
[6.270s] Installing picam_publisher script to /home/dash/Desktop/ros_ws/install/cv_subsystem/lib/cv_subsystem
[6.272s] writing list of installed files to '/home/dash/Desktop/ros_ws/build/cv_subsystem/install.log'
[6.431s] Invoked command in '/home/dash/Desktop/ros_ws/src/cv_subsystem' returned '0': PYTHONPATH=/home/dash/Desktop/ros_ws/build/cv_subsystem/prefix_override:/home/dash/Desktop/ros_ws/install/cv_subsystem/lib/python3.10/site-packages:${PYTHONPATH} /usr/bin/python3 -W ignore:setup.py install is deprecated setup.py egg_info --egg-base ../../build/cv_subsystem build --build-base /home/dash/Desktop/ros_ws/build/cv_subsystem/build install --record /home/dash/Desktop/ros_ws/build/cv_subsystem/install.log --single-version-externally-managed install_data
