[1.432s] DEBUG:colcon:Command line arguments: ['/usr/bin/colcon', 'build']
[1.433s] DEBUG:colcon:Parsed command line arguments: Namespace(log_base=None, log_level=None, verb_name='build', build_base='build', install_base='install', merge_install=False, symlink_install=False, test_result_base=None, continue_on_error=False, executor='parallel', parallel_workers=4, event_handlers=None, ignore_user_meta=False, metas=['./colcon.meta'], base_paths=['.'], packages_ignore=None, packages_ignore_regex=None, paths=None, packages_up_to=None, packages_up_to_regex=None, packages_above=None, packages_above_and_dependencies=None, packages_above_depth=None, packages_select_by_dep=None, packages_skip_by_dep=None, packages_skip_up_to=None, packages_select_build_failed=False, packages_skip_build_finished=False, packages_select_test_failures=False, packages_skip_test_passed=False, packages_select=None, packages_skip=None, packages_select_regex=None, packages_skip_regex=None, packages_start=None, packages_end=None, allow_overriding=[], cmake_args=None, cmake_target=None, cmake_target_skip_unavailable=False, cmake_clean_cache=False, cmake_clean_first=False, cmake_force_configure=False, ament_cmake_args=None, catkin_cmake_args=None, catkin_skip_building_tests=False, verb_parser=<colcon_defaults.argument_parser.defaults.DefaultArgumentsDecorator object at 0xffffbc3ad750>, verb_extension=<colcon_core.verb.build.BuildVerb object at 0xffffbc4fa230>, main=<bound method BuildVerb.main of <colcon_core.verb.build.BuildVerb object at 0xffffbc4fa230>>)
[3.408s] Level 1:colcon.colcon_core.package_discovery:discover_packages(colcon_meta) check parameters
[3.409s] Level 1:colcon.colcon_core.package_discovery:discover_packages(recursive) check parameters
[3.409s] Level 1:colcon.colcon_core.package_discovery:discover_packages(ignore) check parameters
[3.410s] Level 1:colcon.colcon_core.package_discovery:discover_packages(path) check parameters
[3.410s] Level 1:colcon.colcon_core.package_discovery:discover_packages(colcon_meta) discover
[3.410s] Level 1:colcon.colcon_core.package_discovery:discover_packages(recursive) discover
[3.411s] INFO:colcon.colcon_core.package_discovery:Crawling recursively for packages in '/home/dash/Desktop/ros_ws'
[3.411s] Level 1:colcon.colcon_core.package_identification:_identify(.) by extensions ['ignore', 'ignore_ament_install']
[3.412s] Level 1:colcon.colcon_core.package_identification:_identify(.) by extension 'ignore'
[3.412s] Level 1:colcon.colcon_core.package_identification:_identify(.) by extension 'ignore_ament_install'
[3.413s] Level 1:colcon.colcon_core.package_identification:_identify(.) by extensions ['colcon_pkg']
[3.413s] Level 1:colcon.colcon_core.package_identification:_identify(.) by extension 'colcon_pkg'
[3.414s] Level 1:colcon.colcon_core.package_identification:_identify(.) by extensions ['colcon_meta']
[3.414s] Level 1:colcon.colcon_core.package_identification:_identify(.) by extension 'colcon_meta'
[3.414s] Level 1:colcon.colcon_core.package_identification:_identify(.) by extensions ['ros']
[3.414s] Level 1:colcon.colcon_core.package_identification:_identify(.) by extension 'ros'
[3.487s] Level 1:colcon.colcon_core.package_identification:_identify(.) by extensions ['cmake', 'python']
[3.487s] Level 1:colcon.colcon_core.package_identification:_identify(.) by extension 'cmake'
[3.488s] Level 1:colcon.colcon_core.package_identification:_identify(.) by extension 'python'
[3.488s] Level 1:colcon.colcon_core.package_identification:_identify(.) by extensions ['python_setup_py']
[3.489s] Level 1:colcon.colcon_core.package_identification:_identify(.) by extension 'python_setup_py'
[3.489s] Level 1:colcon.colcon_core.package_identification:_identify(build) by extensions ['ignore', 'ignore_ament_install']
[3.490s] Level 1:colcon.colcon_core.package_identification:_identify(build) by extension 'ignore'
[3.490s] Level 1:colcon.colcon_core.package_identification:_identify(build) ignored
[3.491s] Level 1:colcon.colcon_core.package_identification:_identify(install) by extensions ['ignore', 'ignore_ament_install']
[3.492s] Level 1:colcon.colcon_core.package_identification:_identify(install) by extension 'ignore'
[3.492s] Level 1:colcon.colcon_core.package_identification:_identify(install) ignored
[3.495s] Level 1:colcon.colcon_core.package_identification:_identify(log) by extensions ['ignore', 'ignore_ament_install']
[3.495s] Level 1:colcon.colcon_core.package_identification:_identify(log) by extension 'ignore'
[3.495s] Level 1:colcon.colcon_core.package_identification:_identify(log) ignored
[3.496s] Level 1:colcon.colcon_core.package_identification:_identify(src) by extensions ['ignore', 'ignore_ament_install']
[3.496s] Level 1:colcon.colcon_core.package_identification:_identify(src) by extension 'ignore'
[3.497s] Level 1:colcon.colcon_core.package_identification:_identify(src) by extension 'ignore_ament_install'
[3.497s] Level 1:colcon.colcon_core.package_identification:_identify(src) by extensions ['colcon_pkg']
[3.497s] Level 1:colcon.colcon_core.package_identification:_identify(src) by extension 'colcon_pkg'
[3.498s] Level 1:colcon.colcon_core.package_identification:_identify(src) by extensions ['colcon_meta']
[3.498s] Level 1:colcon.colcon_core.package_identification:_identify(src) by extension 'colcon_meta'
[3.498s] Level 1:colcon.colcon_core.package_identification:_identify(src) by extensions ['ros']
[3.498s] Level 1:colcon.colcon_core.package_identification:_identify(src) by extension 'ros'
[3.499s] Level 1:colcon.colcon_core.package_identification:_identify(src) by extensions ['cmake', 'python']
[3.499s] Level 1:colcon.colcon_core.package_identification:_identify(src) by extension 'cmake'
[3.499s] Level 1:colcon.colcon_core.package_identification:_identify(src) by extension 'python'
[3.499s] Level 1:colcon.colcon_core.package_identification:_identify(src) by extensions ['python_setup_py']
[3.499s] Level 1:colcon.colcon_core.package_identification:_identify(src) by extension 'python_setup_py'
[3.500s] Level 1:colcon.colcon_core.package_identification:_identify(src/DASH_bringup) by extensions ['ignore', 'ignore_ament_install']
[3.500s] Level 1:colcon.colcon_core.package_identification:_identify(src/DASH_bringup) by extension 'ignore'
[3.501s] Level 1:colcon.colcon_core.package_identification:_identify(src/DASH_bringup) by extension 'ignore_ament_install'
[3.501s] Level 1:colcon.colcon_core.package_identification:_identify(src/DASH_bringup) by extensions ['colcon_pkg']
[3.501s] Level 1:colcon.colcon_core.package_identification:_identify(src/DASH_bringup) by extension 'colcon_pkg'
[3.501s] Level 1:colcon.colcon_core.package_identification:_identify(src/DASH_bringup) by extensions ['colcon_meta']
[3.502s] Level 1:colcon.colcon_core.package_identification:_identify(src/DASH_bringup) by extension 'colcon_meta'
[3.502s] Level 1:colcon.colcon_core.package_identification:_identify(src/DASH_bringup) by extensions ['ros']
[3.502s] Level 1:colcon.colcon_core.package_identification:_identify(src/DASH_bringup) by extension 'ros'
[3.516s] DEBUG:colcon.colcon_core.package_identification:Package 'src/DASH_bringup' with type 'ros.ament_cmake' and name 'DASH_bringup'
[3.517s] Level 1:colcon.colcon_core.package_identification:_identify(src/controller) by extensions ['ignore', 'ignore_ament_install']
[3.518s] Level 1:colcon.colcon_core.package_identification:_identify(src/controller) by extension 'ignore'
[3.518s] Level 1:colcon.colcon_core.package_identification:_identify(src/controller) by extension 'ignore_ament_install'
[3.519s] Level 1:colcon.colcon_core.package_identification:_identify(src/controller) by extensions ['colcon_pkg']
[3.519s] Level 1:colcon.colcon_core.package_identification:_identify(src/controller) by extension 'colcon_pkg'
[3.519s] Level 1:colcon.colcon_core.package_identification:_identify(src/controller) by extensions ['colcon_meta']
[3.519s] Level 1:colcon.colcon_core.package_identification:_identify(src/controller) by extension 'colcon_meta'
[3.520s] Level 1:colcon.colcon_core.package_identification:_identify(src/controller) by extensions ['ros']
[3.520s] Level 1:colcon.colcon_core.package_identification:_identify(src/controller) by extension 'ros'
[3.523s] DEBUG:colcon.colcon_core.package_identification:Package 'src/controller' with type 'ros.ament_python' and name 'controller'
[3.524s] Level 1:colcon.colcon_core.package_identification:_identify(src/cv_subsystem) by extensions ['ignore', 'ignore_ament_install']
[3.531s] Level 1:colcon.colcon_core.package_identification:_identify(src/cv_subsystem) by extension 'ignore'
[3.532s] Level 1:colcon.colcon_core.package_identification:_identify(src/cv_subsystem) by extension 'ignore_ament_install'
[3.533s] Level 1:colcon.colcon_core.package_identification:_identify(src/cv_subsystem) by extensions ['colcon_pkg']
[3.533s] Level 1:colcon.colcon_core.package_identification:_identify(src/cv_subsystem) by extension 'colcon_pkg'
[3.533s] Level 1:colcon.colcon_core.package_identification:_identify(src/cv_subsystem) by extensions ['colcon_meta']
[3.534s] Level 1:colcon.colcon_core.package_identification:_identify(src/cv_subsystem) by extension 'colcon_meta'
[3.534s] Level 1:colcon.colcon_core.package_identification:_identify(src/cv_subsystem) by extensions ['ros']
[3.534s] Level 1:colcon.colcon_core.package_identification:_identify(src/cv_subsystem) by extension 'ros'
[3.537s] DEBUG:colcon.colcon_core.package_identification:Package 'src/cv_subsystem' with type 'ros.ament_python' and name 'cv_subsystem'
[3.538s] Level 1:colcon.colcon_core.package_identification:_identify(src/nlp_subsystem) by extensions ['ignore', 'ignore_ament_install']
[3.539s] Level 1:colcon.colcon_core.package_identification:_identify(src/nlp_subsystem) by extension 'ignore'
[3.539s] Level 1:colcon.colcon_core.package_identification:_identify(src/nlp_subsystem) by extension 'ignore_ament_install'
[3.540s] Level 1:colcon.colcon_core.package_identification:_identify(src/nlp_subsystem) by extensions ['colcon_pkg']
[3.540s] Level 1:colcon.colcon_core.package_identification:_identify(src/nlp_subsystem) by extension 'colcon_pkg'
[3.540s] Level 1:colcon.colcon_core.package_identification:_identify(src/nlp_subsystem) by extensions ['colcon_meta']
[3.541s] Level 1:colcon.colcon_core.package_identification:_identify(src/nlp_subsystem) by extension 'colcon_meta'
[3.541s] Level 1:colcon.colcon_core.package_identification:_identify(src/nlp_subsystem) by extensions ['ros']
[3.541s] Level 1:colcon.colcon_core.package_identification:_identify(src/nlp_subsystem) by extension 'ros'
[3.546s] DEBUG:colcon.colcon_core.package_identification:Package 'src/nlp_subsystem' with type 'ros.ament_python' and name 'nlp_subsystem'
[3.548s] Level 1:colcon.colcon_core.package_identification:_identify(src/robot_interfaces) by extensions ['ignore', 'ignore_ament_install']
[3.549s] Level 1:colcon.colcon_core.package_identification:_identify(src/robot_interfaces) by extension 'ignore'
[3.549s] Level 1:colcon.colcon_core.package_identification:_identify(src/robot_interfaces) by extension 'ignore_ament_install'
[3.550s] Level 1:colcon.colcon_core.package_identification:_identify(src/robot_interfaces) by extensions ['colcon_pkg']
[3.550s] Level 1:colcon.colcon_core.package_identification:_identify(src/robot_interfaces) by extension 'colcon_pkg'
[3.550s] Level 1:colcon.colcon_core.package_identification:_identify(src/robot_interfaces) by extensions ['colcon_meta']
[3.550s] Level 1:colcon.colcon_core.package_identification:_identify(src/robot_interfaces) by extension 'colcon_meta'
[3.551s] Level 1:colcon.colcon_core.package_identification:_identify(src/robot_interfaces) by extensions ['ros']
[3.551s] Level 1:colcon.colcon_core.package_identification:_identify(src/robot_interfaces) by extension 'ros'
[3.554s] DEBUG:colcon.colcon_core.package_identification:Package 'src/robot_interfaces' with type 'ros.ament_cmake' and name 'robot_interfaces'
[3.555s] Level 1:colcon.colcon_core.package_identification:_identify(src/user_interface) by extensions ['ignore', 'ignore_ament_install']
[3.555s] Level 1:colcon.colcon_core.package_identification:_identify(src/user_interface) by extension 'ignore'
[3.556s] Level 1:colcon.colcon_core.package_identification:_identify(src/user_interface) by extension 'ignore_ament_install'
[3.557s] Level 1:colcon.colcon_core.package_identification:_identify(src/user_interface) by extensions ['colcon_pkg']
[3.557s] Level 1:colcon.colcon_core.package_identification:_identify(src/user_interface) by extension 'colcon_pkg'
[3.558s] Level 1:colcon.colcon_core.package_identification:_identify(src/user_interface) by extensions ['colcon_meta']
[3.558s] Level 1:colcon.colcon_core.package_identification:_identify(src/user_interface) by extension 'colcon_meta'
[3.559s] Level 1:colcon.colcon_core.package_identification:_identify(src/user_interface) by extensions ['ros']
[3.559s] Level 1:colcon.colcon_core.package_identification:_identify(src/user_interface) by extension 'ros'
[3.563s] DEBUG:colcon.colcon_core.package_identification:Package 'src/user_interface' with type 'ros.ament_python' and name 'user_interface'
[3.563s] Level 1:colcon.colcon_core.package_discovery:discover_packages(recursive) using defaults
[3.564s] Level 1:colcon.colcon_core.package_discovery:discover_packages(ignore) discover
[3.564s] Level 1:colcon.colcon_core.package_discovery:discover_packages(ignore) using defaults
[3.564s] Level 1:colcon.colcon_core.package_discovery:discover_packages(path) discover
[3.564s] Level 1:colcon.colcon_core.package_discovery:discover_packages(path) using defaults
[3.767s] Level 1:colcon.colcon_core.package_discovery:discover_packages(prefix_path) check parameters
[3.767s] Level 1:colcon.colcon_core.package_discovery:discover_packages(prefix_path) discover
[3.790s] DEBUG:colcon.colcon_installed_package_information.package_discovery:Found 7 installed packages in /home/dash/Desktop/depthai-ros/install
[3.795s] DEBUG:colcon.colcon_installed_package_information.package_discovery:Found 6 installed packages in /home/dash/Desktop/ros_ws/install
[3.807s] DEBUG:colcon.colcon_installed_package_information.package_discovery:Found 296 installed packages in /opt/ros/humble
[3.815s] Level 1:colcon.colcon_core.package_discovery:discover_packages(prefix_path) using defaults
[4.044s] Level 5:colcon.colcon_core.verb:set package 'controller' build argument 'cmake_args' from command line to 'None'
[4.044s] Level 5:colcon.colcon_core.verb:set package 'controller' build argument 'cmake_target' from command line to 'None'
[4.045s] Level 5:colcon.colcon_core.verb:set package 'controller' build argument 'cmake_target_skip_unavailable' from command line to 'False'
[4.045s] Level 5:colcon.colcon_core.verb:set package 'controller' build argument 'cmake_clean_cache' from command line to 'False'
[4.045s] Level 5:colcon.colcon_core.verb:set package 'controller' build argument 'cmake_clean_first' from command line to 'False'
[4.045s] Level 5:colcon.colcon_core.verb:set package 'controller' build argument 'cmake_force_configure' from command line to 'False'
[4.045s] Level 5:colcon.colcon_core.verb:set package 'controller' build argument 'ament_cmake_args' from command line to 'None'
[4.045s] Level 5:colcon.colcon_core.verb:set package 'controller' build argument 'catkin_cmake_args' from command line to 'None'
[4.046s] Level 5:colcon.colcon_core.verb:set package 'controller' build argument 'catkin_skip_building_tests' from command line to 'False'
[4.046s] DEBUG:colcon.colcon_core.verb:Building package 'controller' with the following arguments: {'ament_cmake_args': None, 'build_base': '/home/dash/Desktop/ros_ws/build/controller', 'catkin_cmake_args': None, 'catkin_skip_building_tests': False, 'cmake_args': None, 'cmake_clean_cache': False, 'cmake_clean_first': False, 'cmake_force_configure': False, 'cmake_target': None, 'cmake_target_skip_unavailable': False, 'install_base': '/home/dash/Desktop/ros_ws/install/controller', 'merge_install': False, 'path': '/home/dash/Desktop/ros_ws/src/controller', 'symlink_install': False, 'test_result_base': None}
[4.048s] Level 5:colcon.colcon_core.verb:set package 'cv_subsystem' build argument 'cmake_args' from command line to 'None'
[4.048s] Level 5:colcon.colcon_core.verb:set package 'cv_subsystem' build argument 'cmake_target' from command line to 'None'
[4.048s] Level 5:colcon.colcon_core.verb:set package 'cv_subsystem' build argument 'cmake_target_skip_unavailable' from command line to 'False'
[4.048s] Level 5:colcon.colcon_core.verb:set package 'cv_subsystem' build argument 'cmake_clean_cache' from command line to 'False'
[4.048s] Level 5:colcon.colcon_core.verb:set package 'cv_subsystem' build argument 'cmake_clean_first' from command line to 'False'
[4.048s] Level 5:colcon.colcon_core.verb:set package 'cv_subsystem' build argument 'cmake_force_configure' from command line to 'False'
[4.049s] Level 5:colcon.colcon_core.verb:set package 'cv_subsystem' build argument 'ament_cmake_args' from command line to 'None'
[4.049s] Level 5:colcon.colcon_core.verb:set package 'cv_subsystem' build argument 'catkin_cmake_args' from command line to 'None'
[4.049s] Level 5:colcon.colcon_core.verb:set package 'cv_subsystem' build argument 'catkin_skip_building_tests' from command line to 'False'
[4.049s] DEBUG:colcon.colcon_core.verb:Building package 'cv_subsystem' with the following arguments: {'ament_cmake_args': None, 'build_base': '/home/dash/Desktop/ros_ws/build/cv_subsystem', 'catkin_cmake_args': None, 'catkin_skip_building_tests': False, 'cmake_args': None, 'cmake_clean_cache': False, 'cmake_clean_first': False, 'cmake_force_configure': False, 'cmake_target': None, 'cmake_target_skip_unavailable': False, 'install_base': '/home/dash/Desktop/ros_ws/install/cv_subsystem', 'merge_install': False, 'path': '/home/dash/Desktop/ros_ws/src/cv_subsystem', 'symlink_install': False, 'test_result_base': None}
[4.051s] Level 5:colcon.colcon_core.verb:set package 'nlp_subsystem' build argument 'cmake_args' from command line to 'None'
[4.051s] Level 5:colcon.colcon_core.verb:set package 'nlp_subsystem' build argument 'cmake_target' from command line to 'None'
[4.051s] Level 5:colcon.colcon_core.verb:set package 'nlp_subsystem' build argument 'cmake_target_skip_unavailable' from command line to 'False'
[4.051s] Level 5:colcon.colcon_core.verb:set package 'nlp_subsystem' build argument 'cmake_clean_cache' from command line to 'False'
[4.051s] Level 5:colcon.colcon_core.verb:set package 'nlp_subsystem' build argument 'cmake_clean_first' from command line to 'False'
[4.051s] Level 5:colcon.colcon_core.verb:set package 'nlp_subsystem' build argument 'cmake_force_configure' from command line to 'False'
[4.052s] Level 5:colcon.colcon_core.verb:set package 'nlp_subsystem' build argument 'ament_cmake_args' from command line to 'None'
[4.052s] Level 5:colcon.colcon_core.verb:set package 'nlp_subsystem' build argument 'catkin_cmake_args' from command line to 'None'
[4.052s] Level 5:colcon.colcon_core.verb:set package 'nlp_subsystem' build argument 'catkin_skip_building_tests' from command line to 'False'
[4.052s] DEBUG:colcon.colcon_core.verb:Building package 'nlp_subsystem' with the following arguments: {'ament_cmake_args': None, 'build_base': '/home/dash/Desktop/ros_ws/build/nlp_subsystem', 'catkin_cmake_args': None, 'catkin_skip_building_tests': False, 'cmake_args': None, 'cmake_clean_cache': False, 'cmake_clean_first': False, 'cmake_force_configure': False, 'cmake_target': None, 'cmake_target_skip_unavailable': False, 'install_base': '/home/dash/Desktop/ros_ws/install/nlp_subsystem', 'merge_install': False, 'path': '/home/dash/Desktop/ros_ws/src/nlp_subsystem', 'symlink_install': False, 'test_result_base': None}
[4.054s] Level 5:colcon.colcon_core.verb:set package 'robot_interfaces' build argument 'cmake_args' from command line to 'None'
[4.054s] Level 5:colcon.colcon_core.verb:set package 'robot_interfaces' build argument 'cmake_target' from command line to 'None'
[4.054s] Level 5:colcon.colcon_core.verb:set package 'robot_interfaces' build argument 'cmake_target_skip_unavailable' from command line to 'False'
[4.054s] Level 5:colcon.colcon_core.verb:set package 'robot_interfaces' build argument 'cmake_clean_cache' from command line to 'False'
[4.054s] Level 5:colcon.colcon_core.verb:set package 'robot_interfaces' build argument 'cmake_clean_first' from command line to 'False'
[4.054s] Level 5:colcon.colcon_core.verb:set package 'robot_interfaces' build argument 'cmake_force_configure' from command line to 'False'
[4.055s] Level 5:colcon.colcon_core.verb:set package 'robot_interfaces' build argument 'ament_cmake_args' from command line to 'None'
[4.055s] Level 5:colcon.colcon_core.verb:set package 'robot_interfaces' build argument 'catkin_cmake_args' from command line to 'None'
[4.055s] Level 5:colcon.colcon_core.verb:set package 'robot_interfaces' build argument 'catkin_skip_building_tests' from command line to 'False'
[4.055s] DEBUG:colcon.colcon_core.verb:Building package 'robot_interfaces' with the following arguments: {'ament_cmake_args': None, 'build_base': '/home/dash/Desktop/ros_ws/build/robot_interfaces', 'catkin_cmake_args': None, 'catkin_skip_building_tests': False, 'cmake_args': None, 'cmake_clean_cache': False, 'cmake_clean_first': False, 'cmake_force_configure': False, 'cmake_target': None, 'cmake_target_skip_unavailable': False, 'install_base': '/home/dash/Desktop/ros_ws/install/robot_interfaces', 'merge_install': False, 'path': '/home/dash/Desktop/ros_ws/src/robot_interfaces', 'symlink_install': False, 'test_result_base': None}
[4.057s] Level 5:colcon.colcon_core.verb:set package 'user_interface' build argument 'cmake_args' from command line to 'None'
[4.057s] Level 5:colcon.colcon_core.verb:set package 'user_interface' build argument 'cmake_target' from command line to 'None'
[4.057s] Level 5:colcon.colcon_core.verb:set package 'user_interface' build argument 'cmake_target_skip_unavailable' from command line to 'False'
[4.057s] Level 5:colcon.colcon_core.verb:set package 'user_interface' build argument 'cmake_clean_cache' from command line to 'False'
[4.057s] Level 5:colcon.colcon_core.verb:set package 'user_interface' build argument 'cmake_clean_first' from command line to 'False'
[4.058s] Level 5:colcon.colcon_core.verb:set package 'user_interface' build argument 'cmake_force_configure' from command line to 'False'
[4.058s] Level 5:colcon.colcon_core.verb:set package 'user_interface' build argument 'ament_cmake_args' from command line to 'None'
[4.058s] Level 5:colcon.colcon_core.verb:set package 'user_interface' build argument 'catkin_cmake_args' from command line to 'None'
[4.058s] Level 5:colcon.colcon_core.verb:set package 'user_interface' build argument 'catkin_skip_building_tests' from command line to 'False'
[4.058s] DEBUG:colcon.colcon_core.verb:Building package 'user_interface' with the following arguments: {'ament_cmake_args': None, 'build_base': '/home/dash/Desktop/ros_ws/build/user_interface', 'catkin_cmake_args': None, 'catkin_skip_building_tests': False, 'cmake_args': None, 'cmake_clean_cache': False, 'cmake_clean_first': False, 'cmake_force_configure': False, 'cmake_target': None, 'cmake_target_skip_unavailable': False, 'install_base': '/home/dash/Desktop/ros_ws/install/user_interface', 'merge_install': False, 'path': '/home/dash/Desktop/ros_ws/src/user_interface', 'symlink_install': False, 'test_result_base': None}
[4.060s] Level 5:colcon.colcon_core.verb:set package 'DASH_bringup' build argument 'cmake_args' from command line to 'None'
[4.060s] Level 5:colcon.colcon_core.verb:set package 'DASH_bringup' build argument 'cmake_target' from command line to 'None'
[4.060s] Level 5:colcon.colcon_core.verb:set package 'DASH_bringup' build argument 'cmake_target_skip_unavailable' from command line to 'False'
[4.060s] Level 5:colcon.colcon_core.verb:set package 'DASH_bringup' build argument 'cmake_clean_cache' from command line to 'False'
[4.061s] Level 5:colcon.colcon_core.verb:set package 'DASH_bringup' build argument 'cmake_clean_first' from command line to 'False'
[4.061s] Level 5:colcon.colcon_core.verb:set package 'DASH_bringup' build argument 'cmake_force_configure' from command line to 'False'
[4.061s] Level 5:colcon.colcon_core.verb:set package 'DASH_bringup' build argument 'ament_cmake_args' from command line to 'None'
[4.061s] Level 5:colcon.colcon_core.verb:set package 'DASH_bringup' build argument 'catkin_cmake_args' from command line to 'None'
[4.061s] Level 5:colcon.colcon_core.verb:set package 'DASH_bringup' build argument 'catkin_skip_building_tests' from command line to 'False'
[4.061s] DEBUG:colcon.colcon_core.verb:Building package 'DASH_bringup' with the following arguments: {'ament_cmake_args': None, 'build_base': '/home/dash/Desktop/ros_ws/build/DASH_bringup', 'catkin_cmake_args': None, 'catkin_skip_building_tests': False, 'cmake_args': None, 'cmake_clean_cache': False, 'cmake_clean_first': False, 'cmake_force_configure': False, 'cmake_target': None, 'cmake_target_skip_unavailable': False, 'install_base': '/home/dash/Desktop/ros_ws/install/DASH_bringup', 'merge_install': False, 'path': '/home/dash/Desktop/ros_ws/src/DASH_bringup', 'symlink_install': False, 'test_result_base': None}
[4.062s] INFO:colcon.colcon_core.executor:Executing jobs using 'parallel' executor
[4.066s] DEBUG:colcon.colcon_parallel_executor.executor.parallel:run_until_complete
[4.067s] INFO:colcon.colcon_ros.task.ament_python.build:Building ROS package in '/home/dash/Desktop/ros_ws/src/controller' with build type 'ament_python'
[4.068s] Level 1:colcon.colcon_core.shell:create_environment_hook('controller', 'ament_prefix_path')
[4.097s] INFO:colcon.colcon_core.plugin_system:Skipping extension 'colcon_core.shell.bat': Not used on non-Windows systems
[4.099s] INFO:colcon.colcon_core.shell:Creating environment hook '/home/dash/Desktop/ros_ws/install/controller/share/controller/hook/ament_prefix_path.ps1'
[4.105s] INFO:colcon.colcon_core.shell:Creating environment descriptor '/home/dash/Desktop/ros_ws/install/controller/share/controller/hook/ament_prefix_path.dsv'
[4.112s] INFO:colcon.colcon_core.shell:Creating environment hook '/home/dash/Desktop/ros_ws/install/controller/share/controller/hook/ament_prefix_path.sh'
[4.117s] INFO:colcon.colcon_core.shell:Skip shell extension 'powershell' for command environment: Not usable outside of PowerShell
[4.117s] DEBUG:colcon.colcon_core.shell:Skip shell extension 'dsv' for command environment
[4.149s] INFO:colcon.colcon_ros.task.ament_python.build:Building ROS package in '/home/dash/Desktop/ros_ws/src/cv_subsystem' with build type 'ament_python'
[4.150s] Level 1:colcon.colcon_core.shell:create_environment_hook('cv_subsystem', 'ament_prefix_path')
[4.152s] INFO:colcon.colcon_core.shell:Creating environment hook '/home/dash/Desktop/ros_ws/install/cv_subsystem/share/cv_subsystem/hook/ament_prefix_path.ps1'
[4.155s] INFO:colcon.colcon_core.shell:Creating environment descriptor '/home/dash/Desktop/ros_ws/install/cv_subsystem/share/cv_subsystem/hook/ament_prefix_path.dsv'
[4.157s] INFO:colcon.colcon_core.shell:Creating environment hook '/home/dash/Desktop/ros_ws/install/cv_subsystem/share/cv_subsystem/hook/ament_prefix_path.sh'
[4.161s] INFO:colcon.colcon_core.shell:Skip shell extension 'powershell' for command environment: Not usable outside of PowerShell
[4.162s] DEBUG:colcon.colcon_core.shell:Skip shell extension 'dsv' for command environment
[4.202s] INFO:colcon.colcon_ros.task.ament_python.build:Building ROS package in '/home/dash/Desktop/ros_ws/src/nlp_subsystem' with build type 'ament_python'
[4.203s] Level 1:colcon.colcon_core.shell:create_environment_hook('nlp_subsystem', 'ament_prefix_path')
[4.204s] INFO:colcon.colcon_core.shell:Creating environment hook '/home/dash/Desktop/ros_ws/install/nlp_subsystem/share/nlp_subsystem/hook/ament_prefix_path.ps1'
[4.208s] INFO:colcon.colcon_core.shell:Creating environment descriptor '/home/dash/Desktop/ros_ws/install/nlp_subsystem/share/nlp_subsystem/hook/ament_prefix_path.dsv'
[4.211s] INFO:colcon.colcon_core.shell:Creating environment hook '/home/dash/Desktop/ros_ws/install/nlp_subsystem/share/nlp_subsystem/hook/ament_prefix_path.sh'
[4.218s] INFO:colcon.colcon_core.shell:Skip shell extension 'powershell' for command environment: Not usable outside of PowerShell
[4.218s] DEBUG:colcon.colcon_core.shell:Skip shell extension 'dsv' for command environment
[4.251s] INFO:colcon.colcon_ros.task.ament_cmake.build:Building ROS package in '/home/dash/Desktop/ros_ws/src/robot_interfaces' with build type 'ament_cmake'
[4.253s] INFO:colcon.colcon_cmake.task.cmake.build:Building CMake package in '/home/dash/Desktop/ros_ws/src/robot_interfaces'
[4.254s] INFO:colcon.colcon_core.shell:Skip shell extension 'powershell' for command environment: Not usable outside of PowerShell
[4.255s] DEBUG:colcon.colcon_core.shell:Skip shell extension 'dsv' for command environment
[6.083s] INFO:colcon.colcon_core.task.python.build:Building Python package in '/home/dash/Desktop/ros_ws/src/controller'
[6.084s] INFO:colcon.colcon_core.shell:Skip shell extension 'powershell' for command environment: Not usable outside of PowerShell
[6.084s] DEBUG:colcon.colcon_core.shell:Skip shell extension 'dsv' for command environment
[7.840s] INFO:colcon.colcon_core.task.python.build:Building Python package in '/home/dash/Desktop/ros_ws/src/cv_subsystem'
[7.841s] INFO:colcon.colcon_core.shell:Skip shell extension 'powershell' for command environment: Not usable outside of PowerShell
[7.841s] DEBUG:colcon.colcon_core.shell:Skip shell extension 'dsv' for command environment
[9.602s] INFO:colcon.colcon_core.task.python.build:Building Python package in '/home/dash/Desktop/ros_ws/src/nlp_subsystem'
[9.603s] INFO:colcon.colcon_core.shell:Skip shell extension 'powershell' for command environment: Not usable outside of PowerShell
[9.603s] DEBUG:colcon.colcon_core.shell:Skip shell extension 'dsv' for command environment
[9.697s] DEBUG:colcon.colcon_core.event_handler.log_command:Invoking command in '/home/dash/Desktop/ros_ws/build/robot_interfaces': CMAKE_PREFIX_PATH=${CMAKE_PREFIX_PATH}:/home/dash/Desktop/ros_ws/install/user_interface:/home/dash/Desktop/ros_ws/install/nlp_subsystem:/home/dash/Desktop/ros_ws/install/cv_subsystem:/home/dash/Desktop/ros_ws/install/controller:/opt/ros/humble /usr/bin/cmake --build /home/dash/Desktop/ros_ws/build/robot_interfaces -- -j4 -l4
[13.979s] DEBUG:colcon.colcon_core.event_handler.log_command:Invoking command in '/home/dash/Desktop/ros_ws/src/cv_subsystem': PYTHONPATH=/home/dash/Desktop/ros_ws/build/cv_subsystem/prefix_override:/home/dash/Desktop/ros_ws/install/cv_subsystem/lib/python3.10/site-packages:${PYTHONPATH} /usr/bin/python3 -W ignore:setup.py install is deprecated setup.py egg_info --egg-base ../../build/cv_subsystem build --build-base /home/dash/Desktop/ros_ws/build/cv_subsystem/build install --record /home/dash/Desktop/ros_ws/build/cv_subsystem/install.log --single-version-externally-managed install_data
[14.033s] DEBUG:colcon.colcon_core.event_handler.log_command:Invoking command in '/home/dash/Desktop/ros_ws/src/nlp_subsystem': PYTHONPATH=/home/dash/Desktop/ros_ws/build/nlp_subsystem/prefix_override:/home/dash/Desktop/ros_ws/install/nlp_subsystem/lib/python3.10/site-packages:${PYTHONPATH} /usr/bin/python3 -W ignore:setup.py install is deprecated setup.py egg_info --egg-base ../../build/nlp_subsystem build --build-base /home/dash/Desktop/ros_ws/build/nlp_subsystem/build install --record /home/dash/Desktop/ros_ws/build/nlp_subsystem/install.log --single-version-externally-managed install_data
[14.097s] DEBUG:colcon.colcon_core.event_handler.log_command:Invoking command in '/home/dash/Desktop/ros_ws/src/controller': PYTHONPATH=/home/dash/Desktop/ros_ws/build/controller/prefix_override:/home/dash/Desktop/ros_ws/install/controller/lib/python3.10/site-packages:${PYTHONPATH} /usr/bin/python3 -W ignore:setup.py install is deprecated setup.py egg_info --egg-base ../../build/controller build --build-base /home/dash/Desktop/ros_ws/build/controller/build install --record /home/dash/Desktop/ros_ws/build/controller/install.log --single-version-externally-managed install_data
[16.935s] DEBUG:colcon.colcon_core.event_handler.log_command:Invoked command in '/home/dash/Desktop/ros_ws/src/cv_subsystem' returned '0': PYTHONPATH=/home/dash/Desktop/ros_ws/build/cv_subsystem/prefix_override:/home/dash/Desktop/ros_ws/install/cv_subsystem/lib/python3.10/site-packages:${PYTHONPATH} /usr/bin/python3 -W ignore:setup.py install is deprecated setup.py egg_info --egg-base ../../build/cv_subsystem build --build-base /home/dash/Desktop/ros_ws/build/cv_subsystem/build install --record /home/dash/Desktop/ros_ws/build/cv_subsystem/install.log --single-version-externally-managed install_data
[17.102s] Level 1:colcon.colcon_core.environment:checking '/home/dash/Desktop/ros_ws/install/cv_subsystem' for CMake module files
[17.106s] Level 1:colcon.colcon_core.environment:checking '/home/dash/Desktop/ros_ws/install/cv_subsystem' for CMake config files
[17.113s] Level 1:colcon.colcon_core.environment:checking '/home/dash/Desktop/ros_ws/install/cv_subsystem/lib'
[17.115s] Level 1:colcon.colcon_core.environment:checking '/home/dash/Desktop/ros_ws/install/cv_subsystem/bin'
[17.117s] Level 1:colcon.colcon_core.environment:checking '/home/dash/Desktop/ros_ws/install/cv_subsystem/lib/pkgconfig/cv_subsystem.pc'
[17.119s] Level 1:colcon.colcon_core.environment:checking '/home/dash/Desktop/ros_ws/install/cv_subsystem/lib/python3.10/site-packages'
[17.120s] Level 1:colcon.colcon_core.shell:create_environment_hook('cv_subsystem', 'pythonpath')
[17.122s] INFO:colcon.colcon_core.shell:Creating environment hook '/home/dash/Desktop/ros_ws/install/cv_subsystem/share/cv_subsystem/hook/pythonpath.ps1'
[17.127s] INFO:colcon.colcon_core.shell:Creating environment descriptor '/home/dash/Desktop/ros_ws/install/cv_subsystem/share/cv_subsystem/hook/pythonpath.dsv'
[17.132s] INFO:colcon.colcon_core.shell:Creating environment hook '/home/dash/Desktop/ros_ws/install/cv_subsystem/share/cv_subsystem/hook/pythonpath.sh'
[17.141s] Level 1:colcon.colcon_core.environment:checking '/home/dash/Desktop/ros_ws/install/cv_subsystem/bin'
[17.151s] Level 1:colcon.colcon_core.environment:create_environment_scripts_only(cv_subsystem)
[17.153s] INFO:colcon.colcon_core.shell:Creating package script '/home/dash/Desktop/ros_ws/install/cv_subsystem/share/cv_subsystem/package.ps1'
[17.170s] INFO:colcon.colcon_core.shell:Creating package descriptor '/home/dash/Desktop/ros_ws/install/cv_subsystem/share/cv_subsystem/package.dsv'
[17.178s] INFO:colcon.colcon_core.shell:Creating package script '/home/dash/Desktop/ros_ws/install/cv_subsystem/share/cv_subsystem/package.sh'
[17.191s] INFO:colcon.colcon_core.shell:Creating package script '/home/dash/Desktop/ros_ws/install/cv_subsystem/share/cv_subsystem/package.bash'
[17.230s] INFO:colcon.colcon_core.shell:Creating package script '/home/dash/Desktop/ros_ws/install/cv_subsystem/share/cv_subsystem/package.zsh'
[17.247s] Level 1:colcon.colcon_core.environment:create_file_with_runtime_dependencies(/home/dash/Desktop/ros_ws/install/cv_subsystem/share/colcon-core/packages/cv_subsystem)
[17.282s] INFO:colcon.colcon_ros.task.ament_python.build:Building ROS package in '/home/dash/Desktop/ros_ws/src/user_interface' with build type 'ament_python'
[17.285s] Level 1:colcon.colcon_core.shell:create_environment_hook('user_interface', 'ament_prefix_path')
[17.287s] INFO:colcon.colcon_core.shell:Creating environment hook '/home/dash/Desktop/ros_ws/install/user_interface/share/user_interface/hook/ament_prefix_path.ps1'
[17.302s] INFO:colcon.colcon_core.shell:Creating environment descriptor '/home/dash/Desktop/ros_ws/install/user_interface/share/user_interface/hook/ament_prefix_path.dsv'
[17.338s] INFO:colcon.colcon_core.shell:Creating environment hook '/home/dash/Desktop/ros_ws/install/user_interface/share/user_interface/hook/ament_prefix_path.sh'
[17.364s] INFO:colcon.colcon_core.shell:Skip shell extension 'powershell' for command environment: Not usable outside of PowerShell
[17.365s] DEBUG:colcon.colcon_core.shell:Skip shell extension 'dsv' for command environment
[19.833s] INFO:colcon.colcon_core.task.python.build:Building Python package in '/home/dash/Desktop/ros_ws/src/user_interface'
[19.835s] INFO:colcon.colcon_core.shell:Skip shell extension 'powershell' for command environment: Not usable outside of PowerShell
[19.835s] DEBUG:colcon.colcon_core.shell:Skip shell extension 'dsv' for command environment
[19.879s] Level 1:colcon.colcon_core.environment:checking '/home/dash/Desktop/ros_ws/install/controller' for CMake module files
[19.886s] DEBUG:colcon.colcon_core.event_handler.log_command:Invoked command in '/home/dash/Desktop/ros_ws/src/controller' returned '0': PYTHONPATH=/home/dash/Desktop/ros_ws/build/controller/prefix_override:/home/dash/Desktop/ros_ws/install/controller/lib/python3.10/site-packages:${PYTHONPATH} /usr/bin/python3 -W ignore:setup.py install is deprecated setup.py egg_info --egg-base ../../build/controller build --build-base /home/dash/Desktop/ros_ws/build/controller/build install --record /home/dash/Desktop/ros_ws/build/controller/install.log --single-version-externally-managed install_data
[19.894s] Level 1:colcon.colcon_core.environment:checking '/home/dash/Desktop/ros_ws/install/controller' for CMake config files
[19.902s] Level 1:colcon.colcon_core.environment:checking '/home/dash/Desktop/ros_ws/install/controller/lib'
[19.903s] Level 1:colcon.colcon_core.environment:checking '/home/dash/Desktop/ros_ws/install/controller/bin'
[19.903s] Level 1:colcon.colcon_core.environment:checking '/home/dash/Desktop/ros_ws/install/controller/lib/pkgconfig/controller.pc'
[19.905s] Level 1:colcon.colcon_core.environment:checking '/home/dash/Desktop/ros_ws/install/controller/lib/python3.10/site-packages'
[19.905s] Level 1:colcon.colcon_core.shell:create_environment_hook('controller', 'pythonpath')
[19.907s] INFO:colcon.colcon_core.shell:Creating environment hook '/home/dash/Desktop/ros_ws/install/controller/share/controller/hook/pythonpath.ps1'
[19.911s] INFO:colcon.colcon_core.shell:Creating environment descriptor '/home/dash/Desktop/ros_ws/install/controller/share/controller/hook/pythonpath.dsv'
[19.914s] INFO:colcon.colcon_core.shell:Creating environment hook '/home/dash/Desktop/ros_ws/install/controller/share/controller/hook/pythonpath.sh'
[19.918s] Level 1:colcon.colcon_core.environment:checking '/home/dash/Desktop/ros_ws/install/controller/bin'
[19.920s] Level 1:colcon.colcon_core.environment:create_environment_scripts_only(controller)
[19.924s] INFO:colcon.colcon_core.shell:Creating package script '/home/dash/Desktop/ros_ws/install/controller/share/controller/package.ps1'
[19.928s] INFO:colcon.colcon_core.shell:Creating package descriptor '/home/dash/Desktop/ros_ws/install/controller/share/controller/package.dsv'
[19.931s] INFO:colcon.colcon_core.shell:Creating package script '/home/dash/Desktop/ros_ws/install/controller/share/controller/package.sh'
[19.933s] INFO:colcon.colcon_core.shell:Creating package script '/home/dash/Desktop/ros_ws/install/controller/share/controller/package.bash'
[19.936s] INFO:colcon.colcon_core.shell:Creating package script '/home/dash/Desktop/ros_ws/install/controller/share/controller/package.zsh'
[19.938s] Level 1:colcon.colcon_core.environment:create_file_with_runtime_dependencies(/home/dash/Desktop/ros_ws/install/controller/share/colcon-core/packages/controller)
[19.941s] Level 1:colcon.colcon_core.environment:checking '/home/dash/Desktop/ros_ws/install/nlp_subsystem' for CMake module files
[19.944s] Level 1:colcon.colcon_core.environment:checking '/home/dash/Desktop/ros_ws/install/nlp_subsystem' for CMake config files
[19.954s] DEBUG:colcon.colcon_core.event_handler.log_command:Invoked command in '/home/dash/Desktop/ros_ws/src/nlp_subsystem' returned '0': PYTHONPATH=/home/dash/Desktop/ros_ws/build/nlp_subsystem/prefix_override:/home/dash/Desktop/ros_ws/install/nlp_subsystem/lib/python3.10/site-packages:${PYTHONPATH} /usr/bin/python3 -W ignore:setup.py install is deprecated setup.py egg_info --egg-base ../../build/nlp_subsystem build --build-base /home/dash/Desktop/ros_ws/build/nlp_subsystem/build install --record /home/dash/Desktop/ros_ws/build/nlp_subsystem/install.log --single-version-externally-managed install_data
[19.956s] Level 1:colcon.colcon_core.environment:checking '/home/dash/Desktop/ros_ws/install/nlp_subsystem/lib'
[19.957s] Level 1:colcon.colcon_core.environment:checking '/home/dash/Desktop/ros_ws/install/nlp_subsystem/bin'
[19.957s] Level 1:colcon.colcon_core.environment:checking '/home/dash/Desktop/ros_ws/install/nlp_subsystem/lib/pkgconfig/nlp_subsystem.pc'
[19.959s] Level 1:colcon.colcon_core.environment:checking '/home/dash/Desktop/ros_ws/install/nlp_subsystem/lib/python3.10/site-packages'
[19.960s] Level 1:colcon.colcon_core.shell:create_environment_hook('nlp_subsystem', 'pythonpath')
[19.962s] INFO:colcon.colcon_core.shell:Creating environment hook '/home/dash/Desktop/ros_ws/install/nlp_subsystem/share/nlp_subsystem/hook/pythonpath.ps1'
[19.964s] INFO:colcon.colcon_core.shell:Creating environment descriptor '/home/dash/Desktop/ros_ws/install/nlp_subsystem/share/nlp_subsystem/hook/pythonpath.dsv'
[19.966s] INFO:colcon.colcon_core.shell:Creating environment hook '/home/dash/Desktop/ros_ws/install/nlp_subsystem/share/nlp_subsystem/hook/pythonpath.sh'
[19.970s] Level 1:colcon.colcon_core.environment:checking '/home/dash/Desktop/ros_ws/install/nlp_subsystem/bin'
[19.970s] Level 1:colcon.colcon_core.environment:create_environment_scripts_only(nlp_subsystem)
[19.972s] INFO:colcon.colcon_core.shell:Creating package script '/home/dash/Desktop/ros_ws/install/nlp_subsystem/share/nlp_subsystem/package.ps1'
[19.975s] INFO:colcon.colcon_core.shell:Creating package descriptor '/home/dash/Desktop/ros_ws/install/nlp_subsystem/share/nlp_subsystem/package.dsv'
[19.978s] INFO:colcon.colcon_core.shell:Creating package script '/home/dash/Desktop/ros_ws/install/nlp_subsystem/share/nlp_subsystem/package.sh'
[19.980s] INFO:colcon.colcon_core.shell:Creating package script '/home/dash/Desktop/ros_ws/install/nlp_subsystem/share/nlp_subsystem/package.bash'
[19.982s] INFO:colcon.colcon_core.shell:Creating package script '/home/dash/Desktop/ros_ws/install/nlp_subsystem/share/nlp_subsystem/package.zsh'
[19.984s] Level 1:colcon.colcon_core.environment:create_file_with_runtime_dependencies(/home/dash/Desktop/ros_ws/install/nlp_subsystem/share/colcon-core/packages/nlp_subsystem)
[19.988s] INFO:colcon.colcon_ros.task.ament_cmake.build:Building ROS package in '/home/dash/Desktop/ros_ws/src/DASH_bringup' with build type 'ament_cmake'
[19.989s] INFO:colcon.colcon_cmake.task.cmake.build:Building CMake package in '/home/dash/Desktop/ros_ws/src/DASH_bringup'
[19.990s] INFO:colcon.colcon_core.shell:Skip shell extension 'powershell' for command environment: Not usable outside of PowerShell
[19.991s] DEBUG:colcon.colcon_core.shell:Skip shell extension 'dsv' for command environment
[20.231s] DEBUG:colcon.colcon_core.event_handler.log_command:Invoking command in '/home/dash/Desktop/ros_ws/build/DASH_bringup': AMENT_PREFIX_PATH=/home/dash/Desktop/ros_ws/install/nlp_subsystem:/home/dash/Desktop/ros_ws/install/cv_subsystem:/home/dash/Desktop/ros_ws/install/controller:/home/dash/Desktop/ros_ws/install/user_interface:/home/dash/Desktop/ros_ws/install/robot_interfaces:/home/dash/Desktop/ros_ws/install/DASH_bringup:/home/dash/Desktop/depthai-ros/install/depthai-ros:/home/dash/Desktop/depthai-ros/install/depthai_ros_driver:/home/dash/Desktop/depthai-ros/install/depthai_filters:/home/dash/Desktop/depthai-ros/install/depthai_examples:/home/dash/Desktop/depthai-ros/install/depthai_bridge:/home/dash/Desktop/depthai-ros/install/depthai_ros_msgs:/home/dash/Desktop/depthai-ros/install/depthai_descriptions:/opt/ros/humble CMAKE_PREFIX_PATH=${CMAKE_PREFIX_PATH}:/home/dash/Desktop/ros_ws/install/user_interface:/home/dash/Desktop/ros_ws/install/nlp_subsystem:/home/dash/Desktop/ros_ws/install/cv_subsystem:/home/dash/Desktop/ros_ws/install/controller:/opt/ros/humble PYTHONPATH=/home/dash/Desktop/ros_ws/install/nlp_subsystem/lib/python3.10/site-packages:/home/dash/Desktop/ros_ws/install/cv_subsystem/lib/python3.10/site-packages:/home/dash/Desktop/ros_ws/install/controller/lib/python3.10/site-packages:/home/dash/Desktop/ros_ws/install/user_interface/lib/python3.10/site-packages:/home/dash/Desktop/ros_ws/install/robot_interfaces/local/lib/python3.10/dist-packages:/home/dash/Desktop/depthai-ros/install/depthai_ros_driver/local/lib/python3.10/dist-packages:/home/dash/Desktop/depthai-ros/install/depthai_ros_msgs/local/lib/python3.10/dist-packages:/opt/ros/humble/lib/python3.10/site-packages:/opt/ros/humble/local/lib/python3.10/dist-packages /usr/bin/cmake --build /home/dash/Desktop/ros_ws/build/DASH_bringup -- -j4 -l4
[20.719s] DEBUG:colcon.colcon_core.event_handler.log_command:Invoked command in '/home/dash/Desktop/ros_ws/build/DASH_bringup' returned '0': AMENT_PREFIX_PATH=/home/dash/Desktop/ros_ws/install/nlp_subsystem:/home/dash/Desktop/ros_ws/install/cv_subsystem:/home/dash/Desktop/ros_ws/install/controller:/home/dash/Desktop/ros_ws/install/user_interface:/home/dash/Desktop/ros_ws/install/robot_interfaces:/home/dash/Desktop/ros_ws/install/DASH_bringup:/home/dash/Desktop/depthai-ros/install/depthai-ros:/home/dash/Desktop/depthai-ros/install/depthai_ros_driver:/home/dash/Desktop/depthai-ros/install/depthai_filters:/home/dash/Desktop/depthai-ros/install/depthai_examples:/home/dash/Desktop/depthai-ros/install/depthai_bridge:/home/dash/Desktop/depthai-ros/install/depthai_ros_msgs:/home/dash/Desktop/depthai-ros/install/depthai_descriptions:/opt/ros/humble CMAKE_PREFIX_PATH=${CMAKE_PREFIX_PATH}:/home/dash/Desktop/ros_ws/install/user_interface:/home/dash/Desktop/ros_ws/install/nlp_subsystem:/home/dash/Desktop/ros_ws/install/cv_subsystem:/home/dash/Desktop/ros_ws/install/controller:/opt/ros/humble PYTHONPATH=/home/dash/Desktop/ros_ws/install/nlp_subsystem/lib/python3.10/site-packages:/home/dash/Desktop/ros_ws/install/cv_subsystem/lib/python3.10/site-packages:/home/dash/Desktop/ros_ws/install/controller/lib/python3.10/site-packages:/home/dash/Desktop/ros_ws/install/user_interface/lib/python3.10/site-packages:/home/dash/Desktop/ros_ws/install/robot_interfaces/local/lib/python3.10/dist-packages:/home/dash/Desktop/depthai-ros/install/depthai_ros_driver/local/lib/python3.10/dist-packages:/home/dash/Desktop/depthai-ros/install/depthai_ros_msgs/local/lib/python3.10/dist-packages:/opt/ros/humble/lib/python3.10/site-packages:/opt/ros/humble/local/lib/python3.10/dist-packages /usr/bin/cmake --build /home/dash/Desktop/ros_ws/build/DASH_bringup -- -j4 -l4
[20.987s] DEBUG:colcon.colcon_core.event_handler.log_command:Invoking command in '/home/dash/Desktop/ros_ws/build/DASH_bringup': AMENT_PREFIX_PATH=/home/dash/Desktop/ros_ws/install/nlp_subsystem:/home/dash/Desktop/ros_ws/install/cv_subsystem:/home/dash/Desktop/ros_ws/install/controller:/home/dash/Desktop/ros_ws/install/user_interface:/home/dash/Desktop/ros_ws/install/robot_interfaces:/home/dash/Desktop/ros_ws/install/DASH_bringup:/home/dash/Desktop/depthai-ros/install/depthai-ros:/home/dash/Desktop/depthai-ros/install/depthai_ros_driver:/home/dash/Desktop/depthai-ros/install/depthai_filters:/home/dash/Desktop/depthai-ros/install/depthai_examples:/home/dash/Desktop/depthai-ros/install/depthai_bridge:/home/dash/Desktop/depthai-ros/install/depthai_ros_msgs:/home/dash/Desktop/depthai-ros/install/depthai_descriptions:/opt/ros/humble CMAKE_PREFIX_PATH=${CMAKE_PREFIX_PATH}:/home/dash/Desktop/ros_ws/install/user_interface:/home/dash/Desktop/ros_ws/install/nlp_subsystem:/home/dash/Desktop/ros_ws/install/cv_subsystem:/home/dash/Desktop/ros_ws/install/controller:/opt/ros/humble PYTHONPATH=/home/dash/Desktop/ros_ws/install/nlp_subsystem/lib/python3.10/site-packages:/home/dash/Desktop/ros_ws/install/cv_subsystem/lib/python3.10/site-packages:/home/dash/Desktop/ros_ws/install/controller/lib/python3.10/site-packages:/home/dash/Desktop/ros_ws/install/user_interface/lib/python3.10/site-packages:/home/dash/Desktop/ros_ws/install/robot_interfaces/local/lib/python3.10/dist-packages:/home/dash/Desktop/depthai-ros/install/depthai_ros_driver/local/lib/python3.10/dist-packages:/home/dash/Desktop/depthai-ros/install/depthai_ros_msgs/local/lib/python3.10/dist-packages:/opt/ros/humble/lib/python3.10/site-packages:/opt/ros/humble/local/lib/python3.10/dist-packages /usr/bin/cmake --install /home/dash/Desktop/ros_ws/build/DASH_bringup
[21.075s] Level 1:colcon.colcon_core.environment:create_environment_scripts_only(DASH_bringup)
[21.076s] Level 1:colcon.colcon_core.environment:checking '/home/dash/Desktop/ros_ws/install/DASH_bringup' for CMake module files
[21.080s] Level 1:colcon.colcon_core.environment:checking '/home/dash/Desktop/ros_ws/install/DASH_bringup' for CMake config files
[21.082s] Level 1:colcon.colcon_core.shell:create_environment_hook('DASH_bringup', 'cmake_prefix_path')
[21.089s] INFO:colcon.colcon_core.shell:Creating environment hook '/home/dash/Desktop/ros_ws/install/DASH_bringup/share/DASH_bringup/hook/cmake_prefix_path.ps1'
[21.092s] INFO:colcon.colcon_core.shell:Creating environment descriptor '/home/dash/Desktop/ros_ws/install/DASH_bringup/share/DASH_bringup/hook/cmake_prefix_path.dsv'
[21.096s] DEBUG:colcon.colcon_core.event_handler.log_command:Invoked command in '/home/dash/Desktop/ros_ws/build/DASH_bringup' returned '0': AMENT_PREFIX_PATH=/home/dash/Desktop/ros_ws/install/nlp_subsystem:/home/dash/Desktop/ros_ws/install/cv_subsystem:/home/dash/Desktop/ros_ws/install/controller:/home/dash/Desktop/ros_ws/install/user_interface:/home/dash/Desktop/ros_ws/install/robot_interfaces:/home/dash/Desktop/ros_ws/install/DASH_bringup:/home/dash/Desktop/depthai-ros/install/depthai-ros:/home/dash/Desktop/depthai-ros/install/depthai_ros_driver:/home/dash/Desktop/depthai-ros/install/depthai_filters:/home/dash/Desktop/depthai-ros/install/depthai_examples:/home/dash/Desktop/depthai-ros/install/depthai_bridge:/home/dash/Desktop/depthai-ros/install/depthai_ros_msgs:/home/dash/Desktop/depthai-ros/install/depthai_descriptions:/opt/ros/humble CMAKE_PREFIX_PATH=${CMAKE_PREFIX_PATH}:/home/dash/Desktop/ros_ws/install/user_interface:/home/dash/Desktop/ros_ws/install/nlp_subsystem:/home/dash/Desktop/ros_ws/install/cv_subsystem:/home/dash/Desktop/ros_ws/install/controller:/opt/ros/humble PYTHONPATH=/home/dash/Desktop/ros_ws/install/nlp_subsystem/lib/python3.10/site-packages:/home/dash/Desktop/ros_ws/install/cv_subsystem/lib/python3.10/site-packages:/home/dash/Desktop/ros_ws/install/controller/lib/python3.10/site-packages:/home/dash/Desktop/ros_ws/install/user_interface/lib/python3.10/site-packages:/home/dash/Desktop/ros_ws/install/robot_interfaces/local/lib/python3.10/dist-packages:/home/dash/Desktop/depthai-ros/install/depthai_ros_driver/local/lib/python3.10/dist-packages:/home/dash/Desktop/depthai-ros/install/depthai_ros_msgs/local/lib/python3.10/dist-packages:/opt/ros/humble/lib/python3.10/site-packages:/opt/ros/humble/local/lib/python3.10/dist-packages /usr/bin/cmake --install /home/dash/Desktop/ros_ws/build/DASH_bringup
[21.097s] INFO:colcon.colcon_core.shell:Creating environment hook '/home/dash/Desktop/ros_ws/install/DASH_bringup/share/DASH_bringup/hook/cmake_prefix_path.sh'
[21.101s] Level 1:colcon.colcon_core.environment:checking '/home/dash/Desktop/ros_ws/install/DASH_bringup/bin'
[21.103s] Level 1:colcon.colcon_core.environment:checking '/home/dash/Desktop/ros_ws/install/DASH_bringup/lib/pkgconfig/DASH_bringup.pc'
[21.105s] Level 1:colcon.colcon_core.environment:checking '/home/dash/Desktop/ros_ws/install/DASH_bringup/lib/python3.10/site-packages'
[21.106s] Level 1:colcon.colcon_core.environment:checking '/home/dash/Desktop/ros_ws/install/DASH_bringup/bin'
[21.110s] INFO:colcon.colcon_core.shell:Creating package script '/home/dash/Desktop/ros_ws/install/DASH_bringup/share/DASH_bringup/package.ps1'
[21.114s] INFO:colcon.colcon_core.shell:Creating package descriptor '/home/dash/Desktop/ros_ws/install/DASH_bringup/share/DASH_bringup/package.dsv'
[21.117s] INFO:colcon.colcon_core.shell:Creating package script '/home/dash/Desktop/ros_ws/install/DASH_bringup/share/DASH_bringup/package.sh'
[21.120s] INFO:colcon.colcon_core.shell:Creating package script '/home/dash/Desktop/ros_ws/install/DASH_bringup/share/DASH_bringup/package.bash'
[21.123s] INFO:colcon.colcon_core.shell:Creating package script '/home/dash/Desktop/ros_ws/install/DASH_bringup/share/DASH_bringup/package.zsh'
[21.125s] Level 1:colcon.colcon_core.environment:create_file_with_runtime_dependencies(/home/dash/Desktop/ros_ws/install/DASH_bringup/share/colcon-core/packages/DASH_bringup)
[21.347s] Level 1:colcon.colcon_core.environment:create_environment_scripts_only(DASH_bringup)
[21.349s] Level 1:colcon.colcon_core.environment:checking '/home/dash/Desktop/ros_ws/install/DASH_bringup' for CMake module files
[21.353s] Level 1:colcon.colcon_core.environment:checking '/home/dash/Desktop/ros_ws/install/DASH_bringup' for CMake config files
[21.355s] Level 1:colcon.colcon_core.shell:create_environment_hook('DASH_bringup', 'cmake_prefix_path')
[21.356s] INFO:colcon.colcon_core.shell:Creating environment hook '/home/dash/Desktop/ros_ws/install/DASH_bringup/share/DASH_bringup/hook/cmake_prefix_path.ps1'
[21.359s] INFO:colcon.colcon_core.shell:Creating environment descriptor '/home/dash/Desktop/ros_ws/install/DASH_bringup/share/DASH_bringup/hook/cmake_prefix_path.dsv'
[21.361s] INFO:colcon.colcon_core.shell:Creating environment hook '/home/dash/Desktop/ros_ws/install/DASH_bringup/share/DASH_bringup/hook/cmake_prefix_path.sh'
[21.365s] Level 1:colcon.colcon_core.environment:checking '/home/dash/Desktop/ros_ws/install/DASH_bringup/bin'
[21.366s] Level 1:colcon.colcon_core.environment:checking '/home/dash/Desktop/ros_ws/install/DASH_bringup/lib/pkgconfig/DASH_bringup.pc'
[21.367s] Level 1:colcon.colcon_core.environment:checking '/home/dash/Desktop/ros_ws/install/DASH_bringup/lib/python3.10/site-packages'
[21.369s] Level 1:colcon.colcon_core.environment:checking '/home/dash/Desktop/ros_ws/install/DASH_bringup/bin'
[21.371s] INFO:colcon.colcon_core.shell:Creating package script '/home/dash/Desktop/ros_ws/install/DASH_bringup/share/DASH_bringup/package.ps1'
[21.375s] INFO:colcon.colcon_core.shell:Creating package descriptor '/home/dash/Desktop/ros_ws/install/DASH_bringup/share/DASH_bringup/package.dsv'
[21.378s] INFO:colcon.colcon_core.shell:Creating package script '/home/dash/Desktop/ros_ws/install/DASH_bringup/share/DASH_bringup/package.sh'
[21.381s] INFO:colcon.colcon_core.shell:Creating package script '/home/dash/Desktop/ros_ws/install/DASH_bringup/share/DASH_bringup/package.bash'
[21.384s] INFO:colcon.colcon_core.shell:Creating package script '/home/dash/Desktop/ros_ws/install/DASH_bringup/share/DASH_bringup/package.zsh'
[21.387s] Level 1:colcon.colcon_core.environment:create_file_with_runtime_dependencies(/home/dash/Desktop/ros_ws/install/DASH_bringup/share/colcon-core/packages/DASH_bringup)
[22.993s] DEBUG:colcon.colcon_core.event_handler.log_command:Invoking command in '/home/dash/Desktop/ros_ws/src/user_interface': PYTHONPATH=/home/dash/Desktop/ros_ws/build/user_interface/prefix_override:/home/dash/Desktop/ros_ws/install/user_interface/lib/python3.10/site-packages:${PYTHONPATH} /usr/bin/python3 -W ignore:setup.py install is deprecated setup.py egg_info --egg-base ../../build/user_interface build --build-base /home/dash/Desktop/ros_ws/build/user_interface/build install --record /home/dash/Desktop/ros_ws/build/user_interface/install.log --single-version-externally-managed install_data
[26.908s] Level 1:colcon.colcon_core.environment:checking '/home/dash/Desktop/ros_ws/install/user_interface' for CMake module files
[26.911s] DEBUG:colcon.colcon_core.event_handler.log_command:Invoked command in '/home/dash/Desktop/ros_ws/src/user_interface' returned '0': PYTHONPATH=/home/dash/Desktop/ros_ws/build/user_interface/prefix_override:/home/dash/Desktop/ros_ws/install/user_interface/lib/python3.10/site-packages:${PYTHONPATH} /usr/bin/python3 -W ignore:setup.py install is deprecated setup.py egg_info --egg-base ../../build/user_interface build --build-base /home/dash/Desktop/ros_ws/build/user_interface/build install --record /home/dash/Desktop/ros_ws/build/user_interface/install.log --single-version-externally-managed install_data
[26.913s] Level 1:colcon.colcon_core.environment:checking '/home/dash/Desktop/ros_ws/install/user_interface' for CMake config files
[26.917s] Level 1:colcon.colcon_core.environment:checking '/home/dash/Desktop/ros_ws/install/user_interface/lib'
[26.918s] Level 1:colcon.colcon_core.environment:checking '/home/dash/Desktop/ros_ws/install/user_interface/bin'
[26.918s] Level 1:colcon.colcon_core.environment:checking '/home/dash/Desktop/ros_ws/install/user_interface/lib/pkgconfig/user_interface.pc'
[26.919s] Level 1:colcon.colcon_core.environment:checking '/home/dash/Desktop/ros_ws/install/user_interface/lib/python3.10/site-packages'
[26.919s] Level 1:colcon.colcon_core.shell:create_environment_hook('user_interface', 'pythonpath')
[26.921s] INFO:colcon.colcon_core.shell:Creating environment hook '/home/dash/Desktop/ros_ws/install/user_interface/share/user_interface/hook/pythonpath.ps1'
[26.923s] INFO:colcon.colcon_core.shell:Creating environment descriptor '/home/dash/Desktop/ros_ws/install/user_interface/share/user_interface/hook/pythonpath.dsv'
[26.925s] INFO:colcon.colcon_core.shell:Creating environment hook '/home/dash/Desktop/ros_ws/install/user_interface/share/user_interface/hook/pythonpath.sh'
[26.928s] Level 1:colcon.colcon_core.environment:checking '/home/dash/Desktop/ros_ws/install/user_interface/bin'
[26.928s] Level 1:colcon.colcon_core.environment:create_environment_scripts_only(user_interface)
[26.930s] INFO:colcon.colcon_core.shell:Creating package script '/home/dash/Desktop/ros_ws/install/user_interface/share/user_interface/package.ps1'
[26.933s] INFO:colcon.colcon_core.shell:Creating package descriptor '/home/dash/Desktop/ros_ws/install/user_interface/share/user_interface/package.dsv'
[26.935s] INFO:colcon.colcon_core.shell:Creating package script '/home/dash/Desktop/ros_ws/install/user_interface/share/user_interface/package.sh'
[26.937s] INFO:colcon.colcon_core.shell:Creating package script '/home/dash/Desktop/ros_ws/install/user_interface/share/user_interface/package.bash'
[26.939s] INFO:colcon.colcon_core.shell:Creating package script '/home/dash/Desktop/ros_ws/install/user_interface/share/user_interface/package.zsh'
[26.941s] Level 1:colcon.colcon_core.environment:create_file_with_runtime_dependencies(/home/dash/Desktop/ros_ws/install/user_interface/share/colcon-core/packages/user_interface)
[65.463s] DEBUG:colcon.colcon_core.event_handler.log_command:Invoked command in '/home/dash/Desktop/ros_ws/build/robot_interfaces' returned '0': CMAKE_PREFIX_PATH=${CMAKE_PREFIX_PATH}:/home/dash/Desktop/ros_ws/install/user_interface:/home/dash/Desktop/ros_ws/install/nlp_subsystem:/home/dash/Desktop/ros_ws/install/cv_subsystem:/home/dash/Desktop/ros_ws/install/controller:/opt/ros/humble /usr/bin/cmake --build /home/dash/Desktop/ros_ws/build/robot_interfaces -- -j4 -l4
[66.531s] DEBUG:colcon.colcon_core.event_handler.log_command:Invoking command in '/home/dash/Desktop/ros_ws/build/robot_interfaces': CMAKE_PREFIX_PATH=${CMAKE_PREFIX_PATH}:/home/dash/Desktop/ros_ws/install/user_interface:/home/dash/Desktop/ros_ws/install/nlp_subsystem:/home/dash/Desktop/ros_ws/install/cv_subsystem:/home/dash/Desktop/ros_ws/install/controller:/opt/ros/humble /usr/bin/cmake --install /home/dash/Desktop/ros_ws/build/robot_interfaces
[67.888s] Level 1:colcon.colcon_core.environment:create_environment_scripts_only(robot_interfaces)
[67.894s] DEBUG:colcon.colcon_core.event_handler.log_command:Invoked command in '/home/dash/Desktop/ros_ws/build/robot_interfaces' returned '0': CMAKE_PREFIX_PATH=${CMAKE_PREFIX_PATH}:/home/dash/Desktop/ros_ws/install/user_interface:/home/dash/Desktop/ros_ws/install/nlp_subsystem:/home/dash/Desktop/ros_ws/install/cv_subsystem:/home/dash/Desktop/ros_ws/install/controller:/opt/ros/humble /usr/bin/cmake --install /home/dash/Desktop/ros_ws/build/robot_interfaces
[67.902s] Level 1:colcon.colcon_core.environment:checking '/home/dash/Desktop/ros_ws/install/robot_interfaces' for CMake module files
[67.908s] Level 1:colcon.colcon_core.environment:checking '/home/dash/Desktop/ros_ws/install/robot_interfaces' for CMake config files
[67.912s] Level 1:colcon.colcon_core.shell:create_environment_hook('robot_interfaces', 'cmake_prefix_path')
[67.913s] INFO:colcon.colcon_core.shell:Creating environment hook '/home/dash/Desktop/ros_ws/install/robot_interfaces/share/robot_interfaces/hook/cmake_prefix_path.ps1'
[67.916s] INFO:colcon.colcon_core.shell:Creating environment descriptor '/home/dash/Desktop/ros_ws/install/robot_interfaces/share/robot_interfaces/hook/cmake_prefix_path.dsv'
[67.918s] INFO:colcon.colcon_core.shell:Creating environment hook '/home/dash/Desktop/ros_ws/install/robot_interfaces/share/robot_interfaces/hook/cmake_prefix_path.sh'
[67.922s] Level 1:colcon.colcon_core.environment:checking '/home/dash/Desktop/ros_ws/install/robot_interfaces/lib'
[67.923s] Level 1:colcon.colcon_core.shell:create_environment_hook('robot_interfaces', 'ld_library_path_lib')
[67.925s] INFO:colcon.colcon_core.shell:Creating environment hook '/home/dash/Desktop/ros_ws/install/robot_interfaces/share/robot_interfaces/hook/ld_library_path_lib.ps1'
[67.928s] INFO:colcon.colcon_core.shell:Creating environment descriptor '/home/dash/Desktop/ros_ws/install/robot_interfaces/share/robot_interfaces/hook/ld_library_path_lib.dsv'
[67.931s] INFO:colcon.colcon_core.shell:Creating environment hook '/home/dash/Desktop/ros_ws/install/robot_interfaces/share/robot_interfaces/hook/ld_library_path_lib.sh'
[67.934s] Level 1:colcon.colcon_core.environment:checking '/home/dash/Desktop/ros_ws/install/robot_interfaces/bin'
[67.934s] Level 1:colcon.colcon_core.environment:checking '/home/dash/Desktop/ros_ws/install/robot_interfaces/lib/pkgconfig/robot_interfaces.pc'
[67.936s] Level 1:colcon.colcon_core.environment:checking '/home/dash/Desktop/ros_ws/install/robot_interfaces/lib/python3.10/site-packages'
[67.937s] Level 1:colcon.colcon_core.environment:checking '/home/dash/Desktop/ros_ws/install/robot_interfaces/bin'
[67.939s] INFO:colcon.colcon_core.shell:Creating package script '/home/dash/Desktop/ros_ws/install/robot_interfaces/share/robot_interfaces/package.ps1'
[67.942s] INFO:colcon.colcon_core.shell:Creating package descriptor '/home/dash/Desktop/ros_ws/install/robot_interfaces/share/robot_interfaces/package.dsv'
[67.945s] INFO:colcon.colcon_core.shell:Creating package script '/home/dash/Desktop/ros_ws/install/robot_interfaces/share/robot_interfaces/package.sh'
[67.948s] INFO:colcon.colcon_core.shell:Creating package script '/home/dash/Desktop/ros_ws/install/robot_interfaces/share/robot_interfaces/package.bash'
[67.951s] INFO:colcon.colcon_core.shell:Creating package script '/home/dash/Desktop/ros_ws/install/robot_interfaces/share/robot_interfaces/package.zsh'
[67.954s] Level 1:colcon.colcon_core.environment:create_file_with_runtime_dependencies(/home/dash/Desktop/ros_ws/install/robot_interfaces/share/colcon-core/packages/robot_interfaces)
[69.074s] Level 1:colcon.colcon_core.environment:create_environment_scripts_only(robot_interfaces)
[69.075s] Level 1:colcon.colcon_core.environment:checking '/home/dash/Desktop/ros_ws/install/robot_interfaces' for CMake module files
[69.081s] Level 1:colcon.colcon_core.environment:checking '/home/dash/Desktop/ros_ws/install/robot_interfaces' for CMake config files
[69.085s] Level 1:colcon.colcon_core.shell:create_environment_hook('robot_interfaces', 'cmake_prefix_path')
[69.087s] INFO:colcon.colcon_core.shell:Creating environment hook '/home/dash/Desktop/ros_ws/install/robot_interfaces/share/robot_interfaces/hook/cmake_prefix_path.ps1'
[69.091s] INFO:colcon.colcon_core.shell:Creating environment descriptor '/home/dash/Desktop/ros_ws/install/robot_interfaces/share/robot_interfaces/hook/cmake_prefix_path.dsv'
[69.094s] INFO:colcon.colcon_core.shell:Creating environment hook '/home/dash/Desktop/ros_ws/install/robot_interfaces/share/robot_interfaces/hook/cmake_prefix_path.sh'
[69.098s] Level 1:colcon.colcon_core.environment:checking '/home/dash/Desktop/ros_ws/install/robot_interfaces/lib'
[69.099s] Level 1:colcon.colcon_core.shell:create_environment_hook('robot_interfaces', 'ld_library_path_lib')
[69.100s] INFO:colcon.colcon_core.shell:Creating environment hook '/home/dash/Desktop/ros_ws/install/robot_interfaces/share/robot_interfaces/hook/ld_library_path_lib.ps1'
[69.102s] INFO:colcon.colcon_core.shell:Creating environment descriptor '/home/dash/Desktop/ros_ws/install/robot_interfaces/share/robot_interfaces/hook/ld_library_path_lib.dsv'
[69.105s] INFO:colcon.colcon_core.shell:Creating environment hook '/home/dash/Desktop/ros_ws/install/robot_interfaces/share/robot_interfaces/hook/ld_library_path_lib.sh'
[69.108s] Level 1:colcon.colcon_core.environment:checking '/home/dash/Desktop/ros_ws/install/robot_interfaces/bin'
[69.108s] Level 1:colcon.colcon_core.environment:checking '/home/dash/Desktop/ros_ws/install/robot_interfaces/lib/pkgconfig/robot_interfaces.pc'
[69.110s] Level 1:colcon.colcon_core.environment:checking '/home/dash/Desktop/ros_ws/install/robot_interfaces/lib/python3.10/site-packages'
[69.111s] Level 1:colcon.colcon_core.environment:checking '/home/dash/Desktop/ros_ws/install/robot_interfaces/bin'
[69.113s] INFO:colcon.colcon_core.shell:Creating package script '/home/dash/Desktop/ros_ws/install/robot_interfaces/share/robot_interfaces/package.ps1'
[69.116s] INFO:colcon.colcon_core.shell:Creating package descriptor '/home/dash/Desktop/ros_ws/install/robot_interfaces/share/robot_interfaces/package.dsv'
[69.119s] INFO:colcon.colcon_core.shell:Creating package script '/home/dash/Desktop/ros_ws/install/robot_interfaces/share/robot_interfaces/package.sh'
[69.122s] INFO:colcon.colcon_core.shell:Creating package script '/home/dash/Desktop/ros_ws/install/robot_interfaces/share/robot_interfaces/package.bash'
[69.125s] INFO:colcon.colcon_core.shell:Creating package script '/home/dash/Desktop/ros_ws/install/robot_interfaces/share/robot_interfaces/package.zsh'
[69.128s] Level 1:colcon.colcon_core.environment:create_file_with_runtime_dependencies(/home/dash/Desktop/ros_ws/install/robot_interfaces/share/colcon-core/packages/robot_interfaces)
[69.130s] DEBUG:colcon.colcon_parallel_executor.executor.parallel:closing loop
[69.131s] DEBUG:colcon.colcon_parallel_executor.executor.parallel:loop closed
[69.132s] DEBUG:colcon.colcon_parallel_executor.executor.parallel:run_until_complete finished with '0'
[69.133s] DEBUG:colcon.colcon_core.event_reactor:joining thread
[69.179s] INFO:colcon.colcon_core.plugin_system:Skipping extension 'colcon_notification.desktop_notification.terminal_notifier': Not used on non-Darwin systems
[69.179s] INFO:colcon.colcon_core.plugin_system:Skipping extension 'colcon_notification.desktop_notification.win32': Not used on non-Windows systems
[69.180s] INFO:colcon.colcon_notification.desktop_notification:Sending desktop notification using 'notify2'
[69.303s] DEBUG:colcon.colcon_core.event_reactor:joined thread
[69.305s] INFO:colcon.colcon_core.shell:Creating prefix script '/home/dash/Desktop/ros_ws/install/local_setup.ps1'
[69.315s] INFO:colcon.colcon_core.shell:Creating prefix util module '/home/dash/Desktop/ros_ws/install/_local_setup_util_ps1.py'
[69.326s] INFO:colcon.colcon_core.shell:Creating prefix chain script '/home/dash/Desktop/ros_ws/install/setup.ps1'
[69.344s] INFO:colcon.colcon_core.shell:Creating prefix script '/home/dash/Desktop/ros_ws/install/local_setup.sh'
[69.351s] INFO:colcon.colcon_core.shell:Creating prefix util module '/home/dash/Desktop/ros_ws/install/_local_setup_util_sh.py'
[69.355s] INFO:colcon.colcon_core.shell:Creating prefix chain script '/home/dash/Desktop/ros_ws/install/setup.sh'
[69.373s] INFO:colcon.colcon_core.shell:Creating prefix script '/home/dash/Desktop/ros_ws/install/local_setup.bash'
[69.378s] INFO:colcon.colcon_core.shell:Creating prefix chain script '/home/dash/Desktop/ros_ws/install/setup.bash'
[69.396s] INFO:colcon.colcon_core.shell:Creating prefix script '/home/dash/Desktop/ros_ws/install/local_setup.zsh'
[69.402s] INFO:colcon.colcon_core.shell:Creating prefix chain script '/home/dash/Desktop/ros_ws/install/setup.zsh'
