[6.316s] Invoking command in '/home/dash/Desktop/ros_ws/src/user_interface': PYTHONPATH=/home/dash/Desktop/ros_ws/build/user_interface/prefix_override:/home/dash/Desktop/ros_ws/install/user_interface/lib/python3.10/site-packages:${PYTHONPATH} /usr/bin/python3 -W ignore:setup.py install is deprecated setup.py egg_info --egg-base ../../build/user_interface build --build-base /home/dash/Desktop/ros_ws/build/user_interface/build install --record /home/dash/Desktop/ros_ws/build/user_interface/install.log --single-version-externally-managed install_data
[8.235s] running egg_info
[8.238s] writing ../../build/user_interface/user_interface.egg-info/PKG-INFO
[8.240s] writing dependency_links to ../../build/user_interface/user_interface.egg-info/dependency_links.txt
[8.242s] writing entry points to ../../build/user_interface/user_interface.egg-info/entry_points.txt
[8.243s] writing requirements to ../../build/user_interface/user_interface.egg-info/requires.txt
[8.244s] writing top-level names to ../../build/user_interface/user_interface.egg-info/top_level.txt
[8.253s] reading manifest file '../../build/user_interface/user_interface.egg-info/SOURCES.txt'
[8.259s] writing manifest file '../../build/user_interface/user_interface.egg-info/SOURCES.txt'
[8.262s] running build
[8.263s] running build_py
[8.276s] copying user_interface/flask_ui_server.py -> /home/dash/Desktop/ros_ws/build/user_interface/build/lib/user_interface
[8.277s] running install
[8.277s] running install_lib
[8.285s] copying /home/dash/Desktop/ros_ws/build/user_interface/build/lib/user_interface/flask_ui_server.py -> /home/dash/Desktop/ros_ws/install/user_interface/lib/python3.10/site-packages/user_interface
[8.287s] byte-compiling /home/dash/Desktop/ros_ws/install/user_interface/lib/python3.10/site-packages/user_interface/flask_ui_server.py to flask_ui_server.cpython-310.pyc
[8.291s] running install_data
[8.292s] running install_egg_info
[8.310s] removing '/home/dash/Desktop/ros_ws/install/user_interface/lib/python3.10/site-packages/user_interface-0.0.0-py3.10.egg-info' (and everything under it)
[8.319s] Copying ../../build/user_interface/user_interface.egg-info to /home/dash/Desktop/ros_ws/install/user_interface/lib/python3.10/site-packages/user_interface-0.0.0-py3.10.egg-info
[8.330s] running install_scripts
[8.462s] Installing flask_user_interface script to /home/dash/Desktop/ros_ws/install/user_interface/lib/user_interface
[8.463s] Installing user_interface script to /home/dash/Desktop/ros_ws/install/user_interface/lib/user_interface
[8.466s] writing list of installed files to '/home/dash/Desktop/ros_ws/build/user_interface/install.log'
[8.662s] Invoked command in '/home/dash/Desktop/ros_ws/src/user_interface' returned '0': PYTHONPATH=/home/dash/Desktop/ros_ws/build/user_interface/prefix_override:/home/dash/Desktop/ros_ws/install/user_interface/lib/python3.10/site-packages:${PYTHONPATH} /usr/bin/python3 -W ignore:setup.py install is deprecated setup.py egg_info --egg-base ../../build/user_interface build --build-base /home/dash/Desktop/ros_ws/build/user_interface/build install --record /home/dash/Desktop/ros_ws/build/user_interface/install.log --single-version-externally-managed install_data
