[0.864s] DEBUG:colcon:Command line arguments: ['/usr/bin/colcon', 'build', '--packages-select', 'user_interface']
[0.865s] DEBUG:colcon:Parsed command line arguments: Namespace(log_base=None, log_level=None, verb_name='build', build_base='build', install_base='install', merge_install=False, symlink_install=False, test_result_base=None, continue_on_error=False, executor='parallel', parallel_workers=4, event_handlers=None, ignore_user_meta=False, metas=['./colcon.meta'], base_paths=['.'], packages_ignore=None, packages_ignore_regex=None, paths=None, packages_up_to=None, packages_up_to_regex=None, packages_above=None, packages_above_and_dependencies=None, packages_above_depth=None, packages_select_by_dep=None, packages_skip_by_dep=None, packages_skip_up_to=None, packages_select_build_failed=False, packages_skip_build_finished=False, packages_select_test_failures=False, packages_skip_test_passed=False, packages_select=['user_interface'], packages_skip=None, packages_select_regex=None, packages_skip_regex=None, packages_start=None, packages_end=None, allow_overriding=[], cmake_args=None, cmake_target=None, cmake_target_skip_unavailable=False, cmake_clean_cache=False, cmake_clean_first=False, cmake_force_configure=False, ament_cmake_args=None, catkin_cmake_args=None, catkin_skip_building_tests=False, verb_parser=<colcon_defaults.argument_parser.defaults.DefaultArgumentsDecorator object at 0xffffa6e89630>, verb_extension=<colcon_core.verb.build.BuildVerb object at 0xffffa6fda110>, main=<bound method BuildVerb.main of <colcon_core.verb.build.BuildVerb object at 0xffffa6fda110>>)
[2.813s] Level 1:colcon.colcon_core.package_discovery:discover_packages(colcon_meta) check parameters
[2.814s] Level 1:colcon.colcon_core.package_discovery:discover_packages(recursive) check parameters
[2.814s] Level 1:colcon.colcon_core.package_discovery:discover_packages(ignore) check parameters
[2.815s] Level 1:colcon.colcon_core.package_discovery:discover_packages(path) check parameters
[2.815s] Level 1:colcon.colcon_core.package_discovery:discover_packages(colcon_meta) discover
[2.816s] Level 1:colcon.colcon_core.package_discovery:discover_packages(recursive) discover
[2.816s] INFO:colcon.colcon_core.package_discovery:Crawling recursively for packages in '/home/dash/Desktop/ros_ws'
[2.817s] Level 1:colcon.colcon_core.package_identification:_identify(.) by extensions ['ignore', 'ignore_ament_install']
[2.818s] Level 1:colcon.colcon_core.package_identification:_identify(.) by extension 'ignore'
[2.819s] Level 1:colcon.colcon_core.package_identification:_identify(.) by extension 'ignore_ament_install'
[2.819s] Level 1:colcon.colcon_core.package_identification:_identify(.) by extensions ['colcon_pkg']
[2.820s] Level 1:colcon.colcon_core.package_identification:_identify(.) by extension 'colcon_pkg'
[2.820s] Level 1:colcon.colcon_core.package_identification:_identify(.) by extensions ['colcon_meta']
[2.821s] Level 1:colcon.colcon_core.package_identification:_identify(.) by extension 'colcon_meta'
[2.821s] Level 1:colcon.colcon_core.package_identification:_identify(.) by extensions ['ros']
[2.822s] Level 1:colcon.colcon_core.package_identification:_identify(.) by extension 'ros'
[2.911s] Level 1:colcon.colcon_core.package_identification:_identify(.) by extensions ['cmake', 'python']
[2.911s] Level 1:colcon.colcon_core.package_identification:_identify(.) by extension 'cmake'
[2.912s] Level 1:colcon.colcon_core.package_identification:_identify(.) by extension 'python'
[2.912s] Level 1:colcon.colcon_core.package_identification:_identify(.) by extensions ['python_setup_py']
[2.912s] Level 1:colcon.colcon_core.package_identification:_identify(.) by extension 'python_setup_py'
[2.913s] Level 1:colcon.colcon_core.package_identification:_identify(build) by extensions ['ignore', 'ignore_ament_install']
[2.914s] Level 1:colcon.colcon_core.package_identification:_identify(build) by extension 'ignore'
[2.914s] Level 1:colcon.colcon_core.package_identification:_identify(build) ignored
[2.916s] Level 1:colcon.colcon_core.package_identification:_identify(install) by extensions ['ignore', 'ignore_ament_install']
[2.917s] Level 1:colcon.colcon_core.package_identification:_identify(install) by extension 'ignore'
[2.917s] Level 1:colcon.colcon_core.package_identification:_identify(install) ignored
[2.920s] Level 1:colcon.colcon_core.package_identification:_identify(log) by extensions ['ignore', 'ignore_ament_install']
[2.921s] Level 1:colcon.colcon_core.package_identification:_identify(log) by extension 'ignore'
[2.921s] Level 1:colcon.colcon_core.package_identification:_identify(log) ignored
[2.923s] Level 1:colcon.colcon_core.package_identification:_identify(src) by extensions ['ignore', 'ignore_ament_install']
[2.923s] Level 1:colcon.colcon_core.package_identification:_identify(src) by extension 'ignore'
[2.924s] Level 1:colcon.colcon_core.package_identification:_identify(src) by extension 'ignore_ament_install'
[2.925s] Level 1:colcon.colcon_core.package_identification:_identify(src) by extensions ['colcon_pkg']
[2.926s] Level 1:colcon.colcon_core.package_identification:_identify(src) by extension 'colcon_pkg'
[2.927s] Level 1:colcon.colcon_core.package_identification:_identify(src) by extensions ['colcon_meta']
[2.927s] Level 1:colcon.colcon_core.package_identification:_identify(src) by extension 'colcon_meta'
[2.928s] Level 1:colcon.colcon_core.package_identification:_identify(src) by extensions ['ros']
[2.928s] Level 1:colcon.colcon_core.package_identification:_identify(src) by extension 'ros'
[2.929s] Level 1:colcon.colcon_core.package_identification:_identify(src) by extensions ['cmake', 'python']
[2.929s] Level 1:colcon.colcon_core.package_identification:_identify(src) by extension 'cmake'
[2.930s] Level 1:colcon.colcon_core.package_identification:_identify(src) by extension 'python'
[2.930s] Level 1:colcon.colcon_core.package_identification:_identify(src) by extensions ['python_setup_py']
[2.931s] Level 1:colcon.colcon_core.package_identification:_identify(src) by extension 'python_setup_py'
[2.932s] Level 1:colcon.colcon_core.package_identification:_identify(src/DASH_bringup) by extensions ['ignore', 'ignore_ament_install']
[2.933s] Level 1:colcon.colcon_core.package_identification:_identify(src/DASH_bringup) by extension 'ignore'
[2.934s] Level 1:colcon.colcon_core.package_identification:_identify(src/DASH_bringup) by extension 'ignore_ament_install'
[2.934s] Level 1:colcon.colcon_core.package_identification:_identify(src/DASH_bringup) by extensions ['colcon_pkg']
[2.935s] Level 1:colcon.colcon_core.package_identification:_identify(src/DASH_bringup) by extension 'colcon_pkg'
[2.935s] Level 1:colcon.colcon_core.package_identification:_identify(src/DASH_bringup) by extensions ['colcon_meta']
[2.936s] Level 1:colcon.colcon_core.package_identification:_identify(src/DASH_bringup) by extension 'colcon_meta'
[2.936s] Level 1:colcon.colcon_core.package_identification:_identify(src/DASH_bringup) by extensions ['ros']
[2.937s] Level 1:colcon.colcon_core.package_identification:_identify(src/DASH_bringup) by extension 'ros'
[3.005s] DEBUG:colcon.colcon_core.package_identification:Package 'src/DASH_bringup' with type 'ros.ament_cmake' and name 'DASH_bringup'
[3.007s] Level 1:colcon.colcon_core.package_identification:_identify(src/controller) by extensions ['ignore', 'ignore_ament_install']
[3.009s] Level 1:colcon.colcon_core.package_identification:_identify(src/controller) by extension 'ignore'
[3.010s] Level 1:colcon.colcon_core.package_identification:_identify(src/controller) by extension 'ignore_ament_install'
[3.011s] Level 1:colcon.colcon_core.package_identification:_identify(src/controller) by extensions ['colcon_pkg']
[3.012s] Level 1:colcon.colcon_core.package_identification:_identify(src/controller) by extension 'colcon_pkg'
[3.013s] Level 1:colcon.colcon_core.package_identification:_identify(src/controller) by extensions ['colcon_meta']
[3.013s] Level 1:colcon.colcon_core.package_identification:_identify(src/controller) by extension 'colcon_meta'
[3.014s] Level 1:colcon.colcon_core.package_identification:_identify(src/controller) by extensions ['ros']
[3.014s] Level 1:colcon.colcon_core.package_identification:_identify(src/controller) by extension 'ros'
[3.019s] DEBUG:colcon.colcon_core.package_identification:Package 'src/controller' with type 'ros.ament_python' and name 'controller'
[3.020s] Level 1:colcon.colcon_core.package_identification:_identify(src/cv_subsystem) by extensions ['ignore', 'ignore_ament_install']
[3.021s] Level 1:colcon.colcon_core.package_identification:_identify(src/cv_subsystem) by extension 'ignore'
[3.022s] Level 1:colcon.colcon_core.package_identification:_identify(src/cv_subsystem) by extension 'ignore_ament_install'
[3.023s] Level 1:colcon.colcon_core.package_identification:_identify(src/cv_subsystem) by extensions ['colcon_pkg']
[3.024s] Level 1:colcon.colcon_core.package_identification:_identify(src/cv_subsystem) by extension 'colcon_pkg'
[3.025s] Level 1:colcon.colcon_core.package_identification:_identify(src/cv_subsystem) by extensions ['colcon_meta']
[3.025s] Level 1:colcon.colcon_core.package_identification:_identify(src/cv_subsystem) by extension 'colcon_meta'
[3.026s] Level 1:colcon.colcon_core.package_identification:_identify(src/cv_subsystem) by extensions ['ros']
[3.027s] Level 1:colcon.colcon_core.package_identification:_identify(src/cv_subsystem) by extension 'ros'
[3.032s] DEBUG:colcon.colcon_core.package_identification:Package 'src/cv_subsystem' with type 'ros.ament_python' and name 'cv_subsystem'
[3.034s] Level 1:colcon.colcon_core.package_identification:_identify(src/nlp_subsystem) by extensions ['ignore', 'ignore_ament_install']
[3.036s] Level 1:colcon.colcon_core.package_identification:_identify(src/nlp_subsystem) by extension 'ignore'
[3.037s] Level 1:colcon.colcon_core.package_identification:_identify(src/nlp_subsystem) by extension 'ignore_ament_install'
[3.038s] Level 1:colcon.colcon_core.package_identification:_identify(src/nlp_subsystem) by extensions ['colcon_pkg']
[3.038s] Level 1:colcon.colcon_core.package_identification:_identify(src/nlp_subsystem) by extension 'colcon_pkg'
[3.040s] Level 1:colcon.colcon_core.package_identification:_identify(src/nlp_subsystem) by extensions ['colcon_meta']
[3.041s] Level 1:colcon.colcon_core.package_identification:_identify(src/nlp_subsystem) by extension 'colcon_meta'
[3.042s] Level 1:colcon.colcon_core.package_identification:_identify(src/nlp_subsystem) by extensions ['ros']
[3.042s] Level 1:colcon.colcon_core.package_identification:_identify(src/nlp_subsystem) by extension 'ros'
[3.047s] DEBUG:colcon.colcon_core.package_identification:Package 'src/nlp_subsystem' with type 'ros.ament_python' and name 'nlp_subsystem'
[3.049s] Level 1:colcon.colcon_core.package_identification:_identify(src/robot_interfaces) by extensions ['ignore', 'ignore_ament_install']
[3.050s] Level 1:colcon.colcon_core.package_identification:_identify(src/robot_interfaces) by extension 'ignore'
[3.051s] Level 1:colcon.colcon_core.package_identification:_identify(src/robot_interfaces) by extension 'ignore_ament_install'
[3.053s] Level 1:colcon.colcon_core.package_identification:_identify(src/robot_interfaces) by extensions ['colcon_pkg']
[3.053s] Level 1:colcon.colcon_core.package_identification:_identify(src/robot_interfaces) by extension 'colcon_pkg'
[3.054s] Level 1:colcon.colcon_core.package_identification:_identify(src/robot_interfaces) by extensions ['colcon_meta']
[3.055s] Level 1:colcon.colcon_core.package_identification:_identify(src/robot_interfaces) by extension 'colcon_meta'
[3.056s] Level 1:colcon.colcon_core.package_identification:_identify(src/robot_interfaces) by extensions ['ros']
[3.057s] Level 1:colcon.colcon_core.package_identification:_identify(src/robot_interfaces) by extension 'ros'
[3.060s] DEBUG:colcon.colcon_core.package_identification:Package 'src/robot_interfaces' with type 'ros.ament_cmake' and name 'robot_interfaces'
[3.061s] Level 1:colcon.colcon_core.package_identification:_identify(src/user_interface) by extensions ['ignore', 'ignore_ament_install']
[3.063s] Level 1:colcon.colcon_core.package_identification:_identify(src/user_interface) by extension 'ignore'
[3.063s] Level 1:colcon.colcon_core.package_identification:_identify(src/user_interface) by extension 'ignore_ament_install'
[3.064s] Level 1:colcon.colcon_core.package_identification:_identify(src/user_interface) by extensions ['colcon_pkg']
[3.065s] Level 1:colcon.colcon_core.package_identification:_identify(src/user_interface) by extension 'colcon_pkg'
[3.065s] Level 1:colcon.colcon_core.package_identification:_identify(src/user_interface) by extensions ['colcon_meta']
[3.066s] Level 1:colcon.colcon_core.package_identification:_identify(src/user_interface) by extension 'colcon_meta'
[3.066s] Level 1:colcon.colcon_core.package_identification:_identify(src/user_interface) by extensions ['ros']
[3.067s] Level 1:colcon.colcon_core.package_identification:_identify(src/user_interface) by extension 'ros'
[3.070s] DEBUG:colcon.colcon_core.package_identification:Package 'src/user_interface' with type 'ros.ament_python' and name 'user_interface'
[3.071s] Level 1:colcon.colcon_core.package_discovery:discover_packages(recursive) using defaults
[3.071s] Level 1:colcon.colcon_core.package_discovery:discover_packages(ignore) discover
[3.071s] Level 1:colcon.colcon_core.package_discovery:discover_packages(ignore) using defaults
[3.071s] Level 1:colcon.colcon_core.package_discovery:discover_packages(path) discover
[3.071s] Level 1:colcon.colcon_core.package_discovery:discover_packages(path) using defaults
[3.206s] INFO:colcon.colcon_core.package_selection:Skipping not selected package 'controller' in 'src/controller'
[3.206s] INFO:colcon.colcon_core.package_selection:Skipping not selected package 'cv_subsystem' in 'src/cv_subsystem'
[3.206s] INFO:colcon.colcon_core.package_selection:Skipping not selected package 'nlp_subsystem' in 'src/nlp_subsystem'
[3.206s] INFO:colcon.colcon_core.package_selection:Skipping not selected package 'robot_interfaces' in 'src/robot_interfaces'
[3.207s] INFO:colcon.colcon_core.package_selection:Skipping not selected package 'DASH_bringup' in 'src/DASH_bringup'
[3.209s] Level 1:colcon.colcon_core.package_discovery:discover_packages(prefix_path) check parameters
[3.209s] Level 1:colcon.colcon_core.package_discovery:discover_packages(prefix_path) discover
[3.229s] DEBUG:colcon.colcon_installed_package_information.package_discovery:Found 7 installed packages in /home/dash/Desktop/depthai-ros/install
[3.237s] DEBUG:colcon.colcon_installed_package_information.package_discovery:Found 6 installed packages in /home/dash/Desktop/ros_ws/install
[3.254s] DEBUG:colcon.colcon_installed_package_information.package_discovery:Found 296 installed packages in /opt/ros/humble
[3.266s] Level 1:colcon.colcon_core.package_discovery:discover_packages(prefix_path) using defaults
[3.614s] Level 5:colcon.colcon_core.verb:set package 'user_interface' build argument 'cmake_args' from command line to 'None'
[3.614s] Level 5:colcon.colcon_core.verb:set package 'user_interface' build argument 'cmake_target' from command line to 'None'
[3.615s] Level 5:colcon.colcon_core.verb:set package 'user_interface' build argument 'cmake_target_skip_unavailable' from command line to 'False'
[3.616s] Level 5:colcon.colcon_core.verb:set package 'user_interface' build argument 'cmake_clean_cache' from command line to 'False'
[3.616s] Level 5:colcon.colcon_core.verb:set package 'user_interface' build argument 'cmake_clean_first' from command line to 'False'
[3.617s] Level 5:colcon.colcon_core.verb:set package 'user_interface' build argument 'cmake_force_configure' from command line to 'False'
[3.617s] Level 5:colcon.colcon_core.verb:set package 'user_interface' build argument 'ament_cmake_args' from command line to 'None'
[3.618s] Level 5:colcon.colcon_core.verb:set package 'user_interface' build argument 'catkin_cmake_args' from command line to 'None'
[3.619s] Level 5:colcon.colcon_core.verb:set package 'user_interface' build argument 'catkin_skip_building_tests' from command line to 'False'
[3.620s] DEBUG:colcon.colcon_core.verb:Building package 'user_interface' with the following arguments: {'ament_cmake_args': None, 'build_base': '/home/dash/Desktop/ros_ws/build/user_interface', 'catkin_cmake_args': None, 'catkin_skip_building_tests': False, 'cmake_args': None, 'cmake_clean_cache': False, 'cmake_clean_first': False, 'cmake_force_configure': False, 'cmake_target': None, 'cmake_target_skip_unavailable': False, 'install_base': '/home/dash/Desktop/ros_ws/install/user_interface', 'merge_install': False, 'path': '/home/dash/Desktop/ros_ws/src/user_interface', 'symlink_install': False, 'test_result_base': None}
[3.622s] INFO:colcon.colcon_core.executor:Executing jobs using 'parallel' executor
[3.626s] DEBUG:colcon.colcon_parallel_executor.executor.parallel:run_until_complete
[3.627s] INFO:colcon.colcon_ros.task.ament_python.build:Building ROS package in '/home/dash/Desktop/ros_ws/src/user_interface' with build type 'ament_python'
[3.629s] Level 1:colcon.colcon_core.shell:create_environment_hook('user_interface', 'ament_prefix_path')
[3.645s] INFO:colcon.colcon_core.plugin_system:Skipping extension 'colcon_core.shell.bat': Not used on non-Windows systems
[3.647s] INFO:colcon.colcon_core.shell:Creating environment hook '/home/dash/Desktop/ros_ws/install/user_interface/share/user_interface/hook/ament_prefix_path.ps1'
[3.653s] INFO:colcon.colcon_core.shell:Creating environment descriptor '/home/dash/Desktop/ros_ws/install/user_interface/share/user_interface/hook/ament_prefix_path.dsv'
[3.657s] INFO:colcon.colcon_core.shell:Creating environment hook '/home/dash/Desktop/ros_ws/install/user_interface/share/user_interface/hook/ament_prefix_path.sh'
[3.664s] INFO:colcon.colcon_core.shell:Skip shell extension 'powershell' for command environment: Not usable outside of PowerShell
[3.666s] DEBUG:colcon.colcon_core.shell:Skip shell extension 'dsv' for command environment
[6.784s] INFO:colcon.colcon_core.task.python.build:Building Python package in '/home/dash/Desktop/ros_ws/src/user_interface'
[6.787s] INFO:colcon.colcon_core.shell:Skip shell extension 'powershell' for command environment: Not usable outside of PowerShell
[6.789s] DEBUG:colcon.colcon_core.shell:Skip shell extension 'dsv' for command environment
[10.267s] DEBUG:colcon.colcon_core.event_handler.log_command:Invoking command in '/home/dash/Desktop/ros_ws/src/user_interface': PYTHONPATH=/home/dash/Desktop/ros_ws/build/user_interface/prefix_override:/home/dash/Desktop/ros_ws/install/user_interface/lib/python3.10/site-packages:${PYTHONPATH} /usr/bin/python3 -W ignore:setup.py install is deprecated setup.py egg_info --egg-base ../../build/user_interface build --build-base /home/dash/Desktop/ros_ws/build/user_interface/build install --record /home/dash/Desktop/ros_ws/build/user_interface/install.log --single-version-externally-managed install_data
[13.567s] DEBUG:colcon.colcon_core.event_handler.log_command:Invoked command in '/home/dash/Desktop/ros_ws/src/user_interface' returned '0': PYTHONPATH=/home/dash/Desktop/ros_ws/build/user_interface/prefix_override:/home/dash/Desktop/ros_ws/install/user_interface/lib/python3.10/site-packages:${PYTHONPATH} /usr/bin/python3 -W ignore:setup.py install is deprecated setup.py egg_info --egg-base ../../build/user_interface build --build-base /home/dash/Desktop/ros_ws/build/user_interface/build install --record /home/dash/Desktop/ros_ws/build/user_interface/install.log --single-version-externally-managed install_data
[13.581s] Level 1:colcon.colcon_core.environment:checking '/home/dash/Desktop/ros_ws/install/user_interface' for CMake module files
[13.585s] Level 1:colcon.colcon_core.environment:checking '/home/dash/Desktop/ros_ws/install/user_interface' for CMake config files
[13.602s] Level 1:colcon.colcon_core.environment:checking '/home/dash/Desktop/ros_ws/install/user_interface/lib'
[13.605s] Level 1:colcon.colcon_core.environment:checking '/home/dash/Desktop/ros_ws/install/user_interface/bin'
[13.607s] Level 1:colcon.colcon_core.environment:checking '/home/dash/Desktop/ros_ws/install/user_interface/lib/pkgconfig/user_interface.pc'
[13.610s] Level 1:colcon.colcon_core.environment:checking '/home/dash/Desktop/ros_ws/install/user_interface/lib/python3.10/site-packages'
[13.611s] Level 1:colcon.colcon_core.shell:create_environment_hook('user_interface', 'pythonpath')
[13.613s] INFO:colcon.colcon_core.shell:Creating environment hook '/home/dash/Desktop/ros_ws/install/user_interface/share/user_interface/hook/pythonpath.ps1'
[13.617s] INFO:colcon.colcon_core.shell:Creating environment descriptor '/home/dash/Desktop/ros_ws/install/user_interface/share/user_interface/hook/pythonpath.dsv'
[13.624s] INFO:colcon.colcon_core.shell:Creating environment hook '/home/dash/Desktop/ros_ws/install/user_interface/share/user_interface/hook/pythonpath.sh'
[13.635s] Level 1:colcon.colcon_core.environment:checking '/home/dash/Desktop/ros_ws/install/user_interface/bin'
[13.639s] Level 1:colcon.colcon_core.environment:create_environment_scripts_only(user_interface)
[13.645s] INFO:colcon.colcon_core.shell:Creating package script '/home/dash/Desktop/ros_ws/install/user_interface/share/user_interface/package.ps1'
[13.658s] INFO:colcon.colcon_core.shell:Creating package descriptor '/home/dash/Desktop/ros_ws/install/user_interface/share/user_interface/package.dsv'
[13.663s] INFO:colcon.colcon_core.shell:Creating package script '/home/dash/Desktop/ros_ws/install/user_interface/share/user_interface/package.sh'
[13.669s] INFO:colcon.colcon_core.shell:Creating package script '/home/dash/Desktop/ros_ws/install/user_interface/share/user_interface/package.bash'
[13.673s] INFO:colcon.colcon_core.shell:Creating package script '/home/dash/Desktop/ros_ws/install/user_interface/share/user_interface/package.zsh'
[13.677s] Level 1:colcon.colcon_core.environment:create_file_with_runtime_dependencies(/home/dash/Desktop/ros_ws/install/user_interface/share/colcon-core/packages/user_interface)
[13.679s] DEBUG:colcon.colcon_parallel_executor.executor.parallel:closing loop
[13.682s] DEBUG:colcon.colcon_parallel_executor.executor.parallel:loop closed
[13.683s] DEBUG:colcon.colcon_parallel_executor.executor.parallel:run_until_complete finished with '0'
[13.684s] DEBUG:colcon.colcon_core.event_reactor:joining thread
[13.832s] INFO:colcon.colcon_core.plugin_system:Skipping extension 'colcon_notification.desktop_notification.terminal_notifier': Not used on non-Darwin systems
[13.833s] INFO:colcon.colcon_core.plugin_system:Skipping extension 'colcon_notification.desktop_notification.win32': Not used on non-Windows systems
[13.833s] INFO:colcon.colcon_notification.desktop_notification:Sending desktop notification using 'notify2'
[13.958s] DEBUG:colcon.colcon_core.event_reactor:joined thread
[13.959s] INFO:colcon.colcon_core.shell:Creating prefix script '/home/dash/Desktop/ros_ws/install/local_setup.ps1'
[13.975s] INFO:colcon.colcon_core.shell:Creating prefix util module '/home/dash/Desktop/ros_ws/install/_local_setup_util_ps1.py'
[13.989s] INFO:colcon.colcon_core.shell:Creating prefix chain script '/home/dash/Desktop/ros_ws/install/setup.ps1'
[14.020s] INFO:colcon.colcon_core.shell:Creating prefix script '/home/dash/Desktop/ros_ws/install/local_setup.sh'
[14.028s] INFO:colcon.colcon_core.shell:Creating prefix util module '/home/dash/Desktop/ros_ws/install/_local_setup_util_sh.py'
[14.035s] INFO:colcon.colcon_core.shell:Creating prefix chain script '/home/dash/Desktop/ros_ws/install/setup.sh'
[14.056s] INFO:colcon.colcon_core.shell:Creating prefix script '/home/dash/Desktop/ros_ws/install/local_setup.bash'
[14.061s] INFO:colcon.colcon_core.shell:Creating prefix chain script '/home/dash/Desktop/ros_ws/install/setup.bash'
[14.083s] INFO:colcon.colcon_core.shell:Creating prefix script '/home/dash/Desktop/ros_ws/install/local_setup.zsh'
[14.091s] INFO:colcon.colcon_core.shell:Creating prefix chain script '/home/dash/Desktop/ros_ws/install/setup.zsh'
