[10.457s] Invoking command in '/home/dash/Desktop/ros_ws/src/nlp_subsystem': PYTHONPATH=/home/dash/Desktop/ros_ws/build/nlp_subsystem/prefix_override:/home/dash/Desktop/ros_ws/install/nlp_subsystem/lib/python3.10/site-packages:${PYTHONPATH} /usr/bin/python3 -W ignore:setup.py install is deprecated setup.py egg_info --egg-base ../../build/nlp_subsystem build --build-base /home/dash/Desktop/ros_ws/build/nlp_subsystem/build install --record /home/dash/Desktop/ros_ws/build/nlp_subsystem/install.log --single-version-externally-managed install_data
[13.752s] running egg_info
[13.757s] writing ../../build/nlp_subsystem/nlp_subsystem.egg-info/PKG-INFO
[13.772s] writing dependency_links to ../../build/nlp_subsystem/nlp_subsystem.egg-info/dependency_links.txt
[13.773s] writing entry points to ../../build/nlp_subsystem/nlp_subsystem.egg-info/entry_points.txt
[13.786s] writing requirements to ../../build/nlp_subsystem/nlp_subsystem.egg-info/requires.txt
[13.786s] writing top-level names to ../../build/nlp_subsystem/nlp_subsystem.egg-info/top_level.txt
[13.811s] reading manifest file '../../build/nlp_subsystem/nlp_subsystem.egg-info/SOURCES.txt'
[13.885s] writing manifest file '../../build/nlp_subsystem/nlp_subsystem.egg-info/SOURCES.txt'
[13.890s] running build
[13.891s] running build_py
[13.898s] running install
[13.901s] running install_lib
[13.915s] running install_data
[13.916s] running install_egg_info
[13.929s] removing '/home/dash/Desktop/ros_ws/install/nlp_subsystem/lib/python3.10/site-packages/nlp_subsystem-0.0.0-py3.10.egg-info' (and everything under it)
[13.952s] Copying ../../build/nlp_subsystem/nlp_subsystem.egg-info to /home/dash/Desktop/ros_ws/install/nlp_subsystem/lib/python3.10/site-packages/nlp_subsystem-0.0.0-py3.10.egg-info
[13.966s] running install_scripts
[14.120s] Installing chat_client script to /home/dash/Desktop/ros_ws/install/nlp_subsystem/lib/nlp_subsystem
[14.337s] Installing voice_assistant script to /home/dash/Desktop/ros_ws/install/nlp_subsystem/lib/nlp_subsystem
[14.375s] writing list of installed files to '/home/dash/Desktop/ros_ws/build/nlp_subsystem/install.log'
[16.249s] Invoked command in '/home/dash/Desktop/ros_ws/src/nlp_subsystem' returned '0': PYTHONPATH=/home/dash/Desktop/ros_ws/build/nlp_subsystem/prefix_override:/home/dash/Desktop/ros_ws/install/nlp_subsystem/lib/python3.10/site-packages:${PYTHONPATH} /usr/bin/python3 -W ignore:setup.py install is deprecated setup.py egg_info --egg-base ../../build/nlp_subsystem build --build-base /home/dash/Desktop/ros_ws/build/nlp_subsystem/build install --record /home/dash/Desktop/ros_ws/build/nlp_subsystem/install.log --single-version-externally-managed install_data
