[7.799s] Invoking command in '/home/dash/Desktop/ros_ws/src/user_interface': PYTHONPATH=/home/dash/Desktop/ros_ws/build/user_interface/prefix_override:/home/dash/Desktop/ros_ws/install/user_interface/lib/python3.10/site-packages:${PYTHONPATH} /usr/bin/python3 -W ignore:setup.py install is deprecated setup.py egg_info --egg-base ../../build/user_interface build --build-base /home/dash/Desktop/ros_ws/build/user_interface/build install --record /home/dash/Desktop/ros_ws/build/user_interface/install.log --single-version-externally-managed install_data
[9.789s] running egg_info
[9.792s] writing ../../build/user_interface/user_interface.egg-info/PKG-INFO
[9.794s] writing dependency_links to ../../build/user_interface/user_interface.egg-info/dependency_links.txt
[9.797s] writing entry points to ../../build/user_interface/user_interface.egg-info/entry_points.txt
[9.797s] writing requirements to ../../build/user_interface/user_interface.egg-info/requires.txt
[9.798s] writing top-level names to ../../build/user_interface/user_interface.egg-info/top_level.txt
[9.808s] reading manifest file '../../build/user_interface/user_interface.egg-info/SOURCES.txt'
[9.815s] writing manifest file '../../build/user_interface/user_interface.egg-info/SOURCES.txt'
[9.816s] running build
[9.818s] running build_py
[9.818s] copying user_interface/flask_ui_server.py -> /home/dash/Desktop/ros_ws/build/user_interface/build/lib/user_interface
[9.820s] running install
[9.821s] running install_lib
[9.827s] copying /home/dash/Desktop/ros_ws/build/user_interface/build/lib/user_interface/flask_ui_server.py -> /home/dash/Desktop/ros_ws/install/user_interface/lib/python3.10/site-packages/user_interface
[9.835s] byte-compiling /home/dash/Desktop/ros_ws/install/user_interface/lib/python3.10/site-packages/user_interface/flask_ui_server.py to flask_ui_server.cpython-310.pyc
[9.844s] running install_data
[9.845s] running install_egg_info
[9.853s] removing '/home/dash/Desktop/ros_ws/install/user_interface/lib/python3.10/site-packages/user_interface-0.0.0-py3.10.egg-info' (and everything under it)
[9.856s] Copying ../../build/user_interface/user_interface.egg-info to /home/dash/Desktop/ros_ws/install/user_interface/lib/python3.10/site-packages/user_interface-0.0.0-py3.10.egg-info
[9.865s] running install_scripts
[9.985s] Installing flask_user_interface script to /home/dash/Desktop/ros_ws/install/user_interface/lib/user_interface
[9.995s] Installing user_interface script to /home/dash/Desktop/ros_ws/install/user_interface/lib/user_interface
[9.999s] writing list of installed files to '/home/dash/Desktop/ros_ws/build/user_interface/install.log'
[10.216s] Invoked command in '/home/dash/Desktop/ros_ws/src/user_interface' returned '0': PYTHONPATH=/home/dash/Desktop/ros_ws/build/user_interface/prefix_override:/home/dash/Desktop/ros_ws/install/user_interface/lib/python3.10/site-packages:${PYTHONPATH} /usr/bin/python3 -W ignore:setup.py install is deprecated setup.py egg_info --egg-base ../../build/user_interface build --build-base /home/dash/Desktop/ros_ws/build/user_interface/build install --record /home/dash/Desktop/ros_ws/build/user_interface/install.log --single-version-externally-managed install_data
