[5.366s] Invoking command in '/home/dash/Desktop/ros_ws/build/robot_interfaces': CMAKE_PREFIX_PATH=${CMAKE_PREFIX_PATH}:/home/dash/Desktop/ros_ws/install/user_interface:/home/dash/Desktop/ros_ws/install/nlp_subsystem:/home/dash/Desktop/ros_ws/install/cv_subsystem:/home/dash/Desktop/ros_ws/install/controller:/opt/ros/humble /usr/bin/cmake --build /home/dash/Desktop/ros_ws/build/robot_interfaces -- -j4 -l4
[6.348s] [  1%] Built target robot_interfaces__cpp
[6.479s] [ 12%] Built target robot_interfaces__rosidl_generator_c
[6.689s] [ 26%] Built target robot_interfaces__rosidl_typesupport_cpp
[6.703s] [ 34%] Built target robot_interfaces__rosidl_typesupport_introspection_cpp
[6.794s] [ 34%] Built target ament_cmake_python_copy_robot_interfaces
[6.873s] [ 46%] Built target robot_interfaces__rosidl_typesupport_fastrtps_cpp
[7.056s] [ 57%] Built target robot_interfaces__rosidl_typesupport_introspection_c
[7.069s] [ 68%] Built target robot_interfaces__rosidl_typesupport_fastrtps_c
[7.140s] [ 79%] Built target robot_interfaces__rosidl_typesupport_c
[7.437s] [ 79%] Built target robot_interfaces
[7.655s] [ 80%] Built target robot_interfaces__py
[7.988s] [ 90%] Built target robot_interfaces__rosidl_generator_py
[8.343s] [ 93%] Built target robot_interfaces__rosidl_typesupport_introspection_c__pyext
[8.482s] [ 96%] Built target robot_interfaces__rosidl_typesupport_c__pyext
[8.606s] [100%] Built target robot_interfaces__rosidl_typesupport_fastrtps_c__pyext
[10.780s] running egg_info
[10.784s] writing robot_interfaces.egg-info/PKG-INFO
[10.791s] writing dependency_links to robot_interfaces.egg-info/dependency_links.txt
[10.809s] writing top-level names to robot_interfaces.egg-info/top_level.txt
[10.828s] reading manifest file 'robot_interfaces.egg-info/SOURCES.txt'
[10.834s] writing manifest file 'robot_interfaces.egg-info/SOURCES.txt'
[11.151s] [100%] Built target ament_cmake_python_build_robot_interfaces_egg
[11.304s] Invoked command in '/home/dash/Desktop/ros_ws/build/robot_interfaces' returned '0': CMAKE_PREFIX_PATH=${CMAKE_PREFIX_PATH}:/home/dash/Desktop/ros_ws/install/user_interface:/home/dash/Desktop/ros_ws/install/nlp_subsystem:/home/dash/Desktop/ros_ws/install/cv_subsystem:/home/dash/Desktop/ros_ws/install/controller:/opt/ros/humble /usr/bin/cmake --build /home/dash/Desktop/ros_ws/build/robot_interfaces -- -j4 -l4
[13.217s] Invoking command in '/home/dash/Desktop/ros_ws/build/robot_interfaces': CMAKE_PREFIX_PATH=${CMAKE_PREFIX_PATH}:/home/dash/Desktop/ros_ws/install/user_interface:/home/dash/Desktop/ros_ws/install/nlp_subsystem:/home/dash/Desktop/ros_ws/install/cv_subsystem:/home/dash/Desktop/ros_ws/install/controller:/opt/ros/humble /usr/bin/cmake --install /home/dash/Desktop/ros_ws/build/robot_interfaces
[15.236s] -- Install configuration: ""
[15.268s] -- Up-to-date: /home/dash/Desktop/ros_ws/install/robot_interfaces/share/ament_index/resource_index/rosidl_interfaces/robot_interfaces
[15.279s] -- Up-to-date: /home/dash/Desktop/ros_ws/install/robot_interfaces/include/robot_interfaces/robot_interfaces
[15.281s] -- Up-to-date: /home/dash/Desktop/ros_ws/install/robot_interfaces/include/robot_interfaces/robot_interfaces/srv
[15.295s] -- Up-to-date: /home/dash/Desktop/ros_ws/install/robot_interfaces/include/robot_interfaces/robot_interfaces/srv/detail
[15.299s] -- Up-to-date: /home/dash/Desktop/ros_ws/install/robot_interfaces/include/robot_interfaces/robot_interfaces/srv/detail/handshake__functions.c
[15.312s] -- Up-to-date: /home/dash/Desktop/ros_ws/install/robot_interfaces/include/robot_interfaces/robot_interfaces/srv/detail/image_capture__functions.c
[15.314s] -- Up-to-date: /home/dash/Desktop/ros_ws/install/robot_interfaces/include/robot_interfaces/robot_interfaces/srv/detail/robot_status_srv__struct.h
[15.321s] -- Up-to-date: /home/dash/Desktop/ros_ws/install/robot_interfaces/include/robot_interfaces/robot_interfaces/srv/detail/lm_chat__functions.h
[15.322s] -- Up-to-date: /home/dash/Desktop/ros_ws/install/robot_interfaces/include/robot_interfaces/robot_interfaces/srv/detail/config__type_support.h
[15.322s] -- Up-to-date: /home/dash/Desktop/ros_ws/install/robot_interfaces/include/robot_interfaces/robot_interfaces/srv/detail/image_capture__functions.h
[15.323s] -- Up-to-date: /home/dash/Desktop/ros_ws/install/robot_interfaces/include/robot_interfaces/robot_interfaces/srv/detail/lm_chat__functions.c
[15.333s] -- Up-to-date: /home/dash/Desktop/ros_ws/install/robot_interfaces/include/robot_interfaces/robot_interfaces/srv/detail/handshake__functions.h
[15.334s] -- Up-to-date: /home/dash/Desktop/ros_ws/install/robot_interfaces/include/robot_interfaces/robot_interfaces/srv/detail/config__functions.c
[15.335s] -- Up-to-date: /home/dash/Desktop/ros_ws/install/robot_interfaces/include/robot_interfaces/robot_interfaces/srv/detail/config__struct.h
[15.336s] -- Up-to-date: /home/dash/Desktop/ros_ws/install/robot_interfaces/include/robot_interfaces/robot_interfaces/srv/detail/lm_chat__struct.h
[15.336s] -- Up-to-date: /home/dash/Desktop/ros_ws/install/robot_interfaces/include/robot_interfaces/robot_interfaces/srv/detail/handshake__struct.h
[15.338s] -- Up-to-date: /home/dash/Desktop/ros_ws/install/robot_interfaces/include/robot_interfaces/robot_interfaces/srv/detail/robot_status_srv__functions.c
[15.338s] -- Up-to-date: /home/dash/Desktop/ros_ws/install/robot_interfaces/include/robot_interfaces/robot_interfaces/srv/detail/handshake__type_support.h
[15.339s] -- Up-to-date: /home/dash/Desktop/ros_ws/install/robot_interfaces/include/robot_interfaces/robot_interfaces/srv/detail/robot_status_srv__type_support.h
[15.340s] -- Up-to-date: /home/dash/Desktop/ros_ws/install/robot_interfaces/include/robot_interfaces/robot_interfaces/srv/detail/image_capture__type_support.h
[15.340s] -- Up-to-date: /home/dash/Desktop/ros_ws/install/robot_interfaces/include/robot_interfaces/robot_interfaces/srv/detail/robot_status_srv__functions.h
[15.341s] -- Up-to-date: /home/dash/Desktop/ros_ws/install/robot_interfaces/include/robot_interfaces/robot_interfaces/srv/detail/image_capture__struct.h
[15.341s] -- Up-to-date: /home/dash/Desktop/ros_ws/install/robot_interfaces/include/robot_interfaces/robot_interfaces/srv/detail/lm_chat__type_support.h
[15.343s] -- Up-to-date: /home/dash/Desktop/ros_ws/install/robot_interfaces/include/robot_interfaces/robot_interfaces/srv/detail/config__functions.h
[15.344s] -- Up-to-date: /home/dash/Desktop/ros_ws/install/robot_interfaces/include/robot_interfaces/robot_interfaces/srv/robot_status_srv.h
[15.344s] -- Up-to-date: /home/dash/Desktop/ros_ws/install/robot_interfaces/include/robot_interfaces/robot_interfaces/srv/image_capture.h
[15.345s] -- Up-to-date: /home/dash/Desktop/ros_ws/install/robot_interfaces/include/robot_interfaces/robot_interfaces/srv/lm_chat.h
[15.346s] -- Up-to-date: /home/dash/Desktop/ros_ws/install/robot_interfaces/include/robot_interfaces/robot_interfaces/srv/config.h
[15.347s] -- Up-to-date: /home/dash/Desktop/ros_ws/install/robot_interfaces/include/robot_interfaces/robot_interfaces/srv/handshake.h
[15.347s] -- Up-to-date: /home/dash/Desktop/ros_ws/install/robot_interfaces/include/robot_interfaces/robot_interfaces/msg
[15.348s] -- Up-to-date: /home/dash/Desktop/ros_ws/install/robot_interfaces/include/robot_interfaces/robot_interfaces/msg/rosidl_generator_c__visibility_control.h
[15.348s] -- Up-to-date: /home/dash/Desktop/ros_ws/install/robot_interfaces/share/robot_interfaces/environment/library_path.sh
[15.349s] -- Up-to-date: /home/dash/Desktop/ros_ws/install/robot_interfaces/share/robot_interfaces/environment/library_path.dsv
[15.349s] -- Up-to-date: /home/dash/Desktop/ros_ws/install/robot_interfaces/lib/librobot_interfaces__rosidl_generator_c.so
[15.350s] -- Up-to-date: /home/dash/Desktop/ros_ws/install/robot_interfaces/include/robot_interfaces/robot_interfaces
[15.350s] -- Up-to-date: /home/dash/Desktop/ros_ws/install/robot_interfaces/include/robot_interfaces/robot_interfaces/srv
[15.351s] -- Up-to-date: /home/dash/Desktop/ros_ws/install/robot_interfaces/include/robot_interfaces/robot_interfaces/srv/detail
[15.351s] -- Up-to-date: /home/dash/Desktop/ros_ws/install/robot_interfaces/include/robot_interfaces/robot_interfaces/srv/detail/lm_chat__rosidl_typesupport_fastrtps_c.h
[15.351s] -- Up-to-date: /home/dash/Desktop/ros_ws/install/robot_interfaces/include/robot_interfaces/robot_interfaces/srv/detail/robot_status_srv__rosidl_typesupport_fastrtps_c.h
[15.360s] -- Up-to-date: /home/dash/Desktop/ros_ws/install/robot_interfaces/include/robot_interfaces/robot_interfaces/srv/detail/image_capture__rosidl_typesupport_fastrtps_c.h
[15.361s] -- Up-to-date: /home/dash/Desktop/ros_ws/install/robot_interfaces/include/robot_interfaces/robot_interfaces/srv/detail/handshake__rosidl_typesupport_fastrtps_c.h
[15.363s] -- Up-to-date: /home/dash/Desktop/ros_ws/install/robot_interfaces/include/robot_interfaces/robot_interfaces/srv/detail/config__rosidl_typesupport_fastrtps_c.h
[15.363s] -- Up-to-date: /home/dash/Desktop/ros_ws/install/robot_interfaces/include/robot_interfaces/robot_interfaces/msg
[15.364s] -- Up-to-date: /home/dash/Desktop/ros_ws/install/robot_interfaces/include/robot_interfaces/robot_interfaces/msg/rosidl_typesupport_fastrtps_c__visibility_control.h
[15.364s] -- Up-to-date: /home/dash/Desktop/ros_ws/install/robot_interfaces/lib/librobot_interfaces__rosidl_typesupport_fastrtps_c.so
[15.365s] -- Up-to-date: /home/dash/Desktop/ros_ws/install/robot_interfaces/include/robot_interfaces/robot_interfaces
[15.365s] -- Up-to-date: /home/dash/Desktop/ros_ws/install/robot_interfaces/include/robot_interfaces/robot_interfaces/srv
[15.366s] -- Up-to-date: /home/dash/Desktop/ros_ws/install/robot_interfaces/include/robot_interfaces/robot_interfaces/srv/detail
[15.366s] -- Up-to-date: /home/dash/Desktop/ros_ws/install/robot_interfaces/include/robot_interfaces/robot_interfaces/srv/detail/lm_chat__rosidl_typesupport_introspection_c.h
[15.366s] -- Up-to-date: /home/dash/Desktop/ros_ws/install/robot_interfaces/include/robot_interfaces/robot_interfaces/srv/detail/config__rosidl_typesupport_introspection_c.h
[15.367s] -- Up-to-date: /home/dash/Desktop/ros_ws/install/robot_interfaces/include/robot_interfaces/robot_interfaces/srv/detail/image_capture__type_support.c
[15.367s] -- Up-to-date: /home/dash/Desktop/ros_ws/install/robot_interfaces/include/robot_interfaces/robot_interfaces/srv/detail/handshake__rosidl_typesupport_introspection_c.h
[15.368s] -- Up-to-date: /home/dash/Desktop/ros_ws/install/robot_interfaces/include/robot_interfaces/robot_interfaces/srv/detail/robot_status_srv__rosidl_typesupport_introspection_c.h
[15.368s] -- Up-to-date: /home/dash/Desktop/ros_ws/install/robot_interfaces/include/robot_interfaces/robot_interfaces/srv/detail/handshake__type_support.c
[15.369s] -- Up-to-date: /home/dash/Desktop/ros_ws/install/robot_interfaces/include/robot_interfaces/robot_interfaces/srv/detail/robot_status_srv__type_support.c
[15.369s] -- Up-to-date: /home/dash/Desktop/ros_ws/install/robot_interfaces/include/robot_interfaces/robot_interfaces/srv/detail/image_capture__rosidl_typesupport_introspection_c.h
[15.370s] -- Up-to-date: /home/dash/Desktop/ros_ws/install/robot_interfaces/include/robot_interfaces/robot_interfaces/srv/detail/config__type_support.c
[15.370s] -- Up-to-date: /home/dash/Desktop/ros_ws/install/robot_interfaces/include/robot_interfaces/robot_interfaces/srv/detail/lm_chat__type_support.c
[15.370s] -- Up-to-date: /home/dash/Desktop/ros_ws/install/robot_interfaces/include/robot_interfaces/robot_interfaces/msg
[15.371s] -- Up-to-date: /home/dash/Desktop/ros_ws/install/robot_interfaces/include/robot_interfaces/robot_interfaces/msg/rosidl_typesupport_introspection_c__visibility_control.h
[15.371s] -- Up-to-date: /home/dash/Desktop/ros_ws/install/robot_interfaces/lib/librobot_interfaces__rosidl_typesupport_introspection_c.so
[15.372s] -- Up-to-date: /home/dash/Desktop/ros_ws/install/robot_interfaces/lib/librobot_interfaces__rosidl_typesupport_c.so
[15.372s] -- Up-to-date: /home/dash/Desktop/ros_ws/install/robot_interfaces/include/robot_interfaces/robot_interfaces
[15.373s] -- Up-to-date: /home/dash/Desktop/ros_ws/install/robot_interfaces/include/robot_interfaces/robot_interfaces/srv
[15.373s] -- Up-to-date: /home/dash/Desktop/ros_ws/install/robot_interfaces/include/robot_interfaces/robot_interfaces/srv/detail
[15.374s] -- Up-to-date: /home/dash/Desktop/ros_ws/install/robot_interfaces/include/robot_interfaces/robot_interfaces/srv/detail/config__builder.hpp
[15.374s] -- Up-to-date: /home/dash/Desktop/ros_ws/install/robot_interfaces/include/robot_interfaces/robot_interfaces/srv/detail/lm_chat__builder.hpp
[15.374s] -- Up-to-date: /home/dash/Desktop/ros_ws/install/robot_interfaces/include/robot_interfaces/robot_interfaces/srv/detail/image_capture__builder.hpp
[15.375s] -- Up-to-date: /home/dash/Desktop/ros_ws/install/robot_interfaces/include/robot_interfaces/robot_interfaces/srv/detail/lm_chat__struct.hpp
[15.375s] -- Up-to-date: /home/dash/Desktop/ros_ws/install/robot_interfaces/include/robot_interfaces/robot_interfaces/srv/detail/image_capture__struct.hpp
[15.376s] -- Up-to-date: /home/dash/Desktop/ros_ws/install/robot_interfaces/include/robot_interfaces/robot_interfaces/srv/detail/handshake__builder.hpp
[15.376s] -- Up-to-date: /home/dash/Desktop/ros_ws/install/robot_interfaces/include/robot_interfaces/robot_interfaces/srv/detail/image_capture__traits.hpp
[15.377s] -- Up-to-date: /home/dash/Desktop/ros_ws/install/robot_interfaces/include/robot_interfaces/robot_interfaces/srv/detail/config__traits.hpp
[15.377s] -- Up-to-date: /home/dash/Desktop/ros_ws/install/robot_interfaces/include/robot_interfaces/robot_interfaces/srv/detail/robot_status_srv__builder.hpp
[15.377s] -- Up-to-date: /home/dash/Desktop/ros_ws/install/robot_interfaces/include/robot_interfaces/robot_interfaces/srv/detail/robot_status_srv__struct.hpp
[15.378s] -- Up-to-date: /home/dash/Desktop/ros_ws/install/robot_interfaces/include/robot_interfaces/robot_interfaces/srv/detail/handshake__traits.hpp
[15.378s] -- Up-to-date: /home/dash/Desktop/ros_ws/install/robot_interfaces/include/robot_interfaces/robot_interfaces/srv/detail/robot_status_srv__traits.hpp
[15.379s] -- Up-to-date: /home/dash/Desktop/ros_ws/install/robot_interfaces/include/robot_interfaces/robot_interfaces/srv/detail/config__struct.hpp
[15.379s] -- Up-to-date: /home/dash/Desktop/ros_ws/install/robot_interfaces/include/robot_interfaces/robot_interfaces/srv/detail/lm_chat__traits.hpp
[15.380s] -- Up-to-date: /home/dash/Desktop/ros_ws/install/robot_interfaces/include/robot_interfaces/robot_interfaces/srv/detail/handshake__struct.hpp
[15.380s] -- Up-to-date: /home/dash/Desktop/ros_ws/install/robot_interfaces/include/robot_interfaces/robot_interfaces/srv/robot_status_srv.hpp
[15.381s] -- Up-to-date: /home/dash/Desktop/ros_ws/install/robot_interfaces/include/robot_interfaces/robot_interfaces/srv/image_capture.hpp
[15.381s] -- Up-to-date: /home/dash/Desktop/ros_ws/install/robot_interfaces/include/robot_interfaces/robot_interfaces/srv/config.hpp
[15.382s] -- Up-to-date: /home/dash/Desktop/ros_ws/install/robot_interfaces/include/robot_interfaces/robot_interfaces/srv/handshake.hpp
[15.382s] -- Up-to-date: /home/dash/Desktop/ros_ws/install/robot_interfaces/include/robot_interfaces/robot_interfaces/srv/lm_chat.hpp
[15.383s] -- Up-to-date: /home/dash/Desktop/ros_ws/install/robot_interfaces/include/robot_interfaces/robot_interfaces
[15.389s] -- Up-to-date: /home/dash/Desktop/ros_ws/install/robot_interfaces/include/robot_interfaces/robot_interfaces/srv
[15.391s] -- Up-to-date: /home/dash/Desktop/ros_ws/install/robot_interfaces/include/robot_interfaces/robot_interfaces/srv/detail
[15.392s] -- Up-to-date: /home/dash/Desktop/ros_ws/install/robot_interfaces/include/robot_interfaces/robot_interfaces/srv/detail/dds_fastrtps
[15.394s] -- Up-to-date: /home/dash/Desktop/ros_ws/install/robot_interfaces/include/robot_interfaces/robot_interfaces/srv/detail/config__rosidl_typesupport_fastrtps_cpp.hpp
[15.395s] -- Up-to-date: /home/dash/Desktop/ros_ws/install/robot_interfaces/include/robot_interfaces/robot_interfaces/srv/detail/image_capture__rosidl_typesupport_fastrtps_cpp.hpp
[15.396s] -- Up-to-date: /home/dash/Desktop/ros_ws/install/robot_interfaces/include/robot_interfaces/robot_interfaces/srv/detail/lm_chat__rosidl_typesupport_fastrtps_cpp.hpp
[15.398s] -- Up-to-date: /home/dash/Desktop/ros_ws/install/robot_interfaces/include/robot_interfaces/robot_interfaces/srv/detail/handshake__rosidl_typesupport_fastrtps_cpp.hpp
[15.399s] -- Up-to-date: /home/dash/Desktop/ros_ws/install/robot_interfaces/include/robot_interfaces/robot_interfaces/srv/detail/robot_status_srv__rosidl_typesupport_fastrtps_cpp.hpp
[15.401s] -- Up-to-date: /home/dash/Desktop/ros_ws/install/robot_interfaces/include/robot_interfaces/robot_interfaces/msg
[15.403s] -- Up-to-date: /home/dash/Desktop/ros_ws/install/robot_interfaces/include/robot_interfaces/robot_interfaces/msg/rosidl_typesupport_fastrtps_cpp__visibility_control.h
[15.404s] -- Up-to-date: /home/dash/Desktop/ros_ws/install/robot_interfaces/lib/librobot_interfaces__rosidl_typesupport_fastrtps_cpp.so
[15.406s] -- Up-to-date: /home/dash/Desktop/ros_ws/install/robot_interfaces/include/robot_interfaces/robot_interfaces
[15.407s] -- Up-to-date: /home/dash/Desktop/ros_ws/install/robot_interfaces/include/robot_interfaces/robot_interfaces/srv
[15.408s] -- Up-to-date: /home/dash/Desktop/ros_ws/install/robot_interfaces/include/robot_interfaces/robot_interfaces/srv/detail
[15.410s] -- Up-to-date: /home/dash/Desktop/ros_ws/install/robot_interfaces/include/robot_interfaces/robot_interfaces/srv/detail/handshake__rosidl_typesupport_introspection_cpp.hpp
[15.411s] -- Up-to-date: /home/dash/Desktop/ros_ws/install/robot_interfaces/include/robot_interfaces/robot_interfaces/srv/detail/image_capture__rosidl_typesupport_introspection_cpp.hpp
[15.412s] -- Up-to-date: /home/dash/Desktop/ros_ws/install/robot_interfaces/include/robot_interfaces/robot_interfaces/srv/detail/handshake__type_support.cpp
[15.413s] -- Up-to-date: /home/dash/Desktop/ros_ws/install/robot_interfaces/include/robot_interfaces/robot_interfaces/srv/detail/image_capture__type_support.cpp
[15.414s] -- Up-to-date: /home/dash/Desktop/ros_ws/install/robot_interfaces/include/robot_interfaces/robot_interfaces/srv/detail/config__type_support.cpp
[15.416s] -- Up-to-date: /home/dash/Desktop/ros_ws/install/robot_interfaces/include/robot_interfaces/robot_interfaces/srv/detail/lm_chat__type_support.cpp
[15.417s] -- Up-to-date: /home/dash/Desktop/ros_ws/install/robot_interfaces/include/robot_interfaces/robot_interfaces/srv/detail/lm_chat__rosidl_typesupport_introspection_cpp.hpp
[15.418s] -- Up-to-date: /home/dash/Desktop/ros_ws/install/robot_interfaces/include/robot_interfaces/robot_interfaces/srv/detail/robot_status_srv__type_support.cpp
[15.419s] -- Up-to-date: /home/dash/Desktop/ros_ws/install/robot_interfaces/include/robot_interfaces/robot_interfaces/srv/detail/robot_status_srv__rosidl_typesupport_introspection_cpp.hpp
[15.421s] -- Up-to-date: /home/dash/Desktop/ros_ws/install/robot_interfaces/include/robot_interfaces/robot_interfaces/srv/detail/config__rosidl_typesupport_introspection_cpp.hpp
[15.422s] -- Up-to-date: /home/dash/Desktop/ros_ws/install/robot_interfaces/lib/librobot_interfaces__rosidl_typesupport_introspection_cpp.so
[15.423s] -- Up-to-date: /home/dash/Desktop/ros_ws/install/robot_interfaces/lib/librobot_interfaces__rosidl_typesupport_cpp.so
[15.425s] -- Up-to-date: /home/dash/Desktop/ros_ws/install/robot_interfaces/share/robot_interfaces/environment/pythonpath.sh
[15.426s] -- Up-to-date: /home/dash/Desktop/ros_ws/install/robot_interfaces/share/robot_interfaces/environment/pythonpath.dsv
[15.441s] -- Up-to-date: /home/dash/Desktop/ros_ws/install/robot_interfaces/local/lib/python3.10/dist-packages/robot_interfaces-0.0.0-py3.10.egg-info
[15.456s] -- Installing: /home/dash/Desktop/ros_ws/install/robot_interfaces/local/lib/python3.10/dist-packages/robot_interfaces-0.0.0-py3.10.egg-info/dependency_links.txt
[15.468s] -- Installing: /home/dash/Desktop/ros_ws/install/robot_interfaces/local/lib/python3.10/dist-packages/robot_interfaces-0.0.0-py3.10.egg-info/top_level.txt
[15.483s] -- Installing: /home/dash/Desktop/ros_ws/install/robot_interfaces/local/lib/python3.10/dist-packages/robot_interfaces-0.0.0-py3.10.egg-info/SOURCES.txt
[15.489s] -- Installing: /home/dash/Desktop/ros_ws/install/robot_interfaces/local/lib/python3.10/dist-packages/robot_interfaces-0.0.0-py3.10.egg-info/PKG-INFO
[15.526s] -- Up-to-date: /home/dash/Desktop/ros_ws/install/robot_interfaces/local/lib/python3.10/dist-packages/robot_interfaces
[15.527s] -- Up-to-date: /home/dash/Desktop/ros_ws/install/robot_interfaces/local/lib/python3.10/dist-packages/robot_interfaces/_robot_interfaces_s.ep.rosidl_typesupport_introspection_c.c
[15.528s] -- Up-to-date: /home/dash/Desktop/ros_ws/install/robot_interfaces/local/lib/python3.10/dist-packages/robot_interfaces/robot_interfaces_s__rosidl_typesupport_c.cpython-310-aarch64-linux-gnu.so
[15.530s] -- Up-to-date: /home/dash/Desktop/ros_ws/install/robot_interfaces/local/lib/python3.10/dist-packages/robot_interfaces/_robot_interfaces_s.ep.rosidl_typesupport_c.c
[15.531s] -- Up-to-date: /home/dash/Desktop/ros_ws/install/robot_interfaces/local/lib/python3.10/dist-packages/robot_interfaces/librobot_interfaces__rosidl_generator_py.so
[15.563s] -- Up-to-date: /home/dash/Desktop/ros_ws/install/robot_interfaces/local/lib/python3.10/dist-packages/robot_interfaces/_robot_interfaces_s.ep.rosidl_typesupport_fastrtps_c.c
[15.571s] -- Up-to-date: /home/dash/Desktop/ros_ws/install/robot_interfaces/local/lib/python3.10/dist-packages/robot_interfaces/srv
[15.572s] -- Up-to-date: /home/dash/Desktop/ros_ws/install/robot_interfaces/local/lib/python3.10/dist-packages/robot_interfaces/srv/_config_s.c
[15.573s] -- Up-to-date: /home/dash/Desktop/ros_ws/install/robot_interfaces/local/lib/python3.10/dist-packages/robot_interfaces/srv/_robot_status_srv_s.c
[15.574s] -- Up-to-date: /home/dash/Desktop/ros_ws/install/robot_interfaces/local/lib/python3.10/dist-packages/robot_interfaces/srv/_robot_status_srv.py
[15.574s] -- Up-to-date: /home/dash/Desktop/ros_ws/install/robot_interfaces/local/lib/python3.10/dist-packages/robot_interfaces/srv/_lm_chat_s.c
[15.575s] -- Up-to-date: /home/dash/Desktop/ros_ws/install/robot_interfaces/local/lib/python3.10/dist-packages/robot_interfaces/srv/_handshake_s.c
[15.576s] -- Up-to-date: /home/dash/Desktop/ros_ws/install/robot_interfaces/local/lib/python3.10/dist-packages/robot_interfaces/srv/_image_capture_s.c
[15.587s] -- Up-to-date: /home/dash/Desktop/ros_ws/install/robot_interfaces/local/lib/python3.10/dist-packages/robot_interfaces/srv/_handshake.py
[15.594s] -- Up-to-date: /home/dash/Desktop/ros_ws/install/robot_interfaces/local/lib/python3.10/dist-packages/robot_interfaces/srv/__init__.py
[15.594s] -- Up-to-date: /home/dash/Desktop/ros_ws/install/robot_interfaces/local/lib/python3.10/dist-packages/robot_interfaces/srv/_config.py
[15.595s] -- Up-to-date: /home/dash/Desktop/ros_ws/install/robot_interfaces/local/lib/python3.10/dist-packages/robot_interfaces/srv/_image_capture.py
[15.596s] -- Up-to-date: /home/dash/Desktop/ros_ws/install/robot_interfaces/local/lib/python3.10/dist-packages/robot_interfaces/srv/_lm_chat.py
[15.597s] -- Up-to-date: /home/dash/Desktop/ros_ws/install/robot_interfaces/local/lib/python3.10/dist-packages/robot_interfaces/__init__.py
[15.598s] -- Up-to-date: /home/dash/Desktop/ros_ws/install/robot_interfaces/local/lib/python3.10/dist-packages/robot_interfaces/robot_interfaces_s__rosidl_typesupport_fastrtps_c.cpython-310-aarch64-linux-gnu.so
[15.600s] -- Up-to-date: /home/dash/Desktop/ros_ws/install/robot_interfaces/local/lib/python3.10/dist-packages/robot_interfaces/robot_interfaces_s__rosidl_typesupport_introspection_c.cpython-310-aarch64-linux-gnu.so
[15.796s] Listing '/home/dash/Desktop/ros_ws/install/robot_interfaces/local/lib/python3.10/dist-packages/robot_interfaces'...
[15.798s] Listing '/home/dash/Desktop/ros_ws/install/robot_interfaces/local/lib/python3.10/dist-packages/robot_interfaces/srv'...
[15.835s] -- Up-to-date: /home/dash/Desktop/ros_ws/install/robot_interfaces/local/lib/python3.10/dist-packages/robot_interfaces/robot_interfaces_s__rosidl_typesupport_fastrtps_c.cpython-310-aarch64-linux-gnu.so
[15.838s] -- Up-to-date: /home/dash/Desktop/ros_ws/install/robot_interfaces/local/lib/python3.10/dist-packages/robot_interfaces/robot_interfaces_s__rosidl_typesupport_introspection_c.cpython-310-aarch64-linux-gnu.so
[15.841s] -- Up-to-date: /home/dash/Desktop/ros_ws/install/robot_interfaces/local/lib/python3.10/dist-packages/robot_interfaces/robot_interfaces_s__rosidl_typesupport_c.cpython-310-aarch64-linux-gnu.so
[15.845s] -- Up-to-date: /home/dash/Desktop/ros_ws/install/robot_interfaces/lib/librobot_interfaces__rosidl_generator_py.so
[15.847s] -- Up-to-date: /home/dash/Desktop/ros_ws/install/robot_interfaces/share/robot_interfaces/srv/LMChat.idl
[15.848s] -- Up-to-date: /home/dash/Desktop/ros_ws/install/robot_interfaces/share/robot_interfaces/srv/Handshake.idl
[15.849s] -- Up-to-date: /home/dash/Desktop/ros_ws/install/robot_interfaces/share/robot_interfaces/srv/RobotStatusSrv.idl
[15.850s] -- Up-to-date: /home/dash/Desktop/ros_ws/install/robot_interfaces/share/robot_interfaces/srv/Config.idl
[15.850s] -- Up-to-date: /home/dash/Desktop/ros_ws/install/robot_interfaces/share/robot_interfaces/srv/ImageCapture.idl
[15.852s] -- Up-to-date: /home/dash/Desktop/ros_ws/install/robot_interfaces/share/robot_interfaces/srv/LMChat.srv
[15.853s] -- Up-to-date: /home/dash/Desktop/ros_ws/install/robot_interfaces/share/robot_interfaces/srv/LMChat_Request.msg
[15.854s] -- Up-to-date: /home/dash/Desktop/ros_ws/install/robot_interfaces/share/robot_interfaces/srv/LMChat_Response.msg
[15.855s] -- Up-to-date: /home/dash/Desktop/ros_ws/install/robot_interfaces/share/robot_interfaces/srv/Handshake.srv
[15.857s] -- Up-to-date: /home/dash/Desktop/ros_ws/install/robot_interfaces/share/robot_interfaces/srv/Handshake_Request.msg
[15.859s] -- Up-to-date: /home/dash/Desktop/ros_ws/install/robot_interfaces/share/robot_interfaces/srv/Handshake_Response.msg
[15.866s] -- Up-to-date: /home/dash/Desktop/ros_ws/install/robot_interfaces/share/robot_interfaces/srv/RobotStatusSrv.srv
[15.868s] -- Up-to-date: /home/dash/Desktop/ros_ws/install/robot_interfaces/share/robot_interfaces/srv/RobotStatusSrv_Request.msg
[15.869s] -- Up-to-date: /home/dash/Desktop/ros_ws/install/robot_interfaces/share/robot_interfaces/srv/RobotStatusSrv_Response.msg
[15.869s] -- Up-to-date: /home/dash/Desktop/ros_ws/install/robot_interfaces/share/robot_interfaces/srv/Config.srv
[15.870s] -- Up-to-date: /home/dash/Desktop/ros_ws/install/robot_interfaces/share/robot_interfaces/srv/Config_Request.msg
[15.871s] -- Up-to-date: /home/dash/Desktop/ros_ws/install/robot_interfaces/share/robot_interfaces/srv/Config_Response.msg
[15.871s] -- Up-to-date: /home/dash/Desktop/ros_ws/install/robot_interfaces/share/robot_interfaces/srv/ImageCapture.srv
[15.880s] -- Up-to-date: /home/dash/Desktop/ros_ws/install/robot_interfaces/share/robot_interfaces/srv/ImageCapture_Request.msg
[15.881s] -- Up-to-date: /home/dash/Desktop/ros_ws/install/robot_interfaces/share/robot_interfaces/srv/ImageCapture_Response.msg
[15.882s] -- Up-to-date: /home/dash/Desktop/ros_ws/install/robot_interfaces/share/ament_index/resource_index/package_run_dependencies/robot_interfaces
[15.882s] -- Up-to-date: /home/dash/Desktop/ros_ws/install/robot_interfaces/share/ament_index/resource_index/parent_prefix_path/robot_interfaces
[15.883s] -- Up-to-date: /home/dash/Desktop/ros_ws/install/robot_interfaces/share/robot_interfaces/environment/ament_prefix_path.sh
[15.884s] -- Up-to-date: /home/dash/Desktop/ros_ws/install/robot_interfaces/share/robot_interfaces/environment/ament_prefix_path.dsv
[15.885s] -- Up-to-date: /home/dash/Desktop/ros_ws/install/robot_interfaces/share/robot_interfaces/environment/path.sh
[15.886s] -- Up-to-date: /home/dash/Desktop/ros_ws/install/robot_interfaces/share/robot_interfaces/environment/path.dsv
[15.887s] -- Up-to-date: /home/dash/Desktop/ros_ws/install/robot_interfaces/share/robot_interfaces/local_setup.bash
[15.890s] -- Up-to-date: /home/dash/Desktop/ros_ws/install/robot_interfaces/share/robot_interfaces/local_setup.sh
[15.891s] -- Up-to-date: /home/dash/Desktop/ros_ws/install/robot_interfaces/share/robot_interfaces/local_setup.zsh
[15.893s] -- Up-to-date: /home/dash/Desktop/ros_ws/install/robot_interfaces/share/robot_interfaces/local_setup.dsv
[15.895s] -- Installing: /home/dash/Desktop/ros_ws/install/robot_interfaces/share/robot_interfaces/package.dsv
[15.897s] -- Up-to-date: /home/dash/Desktop/ros_ws/install/robot_interfaces/share/ament_index/resource_index/packages/robot_interfaces
[15.898s] -- Up-to-date: /home/dash/Desktop/ros_ws/install/robot_interfaces/share/robot_interfaces/cmake/export_robot_interfaces__rosidl_generator_cExport.cmake
[15.899s] -- Up-to-date: /home/dash/Desktop/ros_ws/install/robot_interfaces/share/robot_interfaces/cmake/export_robot_interfaces__rosidl_generator_cExport-noconfig.cmake
[15.900s] -- Up-to-date: /home/dash/Desktop/ros_ws/install/robot_interfaces/share/robot_interfaces/cmake/export_robot_interfaces__rosidl_typesupport_fastrtps_cExport.cmake
[15.901s] -- Up-to-date: /home/dash/Desktop/ros_ws/install/robot_interfaces/share/robot_interfaces/cmake/export_robot_interfaces__rosidl_typesupport_fastrtps_cExport-noconfig.cmake
[15.902s] -- Up-to-date: /home/dash/Desktop/ros_ws/install/robot_interfaces/share/robot_interfaces/cmake/robot_interfaces__rosidl_typesupport_introspection_cExport.cmake
[15.903s] -- Up-to-date: /home/dash/Desktop/ros_ws/install/robot_interfaces/share/robot_interfaces/cmake/robot_interfaces__rosidl_typesupport_introspection_cExport-noconfig.cmake
[15.923s] -- Up-to-date: /home/dash/Desktop/ros_ws/install/robot_interfaces/share/robot_interfaces/cmake/robot_interfaces__rosidl_typesupport_cExport.cmake
[15.936s] -- Up-to-date: /home/dash/Desktop/ros_ws/install/robot_interfaces/share/robot_interfaces/cmake/robot_interfaces__rosidl_typesupport_cExport-noconfig.cmake
[15.937s] -- Up-to-date: /home/dash/Desktop/ros_ws/install/robot_interfaces/share/robot_interfaces/cmake/export_robot_interfaces__rosidl_generator_cppExport.cmake
[15.938s] -- Up-to-date: /home/dash/Desktop/ros_ws/install/robot_interfaces/share/robot_interfaces/cmake/export_robot_interfaces__rosidl_typesupport_fastrtps_cppExport.cmake
[15.939s] -- Up-to-date: /home/dash/Desktop/ros_ws/install/robot_interfaces/share/robot_interfaces/cmake/export_robot_interfaces__rosidl_typesupport_fastrtps_cppExport-noconfig.cmake
[15.944s] -- Up-to-date: /home/dash/Desktop/ros_ws/install/robot_interfaces/share/robot_interfaces/cmake/robot_interfaces__rosidl_typesupport_introspection_cppExport.cmake
[15.945s] -- Up-to-date: /home/dash/Desktop/ros_ws/install/robot_interfaces/share/robot_interfaces/cmake/robot_interfaces__rosidl_typesupport_introspection_cppExport-noconfig.cmake
[15.945s] -- Up-to-date: /home/dash/Desktop/ros_ws/install/robot_interfaces/share/robot_interfaces/cmake/robot_interfaces__rosidl_typesupport_cppExport.cmake
[15.946s] -- Up-to-date: /home/dash/Desktop/ros_ws/install/robot_interfaces/share/robot_interfaces/cmake/robot_interfaces__rosidl_typesupport_cppExport-noconfig.cmake
[15.946s] -- Up-to-date: /home/dash/Desktop/ros_ws/install/robot_interfaces/share/robot_interfaces/cmake/export_robot_interfaces__rosidl_generator_pyExport.cmake
[15.947s] -- Up-to-date: /home/dash/Desktop/ros_ws/install/robot_interfaces/share/robot_interfaces/cmake/export_robot_interfaces__rosidl_generator_pyExport-noconfig.cmake
[15.947s] -- Up-to-date: /home/dash/Desktop/ros_ws/install/robot_interfaces/share/robot_interfaces/cmake/rosidl_cmake-extras.cmake
[15.952s] -- Up-to-date: /home/dash/Desktop/ros_ws/install/robot_interfaces/share/robot_interfaces/cmake/ament_cmake_export_include_directories-extras.cmake
[15.960s] -- Up-to-date: /home/dash/Desktop/ros_ws/install/robot_interfaces/share/robot_interfaces/cmake/ament_cmake_export_libraries-extras.cmake
[15.961s] -- Up-to-date: /home/dash/Desktop/ros_ws/install/robot_interfaces/share/robot_interfaces/cmake/ament_cmake_export_targets-extras.cmake
[15.962s] -- Up-to-date: /home/dash/Desktop/ros_ws/install/robot_interfaces/share/robot_interfaces/cmake/rosidl_cmake_export_typesupport_targets-extras.cmake
[15.962s] -- Up-to-date: /home/dash/Desktop/ros_ws/install/robot_interfaces/share/robot_interfaces/cmake/ament_cmake_export_dependencies-extras.cmake
[15.963s] -- Up-to-date: /home/dash/Desktop/ros_ws/install/robot_interfaces/share/robot_interfaces/cmake/rosidl_cmake_export_typesupport_libraries-extras.cmake
[15.980s] -- Up-to-date: /home/dash/Desktop/ros_ws/install/robot_interfaces/share/robot_interfaces/cmake/robot_interfacesConfig.cmake
[15.982s] -- Up-to-date: /home/dash/Desktop/ros_ws/install/robot_interfaces/share/robot_interfaces/cmake/robot_interfacesConfig-version.cmake
[15.983s] -- Up-to-date: /home/dash/Desktop/ros_ws/install/robot_interfaces/share/robot_interfaces/package.xml
[15.999s] Invoked command in '/home/dash/Desktop/ros_ws/build/robot_interfaces' returned '0': CMAKE_PREFIX_PATH=${CMAKE_PREFIX_PATH}:/home/dash/Desktop/ros_ws/install/user_interface:/home/dash/Desktop/ros_ws/install/nlp_subsystem:/home/dash/Desktop/ros_ws/install/cv_subsystem:/home/dash/Desktop/ros_ws/install/controller:/opt/ros/humble /usr/bin/cmake --install /home/dash/Desktop/ros_ws/build/robot_interfaces
