[11.134s] Invoking command in '/home/dash/Desktop/ros_ws/src/controller': PYTHONPATH=/home/dash/Desktop/ros_ws/build/controller/prefix_override:/home/dash/Desktop/ros_ws/install/controller/lib/python3.10/site-packages:${PYTHONPATH} /usr/bin/python3 -W ignore:setup.py install is deprecated setup.py egg_info --egg-base ../../build/controller build --build-base /home/dash/Desktop/ros_ws/build/controller/build install --record /home/dash/Desktop/ros_ws/build/controller/install.log --single-version-externally-managed install_data
[14.476s] running egg_info
[14.483s] writing ../../build/controller/controller.egg-info/PKG-INFO
[14.544s] writing dependency_links to ../../build/controller/controller.egg-info/dependency_links.txt
[14.548s] writing entry points to ../../build/controller/controller.egg-info/entry_points.txt
[14.548s] writing requirements to ../../build/controller/controller.egg-info/requires.txt
[14.550s] writing top-level names to ../../build/controller/controller.egg-info/top_level.txt
[14.562s] reading manifest file '../../build/controller/controller.egg-info/SOURCES.txt'
[14.604s] writing manifest file '../../build/controller/controller.egg-info/SOURCES.txt'
[14.604s] running build
[14.605s] running build_py
[14.606s] copying controller/controller.py -> /home/dash/Desktop/ros_ws/build/controller/build/lib/controller
[14.606s] running install
[14.607s] running install_lib
[14.613s] copying /home/dash/Desktop/ros_ws/build/controller/build/lib/controller/controller.py -> /home/dash/Desktop/ros_ws/install/controller/lib/python3.10/site-packages/controller
[14.620s] byte-compiling /home/dash/Desktop/ros_ws/install/controller/lib/python3.10/site-packages/controller/controller.py to controller.cpython-310.pyc
[14.633s] running install_data
[14.637s] running install_egg_info
[14.655s] removing '/home/dash/Desktop/ros_ws/install/controller/lib/python3.10/site-packages/controller-0.0.0-py3.10.egg-info' (and everything under it)
[14.669s] Copying ../../build/controller/controller.egg-info to /home/dash/Desktop/ros_ws/install/controller/lib/python3.10/site-packages/controller-0.0.0-py3.10.egg-info
[14.969s] running install_scripts
[15.047s] Installing app_control script to /home/dash/Desktop/ros_ws/install/controller/lib/controller
[15.048s] Installing controller script to /home/dash/Desktop/ros_ws/install/controller/lib/controller
[15.050s] Installing handshake script to /home/dash/Desktop/ros_ws/install/controller/lib/controller
[15.051s] Installing robot_status script to /home/dash/Desktop/ros_ws/install/controller/lib/controller
[15.052s] Installing settings_handler script to /home/dash/Desktop/ros_ws/install/controller/lib/controller
[15.053s] writing list of installed files to '/home/dash/Desktop/ros_ws/build/controller/install.log'
[15.207s] Invoked command in '/home/dash/Desktop/ros_ws/src/controller' returned '0': PYTHONPATH=/home/dash/Desktop/ros_ws/build/controller/prefix_override:/home/dash/Desktop/ros_ws/install/controller/lib/python3.10/site-packages:${PYTHONPATH} /usr/bin/python3 -W ignore:setup.py install is deprecated setup.py egg_info --egg-base ../../build/controller build --build-base /home/dash/Desktop/ros_ws/build/controller/build install --record /home/dash/Desktop/ros_ws/build/controller/install.log --single-version-externally-managed install_data
