[10.685s] Invoking command in '/home/dash/Desktop/ros_ws/src/controller': PYTHONPATH=/home/dash/Desktop/ros_ws/build/controller/prefix_override:/home/dash/Desktop/ros_ws/install/controller/lib/python3.10/site-packages:${PYTHONPATH} /usr/bin/python3 -W ignore:setup.py install is deprecated setup.py egg_info --egg-base ../../build/controller build --build-base /home/dash/Desktop/ros_ws/build/controller/build install --record /home/dash/Desktop/ros_ws/build/controller/install.log --single-version-externally-managed install_data
[14.015s] running egg_info
[14.018s] writing ../../build/controller/controller.egg-info/PKG-INFO
[14.019s] writing dependency_links to ../../build/controller/controller.egg-info/dependency_links.txt
[14.020s] writing entry points to ../../build/controller/controller.egg-info/entry_points.txt
[14.021s] writing requirements to ../../build/controller/controller.egg-info/requires.txt
[14.022s] writing top-level names to ../../build/controller/controller.egg-info/top_level.txt
[14.034s] reading manifest file '../../build/controller/controller.egg-info/SOURCES.txt'
[14.038s] writing manifest file '../../build/controller/controller.egg-info/SOURCES.txt'
[14.040s] running build
[14.040s] running build_py
[14.042s] running install
[14.044s] running install_lib
[14.065s] running install_data
[14.076s] running install_egg_info
[14.077s] removing '/home/dash/Desktop/ros_ws/install/controller/lib/python3.10/site-packages/controller-0.0.0-py3.10.egg-info' (and everything under it)
[14.091s] Copying ../../build/controller/controller.egg-info to /home/dash/Desktop/ros_ws/install/controller/lib/python3.10/site-packages/controller-0.0.0-py3.10.egg-info
[14.092s] running install_scripts
[14.209s] Installing app_control script to /home/dash/Desktop/ros_ws/install/controller/lib/controller
[14.211s] Installing handshake script to /home/dash/Desktop/ros_ws/install/controller/lib/controller
[14.225s] Installing robot_status script to /home/dash/Desktop/ros_ws/install/controller/lib/controller
[14.262s] writing list of installed files to '/home/dash/Desktop/ros_ws/build/controller/install.log'
