[10.659s] Invoking command in '/home/dash/Desktop/ros_ws/src/controller': PYTHONPATH=/home/dash/Desktop/ros_ws/build/controller/prefix_override:/home/dash/Desktop/ros_ws/install/controller/lib/python3.10/site-packages:${PYTHONPATH} /usr/bin/python3 -W ignore:setup.py install is deprecated setup.py egg_info --egg-base ../../build/controller build --build-base /home/dash/Desktop/ros_ws/build/controller/build install --record /home/dash/Desktop/ros_ws/build/controller/install.log --single-version-externally-managed install_data
[13.687s] running egg_info
[13.692s] writing ../../build/controller/controller.egg-info/PKG-INFO
[13.696s] writing dependency_links to ../../build/controller/controller.egg-info/dependency_links.txt
[13.700s] writing entry points to ../../build/controller/controller.egg-info/entry_points.txt
[13.703s] writing requirements to ../../build/controller/controller.egg-info/requires.txt
[13.707s] writing top-level names to ../../build/controller/controller.egg-info/top_level.txt
[13.714s] reading manifest file '../../build/controller/controller.egg-info/SOURCES.txt'
[13.775s] writing manifest file '../../build/controller/controller.egg-info/SOURCES.txt'
[13.892s] running build
[13.894s] running build_py
[13.895s] running install
[13.896s] running install_lib
[13.907s] running install_data
[13.909s] running install_egg_info
[13.910s] removing '/home/dash/Desktop/ros_ws/install/controller/lib/python3.10/site-packages/controller-0.0.0-py3.10.egg-info' (and everything under it)
[13.928s] Copying ../../build/controller/controller.egg-info to /home/dash/Desktop/ros_ws/install/controller/lib/python3.10/site-packages/controller-0.0.0-py3.10.egg-info
[13.935s] running install_scripts
[14.081s] Installing app_control script to /home/dash/Desktop/ros_ws/install/controller/lib/controller
[14.082s] Installing handshake script to /home/dash/Desktop/ros_ws/install/controller/lib/controller
[14.083s] Installing robot_status script to /home/dash/Desktop/ros_ws/install/controller/lib/controller
[14.083s] writing list of installed files to '/home/dash/Desktop/ros_ws/build/controller/install.log'
[14.403s] Invoked command in '/home/dash/Desktop/ros_ws/src/controller' returned '0': PYTHONPATH=/home/dash/Desktop/ros_ws/build/controller/prefix_override:/home/dash/Desktop/ros_ws/install/controller/lib/python3.10/site-packages:${PYTHONPATH} /usr/bin/python3 -W ignore:setup.py install is deprecated setup.py egg_info --egg-base ../../build/controller build --build-base /home/dash/Desktop/ros_ws/build/controller/build install --record /home/dash/Desktop/ros_ws/build/controller/install.log --single-version-externally-managed install_data
