[9.948s] Invoking command in '/home/dash/Desktop/ros_ws/src/cv_subsystem': PYTHONPATH=/home/dash/Desktop/ros_ws/build/cv_subsystem/prefix_override:/home/dash/Desktop/ros_ws/install/cv_subsystem/lib/python3.10/site-packages:${PYTHONPATH} /usr/bin/python3 -W ignore:setup.py install is deprecated setup.py egg_info --egg-base ../../build/cv_subsystem build --build-base /home/dash/Desktop/ros_ws/build/cv_subsystem/build install --record /home/dash/Desktop/ros_ws/build/cv_subsystem/install.log --single-version-externally-managed install_data
[12.861s] running egg_info
[12.871s] writing ../../build/cv_subsystem/cv_subsystem.egg-info/PKG-INFO
[12.878s] writing dependency_links to ../../build/cv_subsystem/cv_subsystem.egg-info/dependency_links.txt
[12.887s] writing entry points to ../../build/cv_subsystem/cv_subsystem.egg-info/entry_points.txt
[12.894s] writing requirements to ../../build/cv_subsystem/cv_subsystem.egg-info/requires.txt
[12.901s] writing top-level names to ../../build/cv_subsystem/cv_subsystem.egg-info/top_level.txt
[12.934s] reading manifest file '../../build/cv_subsystem/cv_subsystem.egg-info/SOURCES.txt'
[12.948s] writing manifest file '../../build/cv_subsystem/cv_subsystem.egg-info/SOURCES.txt'
[12.954s] running build
[12.958s] running build_py
[12.964s] copying cv_subsystem/capture_handler.py -> /home/dash/Desktop/ros_ws/build/cv_subsystem/build/lib/cv_subsystem
[12.991s] running install
[13.029s] running install_lib
[13.045s] copying /home/dash/Desktop/ros_ws/build/cv_subsystem/build/lib/cv_subsystem/capture_handler.py -> /home/dash/Desktop/ros_ws/install/cv_subsystem/lib/python3.10/site-packages/cv_subsystem
[13.064s] byte-compiling /home/dash/Desktop/ros_ws/install/cv_subsystem/lib/python3.10/site-packages/cv_subsystem/capture_handler.py to capture_handler.cpython-310.pyc
[13.080s] running install_data
[13.086s] running install_egg_info
[13.131s] removing '/home/dash/Desktop/ros_ws/install/cv_subsystem/lib/python3.10/site-packages/cv_subsystem-0.0.0-py3.10.egg-info' (and everything under it)
[13.191s] Copying ../../build/cv_subsystem/cv_subsystem.egg-info to /home/dash/Desktop/ros_ws/install/cv_subsystem/lib/python3.10/site-packages/cv_subsystem-0.0.0-py3.10.egg-info
[13.306s] running install_scripts
[13.589s] Installing capture_handler script to /home/dash/Desktop/ros_ws/install/cv_subsystem/lib/cv_subsystem
[13.591s] Installing gesture_recognizer script to /home/dash/Desktop/ros_ws/install/cv_subsystem/lib/cv_subsystem
[13.592s] Installing picam_publisher script to /home/dash/Desktop/ros_ws/install/cv_subsystem/lib/cv_subsystem
[13.608s] writing list of installed files to '/home/dash/Desktop/ros_ws/build/cv_subsystem/install.log'
[13.931s] Invoked command in '/home/dash/Desktop/ros_ws/src/cv_subsystem' returned '0': PYTHONPATH=/home/dash/Desktop/ros_ws/build/cv_subsystem/prefix_override:/home/dash/Desktop/ros_ws/install/cv_subsystem/lib/python3.10/site-packages:${PYTHONPATH} /usr/bin/python3 -W ignore:setup.py install is deprecated setup.py egg_info --egg-base ../../build/cv_subsystem build --build-base /home/dash/Desktop/ros_ws/build/cv_subsystem/build install --record /home/dash/Desktop/ros_ws/build/cv_subsystem/install.log --single-version-externally-managed install_data
