[13.072s] Invoking command in '/home/dash/Desktop/ros_ws/src/controller': PYTHONPATH=/home/dash/Desktop/ros_ws/build/controller/prefix_override:/home/dash/Desktop/ros_ws/install/controller/lib/python3.10/site-packages:${PYTHONPATH} /usr/bin/python3 -W ignore:setup.py install is deprecated setup.py egg_info --egg-base ../../build/controller build --build-base /home/dash/Desktop/ros_ws/build/controller/build install --record /home/dash/Desktop/ros_ws/build/controller/install.log --single-version-externally-managed install_data
[16.106s] running egg_info
[16.116s] writing ../../build/controller/controller.egg-info/PKG-INFO
[16.125s] writing dependency_links to ../../build/controller/controller.egg-info/dependency_links.txt
[16.156s] writing entry points to ../../build/controller/controller.egg-info/entry_points.txt
[16.158s] writing requirements to ../../build/controller/controller.egg-info/requires.txt
[16.161s] writing top-level names to ../../build/controller/controller.egg-info/top_level.txt
[16.204s] reading manifest file '../../build/controller/controller.egg-info/SOURCES.txt'
[16.418s] writing manifest file '../../build/controller/controller.egg-info/SOURCES.txt'
[16.420s] running build
[16.421s] running build_py
[16.421s] running install
[16.423s] running install_lib
[16.483s] running install_data
[16.513s] running install_egg_info
[16.514s] removing '/home/dash/Desktop/ros_ws/install/controller/lib/python3.10/site-packages/controller-0.0.0-py3.10.egg-info' (and everything under it)
[16.515s] Copying ../../build/controller/controller.egg-info to /home/dash/Desktop/ros_ws/install/controller/lib/python3.10/site-packages/controller-0.0.0-py3.10.egg-info
[16.586s] running install_scripts
[16.904s] Installing app_control script to /home/dash/Desktop/ros_ws/install/controller/lib/controller
[16.904s] Installing handshake script to /home/dash/Desktop/ros_ws/install/controller/lib/controller
[16.906s] Installing robot_status script to /home/dash/Desktop/ros_ws/install/controller/lib/controller
[16.907s] writing list of installed files to '/home/dash/Desktop/ros_ws/build/controller/install.log'
[18.977s] Invoked command in '/home/dash/Desktop/ros_ws/src/controller' returned '0': PYTHONPATH=/home/dash/Desktop/ros_ws/build/controller/prefix_override:/home/dash/Desktop/ros_ws/install/controller/lib/python3.10/site-packages:${PYTHONPATH} /usr/bin/python3 -W ignore:setup.py install is deprecated setup.py egg_info --egg-base ../../build/controller build --build-base /home/dash/Desktop/ros_ws/build/controller/build install --record /home/dash/Desktop/ros_ws/build/controller/install.log --single-version-externally-managed install_data
