[4.831s] Invoking command in '/home/dash/Desktop/ros_ws/src/user_interface': PYTHONPATH=/home/dash/Desktop/ros_ws/build/user_interface/prefix_override:/home/dash/Desktop/ros_ws/install/user_interface/lib/python3.10/site-packages:${PYTHONPATH} /usr/bin/python3 -W ignore:setup.py install is deprecated setup.py egg_info --egg-base ../../build/user_interface build --build-base /home/dash/Desktop/ros_ws/build/user_interface/build install --record /home/dash/Desktop/ros_ws/build/user_interface/install.log --single-version-externally-managed install_data
[6.481s] running egg_info
[6.484s] writing ../../build/user_interface/user_interface.egg-info/PKG-INFO
[6.485s] writing dependency_links to ../../build/user_interface/user_interface.egg-info/dependency_links.txt
[6.486s] writing entry points to ../../build/user_interface/user_interface.egg-info/entry_points.txt
[6.487s] writing requirements to ../../build/user_interface/user_interface.egg-info/requires.txt
[6.488s] writing top-level names to ../../build/user_interface/user_interface.egg-info/top_level.txt
[6.500s] reading manifest file '../../build/user_interface/user_interface.egg-info/SOURCES.txt'
[6.506s] writing manifest file '../../build/user_interface/user_interface.egg-info/SOURCES.txt'
[6.508s] running build
[6.509s] running build_py
[6.509s] copying user_interface/flask_ui_server.py -> /home/dash/Desktop/ros_ws/build/user_interface/build/lib/user_interface
[6.510s] running install
[6.512s] running install_lib
[6.517s] copying /home/dash/Desktop/ros_ws/build/user_interface/build/lib/user_interface/flask_ui_server.py -> /home/dash/Desktop/ros_ws/install/user_interface/lib/python3.10/site-packages/user_interface
[6.521s] byte-compiling /home/dash/Desktop/ros_ws/install/user_interface/lib/python3.10/site-packages/user_interface/flask_ui_server.py to flask_ui_server.cpython-310.pyc
[6.525s] running install_data
[6.526s] running install_egg_info
[6.534s] removing '/home/dash/Desktop/ros_ws/install/user_interface/lib/python3.10/site-packages/user_interface-0.0.0-py3.10.egg-info' (and everything under it)
[6.536s] Copying ../../build/user_interface/user_interface.egg-info to /home/dash/Desktop/ros_ws/install/user_interface/lib/python3.10/site-packages/user_interface-0.0.0-py3.10.egg-info
[6.543s] running install_scripts
[6.646s] Installing flask_user_interface script to /home/dash/Desktop/ros_ws/install/user_interface/lib/user_interface
[6.647s] Installing user_interface script to /home/dash/Desktop/ros_ws/install/user_interface/lib/user_interface
[6.649s] writing list of installed files to '/home/dash/Desktop/ros_ws/build/user_interface/install.log'
[6.800s] Invoked command in '/home/dash/Desktop/ros_ws/src/user_interface' returned '0': PYTHONPATH=/home/dash/Desktop/ros_ws/build/user_interface/prefix_override:/home/dash/Desktop/ros_ws/install/user_interface/lib/python3.10/site-packages:${PYTHONPATH} /usr/bin/python3 -W ignore:setup.py install is deprecated setup.py egg_info --egg-base ../../build/user_interface build --build-base /home/dash/Desktop/ros_ws/build/user_interface/build install --record /home/dash/Desktop/ros_ws/build/user_interface/install.log --single-version-externally-managed install_data
