[6.937s] Invoking command in '/home/dash/Desktop/ros_ws/src/controller': PYTHONPATH=/home/dash/Desktop/ros_ws/build/controller/prefix_override:/home/dash/Desktop/ros_ws/install/controller/lib/python3.10/site-packages:${PYTHONPATH} /usr/bin/python3 -W ignore:setup.py install is deprecated setup.py egg_info --egg-base ../../build/controller build --build-base /home/dash/Desktop/ros_ws/build/controller/build install --record /home/dash/Desktop/ros_ws/build/controller/install.log --single-version-externally-managed install_data
[9.352s] running egg_info
[9.356s] creating ../../build/controller/controller.egg-info
[9.360s] writing ../../build/controller/controller.egg-info/PKG-INFO
[9.376s] writing dependency_links to ../../build/controller/controller.egg-info/dependency_links.txt
[9.381s] writing entry points to ../../build/controller/controller.egg-info/entry_points.txt
[9.385s] writing requirements to ../../build/controller/controller.egg-info/requires.txt
[9.388s] writing top-level names to ../../build/controller/controller.egg-info/top_level.txt
[9.394s] writing manifest file '../../build/controller/controller.egg-info/SOURCES.txt'
[9.434s] reading manifest file '../../build/controller/controller.egg-info/SOURCES.txt'
[9.464s] writing manifest file '../../build/controller/controller.egg-info/SOURCES.txt'
[9.508s] running build
[9.509s] running build_py
[9.510s] creating /home/dash/Desktop/ros_ws/build/controller/build
[9.510s] creating /home/dash/Desktop/ros_ws/build/controller/build/lib
[9.512s] creating /home/dash/Desktop/ros_ws/build/controller/build/lib/controller
[9.529s] copying controller/handshake.py -> /home/dash/Desktop/ros_ws/build/controller/build/lib/controller
[9.529s] copying controller/robot_status.py -> /home/dash/Desktop/ros_ws/build/controller/build/lib/controller
[9.530s] copying controller/app_control.py -> /home/dash/Desktop/ros_ws/build/controller/build/lib/controller
[9.531s] copying controller/__init__.py -> /home/dash/Desktop/ros_ws/build/controller/build/lib/controller
[9.574s] running install
[9.574s] running install_lib
[9.575s] creating /home/dash/Desktop/ros_ws/install/controller/lib/python3.10/site-packages/controller
[9.585s] copying /home/dash/Desktop/ros_ws/build/controller/build/lib/controller/handshake.py -> /home/dash/Desktop/ros_ws/install/controller/lib/python3.10/site-packages/controller
[9.585s] copying /home/dash/Desktop/ros_ws/build/controller/build/lib/controller/robot_status.py -> /home/dash/Desktop/ros_ws/install/controller/lib/python3.10/site-packages/controller
[9.587s] copying /home/dash/Desktop/ros_ws/build/controller/build/lib/controller/app_control.py -> /home/dash/Desktop/ros_ws/install/controller/lib/python3.10/site-packages/controller
[9.588s] copying /home/dash/Desktop/ros_ws/build/controller/build/lib/controller/__init__.py -> /home/dash/Desktop/ros_ws/install/controller/lib/python3.10/site-packages/controller
[9.609s] byte-compiling /home/dash/Desktop/ros_ws/install/controller/lib/python3.10/site-packages/controller/handshake.py to handshake.cpython-310.pyc
[9.636s] byte-compiling /home/dash/Desktop/ros_ws/install/controller/lib/python3.10/site-packages/controller/robot_status.py to robot_status.cpython-310.pyc
[9.637s] byte-compiling /home/dash/Desktop/ros_ws/install/controller/lib/python3.10/site-packages/controller/app_control.py to app_control.cpython-310.pyc
[9.637s] byte-compiling /home/dash/Desktop/ros_ws/install/controller/lib/python3.10/site-packages/controller/__init__.py to __init__.cpython-310.pyc
[9.638s] running install_data
[9.639s] creating /home/dash/Desktop/ros_ws/install/controller/share/ament_index
[9.639s] creating /home/dash/Desktop/ros_ws/install/controller/share/ament_index/resource_index
[9.640s] creating /home/dash/Desktop/ros_ws/install/controller/share/ament_index/resource_index/packages
[9.653s] copying resource/controller -> /home/dash/Desktop/ros_ws/install/controller/share/ament_index/resource_index/packages
[9.654s] copying package.xml -> /home/dash/Desktop/ros_ws/install/controller/share/controller
[9.654s] running install_egg_info
[9.659s] Copying ../../build/controller/controller.egg-info to /home/dash/Desktop/ros_ws/install/controller/lib/python3.10/site-packages/controller-0.0.0-py3.10.egg-info
[9.669s] running install_scripts
[9.786s] Installing app_control script to /home/dash/Desktop/ros_ws/install/controller/lib/controller
[9.788s] Installing handshake script to /home/dash/Desktop/ros_ws/install/controller/lib/controller
[9.790s] Installing robot_status script to /home/dash/Desktop/ros_ws/install/controller/lib/controller
[9.792s] writing list of installed files to '/home/dash/Desktop/ros_ws/build/controller/install.log'
[10.046s] Invoked command in '/home/dash/Desktop/ros_ws/src/controller' returned '0': PYTHONPATH=/home/dash/Desktop/ros_ws/build/controller/prefix_override:/home/dash/Desktop/ros_ws/install/controller/lib/python3.10/site-packages:${PYTHONPATH} /usr/bin/python3 -W ignore:setup.py install is deprecated setup.py egg_info --egg-base ../../build/controller build --build-base /home/dash/Desktop/ros_ws/build/controller/build install --record /home/dash/Desktop/ros_ws/build/controller/install.log --single-version-externally-managed install_data
