[10.307s] Invoking command in '/home/dash/Desktop/ros_ws/src/cv_subsystem': PYTHONPATH=/home/dash/Desktop/ros_ws/build/cv_subsystem/prefix_override:/home/dash/Desktop/ros_ws/install/cv_subsystem/lib/python3.10/site-packages:${PYTHONPATH} /usr/bin/python3 -W ignore:setup.py install is deprecated setup.py egg_info --egg-base ../../build/cv_subsystem build --build-base /home/dash/Desktop/ros_ws/build/cv_subsystem/build install --record /home/dash/Desktop/ros_ws/build/cv_subsystem/install.log --single-version-externally-managed install_data
[13.056s] running egg_info
[13.073s] writing ../../build/cv_subsystem/cv_subsystem.egg-info/PKG-INFO
[13.074s] writing dependency_links to ../../build/cv_subsystem/cv_subsystem.egg-info/dependency_links.txt
[13.075s] writing entry points to ../../build/cv_subsystem/cv_subsystem.egg-info/entry_points.txt
[13.076s] writing requirements to ../../build/cv_subsystem/cv_subsystem.egg-info/requires.txt
[13.076s] writing top-level names to ../../build/cv_subsystem/cv_subsystem.egg-info/top_level.txt
[13.078s] reading manifest file '../../build/cv_subsystem/cv_subsystem.egg-info/SOURCES.txt'
[13.082s] writing manifest file '../../build/cv_subsystem/cv_subsystem.egg-info/SOURCES.txt'
[13.083s] running build
[13.084s] running build_py
[13.085s] running install
[13.087s] running install_lib
[13.147s] running install_data
[13.148s] running install_egg_info
[13.149s] removing '/home/dash/Desktop/ros_ws/install/cv_subsystem/lib/python3.10/site-packages/cv_subsystem-0.0.0-py3.10.egg-info' (and everything under it)
[13.149s] Copying ../../build/cv_subsystem/cv_subsystem.egg-info to /home/dash/Desktop/ros_ws/install/cv_subsystem/lib/python3.10/site-packages/cv_subsystem-0.0.0-py3.10.egg-info
[13.150s] running install_scripts
[13.254s] Installing gesture_recognizer script to /home/dash/Desktop/ros_ws/install/cv_subsystem/lib/cv_subsystem
[13.260s] writing list of installed files to '/home/dash/Desktop/ros_ws/build/cv_subsystem/install.log'
