[10.249s] Invoking command in '/home/dash/Desktop/ros_ws/src/user_interface': PYTHONPATH=/home/dash/Desktop/ros_ws/build/user_interface/prefix_override:/home/dash/Desktop/ros_ws/install/user_interface/lib/python3.10/site-packages:${PYTHONPATH} /usr/bin/python3 -W ignore:setup.py install is deprecated setup.py egg_info --egg-base ../../build/user_interface build --build-base /home/dash/Desktop/ros_ws/build/user_interface/build install --record /home/dash/Desktop/ros_ws/build/user_interface/install.log --single-version-externally-managed install_data
[12.643s] running egg_info
[12.645s] writing ../../build/user_interface/user_interface.egg-info/PKG-INFO
[12.647s] writing dependency_links to ../../build/user_interface/user_interface.egg-info/dependency_links.txt
[12.649s] writing entry points to ../../build/user_interface/user_interface.egg-info/entry_points.txt
[12.650s] writing requirements to ../../build/user_interface/user_interface.egg-info/requires.txt
[12.652s] writing top-level names to ../../build/user_interface/user_interface.egg-info/top_level.txt
[12.666s] reading manifest file '../../build/user_interface/user_interface.egg-info/SOURCES.txt'
[12.673s] writing manifest file '../../build/user_interface/user_interface.egg-info/SOURCES.txt'
[12.674s] running build
[12.675s] running build_py
[12.676s] running install
[12.678s] running install_lib
[12.699s] running install_data
[12.702s] running install_egg_info
[12.721s] removing '/home/dash/Desktop/ros_ws/install/user_interface/lib/python3.10/site-packages/user_interface-0.0.0-py3.10.egg-info' (and everything under it)
[12.730s] Copying ../../build/user_interface/user_interface.egg-info to /home/dash/Desktop/ros_ws/install/user_interface/lib/python3.10/site-packages/user_interface-0.0.0-py3.10.egg-info
[12.755s] running install_scripts
[12.983s] Installing flask_user_interface script to /home/dash/Desktop/ros_ws/install/user_interface/lib/user_interface
[12.985s] Installing user_interface script to /home/dash/Desktop/ros_ws/install/user_interface/lib/user_interface
[13.004s] writing list of installed files to '/home/dash/Desktop/ros_ws/build/user_interface/install.log'
[13.276s] Invoked command in '/home/dash/Desktop/ros_ws/src/user_interface' returned '0': PYTHONPATH=/home/dash/Desktop/ros_ws/build/user_interface/prefix_override:/home/dash/Desktop/ros_ws/install/user_interface/lib/python3.10/site-packages:${PYTHONPATH} /usr/bin/python3 -W ignore:setup.py install is deprecated setup.py egg_info --egg-base ../../build/user_interface build --build-base /home/dash/Desktop/ros_ws/build/user_interface/build install --record /home/dash/Desktop/ros_ws/build/user_interface/install.log --single-version-externally-managed install_data
