[0.804s] DEBUG:colcon:Command line arguments: ['/usr/bin/colcon', 'build', '--packages-select', 'cv_subsystem']
[0.804s] DEBUG:colcon:Parsed command line arguments: Namespace(log_base=None, log_level=None, verb_name='build', build_base='build', install_base='install', merge_install=False, symlink_install=False, test_result_base=None, continue_on_error=False, executor='parallel', parallel_workers=4, event_handlers=None, ignore_user_meta=False, metas=['./colcon.meta'], base_paths=['.'], packages_ignore=None, packages_ignore_regex=None, paths=None, packages_up_to=None, packages_up_to_regex=None, packages_above=None, packages_above_and_dependencies=None, packages_above_depth=None, packages_select_by_dep=None, packages_skip_by_dep=None, packages_skip_up_to=None, packages_select_build_failed=False, packages_skip_build_finished=False, packages_select_test_failures=False, packages_skip_test_passed=False, packages_select=['cv_subsystem'], packages_skip=None, packages_select_regex=None, packages_skip_regex=None, packages_start=None, packages_end=None, allow_overriding=[], cmake_args=None, cmake_target=None, cmake_target_skip_unavailable=False, cmake_clean_cache=False, cmake_clean_first=False, cmake_force_configure=False, ament_cmake_args=None, catkin_cmake_args=None, catkin_skip_building_tests=False, verb_parser=<colcon_defaults.argument_parser.defaults.DefaultArgumentsDecorator object at 0xffffa3651150>, verb_extension=<colcon_core.verb.build.BuildVerb object at 0xffffa3a09030>, main=<bound method BuildVerb.main of <colcon_core.verb.build.BuildVerb object at 0xffffa3a09030>>)
[2.828s] Level 1:colcon.colcon_core.package_discovery:discover_packages(colcon_meta) check parameters
[2.829s] Level 1:colcon.colcon_core.package_discovery:discover_packages(recursive) check parameters
[2.830s] Level 1:colcon.colcon_core.package_discovery:discover_packages(ignore) check parameters
[2.830s] Level 1:colcon.colcon_core.package_discovery:discover_packages(path) check parameters
[2.830s] Level 1:colcon.colcon_core.package_discovery:discover_packages(colcon_meta) discover
[2.831s] Level 1:colcon.colcon_core.package_discovery:discover_packages(recursive) discover
[2.831s] INFO:colcon.colcon_core.package_discovery:Crawling recursively for packages in '/home/dash/Desktop/ros_ws'
[2.832s] Level 1:colcon.colcon_core.package_identification:_identify(.) by extensions ['ignore', 'ignore_ament_install']
[2.832s] Level 1:colcon.colcon_core.package_identification:_identify(.) by extension 'ignore'
[2.833s] Level 1:colcon.colcon_core.package_identification:_identify(.) by extension 'ignore_ament_install'
[2.834s] Level 1:colcon.colcon_core.package_identification:_identify(.) by extensions ['colcon_pkg']
[2.834s] Level 1:colcon.colcon_core.package_identification:_identify(.) by extension 'colcon_pkg'
[2.835s] Level 1:colcon.colcon_core.package_identification:_identify(.) by extensions ['colcon_meta']
[2.835s] Level 1:colcon.colcon_core.package_identification:_identify(.) by extension 'colcon_meta'
[2.835s] Level 1:colcon.colcon_core.package_identification:_identify(.) by extensions ['ros']
[2.836s] Level 1:colcon.colcon_core.package_identification:_identify(.) by extension 'ros'
[2.916s] Level 1:colcon.colcon_core.package_identification:_identify(.) by extensions ['cmake', 'python']
[2.917s] Level 1:colcon.colcon_core.package_identification:_identify(.) by extension 'cmake'
[2.917s] Level 1:colcon.colcon_core.package_identification:_identify(.) by extension 'python'
[2.918s] Level 1:colcon.colcon_core.package_identification:_identify(.) by extensions ['python_setup_py']
[2.918s] Level 1:colcon.colcon_core.package_identification:_identify(.) by extension 'python_setup_py'
[2.919s] Level 1:colcon.colcon_core.package_identification:_identify(build) by extensions ['ignore', 'ignore_ament_install']
[2.920s] Level 1:colcon.colcon_core.package_identification:_identify(build) by extension 'ignore'
[2.920s] Level 1:colcon.colcon_core.package_identification:_identify(build) ignored
[2.921s] Level 1:colcon.colcon_core.package_identification:_identify(install) by extensions ['ignore', 'ignore_ament_install']
[2.922s] Level 1:colcon.colcon_core.package_identification:_identify(install) by extension 'ignore'
[2.922s] Level 1:colcon.colcon_core.package_identification:_identify(install) ignored
[2.923s] Level 1:colcon.colcon_core.package_identification:_identify(log) by extensions ['ignore', 'ignore_ament_install']
[2.924s] Level 1:colcon.colcon_core.package_identification:_identify(log) by extension 'ignore'
[2.924s] Level 1:colcon.colcon_core.package_identification:_identify(log) ignored
[2.925s] Level 1:colcon.colcon_core.package_identification:_identify(src) by extensions ['ignore', 'ignore_ament_install']
[2.926s] Level 1:colcon.colcon_core.package_identification:_identify(src) by extension 'ignore'
[2.926s] Level 1:colcon.colcon_core.package_identification:_identify(src) by extension 'ignore_ament_install'
[2.927s] Level 1:colcon.colcon_core.package_identification:_identify(src) by extensions ['colcon_pkg']
[2.927s] Level 1:colcon.colcon_core.package_identification:_identify(src) by extension 'colcon_pkg'
[2.928s] Level 1:colcon.colcon_core.package_identification:_identify(src) by extensions ['colcon_meta']
[2.928s] Level 1:colcon.colcon_core.package_identification:_identify(src) by extension 'colcon_meta'
[2.928s] Level 1:colcon.colcon_core.package_identification:_identify(src) by extensions ['ros']
[2.929s] Level 1:colcon.colcon_core.package_identification:_identify(src) by extension 'ros'
[2.929s] Level 1:colcon.colcon_core.package_identification:_identify(src) by extensions ['cmake', 'python']
[2.930s] Level 1:colcon.colcon_core.package_identification:_identify(src) by extension 'cmake'
[2.930s] Level 1:colcon.colcon_core.package_identification:_identify(src) by extension 'python'
[2.931s] Level 1:colcon.colcon_core.package_identification:_identify(src) by extensions ['python_setup_py']
[2.931s] Level 1:colcon.colcon_core.package_identification:_identify(src) by extension 'python_setup_py'
[2.932s] Level 1:colcon.colcon_core.package_identification:_identify(src/controller) by extensions ['ignore', 'ignore_ament_install']
[2.932s] Level 1:colcon.colcon_core.package_identification:_identify(src/controller) by extension 'ignore'
[2.933s] Level 1:colcon.colcon_core.package_identification:_identify(src/controller) by extension 'ignore_ament_install'
[2.933s] Level 1:colcon.colcon_core.package_identification:_identify(src/controller) by extensions ['colcon_pkg']
[2.934s] Level 1:colcon.colcon_core.package_identification:_identify(src/controller) by extension 'colcon_pkg'
[2.934s] Level 1:colcon.colcon_core.package_identification:_identify(src/controller) by extensions ['colcon_meta']
[2.935s] Level 1:colcon.colcon_core.package_identification:_identify(src/controller) by extension 'colcon_meta'
[2.935s] Level 1:colcon.colcon_core.package_identification:_identify(src/controller) by extensions ['ros']
[2.935s] Level 1:colcon.colcon_core.package_identification:_identify(src/controller) by extension 'ros'
[2.956s] DEBUG:colcon.colcon_core.package_identification:Package 'src/controller' with type 'ros.ament_python' and name 'controller'
[2.957s] Level 1:colcon.colcon_core.package_identification:_identify(src/cv_subsystem) by extensions ['ignore', 'ignore_ament_install']
[2.958s] Level 1:colcon.colcon_core.package_identification:_identify(src/cv_subsystem) by extension 'ignore'
[2.958s] Level 1:colcon.colcon_core.package_identification:_identify(src/cv_subsystem) by extension 'ignore_ament_install'
[2.959s] Level 1:colcon.colcon_core.package_identification:_identify(src/cv_subsystem) by extensions ['colcon_pkg']
[2.959s] Level 1:colcon.colcon_core.package_identification:_identify(src/cv_subsystem) by extension 'colcon_pkg'
[2.960s] Level 1:colcon.colcon_core.package_identification:_identify(src/cv_subsystem) by extensions ['colcon_meta']
[2.960s] Level 1:colcon.colcon_core.package_identification:_identify(src/cv_subsystem) by extension 'colcon_meta'
[2.961s] Level 1:colcon.colcon_core.package_identification:_identify(src/cv_subsystem) by extensions ['ros']
[2.962s] Level 1:colcon.colcon_core.package_identification:_identify(src/cv_subsystem) by extension 'ros'
[2.975s] DEBUG:colcon.colcon_core.package_identification:Package 'src/cv_subsystem' with type 'ros.ament_python' and name 'cv_subsystem'
[2.976s] Level 1:colcon.colcon_core.package_identification:_identify(src/nlp_subsystem) by extensions ['ignore', 'ignore_ament_install']
[2.977s] Level 1:colcon.colcon_core.package_identification:_identify(src/nlp_subsystem) by extension 'ignore'
[2.977s] Level 1:colcon.colcon_core.package_identification:_identify(src/nlp_subsystem) by extension 'ignore_ament_install'
[2.977s] Level 1:colcon.colcon_core.package_identification:_identify(src/nlp_subsystem) by extensions ['colcon_pkg']
[2.978s] Level 1:colcon.colcon_core.package_identification:_identify(src/nlp_subsystem) by extension 'colcon_pkg'
[2.978s] Level 1:colcon.colcon_core.package_identification:_identify(src/nlp_subsystem) by extensions ['colcon_meta']
[2.978s] Level 1:colcon.colcon_core.package_identification:_identify(src/nlp_subsystem) by extension 'colcon_meta'
[2.979s] Level 1:colcon.colcon_core.package_identification:_identify(src/nlp_subsystem) by extensions ['ros']
[2.979s] Level 1:colcon.colcon_core.package_identification:_identify(src/nlp_subsystem) by extension 'ros'
[2.983s] DEBUG:colcon.colcon_core.package_identification:Package 'src/nlp_subsystem' with type 'ros.ament_python' and name 'nlp_subsystem'
[2.984s] Level 1:colcon.colcon_core.package_identification:_identify(src/robot_interfaces) by extensions ['ignore', 'ignore_ament_install']
[2.985s] Level 1:colcon.colcon_core.package_identification:_identify(src/robot_interfaces) by extension 'ignore'
[2.986s] Level 1:colcon.colcon_core.package_identification:_identify(src/robot_interfaces) by extension 'ignore_ament_install'
[2.986s] Level 1:colcon.colcon_core.package_identification:_identify(src/robot_interfaces) by extensions ['colcon_pkg']
[2.986s] Level 1:colcon.colcon_core.package_identification:_identify(src/robot_interfaces) by extension 'colcon_pkg'
[2.987s] Level 1:colcon.colcon_core.package_identification:_identify(src/robot_interfaces) by extensions ['colcon_meta']
[2.987s] Level 1:colcon.colcon_core.package_identification:_identify(src/robot_interfaces) by extension 'colcon_meta'
[2.987s] Level 1:colcon.colcon_core.package_identification:_identify(src/robot_interfaces) by extensions ['ros']
[2.987s] Level 1:colcon.colcon_core.package_identification:_identify(src/robot_interfaces) by extension 'ros'
[2.990s] DEBUG:colcon.colcon_core.package_identification:Package 'src/robot_interfaces' with type 'ros.ament_cmake' and name 'robot_interfaces'
[2.991s] Level 1:colcon.colcon_core.package_discovery:discover_packages(recursive) using defaults
[2.991s] Level 1:colcon.colcon_core.package_discovery:discover_packages(ignore) discover
[2.992s] Level 1:colcon.colcon_core.package_discovery:discover_packages(ignore) using defaults
[2.992s] Level 1:colcon.colcon_core.package_discovery:discover_packages(path) discover
[2.992s] Level 1:colcon.colcon_core.package_discovery:discover_packages(path) using defaults
[3.210s] INFO:colcon.colcon_core.package_selection:Skipping not selected package 'controller' in 'src/controller'
[3.210s] INFO:colcon.colcon_core.package_selection:Skipping not selected package 'nlp_subsystem' in 'src/nlp_subsystem'
[3.210s] INFO:colcon.colcon_core.package_selection:Skipping not selected package 'robot_interfaces' in 'src/robot_interfaces'
[3.214s] Level 1:colcon.colcon_core.package_discovery:discover_packages(prefix_path) check parameters
[3.214s] Level 1:colcon.colcon_core.package_discovery:discover_packages(prefix_path) discover
[3.241s] DEBUG:colcon.colcon_installed_package_information.package_discovery:Found 7 installed packages in /home/dash/Desktop/depthai-ros/install
[3.245s] DEBUG:colcon.colcon_installed_package_information.package_discovery:Found 4 installed packages in /home/dash/Desktop/ros_ws/install
[3.256s] DEBUG:colcon.colcon_installed_package_information.package_discovery:Found 296 installed packages in /opt/ros/humble
[3.262s] Level 1:colcon.colcon_core.package_discovery:discover_packages(prefix_path) using defaults
[3.498s] Level 5:colcon.colcon_core.verb:set package 'cv_subsystem' build argument 'cmake_args' from command line to 'None'
[3.498s] Level 5:colcon.colcon_core.verb:set package 'cv_subsystem' build argument 'cmake_target' from command line to 'None'
[3.498s] Level 5:colcon.colcon_core.verb:set package 'cv_subsystem' build argument 'cmake_target_skip_unavailable' from command line to 'False'
[3.499s] Level 5:colcon.colcon_core.verb:set package 'cv_subsystem' build argument 'cmake_clean_cache' from command line to 'False'
[3.499s] Level 5:colcon.colcon_core.verb:set package 'cv_subsystem' build argument 'cmake_clean_first' from command line to 'False'
[3.499s] Level 5:colcon.colcon_core.verb:set package 'cv_subsystem' build argument 'cmake_force_configure' from command line to 'False'
[3.500s] Level 5:colcon.colcon_core.verb:set package 'cv_subsystem' build argument 'ament_cmake_args' from command line to 'None'
[3.500s] Level 5:colcon.colcon_core.verb:set package 'cv_subsystem' build argument 'catkin_cmake_args' from command line to 'None'
[3.500s] Level 5:colcon.colcon_core.verb:set package 'cv_subsystem' build argument 'catkin_skip_building_tests' from command line to 'False'
[3.501s] DEBUG:colcon.colcon_core.verb:Building package 'cv_subsystem' with the following arguments: {'ament_cmake_args': None, 'build_base': '/home/dash/Desktop/ros_ws/build/cv_subsystem', 'catkin_cmake_args': None, 'catkin_skip_building_tests': False, 'cmake_args': None, 'cmake_clean_cache': False, 'cmake_clean_first': False, 'cmake_force_configure': False, 'cmake_target': None, 'cmake_target_skip_unavailable': False, 'install_base': '/home/dash/Desktop/ros_ws/install/cv_subsystem', 'merge_install': False, 'path': '/home/dash/Desktop/ros_ws/src/cv_subsystem', 'symlink_install': False, 'test_result_base': None}
[3.502s] INFO:colcon.colcon_core.executor:Executing jobs using 'parallel' executor
[3.507s] DEBUG:colcon.colcon_parallel_executor.executor.parallel:run_until_complete
[3.509s] INFO:colcon.colcon_ros.task.ament_python.build:Building ROS package in '/home/dash/Desktop/ros_ws/src/cv_subsystem' with build type 'ament_python'
[3.510s] Level 1:colcon.colcon_core.shell:create_environment_hook('cv_subsystem', 'ament_prefix_path')
[3.547s] INFO:colcon.colcon_core.plugin_system:Skipping extension 'colcon_core.shell.bat': Not used on non-Windows systems
[3.549s] INFO:colcon.colcon_core.shell:Creating environment hook '/home/dash/Desktop/ros_ws/install/cv_subsystem/share/cv_subsystem/hook/ament_prefix_path.ps1'
[3.556s] INFO:colcon.colcon_core.shell:Creating environment descriptor '/home/dash/Desktop/ros_ws/install/cv_subsystem/share/cv_subsystem/hook/ament_prefix_path.dsv'
[3.564s] INFO:colcon.colcon_core.shell:Creating environment hook '/home/dash/Desktop/ros_ws/install/cv_subsystem/share/cv_subsystem/hook/ament_prefix_path.sh'
[3.572s] INFO:colcon.colcon_core.shell:Skip shell extension 'powershell' for command environment: Not usable outside of PowerShell
[3.573s] DEBUG:colcon.colcon_core.shell:Skip shell extension 'dsv' for command environment
[5.774s] INFO:colcon.colcon_core.task.python.build:Building Python package in '/home/dash/Desktop/ros_ws/src/cv_subsystem'
[5.776s] INFO:colcon.colcon_core.shell:Skip shell extension 'powershell' for command environment: Not usable outside of PowerShell
[5.776s] DEBUG:colcon.colcon_core.shell:Skip shell extension 'dsv' for command environment
[8.384s] DEBUG:colcon.colcon_core.event_handler.log_command:Invoking command in '/home/dash/Desktop/ros_ws/src/cv_subsystem': PYTHONPATH=/home/dash/Desktop/ros_ws/build/cv_subsystem/prefix_override:/home/dash/Desktop/ros_ws/install/cv_subsystem/lib/python3.10/site-packages:${PYTHONPATH} /usr/bin/python3 -W ignore:setup.py install is deprecated setup.py egg_info --egg-base ../../build/cv_subsystem build --build-base /home/dash/Desktop/ros_ws/build/cv_subsystem/build install --record /home/dash/Desktop/ros_ws/build/cv_subsystem/install.log --single-version-externally-managed install_data
[10.277s] DEBUG:colcon.colcon_core.event_handler.log_command:Invoked command in '/home/dash/Desktop/ros_ws/src/cv_subsystem' returned '0': PYTHONPATH=/home/dash/Desktop/ros_ws/build/cv_subsystem/prefix_override:/home/dash/Desktop/ros_ws/install/cv_subsystem/lib/python3.10/site-packages:${PYTHONPATH} /usr/bin/python3 -W ignore:setup.py install is deprecated setup.py egg_info --egg-base ../../build/cv_subsystem build --build-base /home/dash/Desktop/ros_ws/build/cv_subsystem/build install --record /home/dash/Desktop/ros_ws/build/cv_subsystem/install.log --single-version-externally-managed install_data
[10.407s] Level 1:colcon.colcon_core.environment:checking '/home/dash/Desktop/ros_ws/install/cv_subsystem' for CMake module files
[10.426s] Level 1:colcon.colcon_core.environment:checking '/home/dash/Desktop/ros_ws/install/cv_subsystem' for CMake config files
[10.431s] Level 1:colcon.colcon_core.environment:checking '/home/dash/Desktop/ros_ws/install/cv_subsystem/lib'
[10.432s] Level 1:colcon.colcon_core.environment:checking '/home/dash/Desktop/ros_ws/install/cv_subsystem/bin'
[10.432s] Level 1:colcon.colcon_core.environment:checking '/home/dash/Desktop/ros_ws/install/cv_subsystem/lib/pkgconfig/cv_subsystem.pc'
[10.433s] Level 1:colcon.colcon_core.environment:checking '/home/dash/Desktop/ros_ws/install/cv_subsystem/lib/python3.10/site-packages'
[10.434s] Level 1:colcon.colcon_core.shell:create_environment_hook('cv_subsystem', 'pythonpath')
[10.436s] INFO:colcon.colcon_core.shell:Creating environment hook '/home/dash/Desktop/ros_ws/install/cv_subsystem/share/cv_subsystem/hook/pythonpath.ps1'
[10.439s] INFO:colcon.colcon_core.shell:Creating environment descriptor '/home/dash/Desktop/ros_ws/install/cv_subsystem/share/cv_subsystem/hook/pythonpath.dsv'
[10.441s] INFO:colcon.colcon_core.shell:Creating environment hook '/home/dash/Desktop/ros_ws/install/cv_subsystem/share/cv_subsystem/hook/pythonpath.sh'
[10.443s] Level 1:colcon.colcon_core.environment:checking '/home/dash/Desktop/ros_ws/install/cv_subsystem/bin'
[10.444s] Level 1:colcon.colcon_core.environment:create_environment_scripts_only(cv_subsystem)
[10.445s] INFO:colcon.colcon_core.shell:Creating package script '/home/dash/Desktop/ros_ws/install/cv_subsystem/share/cv_subsystem/package.ps1'
[10.553s] INFO:colcon.colcon_core.shell:Creating package descriptor '/home/dash/Desktop/ros_ws/install/cv_subsystem/share/cv_subsystem/package.dsv'
[10.681s] INFO:colcon.colcon_core.shell:Creating package script '/home/dash/Desktop/ros_ws/install/cv_subsystem/share/cv_subsystem/package.sh'
[10.699s] INFO:colcon.colcon_core.shell:Creating package script '/home/dash/Desktop/ros_ws/install/cv_subsystem/share/cv_subsystem/package.bash'
[10.739s] INFO:colcon.colcon_core.shell:Creating package script '/home/dash/Desktop/ros_ws/install/cv_subsystem/share/cv_subsystem/package.zsh'
[10.760s] Level 1:colcon.colcon_core.environment:create_file_with_runtime_dependencies(/home/dash/Desktop/ros_ws/install/cv_subsystem/share/colcon-core/packages/cv_subsystem)
[10.762s] DEBUG:colcon.colcon_parallel_executor.executor.parallel:closing loop
[10.764s] DEBUG:colcon.colcon_parallel_executor.executor.parallel:loop closed
[10.765s] DEBUG:colcon.colcon_parallel_executor.executor.parallel:run_until_complete finished with '0'
[10.766s] DEBUG:colcon.colcon_core.event_reactor:joining thread
[10.836s] INFO:colcon.colcon_core.plugin_system:Skipping extension 'colcon_notification.desktop_notification.terminal_notifier': Not used on non-Darwin systems
[10.837s] INFO:colcon.colcon_core.plugin_system:Skipping extension 'colcon_notification.desktop_notification.win32': Not used on non-Windows systems
[10.837s] INFO:colcon.colcon_notification.desktop_notification:Sending desktop notification using 'notify2'
[10.909s] DEBUG:colcon.colcon_core.event_reactor:joined thread
[10.912s] INFO:colcon.colcon_core.shell:Creating prefix script '/home/dash/Desktop/ros_ws/install/local_setup.ps1'
[10.934s] INFO:colcon.colcon_core.shell:Creating prefix util module '/home/dash/Desktop/ros_ws/install/_local_setup_util_ps1.py'
[10.991s] INFO:colcon.colcon_core.shell:Creating prefix chain script '/home/dash/Desktop/ros_ws/install/setup.ps1'
[11.027s] INFO:colcon.colcon_core.shell:Creating prefix script '/home/dash/Desktop/ros_ws/install/local_setup.sh'
[11.080s] INFO:colcon.colcon_core.shell:Creating prefix util module '/home/dash/Desktop/ros_ws/install/_local_setup_util_sh.py'
[11.085s] INFO:colcon.colcon_core.shell:Creating prefix chain script '/home/dash/Desktop/ros_ws/install/setup.sh'
[11.122s] INFO:colcon.colcon_core.shell:Creating prefix script '/home/dash/Desktop/ros_ws/install/local_setup.bash'
[11.128s] INFO:colcon.colcon_core.shell:Creating prefix chain script '/home/dash/Desktop/ros_ws/install/setup.bash'
[11.139s] INFO:colcon.colcon_core.shell:Creating prefix script '/home/dash/Desktop/ros_ws/install/local_setup.zsh'
[11.144s] INFO:colcon.colcon_core.shell:Creating prefix chain script '/home/dash/Desktop/ros_ws/install/setup.zsh'
