[9.752s] Invoking command in '/home/dash/Desktop/ros_ws/src/controller': PYTHONPATH=/home/dash/Desktop/ros_ws/build/controller/prefix_override:/home/dash/Desktop/ros_ws/install/controller/lib/python3.10/site-packages:${PYTHONPATH} /usr/bin/python3 -W ignore:setup.py install is deprecated setup.py egg_info --egg-base ../../build/controller build --build-base /home/dash/Desktop/ros_ws/build/controller/build install --record /home/dash/Desktop/ros_ws/build/controller/install.log --single-version-externally-managed install_data
[12.481s] running egg_info
[12.484s] writing ../../build/controller/controller.egg-info/PKG-INFO
[12.489s] writing dependency_links to ../../build/controller/controller.egg-info/dependency_links.txt
[12.493s] writing entry points to ../../build/controller/controller.egg-info/entry_points.txt
[12.497s] writing requirements to ../../build/controller/controller.egg-info/requires.txt
[12.506s] writing top-level names to ../../build/controller/controller.egg-info/top_level.txt
[12.509s] reading manifest file '../../build/controller/controller.egg-info/SOURCES.txt'
[12.513s] writing manifest file '../../build/controller/controller.egg-info/SOURCES.txt'
[12.527s] running build
[12.531s] running build_py
[12.547s] running install
[12.552s] running install_lib
[12.677s] running install_data
[12.695s] running install_egg_info
[12.934s] removing '/home/dash/Desktop/ros_ws/install/controller/lib/python3.10/site-packages/controller-0.0.0-py3.10.egg-info' (and everything under it)
[13.016s] Copying ../../build/controller/controller.egg-info to /home/dash/Desktop/ros_ws/install/controller/lib/python3.10/site-packages/controller-0.0.0-py3.10.egg-info
[13.071s] running install_scripts
[13.075s] Installing app_control script to /home/dash/Desktop/ros_ws/install/controller/lib/controller
[13.083s] Installing handshake script to /home/dash/Desktop/ros_ws/install/controller/lib/controller
[13.086s] Installing robot_status script to /home/dash/Desktop/ros_ws/install/controller/lib/controller
[13.089s] writing list of installed files to '/home/dash/Desktop/ros_ws/build/controller/install.log'
[13.206s] Invoked command in '/home/dash/Desktop/ros_ws/src/controller' returned '0': PYTHONPATH=/home/dash/Desktop/ros_ws/build/controller/prefix_override:/home/dash/Desktop/ros_ws/install/controller/lib/python3.10/site-packages:${PYTHONPATH} /usr/bin/python3 -W ignore:setup.py install is deprecated setup.py egg_info --egg-base ../../build/controller build --build-base /home/dash/Desktop/ros_ws/build/controller/build install --record /home/dash/Desktop/ros_ws/build/controller/install.log --single-version-externally-managed install_data
