[12.960s] Invoking command in '/home/dash/Desktop/ros_ws/src/controller': PYTHONPATH=/home/dash/Desktop/ros_ws/build/controller/prefix_override:/home/dash/Desktop/ros_ws/install/controller/lib/python3.10/site-packages:${PYTHONPATH} /usr/bin/python3 -W ignore:setup.py install is deprecated setup.py egg_info --egg-base ../../build/controller build --build-base /home/dash/Desktop/ros_ws/build/controller/build install --record /home/dash/Desktop/ros_ws/build/controller/install.log --single-version-externally-managed install_data
[17.185s] running egg_info
[17.219s] writing ../../build/controller/controller.egg-info/PKG-INFO
[17.220s] writing dependency_links to ../../build/controller/controller.egg-info/dependency_links.txt
[17.221s] writing entry points to ../../build/controller/controller.egg-info/entry_points.txt
[17.225s] writing requirements to ../../build/controller/controller.egg-info/requires.txt
[17.240s] writing top-level names to ../../build/controller/controller.egg-info/top_level.txt
[17.289s] reading manifest file '../../build/controller/controller.egg-info/SOURCES.txt'
[17.365s] writing manifest file '../../build/controller/controller.egg-info/SOURCES.txt'
[17.385s] running build
[17.386s] running build_py
[17.387s] running install
[17.388s] running install_lib
[17.420s] running install_data
[17.461s] running install_egg_info
[17.489s] removing '/home/dash/Desktop/ros_ws/install/controller/lib/python3.10/site-packages/controller-0.0.0-py3.10.egg-info' (and everything under it)
[17.494s] Copying ../../build/controller/controller.egg-info to /home/dash/Desktop/ros_ws/install/controller/lib/python3.10/site-packages/controller-0.0.0-py3.10.egg-info
[17.495s] running install_scripts
[17.654s] Installing app_control script to /home/dash/Desktop/ros_ws/install/controller/lib/controller
[17.682s] Installing handshake script to /home/dash/Desktop/ros_ws/install/controller/lib/controller
[17.684s] Installing robot_status script to /home/dash/Desktop/ros_ws/install/controller/lib/controller
[17.685s] Installing settings_handler script to /home/dash/Desktop/ros_ws/install/controller/lib/controller
[17.714s] writing list of installed files to '/home/dash/Desktop/ros_ws/build/controller/install.log'
[20.344s] Invoked command in '/home/dash/Desktop/ros_ws/src/controller' returned '0': PYTHONPATH=/home/dash/Desktop/ros_ws/build/controller/prefix_override:/home/dash/Desktop/ros_ws/install/controller/lib/python3.10/site-packages:${PYTHONPATH} /usr/bin/python3 -W ignore:setup.py install is deprecated setup.py egg_info --egg-base ../../build/controller build --build-base /home/dash/Desktop/ros_ws/build/controller/build install --record /home/dash/Desktop/ros_ws/build/controller/install.log --single-version-externally-managed install_data
