[6.792s] Invoking command in '/home/dash/Desktop/ros_ws/src/user_interface': PYTHONPATH=/home/dash/Desktop/ros_ws/build/user_interface/prefix_override:/home/dash/Desktop/ros_ws/install/user_interface/lib/python3.10/site-packages:${PYTHONPATH} /usr/bin/python3 -W ignore:setup.py install is deprecated setup.py egg_info --egg-base ../../build/user_interface build --build-base /home/dash/Desktop/ros_ws/build/user_interface/build install --record /home/dash/Desktop/ros_ws/build/user_interface/install.log --single-version-externally-managed install_data
[8.823s] running egg_info
[8.826s] writing ../../build/user_interface/user_interface.egg-info/PKG-INFO
[8.831s] writing dependency_links to ../../build/user_interface/user_interface.egg-info/dependency_links.txt
[8.832s] writing entry points to ../../build/user_interface/user_interface.egg-info/entry_points.txt
[8.833s] writing requirements to ../../build/user_interface/user_interface.egg-info/requires.txt
[8.834s] writing top-level names to ../../build/user_interface/user_interface.egg-info/top_level.txt
[8.844s] reading manifest file '../../build/user_interface/user_interface.egg-info/SOURCES.txt'
[8.856s] writing manifest file '../../build/user_interface/user_interface.egg-info/SOURCES.txt'
[8.888s] running build
[8.889s] running build_py
[8.894s] copying user_interface/flask_ui_server.py -> /home/dash/Desktop/ros_ws/build/user_interface/build/lib/user_interface
[8.897s] running install
[8.898s] running install_lib
[8.918s] copying /home/dash/Desktop/ros_ws/build/user_interface/build/lib/user_interface/flask_ui_server.py -> /home/dash/Desktop/ros_ws/install/user_interface/lib/python3.10/site-packages/user_interface
[8.919s] byte-compiling /home/dash/Desktop/ros_ws/install/user_interface/lib/python3.10/site-packages/user_interface/flask_ui_server.py to flask_ui_server.cpython-310.pyc
[8.927s] running install_data
[8.930s] running install_egg_info
[8.952s] removing '/home/dash/Desktop/ros_ws/install/user_interface/lib/python3.10/site-packages/user_interface-0.0.0-py3.10.egg-info' (and everything under it)
[8.956s] Copying ../../build/user_interface/user_interface.egg-info to /home/dash/Desktop/ros_ws/install/user_interface/lib/python3.10/site-packages/user_interface-0.0.0-py3.10.egg-info
[8.975s] running install_scripts
[9.130s] Installing flask_user_interface script to /home/dash/Desktop/ros_ws/install/user_interface/lib/user_interface
[9.142s] Installing user_interface script to /home/dash/Desktop/ros_ws/install/user_interface/lib/user_interface
[9.144s] writing list of installed files to '/home/dash/Desktop/ros_ws/build/user_interface/install.log'
[9.444s] Invoked command in '/home/dash/Desktop/ros_ws/src/user_interface' returned '0': PYTHONPATH=/home/dash/Desktop/ros_ws/build/user_interface/prefix_override:/home/dash/Desktop/ros_ws/install/user_interface/lib/python3.10/site-packages:${PYTHONPATH} /usr/bin/python3 -W ignore:setup.py install is deprecated setup.py egg_info --egg-base ../../build/user_interface build --build-base /home/dash/Desktop/ros_ws/build/user_interface/build install --record /home/dash/Desktop/ros_ws/build/user_interface/install.log --single-version-externally-managed install_data
