/home/dash/Desktop/ros_ws/install/cv_subsystem/lib/python3.10/site-packages/cv_subsystem/capture_handler.py
/home/dash/Desktop/ros_ws/install/cv_subsystem/lib/python3.10/site-packages/cv_subsystem/gesture_recognizer.py
/home/dash/Desktop/ros_ws/install/cv_subsystem/lib/python3.10/site-packages/cv_subsystem/picam_publisher.py
/home/dash/Desktop/ros_ws/install/cv_subsystem/lib/python3.10/site-packages/cv_subsystem/face_detector.py
/home/dash/Desktop/ros_ws/install/cv_subsystem/lib/python3.10/site-packages/cv_subsystem/__init__.py
/home/dash/Desktop/ros_ws/install/cv_subsystem/lib/python3.10/site-packages/cv_subsystem/__pycache__/capture_handler.cpython-310.pyc
/home/dash/Desktop/ros_ws/install/cv_subsystem/lib/python3.10/site-packages/cv_subsystem/__pycache__/gesture_recognizer.cpython-310.pyc
/home/dash/Desktop/ros_ws/install/cv_subsystem/lib/python3.10/site-packages/cv_subsystem/__pycache__/picam_publisher.cpython-310.pyc
/home/dash/Desktop/ros_ws/install/cv_subsystem/lib/python3.10/site-packages/cv_subsystem/__pycache__/face_detector.cpython-310.pyc
/home/dash/Desktop/ros_ws/install/cv_subsystem/lib/python3.10/site-packages/cv_subsystem/__pycache__/__init__.cpython-310.pyc
/home/dash/Desktop/ros_ws/install/cv_subsystem/share/ament_index/resource_index/packages/cv_subsystem
/home/dash/Desktop/ros_ws/install/cv_subsystem/share/cv_subsystem/package.xml
/home/dash/Desktop/ros_ws/install/cv_subsystem/lib/python3.10/site-packages/cv_subsystem-0.0.0-py3.10.egg-info/dependency_links.txt
/home/dash/Desktop/ros_ws/install/cv_subsystem/lib/python3.10/site-packages/cv_subsystem-0.0.0-py3.10.egg-info/top_level.txt
/home/dash/Desktop/ros_ws/install/cv_subsystem/lib/python3.10/site-packages/cv_subsystem-0.0.0-py3.10.egg-info/requires.txt
/home/dash/Desktop/ros_ws/install/cv_subsystem/lib/python3.10/site-packages/cv_subsystem-0.0.0-py3.10.egg-info/entry_points.txt
/home/dash/Desktop/ros_ws/install/cv_subsystem/lib/python3.10/site-packages/cv_subsystem-0.0.0-py3.10.egg-info/SOURCES.txt
/home/dash/Desktop/ros_ws/install/cv_subsystem/lib/python3.10/site-packages/cv_subsystem-0.0.0-py3.10.egg-info/zip-safe
/home/dash/Desktop/ros_ws/install/cv_subsystem/lib/python3.10/site-packages/cv_subsystem-0.0.0-py3.10.egg-info/PKG-INFO
/home/dash/Desktop/ros_ws/install/cv_subsystem/lib/cv_subsystem/capture_handler
/home/dash/Desktop/ros_ws/install/cv_subsystem/lib/cv_subsystem/face_detector
/home/dash/Desktop/ros_ws/install/cv_subsystem/lib/cv_subsystem/gesture_recognizer
/home/dash/Desktop/ros_ws/install/cv_subsystem/lib/cv_subsystem/picam_publisher
