[10.150s] Invoking command in '/home/dash/Desktop/ros_ws/src/controller': PYTHONPATH=/home/dash/Desktop/ros_ws/build/controller/prefix_override:/home/dash/Desktop/ros_ws/install/controller/lib/python3.10/site-packages:${PYTHONPATH} /usr/bin/python3 -W ignore:setup.py install is deprecated setup.py egg_info --egg-base ../../build/controller build --build-base /home/dash/Desktop/ros_ws/build/controller/build install --record /home/dash/Desktop/ros_ws/build/controller/install.log --single-version-externally-managed install_data
[14.446s] running egg_info
[14.454s] writing ../../build/controller/controller.egg-info/PKG-INFO
[14.455s] writing dependency_links to ../../build/controller/controller.egg-info/dependency_links.txt
[14.456s] writing entry points to ../../build/controller/controller.egg-info/entry_points.txt
[14.457s] writing requirements to ../../build/controller/controller.egg-info/requires.txt
[14.457s] writing top-level names to ../../build/controller/controller.egg-info/top_level.txt
[14.479s] reading manifest file '../../build/controller/controller.egg-info/SOURCES.txt'
[14.480s] writing manifest file '../../build/controller/controller.egg-info/SOURCES.txt'
[14.484s] running build
[14.487s] running build_py
[14.491s] running install
[14.494s] running install_lib
[14.502s] running install_data
[14.505s] running install_egg_info
[14.512s] removing '/home/dash/Desktop/ros_ws/install/controller/lib/python3.10/site-packages/controller-0.0.0-py3.10.egg-info' (and everything under it)
[14.520s] Copying ../../build/controller/controller.egg-info to /home/dash/Desktop/ros_ws/install/controller/lib/python3.10/site-packages/controller-0.0.0-py3.10.egg-info
[14.525s] running install_scripts
[14.649s] Installing app_control script to /home/dash/Desktop/ros_ws/install/controller/lib/controller
[14.650s] Installing handshake script to /home/dash/Desktop/ros_ws/install/controller/lib/controller
[14.652s] Installing robot_status script to /home/dash/Desktop/ros_ws/install/controller/lib/controller
[14.662s] writing list of installed files to '/home/dash/Desktop/ros_ws/build/controller/install.log'
[17.676s] Invoked command in '/home/dash/Desktop/ros_ws/src/controller' returned '0': PYTHONPATH=/home/dash/Desktop/ros_ws/build/controller/prefix_override:/home/dash/Desktop/ros_ws/install/controller/lib/python3.10/site-packages:${PYTHONPATH} /usr/bin/python3 -W ignore:setup.py install is deprecated setup.py egg_info --egg-base ../../build/controller build --build-base /home/dash/Desktop/ros_ws/build/controller/build install --record /home/dash/Desktop/ros_ws/build/controller/install.log --single-version-externally-managed install_data
