[5.737s] Invoking command in '/home/dash/Desktop/ros_ws/src/user_interface': PYTHONPATH=/home/dash/Desktop/ros_ws/build/user_interface/prefix_override:/home/dash/Desktop/ros_ws/install/user_interface/lib/python3.10/site-packages:${PYTHONPATH} /usr/bin/python3 -W ignore:setup.py install is deprecated setup.py egg_info --egg-base ../../build/user_interface build --build-base /home/dash/Desktop/ros_ws/build/user_interface/build install --record /home/dash/Desktop/ros_ws/build/user_interface/install.log --single-version-externally-managed install_data
[7.335s] running egg_info
[7.337s] writing ../../build/user_interface/user_interface.egg-info/PKG-INFO
[7.339s] writing dependency_links to ../../build/user_interface/user_interface.egg-info/dependency_links.txt
[7.340s] writing entry points to ../../build/user_interface/user_interface.egg-info/entry_points.txt
[7.340s] writing requirements to ../../build/user_interface/user_interface.egg-info/requires.txt
[7.341s] writing top-level names to ../../build/user_interface/user_interface.egg-info/top_level.txt
[7.351s] reading manifest file '../../build/user_interface/user_interface.egg-info/SOURCES.txt'
[7.356s] writing manifest file '../../build/user_interface/user_interface.egg-info/SOURCES.txt'
[7.356s] running build
[7.357s] running build_py
[7.359s] running install
[7.360s] running install_lib
[7.367s] running install_data
[7.368s] running install_egg_info
[7.375s] removing '/home/dash/Desktop/ros_ws/install/user_interface/lib/python3.10/site-packages/user_interface-0.0.0-py3.10.egg-info' (and everything under it)
[7.377s] Copying ../../build/user_interface/user_interface.egg-info to /home/dash/Desktop/ros_ws/install/user_interface/lib/python3.10/site-packages/user_interface-0.0.0-py3.10.egg-info
[7.385s] running install_scripts
[7.528s] Installing flask_user_interface script to /home/dash/Desktop/ros_ws/install/user_interface/lib/user_interface
[7.543s] Installing user_interface script to /home/dash/Desktop/ros_ws/install/user_interface/lib/user_interface
[7.546s] writing list of installed files to '/home/dash/Desktop/ros_ws/build/user_interface/install.log'
[7.688s] Invoked command in '/home/dash/Desktop/ros_ws/src/user_interface' returned '0': PYTHONPATH=/home/dash/Desktop/ros_ws/build/user_interface/prefix_override:/home/dash/Desktop/ros_ws/install/user_interface/lib/python3.10/site-packages:${PYTHONPATH} /usr/bin/python3 -W ignore:setup.py install is deprecated setup.py egg_info --egg-base ../../build/user_interface build --build-base /home/dash/Desktop/ros_ws/build/user_interface/build install --record /home/dash/Desktop/ros_ws/build/user_interface/install.log --single-version-externally-managed install_data
