[9.725s] Invoking command in '/home/dash/Desktop/ros_ws/src/controller': PYTHONPATH=/home/dash/Desktop/ros_ws/build/controller/prefix_override:/home/dash/Desktop/ros_ws/install/controller/lib/python3.10/site-packages:${PYTHONPATH} /usr/bin/python3 -W ignore:setup.py install is deprecated setup.py egg_info --egg-base ../../build/controller build --build-base /home/dash/Desktop/ros_ws/build/controller/build install --record /home/dash/Desktop/ros_ws/build/controller/install.log --single-version-externally-managed install_data
[12.951s] running egg_info
[12.958s] writing ../../build/controller/controller.egg-info/PKG-INFO
[12.958s] writing dependency_links to ../../build/controller/controller.egg-info/dependency_links.txt
[12.959s] writing entry points to ../../build/controller/controller.egg-info/entry_points.txt
[12.960s] writing requirements to ../../build/controller/controller.egg-info/requires.txt
[12.961s] writing top-level names to ../../build/controller/controller.egg-info/top_level.txt
[12.970s] reading manifest file '../../build/controller/controller.egg-info/SOURCES.txt'
[13.014s] writing manifest file '../../build/controller/controller.egg-info/SOURCES.txt'
[13.017s] running build
[13.020s] running build_py
[13.034s] running install
[13.038s] running install_lib
[13.045s] running install_data
[13.046s] running install_egg_info
[13.047s] removing '/home/dash/Desktop/ros_ws/install/controller/lib/python3.10/site-packages/controller-0.0.0-py3.10.egg-info' (and everything under it)
[13.055s] Copying ../../build/controller/controller.egg-info to /home/dash/Desktop/ros_ws/install/controller/lib/python3.10/site-packages/controller-0.0.0-py3.10.egg-info
[13.056s] running install_scripts
[13.193s] Installing app_control script to /home/dash/Desktop/ros_ws/install/controller/lib/controller
[13.199s] Installing controller script to /home/dash/Desktop/ros_ws/install/controller/lib/controller
[13.231s] Installing handshake script to /home/dash/Desktop/ros_ws/install/controller/lib/controller
[13.236s] Installing robot_status script to /home/dash/Desktop/ros_ws/install/controller/lib/controller
[13.250s] Installing settings_handler script to /home/dash/Desktop/ros_ws/install/controller/lib/controller
[13.256s] writing list of installed files to '/home/dash/Desktop/ros_ws/build/controller/install.log'
[15.341s] Invoked command in '/home/dash/Desktop/ros_ws/src/controller' returned '0': PYTHONPATH=/home/dash/Desktop/ros_ws/build/controller/prefix_override:/home/dash/Desktop/ros_ws/install/controller/lib/python3.10/site-packages:${PYTHONPATH} /usr/bin/python3 -W ignore:setup.py install is deprecated setup.py egg_info --egg-base ../../build/controller build --build-base /home/dash/Desktop/ros_ws/build/controller/build install --record /home/dash/Desktop/ros_ws/build/controller/install.log --single-version-externally-managed install_data
