[10.231s] Invoking command in '/home/dash/Desktop/ros_ws/src/cv_subsystem': PYTHONPATH=/home/dash/Desktop/ros_ws/build/cv_subsystem/prefix_override:/home/dash/Desktop/ros_ws/install/cv_subsystem/lib/python3.10/site-packages:${PYTHONPATH} /usr/bin/python3 -W ignore:setup.py install is deprecated setup.py egg_info --egg-base ../../build/cv_subsystem build --build-base /home/dash/Desktop/ros_ws/build/cv_subsystem/build install --record /home/dash/Desktop/ros_ws/build/cv_subsystem/install.log --single-version-externally-managed install_data
[12.874s] running egg_info
[12.878s] writing ../../build/cv_subsystem/cv_subsystem.egg-info/PKG-INFO
[12.881s] writing dependency_links to ../../build/cv_subsystem/cv_subsystem.egg-info/dependency_links.txt
[12.884s] writing entry points to ../../build/cv_subsystem/cv_subsystem.egg-info/entry_points.txt
[12.887s] writing requirements to ../../build/cv_subsystem/cv_subsystem.egg-info/requires.txt
[12.888s] writing top-level names to ../../build/cv_subsystem/cv_subsystem.egg-info/top_level.txt
[12.900s] reading manifest file '../../build/cv_subsystem/cv_subsystem.egg-info/SOURCES.txt'
[12.907s] writing manifest file '../../build/cv_subsystem/cv_subsystem.egg-info/SOURCES.txt'
[12.919s] running build
[12.919s] running build_py
[12.920s] running install
[12.921s] running install_lib
[12.928s] running install_data
[12.930s] running install_egg_info
[12.943s] removing '/home/dash/Desktop/ros_ws/install/cv_subsystem/lib/python3.10/site-packages/cv_subsystem-0.0.0-py3.10.egg-info' (and everything under it)
[12.952s] Copying ../../build/cv_subsystem/cv_subsystem.egg-info to /home/dash/Desktop/ros_ws/install/cv_subsystem/lib/python3.10/site-packages/cv_subsystem-0.0.0-py3.10.egg-info
[12.969s] running install_scripts
[13.146s] Installing capture_handler script to /home/dash/Desktop/ros_ws/install/cv_subsystem/lib/cv_subsystem
[13.147s] Installing gesture_recognizer script to /home/dash/Desktop/ros_ws/install/cv_subsystem/lib/cv_subsystem
[13.149s] Installing picam_publisher script to /home/dash/Desktop/ros_ws/install/cv_subsystem/lib/cv_subsystem
[13.177s] writing list of installed files to '/home/dash/Desktop/ros_ws/build/cv_subsystem/install.log'
[13.364s] Invoked command in '/home/dash/Desktop/ros_ws/src/cv_subsystem' returned '0': PYTHONPATH=/home/dash/Desktop/ros_ws/build/cv_subsystem/prefix_override:/home/dash/Desktop/ros_ws/install/cv_subsystem/lib/python3.10/site-packages:${PYTHONPATH} /usr/bin/python3 -W ignore:setup.py install is deprecated setup.py egg_info --egg-base ../../build/cv_subsystem build --build-base /home/dash/Desktop/ros_ws/build/cv_subsystem/build install --record /home/dash/Desktop/ros_ws/build/cv_subsystem/install.log --single-version-externally-managed install_data
