[11.576s] Invoking command in '/home/dash/Desktop/ros_ws/src/controller': PYTHONPATH=/home/dash/Desktop/ros_ws/build/controller/prefix_override:/home/dash/Desktop/ros_ws/install/controller/lib/python3.10/site-packages:${PYTHONPATH} /usr/bin/python3 -W ignore:setup.py install is deprecated setup.py egg_info --egg-base ../../build/controller build --build-base /home/dash/Desktop/ros_ws/build/controller/build install --record /home/dash/Desktop/ros_ws/build/controller/install.log --single-version-externally-managed install_data
[15.068s] running egg_info
[15.071s] writing ../../build/controller/controller.egg-info/PKG-INFO
[15.072s] writing dependency_links to ../../build/controller/controller.egg-info/dependency_links.txt
[15.073s] writing entry points to ../../build/controller/controller.egg-info/entry_points.txt
[15.074s] writing requirements to ../../build/controller/controller.egg-info/requires.txt
[15.075s] writing top-level names to ../../build/controller/controller.egg-info/top_level.txt
[15.085s] reading manifest file '../../build/controller/controller.egg-info/SOURCES.txt'
[15.263s] writing manifest file '../../build/controller/controller.egg-info/SOURCES.txt'
[15.273s] running build
[15.274s] running build_py
[15.274s] running install
[15.275s] running install_lib
[15.280s] running install_data
[15.281s] running install_egg_info
[15.290s] removing '/home/dash/Desktop/ros_ws/install/controller/lib/python3.10/site-packages/controller-0.0.0-py3.10.egg-info' (and everything under it)
[15.292s] Copying ../../build/controller/controller.egg-info to /home/dash/Desktop/ros_ws/install/controller/lib/python3.10/site-packages/controller-0.0.0-py3.10.egg-info
[15.301s] running install_scripts
[15.402s] Installing app_control script to /home/dash/Desktop/ros_ws/install/controller/lib/controller
[17.248s] Installing handshake script to /home/dash/Desktop/ros_ws/install/controller/lib/controller
[17.296s] Installing robot_status script to /home/dash/Desktop/ros_ws/install/controller/lib/controller
[17.297s] Installing settings_handler script to /home/dash/Desktop/ros_ws/install/controller/lib/controller
[17.298s] writing list of installed files to '/home/dash/Desktop/ros_ws/build/controller/install.log'
[17.766s] Invoked command in '/home/dash/Desktop/ros_ws/src/controller' returned '0': PYTHONPATH=/home/dash/Desktop/ros_ws/build/controller/prefix_override:/home/dash/Desktop/ros_ws/install/controller/lib/python3.10/site-packages:${PYTHONPATH} /usr/bin/python3 -W ignore:setup.py install is deprecated setup.py egg_info --egg-base ../../build/controller build --build-base /home/dash/Desktop/ros_ws/build/controller/build install --record /home/dash/Desktop/ros_ws/build/controller/install.log --single-version-externally-managed install_data
