[8.708s] Invoking command in '/home/dash/Desktop/ros_ws/src/user_interface': PYTHONPATH=/home/dash/Desktop/ros_ws/build/user_interface/prefix_override:/home/dash/Desktop/ros_ws/install/user_interface/lib/python3.10/site-packages:${PYTHONPATH} /usr/bin/python3 -W ignore:setup.py install is deprecated setup.py egg_info --egg-base ../../build/user_interface build --build-base /home/dash/Desktop/ros_ws/build/user_interface/build install --record /home/dash/Desktop/ros_ws/build/user_interface/install.log --single-version-externally-managed install_data
[11.213s] running egg_info
[11.214s] writing ../../build/user_interface/user_interface.egg-info/PKG-INFO
[11.219s] writing dependency_links to ../../build/user_interface/user_interface.egg-info/dependency_links.txt
[11.233s] writing entry points to ../../build/user_interface/user_interface.egg-info/entry_points.txt
[11.234s] writing requirements to ../../build/user_interface/user_interface.egg-info/requires.txt
[11.236s] writing top-level names to ../../build/user_interface/user_interface.egg-info/top_level.txt
[11.249s] reading manifest file '../../build/user_interface/user_interface.egg-info/SOURCES.txt'
[11.290s] writing manifest file '../../build/user_interface/user_interface.egg-info/SOURCES.txt'
[11.293s] running build
[11.296s] running build_py
[11.316s] running install
[11.317s] running install_lib
[11.317s] running install_data
[11.318s] running install_egg_info
[11.352s] removing '/home/dash/Desktop/ros_ws/install/user_interface/lib/python3.10/site-packages/user_interface-0.0.0-py3.10.egg-info' (and everything under it)
[11.354s] Copying ../../build/user_interface/user_interface.egg-info to /home/dash/Desktop/ros_ws/install/user_interface/lib/python3.10/site-packages/user_interface-0.0.0-py3.10.egg-info
[11.355s] running install_scripts
[11.511s] Installing flask_user_interface script to /home/dash/Desktop/ros_ws/install/user_interface/lib/user_interface
[11.659s] Installing user_interface script to /home/dash/Desktop/ros_ws/install/user_interface/lib/user_interface
[11.671s] writing list of installed files to '/home/dash/Desktop/ros_ws/build/user_interface/install.log'
[11.883s] Invoked command in '/home/dash/Desktop/ros_ws/src/user_interface' returned '0': PYTHONPATH=/home/dash/Desktop/ros_ws/build/user_interface/prefix_override:/home/dash/Desktop/ros_ws/install/user_interface/lib/python3.10/site-packages:${PYTHONPATH} /usr/bin/python3 -W ignore:setup.py install is deprecated setup.py egg_info --egg-base ../../build/user_interface build --build-base /home/dash/Desktop/ros_ws/build/user_interface/build install --record /home/dash/Desktop/ros_ws/build/user_interface/install.log --single-version-externally-managed install_data
