[6.620s] Invoking command in '/home/dash/Desktop/ros_ws/src/user_interface': PYTHONPATH=/home/dash/Desktop/ros_ws/build/user_interface/prefix_override:/home/dash/Desktop/ros_ws/install/user_interface/lib/python3.10/site-packages:${PYTHONPATH} /usr/bin/python3 -W ignore:setup.py install is deprecated setup.py egg_info --egg-base ../../build/user_interface build --build-base /home/dash/Desktop/ros_ws/build/user_interface/build install --record /home/dash/Desktop/ros_ws/build/user_interface/install.log --single-version-externally-managed install_data
[9.296s] running egg_info
[9.307s] writing ../../build/user_interface/user_interface.egg-info/PKG-INFO
[9.308s] writing dependency_links to ../../build/user_interface/user_interface.egg-info/dependency_links.txt
[9.309s] writing entry points to ../../build/user_interface/user_interface.egg-info/entry_points.txt
[9.310s] writing requirements to ../../build/user_interface/user_interface.egg-info/requires.txt
[9.321s] writing top-level names to ../../build/user_interface/user_interface.egg-info/top_level.txt
[9.330s] reading manifest file '../../build/user_interface/user_interface.egg-info/SOURCES.txt'
[9.335s] writing manifest file '../../build/user_interface/user_interface.egg-info/SOURCES.txt'
[9.338s] running build
[9.339s] running build_py
[9.342s] copying user_interface/ui.py -> /home/dash/Desktop/ros_ws/build/user_interface/build/lib/user_interface
[9.343s] running install
[9.345s] running install_lib
[9.355s] copying /home/dash/Desktop/ros_ws/build/user_interface/build/lib/user_interface/ui.py -> /home/dash/Desktop/ros_ws/install/user_interface/lib/python3.10/site-packages/user_interface
[9.364s] byte-compiling /home/dash/Desktop/ros_ws/install/user_interface/lib/python3.10/site-packages/user_interface/ui.py to ui.cpython-310.pyc
[9.376s] running install_data
[9.379s] running install_egg_info
[9.391s] removing '/home/dash/Desktop/ros_ws/install/user_interface/lib/python3.10/site-packages/user_interface-0.0.0-py3.10.egg-info' (and everything under it)
[9.393s] Copying ../../build/user_interface/user_interface.egg-info to /home/dash/Desktop/ros_ws/install/user_interface/lib/python3.10/site-packages/user_interface-0.0.0-py3.10.egg-info
[9.418s] running install_scripts
[9.586s] Installing user_interface script to /home/dash/Desktop/ros_ws/install/user_interface/lib/user_interface
[9.590s] writing list of installed files to '/home/dash/Desktop/ros_ws/build/user_interface/install.log'
[9.852s] Invoked command in '/home/dash/Desktop/ros_ws/src/user_interface' returned '0': PYTHONPATH=/home/dash/Desktop/ros_ws/build/user_interface/prefix_override:/home/dash/Desktop/ros_ws/install/user_interface/lib/python3.10/site-packages:${PYTHONPATH} /usr/bin/python3 -W ignore:setup.py install is deprecated setup.py egg_info --egg-base ../../build/user_interface build --build-base /home/dash/Desktop/ros_ws/build/user_interface/build install --record /home/dash/Desktop/ros_ws/build/user_interface/install.log --single-version-externally-managed install_data
