[22.766s] Invoking command in '/home/dash/Desktop/ros_ws/src/controller': PYTHONPATH=/home/dash/Desktop/ros_ws/build/controller/prefix_override:/home/dash/Desktop/ros_ws/install/controller/lib/python3.10/site-packages:${PYTHONPATH} /usr/bin/python3 -W ignore:setup.py install is deprecated setup.py egg_info --egg-base ../../build/controller build --build-base /home/dash/Desktop/ros_ws/build/controller/build install --record /home/dash/Desktop/ros_ws/build/controller/install.log --single-version-externally-managed install_data
[29.841s] running egg_info
[29.869s] writing ../../build/controller/controller.egg-info/PKG-INFO
[29.893s] writing dependency_links to ../../build/controller/controller.egg-info/dependency_links.txt
[29.910s] writing entry points to ../../build/controller/controller.egg-info/entry_points.txt
[29.920s] writing requirements to ../../build/controller/controller.egg-info/requires.txt
[29.933s] writing top-level names to ../../build/controller/controller.egg-info/top_level.txt
[29.962s] reading manifest file '../../build/controller/controller.egg-info/SOURCES.txt'
[29.971s] writing manifest file '../../build/controller/controller.egg-info/SOURCES.txt'
[29.978s] running build
[29.994s] running build_py
[30.003s] running install
[30.011s] running install_lib
[30.031s] running install_data
[30.050s] running install_egg_info
[30.083s] removing '/home/dash/Desktop/ros_ws/install/controller/lib/python3.10/site-packages/controller-0.0.0-py3.10.egg-info' (and everything under it)
[30.112s] Copying ../../build/controller/controller.egg-info to /home/dash/Desktop/ros_ws/install/controller/lib/python3.10/site-packages/controller-0.0.0-py3.10.egg-info
[30.125s] running install_scripts
[30.639s] Installing app_control script to /home/dash/Desktop/ros_ws/install/controller/lib/controller
[30.650s] Installing handshake script to /home/dash/Desktop/ros_ws/install/controller/lib/controller
[30.680s] Installing robot_status script to /home/dash/Desktop/ros_ws/install/controller/lib/controller
[30.713s] Installing settings_handler script to /home/dash/Desktop/ros_ws/install/controller/lib/controller
[30.728s] writing list of installed files to '/home/dash/Desktop/ros_ws/build/controller/install.log'
[32.546s] Invoked command in '/home/dash/Desktop/ros_ws/src/controller' returned '0': PYTHONPATH=/home/dash/Desktop/ros_ws/build/controller/prefix_override:/home/dash/Desktop/ros_ws/install/controller/lib/python3.10/site-packages:${PYTHONPATH} /usr/bin/python3 -W ignore:setup.py install is deprecated setup.py egg_info --egg-base ../../build/controller build --build-base /home/dash/Desktop/ros_ws/build/controller/build install --record /home/dash/Desktop/ros_ws/build/controller/install.log --single-version-externally-managed install_data
