[5.350s] Invoking command in '/home/dash/Desktop/ros_ws/build/robot_interfaces': CMAKE_PREFIX_PATH=${CMAKE_PREFIX_PATH}:/home/dash/Desktop/ros_ws/install/user_interface:/home/dash/Desktop/ros_ws/install/nlp_subsystem:/home/dash/Desktop/ros_ws/install/cv_subsystem:/home/dash/Desktop/ros_ws/install/controller:/opt/ros/humble /usr/bin/cmake --build /home/dash/Desktop/ros_ws/build/robot_interfaces -- -j4 -l4
[5.816s] [  1%] Built target robot_interfaces__cpp
[5.917s] [ 12%] Built target robot_interfaces__rosidl_generator_c
[6.056s] [ 12%] Built target ament_cmake_python_copy_robot_interfaces
[6.218s] [ 23%] Built target robot_interfaces__rosidl_typesupport_cpp
[6.249s] [ 34%] Built target robot_interfaces__rosidl_typesupport_introspection_cpp
[6.344s] [ 46%] Built target robot_interfaces__rosidl_typesupport_fastrtps_cpp
[6.544s] [ 57%] Built target robot_interfaces__rosidl_typesupport_fastrtps_c
[6.613s] [ 68%] Built target robot_interfaces__rosidl_typesupport_c
[6.661s] [ 79%] Built target robot_interfaces__rosidl_typesupport_introspection_c
[6.999s] [ 79%] Built target robot_interfaces
[7.344s] [ 80%] Built target robot_interfaces__py
[7.561s] [ 90%] Built target robot_interfaces__rosidl_generator_py
[7.899s] [ 93%] Built target robot_interfaces__rosidl_typesupport_fastrtps_c__pyext
[7.952s] [100%] Built target robot_interfaces__rosidl_typesupport_c__pyext
[7.959s] [ 98%] Built target robot_interfaces__rosidl_typesupport_introspection_c__pyext
[9.291s] running egg_info
[9.294s] writing robot_interfaces.egg-info/PKG-INFO
[9.296s] writing dependency_links to robot_interfaces.egg-info/dependency_links.txt
[9.297s] writing top-level names to robot_interfaces.egg-info/top_level.txt
[9.315s] reading manifest file 'robot_interfaces.egg-info/SOURCES.txt'
[9.320s] writing manifest file 'robot_interfaces.egg-info/SOURCES.txt'
[9.570s] [100%] Built target ament_cmake_python_build_robot_interfaces_egg
[9.833s] Invoked command in '/home/dash/Desktop/ros_ws/build/robot_interfaces' returned '0': CMAKE_PREFIX_PATH=${CMAKE_PREFIX_PATH}:/home/dash/Desktop/ros_ws/install/user_interface:/home/dash/Desktop/ros_ws/install/nlp_subsystem:/home/dash/Desktop/ros_ws/install/cv_subsystem:/home/dash/Desktop/ros_ws/install/controller:/opt/ros/humble /usr/bin/cmake --build /home/dash/Desktop/ros_ws/build/robot_interfaces -- -j4 -l4
[12.082s] Invoking command in '/home/dash/Desktop/ros_ws/build/robot_interfaces': CMAKE_PREFIX_PATH=${CMAKE_PREFIX_PATH}:/home/dash/Desktop/ros_ws/install/user_interface:/home/dash/Desktop/ros_ws/install/nlp_subsystem:/home/dash/Desktop/ros_ws/install/cv_subsystem:/home/dash/Desktop/ros_ws/install/controller:/opt/ros/humble /usr/bin/cmake --install /home/dash/Desktop/ros_ws/build/robot_interfaces
[12.158s] -- Install configuration: ""
[12.180s] -- Up-to-date: /home/dash/Desktop/ros_ws/install/robot_interfaces/share/ament_index/resource_index/rosidl_interfaces/robot_interfaces
[12.181s] -- Up-to-date: /home/dash/Desktop/ros_ws/install/robot_interfaces/include/robot_interfaces/robot_interfaces
[12.182s] -- Up-to-date: /home/dash/Desktop/ros_ws/install/robot_interfaces/include/robot_interfaces/robot_interfaces/srv
[12.183s] -- Up-to-date: /home/dash/Desktop/ros_ws/install/robot_interfaces/include/robot_interfaces/robot_interfaces/srv/detail
[12.183s] -- Up-to-date: /home/dash/Desktop/ros_ws/install/robot_interfaces/include/robot_interfaces/robot_interfaces/srv/detail/handshake__functions.c
[12.196s] -- Up-to-date: /home/dash/Desktop/ros_ws/install/robot_interfaces/include/robot_interfaces/robot_interfaces/srv/detail/image_capture__functions.c
[12.197s] -- Up-to-date: /home/dash/Desktop/ros_ws/install/robot_interfaces/include/robot_interfaces/robot_interfaces/srv/detail/robot_status_srv__struct.h
[12.207s] -- Up-to-date: /home/dash/Desktop/ros_ws/install/robot_interfaces/include/robot_interfaces/robot_interfaces/srv/detail/lm_chat__functions.h
[12.209s] -- Up-to-date: /home/dash/Desktop/ros_ws/install/robot_interfaces/include/robot_interfaces/robot_interfaces/srv/detail/config__type_support.h
[12.210s] -- Up-to-date: /home/dash/Desktop/ros_ws/install/robot_interfaces/include/robot_interfaces/robot_interfaces/srv/detail/image_capture__functions.h
[12.218s] -- Up-to-date: /home/dash/Desktop/ros_ws/install/robot_interfaces/include/robot_interfaces/robot_interfaces/srv/detail/lm_chat__functions.c
[12.221s] -- Up-to-date: /home/dash/Desktop/ros_ws/install/robot_interfaces/include/robot_interfaces/robot_interfaces/srv/detail/handshake__functions.h
[12.224s] -- Up-to-date: /home/dash/Desktop/ros_ws/install/robot_interfaces/include/robot_interfaces/robot_interfaces/srv/detail/config__functions.c
[12.230s] -- Up-to-date: /home/dash/Desktop/ros_ws/install/robot_interfaces/include/robot_interfaces/robot_interfaces/srv/detail/config__struct.h
[12.234s] -- Up-to-date: /home/dash/Desktop/ros_ws/install/robot_interfaces/include/robot_interfaces/robot_interfaces/srv/detail/lm_chat__struct.h
[12.241s] -- Up-to-date: /home/dash/Desktop/ros_ws/install/robot_interfaces/include/robot_interfaces/robot_interfaces/srv/detail/handshake__struct.h
[12.249s] -- Up-to-date: /home/dash/Desktop/ros_ws/install/robot_interfaces/include/robot_interfaces/robot_interfaces/srv/detail/robot_status_srv__functions.c
[12.253s] -- Up-to-date: /home/dash/Desktop/ros_ws/install/robot_interfaces/include/robot_interfaces/robot_interfaces/srv/detail/handshake__type_support.h
[12.260s] -- Up-to-date: /home/dash/Desktop/ros_ws/install/robot_interfaces/include/robot_interfaces/robot_interfaces/srv/detail/robot_status_srv__type_support.h
[12.265s] -- Up-to-date: /home/dash/Desktop/ros_ws/install/robot_interfaces/include/robot_interfaces/robot_interfaces/srv/detail/image_capture__type_support.h
[12.272s] -- Up-to-date: /home/dash/Desktop/ros_ws/install/robot_interfaces/include/robot_interfaces/robot_interfaces/srv/detail/robot_status_srv__functions.h
[12.279s] -- Up-to-date: /home/dash/Desktop/ros_ws/install/robot_interfaces/include/robot_interfaces/robot_interfaces/srv/detail/image_capture__struct.h
[12.286s] -- Up-to-date: /home/dash/Desktop/ros_ws/install/robot_interfaces/include/robot_interfaces/robot_interfaces/srv/detail/lm_chat__type_support.h
[12.298s] -- Up-to-date: /home/dash/Desktop/ros_ws/install/robot_interfaces/include/robot_interfaces/robot_interfaces/srv/detail/config__functions.h
[12.310s] -- Up-to-date: /home/dash/Desktop/ros_ws/install/robot_interfaces/include/robot_interfaces/robot_interfaces/srv/robot_status_srv.h
[12.320s] -- Up-to-date: /home/dash/Desktop/ros_ws/install/robot_interfaces/include/robot_interfaces/robot_interfaces/srv/image_capture.h
[12.327s] -- Up-to-date: /home/dash/Desktop/ros_ws/install/robot_interfaces/include/robot_interfaces/robot_interfaces/srv/lm_chat.h
[12.338s] -- Up-to-date: /home/dash/Desktop/ros_ws/install/robot_interfaces/include/robot_interfaces/robot_interfaces/srv/config.h
[12.345s] -- Up-to-date: /home/dash/Desktop/ros_ws/install/robot_interfaces/include/robot_interfaces/robot_interfaces/srv/handshake.h
[12.353s] -- Up-to-date: /home/dash/Desktop/ros_ws/install/robot_interfaces/include/robot_interfaces/robot_interfaces/msg
[12.358s] -- Up-to-date: /home/dash/Desktop/ros_ws/install/robot_interfaces/include/robot_interfaces/robot_interfaces/msg/rosidl_generator_c__visibility_control.h
[12.365s] -- Up-to-date: /home/dash/Desktop/ros_ws/install/robot_interfaces/share/robot_interfaces/environment/library_path.sh
[12.372s] -- Up-to-date: /home/dash/Desktop/ros_ws/install/robot_interfaces/share/robot_interfaces/environment/library_path.dsv
[12.378s] -- Up-to-date: /home/dash/Desktop/ros_ws/install/robot_interfaces/lib/librobot_interfaces__rosidl_generator_c.so
[12.384s] -- Up-to-date: /home/dash/Desktop/ros_ws/install/robot_interfaces/include/robot_interfaces/robot_interfaces
[12.392s] -- Up-to-date: /home/dash/Desktop/ros_ws/install/robot_interfaces/include/robot_interfaces/robot_interfaces/srv
[12.402s] -- Up-to-date: /home/dash/Desktop/ros_ws/install/robot_interfaces/include/robot_interfaces/robot_interfaces/srv/detail
[12.409s] -- Up-to-date: /home/dash/Desktop/ros_ws/install/robot_interfaces/include/robot_interfaces/robot_interfaces/srv/detail/lm_chat__rosidl_typesupport_fastrtps_c.h
[12.417s] -- Up-to-date: /home/dash/Desktop/ros_ws/install/robot_interfaces/include/robot_interfaces/robot_interfaces/srv/detail/robot_status_srv__rosidl_typesupport_fastrtps_c.h
[12.423s] -- Up-to-date: /home/dash/Desktop/ros_ws/install/robot_interfaces/include/robot_interfaces/robot_interfaces/srv/detail/image_capture__rosidl_typesupport_fastrtps_c.h
[12.429s] -- Up-to-date: /home/dash/Desktop/ros_ws/install/robot_interfaces/include/robot_interfaces/robot_interfaces/srv/detail/handshake__rosidl_typesupport_fastrtps_c.h
[12.435s] -- Up-to-date: /home/dash/Desktop/ros_ws/install/robot_interfaces/include/robot_interfaces/robot_interfaces/srv/detail/config__rosidl_typesupport_fastrtps_c.h
[12.441s] -- Up-to-date: /home/dash/Desktop/ros_ws/install/robot_interfaces/include/robot_interfaces/robot_interfaces/msg
[12.446s] -- Up-to-date: /home/dash/Desktop/ros_ws/install/robot_interfaces/include/robot_interfaces/robot_interfaces/msg/rosidl_typesupport_fastrtps_c__visibility_control.h
[12.450s] -- Up-to-date: /home/dash/Desktop/ros_ws/install/robot_interfaces/lib/librobot_interfaces__rosidl_typesupport_fastrtps_c.so
[12.457s] -- Up-to-date: /home/dash/Desktop/ros_ws/install/robot_interfaces/include/robot_interfaces/robot_interfaces
[12.463s] -- Up-to-date: /home/dash/Desktop/ros_ws/install/robot_interfaces/include/robot_interfaces/robot_interfaces/srv
[12.464s] -- Up-to-date: /home/dash/Desktop/ros_ws/install/robot_interfaces/include/robot_interfaces/robot_interfaces/srv/detail
[12.465s] -- Up-to-date: /home/dash/Desktop/ros_ws/install/robot_interfaces/include/robot_interfaces/robot_interfaces/srv/detail/lm_chat__rosidl_typesupport_introspection_c.h
[12.466s] -- Up-to-date: /home/dash/Desktop/ros_ws/install/robot_interfaces/include/robot_interfaces/robot_interfaces/srv/detail/config__rosidl_typesupport_introspection_c.h
[12.466s] -- Up-to-date: /home/dash/Desktop/ros_ws/install/robot_interfaces/include/robot_interfaces/robot_interfaces/srv/detail/image_capture__type_support.c
[12.467s] -- Up-to-date: /home/dash/Desktop/ros_ws/install/robot_interfaces/include/robot_interfaces/robot_interfaces/srv/detail/handshake__rosidl_typesupport_introspection_c.h
[12.476s] -- Up-to-date: /home/dash/Desktop/ros_ws/install/robot_interfaces/include/robot_interfaces/robot_interfaces/srv/detail/robot_status_srv__rosidl_typesupport_introspection_c.h
[12.488s] -- Up-to-date: /home/dash/Desktop/ros_ws/install/robot_interfaces/include/robot_interfaces/robot_interfaces/srv/detail/handshake__type_support.c
[12.517s] -- Up-to-date: /home/dash/Desktop/ros_ws/install/robot_interfaces/include/robot_interfaces/robot_interfaces/srv/detail/robot_status_srv__type_support.c
[12.526s] -- Up-to-date: /home/dash/Desktop/ros_ws/install/robot_interfaces/include/robot_interfaces/robot_interfaces/srv/detail/image_capture__rosidl_typesupport_introspection_c.h
[12.530s] -- Up-to-date: /home/dash/Desktop/ros_ws/install/robot_interfaces/include/robot_interfaces/robot_interfaces/srv/detail/config__type_support.c
[12.533s] -- Up-to-date: /home/dash/Desktop/ros_ws/install/robot_interfaces/include/robot_interfaces/robot_interfaces/srv/detail/lm_chat__type_support.c
[12.537s] -- Up-to-date: /home/dash/Desktop/ros_ws/install/robot_interfaces/include/robot_interfaces/robot_interfaces/msg
[12.540s] -- Up-to-date: /home/dash/Desktop/ros_ws/install/robot_interfaces/include/robot_interfaces/robot_interfaces/msg/rosidl_typesupport_introspection_c__visibility_control.h
[12.543s] -- Up-to-date: /home/dash/Desktop/ros_ws/install/robot_interfaces/lib/librobot_interfaces__rosidl_typesupport_introspection_c.so
[12.547s] -- Up-to-date: /home/dash/Desktop/ros_ws/install/robot_interfaces/lib/librobot_interfaces__rosidl_typesupport_c.so
[12.550s] -- Up-to-date: /home/dash/Desktop/ros_ws/install/robot_interfaces/include/robot_interfaces/robot_interfaces
[12.559s] -- Up-to-date: /home/dash/Desktop/ros_ws/install/robot_interfaces/include/robot_interfaces/robot_interfaces/srv
[12.563s] -- Up-to-date: /home/dash/Desktop/ros_ws/install/robot_interfaces/include/robot_interfaces/robot_interfaces/srv/detail
[12.566s] -- Up-to-date: /home/dash/Desktop/ros_ws/install/robot_interfaces/include/robot_interfaces/robot_interfaces/srv/detail/config__builder.hpp
[12.570s] -- Up-to-date: /home/dash/Desktop/ros_ws/install/robot_interfaces/include/robot_interfaces/robot_interfaces/srv/detail/lm_chat__builder.hpp
[12.573s] -- Up-to-date: /home/dash/Desktop/ros_ws/install/robot_interfaces/include/robot_interfaces/robot_interfaces/srv/detail/image_capture__builder.hpp
[12.576s] -- Up-to-date: /home/dash/Desktop/ros_ws/install/robot_interfaces/include/robot_interfaces/robot_interfaces/srv/detail/lm_chat__struct.hpp
[12.579s] -- Up-to-date: /home/dash/Desktop/ros_ws/install/robot_interfaces/include/robot_interfaces/robot_interfaces/srv/detail/image_capture__struct.hpp
[12.583s] -- Up-to-date: /home/dash/Desktop/ros_ws/install/robot_interfaces/include/robot_interfaces/robot_interfaces/srv/detail/handshake__builder.hpp
[12.586s] -- Up-to-date: /home/dash/Desktop/ros_ws/install/robot_interfaces/include/robot_interfaces/robot_interfaces/srv/detail/image_capture__traits.hpp
[12.590s] -- Up-to-date: /home/dash/Desktop/ros_ws/install/robot_interfaces/include/robot_interfaces/robot_interfaces/srv/detail/config__traits.hpp
[12.593s] -- Up-to-date: /home/dash/Desktop/ros_ws/install/robot_interfaces/include/robot_interfaces/robot_interfaces/srv/detail/robot_status_srv__builder.hpp
[12.596s] -- Up-to-date: /home/dash/Desktop/ros_ws/install/robot_interfaces/include/robot_interfaces/robot_interfaces/srv/detail/robot_status_srv__struct.hpp
[12.600s] -- Up-to-date: /home/dash/Desktop/ros_ws/install/robot_interfaces/include/robot_interfaces/robot_interfaces/srv/detail/handshake__traits.hpp
[12.603s] -- Up-to-date: /home/dash/Desktop/ros_ws/install/robot_interfaces/include/robot_interfaces/robot_interfaces/srv/detail/robot_status_srv__traits.hpp
[12.606s] -- Up-to-date: /home/dash/Desktop/ros_ws/install/robot_interfaces/include/robot_interfaces/robot_interfaces/srv/detail/config__struct.hpp
[12.610s] -- Up-to-date: /home/dash/Desktop/ros_ws/install/robot_interfaces/include/robot_interfaces/robot_interfaces/srv/detail/lm_chat__traits.hpp
[12.614s] -- Up-to-date: /home/dash/Desktop/ros_ws/install/robot_interfaces/include/robot_interfaces/robot_interfaces/srv/detail/handshake__struct.hpp
[12.617s] -- Up-to-date: /home/dash/Desktop/ros_ws/install/robot_interfaces/include/robot_interfaces/robot_interfaces/srv/robot_status_srv.hpp
[12.622s] -- Up-to-date: /home/dash/Desktop/ros_ws/install/robot_interfaces/include/robot_interfaces/robot_interfaces/srv/image_capture.hpp
[12.625s] -- Up-to-date: /home/dash/Desktop/ros_ws/install/robot_interfaces/include/robot_interfaces/robot_interfaces/srv/config.hpp
[12.629s] -- Up-to-date: /home/dash/Desktop/ros_ws/install/robot_interfaces/include/robot_interfaces/robot_interfaces/srv/handshake.hpp
[12.637s] -- Up-to-date: /home/dash/Desktop/ros_ws/install/robot_interfaces/include/robot_interfaces/robot_interfaces/srv/lm_chat.hpp
[12.640s] -- Up-to-date: /home/dash/Desktop/ros_ws/install/robot_interfaces/include/robot_interfaces/robot_interfaces
[12.644s] -- Up-to-date: /home/dash/Desktop/ros_ws/install/robot_interfaces/include/robot_interfaces/robot_interfaces/srv
[12.647s] -- Up-to-date: /home/dash/Desktop/ros_ws/install/robot_interfaces/include/robot_interfaces/robot_interfaces/srv/detail
[12.651s] -- Up-to-date: /home/dash/Desktop/ros_ws/install/robot_interfaces/include/robot_interfaces/robot_interfaces/srv/detail/dds_fastrtps
[12.654s] -- Up-to-date: /home/dash/Desktop/ros_ws/install/robot_interfaces/include/robot_interfaces/robot_interfaces/srv/detail/config__rosidl_typesupport_fastrtps_cpp.hpp
[12.658s] -- Up-to-date: /home/dash/Desktop/ros_ws/install/robot_interfaces/include/robot_interfaces/robot_interfaces/srv/detail/image_capture__rosidl_typesupport_fastrtps_cpp.hpp
[12.661s] -- Up-to-date: /home/dash/Desktop/ros_ws/install/robot_interfaces/include/robot_interfaces/robot_interfaces/srv/detail/lm_chat__rosidl_typesupport_fastrtps_cpp.hpp
[12.665s] -- Up-to-date: /home/dash/Desktop/ros_ws/install/robot_interfaces/include/robot_interfaces/robot_interfaces/srv/detail/handshake__rosidl_typesupport_fastrtps_cpp.hpp
[12.670s] -- Up-to-date: /home/dash/Desktop/ros_ws/install/robot_interfaces/include/robot_interfaces/robot_interfaces/srv/detail/robot_status_srv__rosidl_typesupport_fastrtps_cpp.hpp
[12.673s] -- Up-to-date: /home/dash/Desktop/ros_ws/install/robot_interfaces/include/robot_interfaces/robot_interfaces/msg
[12.677s] -- Up-to-date: /home/dash/Desktop/ros_ws/install/robot_interfaces/include/robot_interfaces/robot_interfaces/msg/rosidl_typesupport_fastrtps_cpp__visibility_control.h
[12.680s] -- Up-to-date: /home/dash/Desktop/ros_ws/install/robot_interfaces/lib/librobot_interfaces__rosidl_typesupport_fastrtps_cpp.so
[12.684s] -- Up-to-date: /home/dash/Desktop/ros_ws/install/robot_interfaces/include/robot_interfaces/robot_interfaces
[12.687s] -- Up-to-date: /home/dash/Desktop/ros_ws/install/robot_interfaces/include/robot_interfaces/robot_interfaces/srv
[12.691s] -- Up-to-date: /home/dash/Desktop/ros_ws/install/robot_interfaces/include/robot_interfaces/robot_interfaces/srv/detail
[12.695s] -- Up-to-date: /home/dash/Desktop/ros_ws/install/robot_interfaces/include/robot_interfaces/robot_interfaces/srv/detail/handshake__rosidl_typesupport_introspection_cpp.hpp
[12.698s] -- Up-to-date: /home/dash/Desktop/ros_ws/install/robot_interfaces/include/robot_interfaces/robot_interfaces/srv/detail/image_capture__rosidl_typesupport_introspection_cpp.hpp
[12.703s] -- Up-to-date: /home/dash/Desktop/ros_ws/install/robot_interfaces/include/robot_interfaces/robot_interfaces/srv/detail/handshake__type_support.cpp
[12.709s] -- Up-to-date: /home/dash/Desktop/ros_ws/install/robot_interfaces/include/robot_interfaces/robot_interfaces/srv/detail/image_capture__type_support.cpp
[12.721s] -- Up-to-date: /home/dash/Desktop/ros_ws/install/robot_interfaces/include/robot_interfaces/robot_interfaces/srv/detail/config__type_support.cpp
[12.722s] -- Up-to-date: /home/dash/Desktop/ros_ws/install/robot_interfaces/include/robot_interfaces/robot_interfaces/srv/detail/lm_chat__type_support.cpp
[12.725s] -- Up-to-date: /home/dash/Desktop/ros_ws/install/robot_interfaces/include/robot_interfaces/robot_interfaces/srv/detail/lm_chat__rosidl_typesupport_introspection_cpp.hpp
[12.726s] -- Up-to-date: /home/dash/Desktop/ros_ws/install/robot_interfaces/include/robot_interfaces/robot_interfaces/srv/detail/robot_status_srv__type_support.cpp
[12.737s] -- Up-to-date: /home/dash/Desktop/ros_ws/install/robot_interfaces/include/robot_interfaces/robot_interfaces/srv/detail/robot_status_srv__rosidl_typesupport_introspection_cpp.hpp
[12.738s] -- Up-to-date: /home/dash/Desktop/ros_ws/install/robot_interfaces/include/robot_interfaces/robot_interfaces/srv/detail/config__rosidl_typesupport_introspection_cpp.hpp
[12.743s] -- Up-to-date: /home/dash/Desktop/ros_ws/install/robot_interfaces/lib/librobot_interfaces__rosidl_typesupport_introspection_cpp.so
[12.748s] -- Up-to-date: /home/dash/Desktop/ros_ws/install/robot_interfaces/lib/librobot_interfaces__rosidl_typesupport_cpp.so
[12.751s] -- Up-to-date: /home/dash/Desktop/ros_ws/install/robot_interfaces/share/robot_interfaces/environment/pythonpath.sh
[12.755s] -- Up-to-date: /home/dash/Desktop/ros_ws/install/robot_interfaces/share/robot_interfaces/environment/pythonpath.dsv
[12.761s] -- Up-to-date: /home/dash/Desktop/ros_ws/install/robot_interfaces/local/lib/python3.10/dist-packages/robot_interfaces-0.0.0-py3.10.egg-info
[12.765s] -- Installing: /home/dash/Desktop/ros_ws/install/robot_interfaces/local/lib/python3.10/dist-packages/robot_interfaces-0.0.0-py3.10.egg-info/dependency_links.txt
[12.768s] -- Installing: /home/dash/Desktop/ros_ws/install/robot_interfaces/local/lib/python3.10/dist-packages/robot_interfaces-0.0.0-py3.10.egg-info/top_level.txt
[12.776s] -- Installing: /home/dash/Desktop/ros_ws/install/robot_interfaces/local/lib/python3.10/dist-packages/robot_interfaces-0.0.0-py3.10.egg-info/SOURCES.txt
[12.780s] -- Installing: /home/dash/Desktop/ros_ws/install/robot_interfaces/local/lib/python3.10/dist-packages/robot_interfaces-0.0.0-py3.10.egg-info/PKG-INFO
[12.781s] -- Up-to-date: /home/dash/Desktop/ros_ws/install/robot_interfaces/local/lib/python3.10/dist-packages/robot_interfaces
[12.782s] -- Up-to-date: /home/dash/Desktop/ros_ws/install/robot_interfaces/local/lib/python3.10/dist-packages/robot_interfaces/_robot_interfaces_s.ep.rosidl_typesupport_introspection_c.c
[12.782s] -- Up-to-date: /home/dash/Desktop/ros_ws/install/robot_interfaces/local/lib/python3.10/dist-packages/robot_interfaces/robot_interfaces_s__rosidl_typesupport_c.cpython-310-aarch64-linux-gnu.so
[12.783s] -- Up-to-date: /home/dash/Desktop/ros_ws/install/robot_interfaces/local/lib/python3.10/dist-packages/robot_interfaces/_robot_interfaces_s.ep.rosidl_typesupport_c.c
[12.799s] -- Up-to-date: /home/dash/Desktop/ros_ws/install/robot_interfaces/local/lib/python3.10/dist-packages/robot_interfaces/librobot_interfaces__rosidl_generator_py.so
[12.800s] -- Up-to-date: /home/dash/Desktop/ros_ws/install/robot_interfaces/local/lib/python3.10/dist-packages/robot_interfaces/_robot_interfaces_s.ep.rosidl_typesupport_fastrtps_c.c
[12.801s] -- Up-to-date: /home/dash/Desktop/ros_ws/install/robot_interfaces/local/lib/python3.10/dist-packages/robot_interfaces/srv
[12.802s] -- Up-to-date: /home/dash/Desktop/ros_ws/install/robot_interfaces/local/lib/python3.10/dist-packages/robot_interfaces/srv/_config_s.c
[12.802s] -- Up-to-date: /home/dash/Desktop/ros_ws/install/robot_interfaces/local/lib/python3.10/dist-packages/robot_interfaces/srv/_robot_status_srv_s.c
[12.803s] -- Up-to-date: /home/dash/Desktop/ros_ws/install/robot_interfaces/local/lib/python3.10/dist-packages/robot_interfaces/srv/_robot_status_srv.py
[12.812s] -- Up-to-date: /home/dash/Desktop/ros_ws/install/robot_interfaces/local/lib/python3.10/dist-packages/robot_interfaces/srv/_lm_chat_s.c
[12.816s] -- Up-to-date: /home/dash/Desktop/ros_ws/install/robot_interfaces/local/lib/python3.10/dist-packages/robot_interfaces/srv/_handshake_s.c
[12.820s] -- Up-to-date: /home/dash/Desktop/ros_ws/install/robot_interfaces/local/lib/python3.10/dist-packages/robot_interfaces/srv/_image_capture_s.c
[12.823s] -- Up-to-date: /home/dash/Desktop/ros_ws/install/robot_interfaces/local/lib/python3.10/dist-packages/robot_interfaces/srv/_handshake.py
[12.828s] -- Up-to-date: /home/dash/Desktop/ros_ws/install/robot_interfaces/local/lib/python3.10/dist-packages/robot_interfaces/srv/__init__.py
[12.833s] -- Up-to-date: /home/dash/Desktop/ros_ws/install/robot_interfaces/local/lib/python3.10/dist-packages/robot_interfaces/srv/_config.py
[12.837s] -- Up-to-date: /home/dash/Desktop/ros_ws/install/robot_interfaces/local/lib/python3.10/dist-packages/robot_interfaces/srv/_image_capture.py
[12.841s] -- Up-to-date: /home/dash/Desktop/ros_ws/install/robot_interfaces/local/lib/python3.10/dist-packages/robot_interfaces/srv/_lm_chat.py
[12.844s] -- Up-to-date: /home/dash/Desktop/ros_ws/install/robot_interfaces/local/lib/python3.10/dist-packages/robot_interfaces/__init__.py
[12.848s] -- Up-to-date: /home/dash/Desktop/ros_ws/install/robot_interfaces/local/lib/python3.10/dist-packages/robot_interfaces/robot_interfaces_s__rosidl_typesupport_fastrtps_c.cpython-310-aarch64-linux-gnu.so
[12.851s] -- Up-to-date: /home/dash/Desktop/ros_ws/install/robot_interfaces/local/lib/python3.10/dist-packages/robot_interfaces/robot_interfaces_s__rosidl_typesupport_introspection_c.cpython-310-aarch64-linux-gnu.so
[13.287s] Listing '/home/dash/Desktop/ros_ws/install/robot_interfaces/local/lib/python3.10/dist-packages/robot_interfaces'...
[13.293s] Listing '/home/dash/Desktop/ros_ws/install/robot_interfaces/local/lib/python3.10/dist-packages/robot_interfaces/srv'...
[13.356s] -- Up-to-date: /home/dash/Desktop/ros_ws/install/robot_interfaces/local/lib/python3.10/dist-packages/robot_interfaces/robot_interfaces_s__rosidl_typesupport_fastrtps_c.cpython-310-aarch64-linux-gnu.so
[13.378s] -- Up-to-date: /home/dash/Desktop/ros_ws/install/robot_interfaces/local/lib/python3.10/dist-packages/robot_interfaces/robot_interfaces_s__rosidl_typesupport_introspection_c.cpython-310-aarch64-linux-gnu.so
[13.379s] -- Up-to-date: /home/dash/Desktop/ros_ws/install/robot_interfaces/local/lib/python3.10/dist-packages/robot_interfaces/robot_interfaces_s__rosidl_typesupport_c.cpython-310-aarch64-linux-gnu.so
[13.475s] -- Up-to-date: /home/dash/Desktop/ros_ws/install/robot_interfaces/lib/librobot_interfaces__rosidl_generator_py.so
[13.488s] -- Up-to-date: /home/dash/Desktop/ros_ws/install/robot_interfaces/share/robot_interfaces/srv/LMChat.idl
[13.495s] -- Up-to-date: /home/dash/Desktop/ros_ws/install/robot_interfaces/share/robot_interfaces/srv/Handshake.idl
[13.496s] -- Up-to-date: /home/dash/Desktop/ros_ws/install/robot_interfaces/share/robot_interfaces/srv/RobotStatusSrv.idl
[13.497s] -- Up-to-date: /home/dash/Desktop/ros_ws/install/robot_interfaces/share/robot_interfaces/srv/Config.idl
[13.498s] -- Up-to-date: /home/dash/Desktop/ros_ws/install/robot_interfaces/share/robot_interfaces/srv/ImageCapture.idl
[13.498s] -- Up-to-date: /home/dash/Desktop/ros_ws/install/robot_interfaces/share/robot_interfaces/srv/LMChat.srv
[13.499s] -- Up-to-date: /home/dash/Desktop/ros_ws/install/robot_interfaces/share/robot_interfaces/srv/LMChat_Request.msg
[13.500s] -- Up-to-date: /home/dash/Desktop/ros_ws/install/robot_interfaces/share/robot_interfaces/srv/LMChat_Response.msg
[13.501s] -- Up-to-date: /home/dash/Desktop/ros_ws/install/robot_interfaces/share/robot_interfaces/srv/Handshake.srv
[13.501s] -- Up-to-date: /home/dash/Desktop/ros_ws/install/robot_interfaces/share/robot_interfaces/srv/Handshake_Request.msg
[13.502s] -- Up-to-date: /home/dash/Desktop/ros_ws/install/robot_interfaces/share/robot_interfaces/srv/Handshake_Response.msg
[13.503s] -- Up-to-date: /home/dash/Desktop/ros_ws/install/robot_interfaces/share/robot_interfaces/srv/RobotStatusSrv.srv
[13.504s] -- Up-to-date: /home/dash/Desktop/ros_ws/install/robot_interfaces/share/robot_interfaces/srv/RobotStatusSrv_Request.msg
[13.504s] -- Up-to-date: /home/dash/Desktop/ros_ws/install/robot_interfaces/share/robot_interfaces/srv/RobotStatusSrv_Response.msg
[13.506s] -- Up-to-date: /home/dash/Desktop/ros_ws/install/robot_interfaces/share/robot_interfaces/srv/Config.srv
[13.506s] -- Up-to-date: /home/dash/Desktop/ros_ws/install/robot_interfaces/share/robot_interfaces/srv/Config_Request.msg
[13.507s] -- Up-to-date: /home/dash/Desktop/ros_ws/install/robot_interfaces/share/robot_interfaces/srv/Config_Response.msg
[13.507s] -- Up-to-date: /home/dash/Desktop/ros_ws/install/robot_interfaces/share/robot_interfaces/srv/ImageCapture.srv
[13.522s] -- Up-to-date: /home/dash/Desktop/ros_ws/install/robot_interfaces/share/robot_interfaces/srv/ImageCapture_Request.msg
[13.523s] -- Up-to-date: /home/dash/Desktop/ros_ws/install/robot_interfaces/share/robot_interfaces/srv/ImageCapture_Response.msg
[13.524s] -- Up-to-date: /home/dash/Desktop/ros_ws/install/robot_interfaces/share/ament_index/resource_index/package_run_dependencies/robot_interfaces
[13.525s] -- Up-to-date: /home/dash/Desktop/ros_ws/install/robot_interfaces/share/ament_index/resource_index/parent_prefix_path/robot_interfaces
[13.526s] -- Up-to-date: /home/dash/Desktop/ros_ws/install/robot_interfaces/share/robot_interfaces/environment/ament_prefix_path.sh
[13.526s] -- Up-to-date: /home/dash/Desktop/ros_ws/install/robot_interfaces/share/robot_interfaces/environment/ament_prefix_path.dsv
[13.527s] -- Up-to-date: /home/dash/Desktop/ros_ws/install/robot_interfaces/share/robot_interfaces/environment/path.sh
[13.543s] -- Up-to-date: /home/dash/Desktop/ros_ws/install/robot_interfaces/share/robot_interfaces/environment/path.dsv
[13.545s] -- Up-to-date: /home/dash/Desktop/ros_ws/install/robot_interfaces/share/robot_interfaces/local_setup.bash
[13.546s] -- Up-to-date: /home/dash/Desktop/ros_ws/install/robot_interfaces/share/robot_interfaces/local_setup.sh
[13.549s] -- Up-to-date: /home/dash/Desktop/ros_ws/install/robot_interfaces/share/robot_interfaces/local_setup.zsh
[13.550s] -- Up-to-date: /home/dash/Desktop/ros_ws/install/robot_interfaces/share/robot_interfaces/local_setup.dsv
[13.552s] -- Installing: /home/dash/Desktop/ros_ws/install/robot_interfaces/share/robot_interfaces/package.dsv
[13.553s] -- Up-to-date: /home/dash/Desktop/ros_ws/install/robot_interfaces/share/ament_index/resource_index/packages/robot_interfaces
[13.555s] -- Up-to-date: /home/dash/Desktop/ros_ws/install/robot_interfaces/share/robot_interfaces/cmake/export_robot_interfaces__rosidl_generator_cExport.cmake
[13.557s] -- Up-to-date: /home/dash/Desktop/ros_ws/install/robot_interfaces/share/robot_interfaces/cmake/export_robot_interfaces__rosidl_generator_cExport-noconfig.cmake
[13.559s] -- Up-to-date: /home/dash/Desktop/ros_ws/install/robot_interfaces/share/robot_interfaces/cmake/export_robot_interfaces__rosidl_typesupport_fastrtps_cExport.cmake
[13.564s] -- Up-to-date: /home/dash/Desktop/ros_ws/install/robot_interfaces/share/robot_interfaces/cmake/export_robot_interfaces__rosidl_typesupport_fastrtps_cExport-noconfig.cmake
[13.568s] -- Up-to-date: /home/dash/Desktop/ros_ws/install/robot_interfaces/share/robot_interfaces/cmake/robot_interfaces__rosidl_typesupport_introspection_cExport.cmake
[13.570s] -- Up-to-date: /home/dash/Desktop/ros_ws/install/robot_interfaces/share/robot_interfaces/cmake/robot_interfaces__rosidl_typesupport_introspection_cExport-noconfig.cmake
[13.571s] -- Up-to-date: /home/dash/Desktop/ros_ws/install/robot_interfaces/share/robot_interfaces/cmake/robot_interfaces__rosidl_typesupport_cExport.cmake
[13.573s] -- Up-to-date: /home/dash/Desktop/ros_ws/install/robot_interfaces/share/robot_interfaces/cmake/robot_interfaces__rosidl_typesupport_cExport-noconfig.cmake
[13.574s] -- Up-to-date: /home/dash/Desktop/ros_ws/install/robot_interfaces/share/robot_interfaces/cmake/export_robot_interfaces__rosidl_generator_cppExport.cmake
[13.584s] -- Up-to-date: /home/dash/Desktop/ros_ws/install/robot_interfaces/share/robot_interfaces/cmake/export_robot_interfaces__rosidl_typesupport_fastrtps_cppExport.cmake
[13.587s] -- Up-to-date: /home/dash/Desktop/ros_ws/install/robot_interfaces/share/robot_interfaces/cmake/export_robot_interfaces__rosidl_typesupport_fastrtps_cppExport-noconfig.cmake
[13.588s] -- Up-to-date: /home/dash/Desktop/ros_ws/install/robot_interfaces/share/robot_interfaces/cmake/robot_interfaces__rosidl_typesupport_introspection_cppExport.cmake
[13.589s] -- Up-to-date: /home/dash/Desktop/ros_ws/install/robot_interfaces/share/robot_interfaces/cmake/robot_interfaces__rosidl_typesupport_introspection_cppExport-noconfig.cmake
[13.590s] -- Up-to-date: /home/dash/Desktop/ros_ws/install/robot_interfaces/share/robot_interfaces/cmake/robot_interfaces__rosidl_typesupport_cppExport.cmake
[13.590s] -- Up-to-date: /home/dash/Desktop/ros_ws/install/robot_interfaces/share/robot_interfaces/cmake/robot_interfaces__rosidl_typesupport_cppExport-noconfig.cmake
[13.591s] -- Up-to-date: /home/dash/Desktop/ros_ws/install/robot_interfaces/share/robot_interfaces/cmake/export_robot_interfaces__rosidl_generator_pyExport.cmake
[13.593s] -- Up-to-date: /home/dash/Desktop/ros_ws/install/robot_interfaces/share/robot_interfaces/cmake/export_robot_interfaces__rosidl_generator_pyExport-noconfig.cmake
[13.594s] -- Up-to-date: /home/dash/Desktop/ros_ws/install/robot_interfaces/share/robot_interfaces/cmake/rosidl_cmake-extras.cmake
[13.616s] -- Up-to-date: /home/dash/Desktop/ros_ws/install/robot_interfaces/share/robot_interfaces/cmake/ament_cmake_export_include_directories-extras.cmake
[13.618s] -- Up-to-date: /home/dash/Desktop/ros_ws/install/robot_interfaces/share/robot_interfaces/cmake/ament_cmake_export_libraries-extras.cmake
[13.620s] -- Up-to-date: /home/dash/Desktop/ros_ws/install/robot_interfaces/share/robot_interfaces/cmake/ament_cmake_export_targets-extras.cmake
[13.621s] -- Up-to-date: /home/dash/Desktop/ros_ws/install/robot_interfaces/share/robot_interfaces/cmake/rosidl_cmake_export_typesupport_targets-extras.cmake
[13.623s] -- Up-to-date: /home/dash/Desktop/ros_ws/install/robot_interfaces/share/robot_interfaces/cmake/ament_cmake_export_dependencies-extras.cmake
[13.624s] -- Up-to-date: /home/dash/Desktop/ros_ws/install/robot_interfaces/share/robot_interfaces/cmake/rosidl_cmake_export_typesupport_libraries-extras.cmake
[13.626s] -- Up-to-date: /home/dash/Desktop/ros_ws/install/robot_interfaces/share/robot_interfaces/cmake/robot_interfacesConfig.cmake
[13.628s] -- Up-to-date: /home/dash/Desktop/ros_ws/install/robot_interfaces/share/robot_interfaces/cmake/robot_interfacesConfig-version.cmake
[13.651s] -- Up-to-date: /home/dash/Desktop/ros_ws/install/robot_interfaces/share/robot_interfaces/package.xml
[13.749s] Invoked command in '/home/dash/Desktop/ros_ws/build/robot_interfaces' returned '0': CMAKE_PREFIX_PATH=${CMAKE_PREFIX_PATH}:/home/dash/Desktop/ros_ws/install/user_interface:/home/dash/Desktop/ros_ws/install/nlp_subsystem:/home/dash/Desktop/ros_ws/install/cv_subsystem:/home/dash/Desktop/ros_ws/install/controller:/opt/ros/humble /usr/bin/cmake --install /home/dash/Desktop/ros_ws/build/robot_interfaces
