[4.918s] Invoking command in '/home/dash/Desktop/ros_ws/src/user_interface': PYTHONPATH=/home/dash/Desktop/ros_ws/build/user_interface/prefix_override:/home/dash/Desktop/ros_ws/install/user_interface/lib/python3.10/site-packages:${PYTHONPATH} /usr/bin/python3 -W ignore:setup.py install is deprecated setup.py egg_info --egg-base ../../build/user_interface build --build-base /home/dash/Desktop/ros_ws/build/user_interface/build install --record /home/dash/Desktop/ros_ws/build/user_interface/install.log --single-version-externally-managed install_data
[6.520s] running egg_info
[6.523s] writing ../../build/user_interface/user_interface.egg-info/PKG-INFO
[6.524s] writing dependency_links to ../../build/user_interface/user_interface.egg-info/dependency_links.txt
[6.525s] writing entry points to ../../build/user_interface/user_interface.egg-info/entry_points.txt
[6.526s] writing requirements to ../../build/user_interface/user_interface.egg-info/requires.txt
[6.527s] writing top-level names to ../../build/user_interface/user_interface.egg-info/top_level.txt
[6.537s] reading manifest file '../../build/user_interface/user_interface.egg-info/SOURCES.txt'
[6.544s] writing manifest file '../../build/user_interface/user_interface.egg-info/SOURCES.txt'
[6.546s] running build
[6.547s] running build_py
[6.549s] running install
[6.551s] running install_lib
[6.561s] running install_data
[6.576s] running install_egg_info
[6.577s] removing '/home/dash/Desktop/ros_ws/install/user_interface/lib/python3.10/site-packages/user_interface-0.0.0-py3.10.egg-info' (and everything under it)
[6.584s] Copying ../../build/user_interface/user_interface.egg-info to /home/dash/Desktop/ros_ws/install/user_interface/lib/python3.10/site-packages/user_interface-0.0.0-py3.10.egg-info
[6.585s] running install_scripts
[6.692s] Installing flask_user_interface script to /home/dash/Desktop/ros_ws/install/user_interface/lib/user_interface
[6.693s] Installing user_interface script to /home/dash/Desktop/ros_ws/install/user_interface/lib/user_interface
[6.696s] writing list of installed files to '/home/dash/Desktop/ros_ws/build/user_interface/install.log'
[6.855s] Invoked command in '/home/dash/Desktop/ros_ws/src/user_interface' returned '0': PYTHONPATH=/home/dash/Desktop/ros_ws/build/user_interface/prefix_override:/home/dash/Desktop/ros_ws/install/user_interface/lib/python3.10/site-packages:${PYTHONPATH} /usr/bin/python3 -W ignore:setup.py install is deprecated setup.py egg_info --egg-base ../../build/user_interface build --build-base /home/dash/Desktop/ros_ws/build/user_interface/build install --record /home/dash/Desktop/ros_ws/build/user_interface/install.log --single-version-externally-managed install_data
