[10.490s] Invoking command in '/home/dash/Desktop/ros_ws/src/controller': PYTHONPATH=/home/dash/Desktop/ros_ws/build/controller/prefix_override:/home/dash/Desktop/ros_ws/install/controller/lib/python3.10/site-packages:${PYTHONPATH} /usr/bin/python3 -W ignore:setup.py install is deprecated setup.py egg_info --egg-base ../../build/controller build --build-base /home/dash/Desktop/ros_ws/build/controller/build install --record /home/dash/Desktop/ros_ws/build/controller/install.log --single-version-externally-managed install_data
[13.393s] running egg_info
[13.400s] writing ../../build/controller/controller.egg-info/PKG-INFO
[13.403s] writing dependency_links to ../../build/controller/controller.egg-info/dependency_links.txt
[13.407s] writing entry points to ../../build/controller/controller.egg-info/entry_points.txt
[13.445s] writing requirements to ../../build/controller/controller.egg-info/requires.txt
[13.450s] writing top-level names to ../../build/controller/controller.egg-info/top_level.txt
[13.463s] reading manifest file '../../build/controller/controller.egg-info/SOURCES.txt'
[13.733s] writing manifest file '../../build/controller/controller.egg-info/SOURCES.txt'
[13.815s] running build
[13.816s] running build_py
[13.823s] running install
[13.825s] running install_lib
[13.831s] running install_data
[13.832s] running install_egg_info
[13.844s] removing '/home/dash/Desktop/ros_ws/install/controller/lib/python3.10/site-packages/controller-0.0.0-py3.10.egg-info' (and everything under it)
[13.866s] Copying ../../build/controller/controller.egg-info to /home/dash/Desktop/ros_ws/install/controller/lib/python3.10/site-packages/controller-0.0.0-py3.10.egg-info
[13.877s] running install_scripts
[13.982s] Installing app_control script to /home/dash/Desktop/ros_ws/install/controller/lib/controller
[14.238s] Installing handshake script to /home/dash/Desktop/ros_ws/install/controller/lib/controller
[14.242s] Installing robot_status script to /home/dash/Desktop/ros_ws/install/controller/lib/controller
[14.244s] Installing settings_handler script to /home/dash/Desktop/ros_ws/install/controller/lib/controller
[14.247s] writing list of installed files to '/home/dash/Desktop/ros_ws/build/controller/install.log'
[14.711s] Invoked command in '/home/dash/Desktop/ros_ws/src/controller' returned '0': PYTHONPATH=/home/dash/Desktop/ros_ws/build/controller/prefix_override:/home/dash/Desktop/ros_ws/install/controller/lib/python3.10/site-packages:${PYTHONPATH} /usr/bin/python3 -W ignore:setup.py install is deprecated setup.py egg_info --egg-base ../../build/controller build --build-base /home/dash/Desktop/ros_ws/build/controller/build install --record /home/dash/Desktop/ros_ws/build/controller/install.log --single-version-externally-managed install_data
