[4.180s] Invoking command in '/home/dash/Desktop/ros_ws/src/cv_subsystem': PYTHONPATH=/home/dash/Desktop/ros_ws/build/cv_subsystem/prefix_override:/home/dash/Desktop/ros_ws/install/cv_subsystem/lib/python3.10/site-packages:${PYTHONPATH} /usr/bin/python3 -W ignore:setup.py install is deprecated setup.py egg_info --egg-base ../../build/cv_subsystem build --build-base /home/dash/Desktop/ros_ws/build/cv_subsystem/build install --record /home/dash/Desktop/ros_ws/build/cv_subsystem/install.log --single-version-externally-managed install_data
[5.886s] running egg_info
[5.888s] writing ../../build/cv_subsystem/cv_subsystem.egg-info/PKG-INFO
[5.889s] writing dependency_links to ../../build/cv_subsystem/cv_subsystem.egg-info/dependency_links.txt
[5.890s] writing entry points to ../../build/cv_subsystem/cv_subsystem.egg-info/entry_points.txt
[5.891s] writing requirements to ../../build/cv_subsystem/cv_subsystem.egg-info/requires.txt
[5.892s] writing top-level names to ../../build/cv_subsystem/cv_subsystem.egg-info/top_level.txt
[5.902s] reading manifest file '../../build/cv_subsystem/cv_subsystem.egg-info/SOURCES.txt'
[5.906s] writing manifest file '../../build/cv_subsystem/cv_subsystem.egg-info/SOURCES.txt'
[5.907s] running build
[5.907s] running build_py
[5.908s] copying cv_subsystem/gesture_recognizer.py -> /home/dash/Desktop/ros_ws/build/cv_subsystem/build/lib/cv_subsystem
[5.910s] running install
[5.912s] running install_lib
[5.916s] copying /home/dash/Desktop/ros_ws/build/cv_subsystem/build/lib/cv_subsystem/gesture_recognizer.py -> /home/dash/Desktop/ros_ws/install/cv_subsystem/lib/python3.10/site-packages/cv_subsystem
[5.920s] byte-compiling /home/dash/Desktop/ros_ws/install/cv_subsystem/lib/python3.10/site-packages/cv_subsystem/gesture_recognizer.py to gesture_recognizer.cpython-310.pyc
[5.925s] running install_data
[5.926s] running install_egg_info
[5.934s] removing '/home/dash/Desktop/ros_ws/install/cv_subsystem/lib/python3.10/site-packages/cv_subsystem-0.0.0-py3.10.egg-info' (and everything under it)
[5.935s] Copying ../../build/cv_subsystem/cv_subsystem.egg-info to /home/dash/Desktop/ros_ws/install/cv_subsystem/lib/python3.10/site-packages/cv_subsystem-0.0.0-py3.10.egg-info
[5.944s] running install_scripts
[6.049s] Installing gesture_recognizer script to /home/dash/Desktop/ros_ws/install/cv_subsystem/lib/cv_subsystem
[6.051s] writing list of installed files to '/home/dash/Desktop/ros_ws/build/cv_subsystem/install.log'
[6.205s] Invoked command in '/home/dash/Desktop/ros_ws/src/cv_subsystem' returned '0': PYTHONPATH=/home/dash/Desktop/ros_ws/build/cv_subsystem/prefix_override:/home/dash/Desktop/ros_ws/install/cv_subsystem/lib/python3.10/site-packages:${PYTHONPATH} /usr/bin/python3 -W ignore:setup.py install is deprecated setup.py egg_info --egg-base ../../build/cv_subsystem build --build-base /home/dash/Desktop/ros_ws/build/cv_subsystem/build install --record /home/dash/Desktop/ros_ws/build/cv_subsystem/install.log --single-version-externally-managed install_data
