running egg_info
creating ../../build/user_interface/user_interface.egg-info
writing ../../build/user_interface/user_interface.egg-info/PKG-INFO
writing dependency_links to ../../build/user_interface/user_interface.egg-info/dependency_links.txt
writing entry points to ../../build/user_interface/user_interface.egg-info/entry_points.txt
writing requirements to ../../build/user_interface/user_interface.egg-info/requires.txt
writing top-level names to ../../build/user_interface/user_interface.egg-info/top_level.txt
writing manifest file '../../build/user_interface/user_interface.egg-info/SOURCES.txt'
reading manifest file '../../build/user_interface/user_interface.egg-info/SOURCES.txt'
writing manifest file '../../build/user_interface/user_interface.egg-info/SOURCES.txt'
running build
running build_py
creating /home/dash/Desktop/ros_ws/build/user_interface/build
creating /home/dash/Desktop/ros_ws/build/user_interface/build/lib
creating /home/dash/Desktop/ros_ws/build/user_interface/build/lib/user_interface
copying user_interface/__init__.py -> /home/dash/Desktop/ros_ws/build/user_interface/build/lib/user_interface
running install
running install_lib
creating /home/dash/Desktop/ros_ws/install/user_interface/lib/python3.10/site-packages/user_interface
copying /home/dash/Desktop/ros_ws/build/user_interface/build/lib/user_interface/__init__.py -> /home/dash/Desktop/ros_ws/install/user_interface/lib/python3.10/site-packages/user_interface
byte-compiling /home/dash/Desktop/ros_ws/install/user_interface/lib/python3.10/site-packages/user_interface/__init__.py to __init__.cpython-310.pyc
running install_data
creating /home/dash/Desktop/ros_ws/install/user_interface/share/ament_index
creating /home/dash/Desktop/ros_ws/install/user_interface/share/ament_index/resource_index
creating /home/dash/Desktop/ros_ws/install/user_interface/share/ament_index/resource_index/packages
copying resource/user_interface -> /home/dash/Desktop/ros_ws/install/user_interface/share/ament_index/resource_index/packages
copying package.xml -> /home/dash/Desktop/ros_ws/install/user_interface/share/user_interface
running install_egg_info
Copying ../../build/user_interface/user_interface.egg-info to /home/dash/Desktop/ros_ws/install/user_interface/lib/python3.10/site-packages/user_interface-0.0.0-py3.10.egg-info
running install_scripts
writing list of installed files to '/home/dash/Desktop/ros_ws/build/user_interface/install.log'
