[5.143s] Invoking command in '/home/dash/Desktop/ros_ws/src/user_interface': PYTHONPATH=/home/dash/Desktop/ros_ws/build/user_interface/prefix_override:/home/dash/Desktop/ros_ws/install/user_interface/lib/python3.10/site-packages:${PYTHONPATH} /usr/bin/python3 -W ignore:setup.py install is deprecated setup.py egg_info --egg-base ../../build/user_interface build --build-base /home/dash/Desktop/ros_ws/build/user_interface/build install --record /home/dash/Desktop/ros_ws/build/user_interface/install.log --single-version-externally-managed install_data
[6.768s] running egg_info
[6.770s] creating ../../build/user_interface/user_interface.egg-info
[6.771s] writing ../../build/user_interface/user_interface.egg-info/PKG-INFO
[6.772s] writing dependency_links to ../../build/user_interface/user_interface.egg-info/dependency_links.txt
[6.773s] writing entry points to ../../build/user_interface/user_interface.egg-info/entry_points.txt
[6.774s] writing requirements to ../../build/user_interface/user_interface.egg-info/requires.txt
[6.774s] writing top-level names to ../../build/user_interface/user_interface.egg-info/top_level.txt
[6.776s] writing manifest file '../../build/user_interface/user_interface.egg-info/SOURCES.txt'
[6.784s] reading manifest file '../../build/user_interface/user_interface.egg-info/SOURCES.txt'
[6.788s] writing manifest file '../../build/user_interface/user_interface.egg-info/SOURCES.txt'
[6.788s] running build
[6.789s] running build_py
[6.790s] creating /home/dash/Desktop/ros_ws/build/user_interface/build
[6.791s] creating /home/dash/Desktop/ros_ws/build/user_interface/build/lib
[6.792s] creating /home/dash/Desktop/ros_ws/build/user_interface/build/lib/user_interface
[6.792s] copying user_interface/__init__.py -> /home/dash/Desktop/ros_ws/build/user_interface/build/lib/user_interface
[6.793s] running install
[6.800s] running install_lib
[6.801s] creating /home/dash/Desktop/ros_ws/install/user_interface/lib/python3.10/site-packages/user_interface
[6.801s] copying /home/dash/Desktop/ros_ws/build/user_interface/build/lib/user_interface/__init__.py -> /home/dash/Desktop/ros_ws/install/user_interface/lib/python3.10/site-packages/user_interface
[6.803s] byte-compiling /home/dash/Desktop/ros_ws/install/user_interface/lib/python3.10/site-packages/user_interface/__init__.py to __init__.cpython-310.pyc
[6.805s] running install_data
[6.806s] creating /home/dash/Desktop/ros_ws/install/user_interface/share/ament_index
[6.807s] creating /home/dash/Desktop/ros_ws/install/user_interface/share/ament_index/resource_index
[6.808s] creating /home/dash/Desktop/ros_ws/install/user_interface/share/ament_index/resource_index/packages
[6.809s] copying resource/user_interface -> /home/dash/Desktop/ros_ws/install/user_interface/share/ament_index/resource_index/packages
[6.810s] copying package.xml -> /home/dash/Desktop/ros_ws/install/user_interface/share/user_interface
[6.810s] running install_egg_info
[6.818s] Copying ../../build/user_interface/user_interface.egg-info to /home/dash/Desktop/ros_ws/install/user_interface/lib/python3.10/site-packages/user_interface-0.0.0-py3.10.egg-info
[6.824s] running install_scripts
[6.923s] writing list of installed files to '/home/dash/Desktop/ros_ws/build/user_interface/install.log'
[7.080s] Invoked command in '/home/dash/Desktop/ros_ws/src/user_interface' returned '0': PYTHONPATH=/home/dash/Desktop/ros_ws/build/user_interface/prefix_override:/home/dash/Desktop/ros_ws/install/user_interface/lib/python3.10/site-packages:${PYTHONPATH} /usr/bin/python3 -W ignore:setup.py install is deprecated setup.py egg_info --egg-base ../../build/user_interface build --build-base /home/dash/Desktop/ros_ws/build/user_interface/build install --record /home/dash/Desktop/ros_ws/build/user_interface/install.log --single-version-externally-managed install_data
