[10.359s] Invoking command in '/home/dash/Desktop/ros_ws/src/controller': PYTHONPATH=/home/dash/Desktop/ros_ws/build/controller/prefix_override:/home/dash/Desktop/ros_ws/install/controller/lib/python3.10/site-packages:${PYTHONPATH} /usr/bin/python3 -W ignore:setup.py install is deprecated setup.py egg_info --egg-base ../../build/controller build --build-base /home/dash/Desktop/ros_ws/build/controller/build install --record /home/dash/Desktop/ros_ws/build/controller/install.log --single-version-externally-managed install_data
[13.693s] running egg_info
[13.700s] writing ../../build/controller/controller.egg-info/PKG-INFO
[13.705s] writing dependency_links to ../../build/controller/controller.egg-info/dependency_links.txt
[13.709s] writing entry points to ../../build/controller/controller.egg-info/entry_points.txt
[13.713s] writing requirements to ../../build/controller/controller.egg-info/requires.txt
[13.717s] writing top-level names to ../../build/controller/controller.egg-info/top_level.txt
[13.733s] reading manifest file '../../build/controller/controller.egg-info/SOURCES.txt'
[13.741s] writing manifest file '../../build/controller/controller.egg-info/SOURCES.txt'
[13.752s] running build
[13.753s] running build_py
[13.782s] copying controller/settings_handler.py -> /home/dash/Desktop/ros_ws/build/controller/build/lib/controller
[13.805s] running install
[13.815s] running install_lib
[13.820s] copying /home/dash/Desktop/ros_ws/build/controller/build/lib/controller/settings_handler.py -> /home/dash/Desktop/ros_ws/install/controller/lib/python3.10/site-packages/controller
[13.856s] byte-compiling /home/dash/Desktop/ros_ws/install/controller/lib/python3.10/site-packages/controller/settings_handler.py to settings_handler.cpython-310.pyc
[13.870s] running install_data
[13.879s] running install_egg_info
[13.950s] removing '/home/dash/Desktop/ros_ws/install/controller/lib/python3.10/site-packages/controller-0.0.0-py3.10.egg-info' (and everything under it)
[13.962s] Copying ../../build/controller/controller.egg-info to /home/dash/Desktop/ros_ws/install/controller/lib/python3.10/site-packages/controller-0.0.0-py3.10.egg-info
[13.993s] running install_scripts
[14.174s] Installing app_control script to /home/dash/Desktop/ros_ws/install/controller/lib/controller
[14.176s] Installing handshake script to /home/dash/Desktop/ros_ws/install/controller/lib/controller
[14.182s] Installing robot_status script to /home/dash/Desktop/ros_ws/install/controller/lib/controller
[14.185s] Installing settings_handler script to /home/dash/Desktop/ros_ws/install/controller/lib/controller
[14.189s] writing list of installed files to '/home/dash/Desktop/ros_ws/build/controller/install.log'
[14.487s] Invoked command in '/home/dash/Desktop/ros_ws/src/controller' returned '0': PYTHONPATH=/home/dash/Desktop/ros_ws/build/controller/prefix_override:/home/dash/Desktop/ros_ws/install/controller/lib/python3.10/site-packages:${PYTHONPATH} /usr/bin/python3 -W ignore:setup.py install is deprecated setup.py egg_info --egg-base ../../build/controller build --build-base /home/dash/Desktop/ros_ws/build/controller/build install --record /home/dash/Desktop/ros_ws/build/controller/install.log --single-version-externally-managed install_data
