[22.036s] Invoking command in '/home/dash/Desktop/ros_ws/src/cv_subsystem': PYTHONPATH=/home/dash/Desktop/ros_ws/build/cv_subsystem/prefix_override:/home/dash/Desktop/ros_ws/install/cv_subsystem/lib/python3.10/site-packages:${PYTHONPATH} /usr/bin/python3 -W ignore:setup.py install is deprecated setup.py egg_info --egg-base ../../build/cv_subsystem build --build-base /home/dash/Desktop/ros_ws/build/cv_subsystem/build install --record /home/dash/Desktop/ros_ws/build/cv_subsystem/install.log --single-version-externally-managed install_data
[31.007s] running egg_info
[31.030s] writing ../../build/cv_subsystem/cv_subsystem.egg-info/PKG-INFO
[31.072s] writing dependency_links to ../../build/cv_subsystem/cv_subsystem.egg-info/dependency_links.txt
[31.079s] writing entry points to ../../build/cv_subsystem/cv_subsystem.egg-info/entry_points.txt
[31.093s] writing requirements to ../../build/cv_subsystem/cv_subsystem.egg-info/requires.txt
[31.105s] writing top-level names to ../../build/cv_subsystem/cv_subsystem.egg-info/top_level.txt
[31.258s] reading manifest file '../../build/cv_subsystem/cv_subsystem.egg-info/SOURCES.txt'
[31.290s] writing manifest file '../../build/cv_subsystem/cv_subsystem.egg-info/SOURCES.txt'
[31.298s] running build
[31.299s] running build_py
[31.373s] running install
[31.374s] running install_lib
[31.460s] running install_data
[31.489s] running install_egg_info
[31.557s] removing '/home/dash/Desktop/ros_ws/install/cv_subsystem/lib/python3.10/site-packages/cv_subsystem-0.0.0-py3.10.egg-info' (and everything under it)
[31.607s] Copying ../../build/cv_subsystem/cv_subsystem.egg-info to /home/dash/Desktop/ros_ws/install/cv_subsystem/lib/python3.10/site-packages/cv_subsystem-0.0.0-py3.10.egg-info
[31.657s] running install_scripts
[31.994s] Installing capture_handler script to /home/dash/Desktop/ros_ws/install/cv_subsystem/lib/cv_subsystem
[32.013s] Installing gesture_recognizer script to /home/dash/Desktop/ros_ws/install/cv_subsystem/lib/cv_subsystem
[32.016s] Installing picam_publisher script to /home/dash/Desktop/ros_ws/install/cv_subsystem/lib/cv_subsystem
[32.032s] writing list of installed files to '/home/dash/Desktop/ros_ws/build/cv_subsystem/install.log'
[35.734s] Invoked command in '/home/dash/Desktop/ros_ws/src/cv_subsystem' returned '0': PYTHONPATH=/home/dash/Desktop/ros_ws/build/cv_subsystem/prefix_override:/home/dash/Desktop/ros_ws/install/cv_subsystem/lib/python3.10/site-packages:${PYTHONPATH} /usr/bin/python3 -W ignore:setup.py install is deprecated setup.py egg_info --egg-base ../../build/cv_subsystem build --build-base /home/dash/Desktop/ros_ws/build/cv_subsystem/build install --record /home/dash/Desktop/ros_ws/build/cv_subsystem/install.log --single-version-externally-managed install_data
