[5.038s] Invoking command in '/home/dash/Desktop/ros_ws/src/user_interface': PYTHONPATH=/home/dash/Desktop/ros_ws/build/user_interface/prefix_override:/home/dash/Desktop/ros_ws/install/user_interface/lib/python3.10/site-packages:${PYTHONPATH} /usr/bin/python3 -W ignore:setup.py install is deprecated setup.py egg_info --egg-base ../../build/user_interface build --build-base /home/dash/Desktop/ros_ws/build/user_interface/build install --record /home/dash/Desktop/ros_ws/build/user_interface/install.log --single-version-externally-managed install_data
[6.692s] running egg_info
[6.695s] writing ../../build/user_interface/user_interface.egg-info/PKG-INFO
[6.696s] writing dependency_links to ../../build/user_interface/user_interface.egg-info/dependency_links.txt
[6.697s] writing entry points to ../../build/user_interface/user_interface.egg-info/entry_points.txt
[6.698s] writing requirements to ../../build/user_interface/user_interface.egg-info/requires.txt
[6.698s] writing top-level names to ../../build/user_interface/user_interface.egg-info/top_level.txt
[6.708s] reading manifest file '../../build/user_interface/user_interface.egg-info/SOURCES.txt'
[6.713s] writing manifest file '../../build/user_interface/user_interface.egg-info/SOURCES.txt'
[6.714s] running build
[6.715s] running build_py
[6.715s] copying user_interface/ui.py -> /home/dash/Desktop/ros_ws/build/user_interface/build/lib/user_interface
[6.718s] running install
[6.719s] running install_lib
[6.723s] copying /home/dash/Desktop/ros_ws/build/user_interface/build/lib/user_interface/ui.py -> /home/dash/Desktop/ros_ws/install/user_interface/lib/python3.10/site-packages/user_interface
[6.728s] byte-compiling /home/dash/Desktop/ros_ws/install/user_interface/lib/python3.10/site-packages/user_interface/ui.py to ui.cpython-310.pyc
[6.753s] running install_data
[6.754s] running install_egg_info
[6.754s] removing '/home/dash/Desktop/ros_ws/install/user_interface/lib/python3.10/site-packages/user_interface-0.0.0-py3.10.egg-info' (and everything under it)
[6.755s] Copying ../../build/user_interface/user_interface.egg-info to /home/dash/Desktop/ros_ws/install/user_interface/lib/python3.10/site-packages/user_interface-0.0.0-py3.10.egg-info
[6.759s] running install_scripts
[6.888s] Installing flask_user_interface script to /home/dash/Desktop/ros_ws/install/user_interface/lib/user_interface
[6.890s] Installing user_interface script to /home/dash/Desktop/ros_ws/install/user_interface/lib/user_interface
[6.910s] writing list of installed files to '/home/dash/Desktop/ros_ws/build/user_interface/install.log'
[7.080s] Invoked command in '/home/dash/Desktop/ros_ws/src/user_interface' returned '0': PYTHONPATH=/home/dash/Desktop/ros_ws/build/user_interface/prefix_override:/home/dash/Desktop/ros_ws/install/user_interface/lib/python3.10/site-packages:${PYTHONPATH} /usr/bin/python3 -W ignore:setup.py install is deprecated setup.py egg_info --egg-base ../../build/user_interface build --build-base /home/dash/Desktop/ros_ws/build/user_interface/build install --record /home/dash/Desktop/ros_ws/build/user_interface/install.log --single-version-externally-managed install_data
