[4.385s] Invoking command in '/home/dash/Desktop/ros_ws/build/cv_subsystem': PYTHONPATH=/home/dash/Desktop/ros_ws/build/cv_subsystem/prefix_override:/home/dash/Desktop/ros_ws/install/cv_subsystem/lib/python3.10/site-packages:${PYTHONPATH} /usr/bin/python3 -W ignore:setup.py install is deprecated setup.py develop --uninstall --editable --build-directory /home/dash/Desktop/ros_ws/build/cv_subsystem/build
[6.251s] running develop
[7.473s] Removing /home/dash/Desktop/ros_ws/install/cv_subsystem/lib/python3.10/site-packages/cv-subsystem.egg-link (link to .)
[7.654s] Invoked command in '/home/dash/Desktop/ros_ws/build/cv_subsystem' returned '0': PYTHONPATH=/home/dash/Desktop/ros_ws/build/cv_subsystem/prefix_override:/home/dash/Desktop/ros_ws/install/cv_subsystem/lib/python3.10/site-packages:${PYTHONPATH} /usr/bin/python3 -W ignore:setup.py install is deprecated setup.py develop --uninstall --editable --build-directory /home/dash/Desktop/ros_ws/build/cv_subsystem/build
[7.687s] Invoking command in '/home/dash/Desktop/ros_ws/src/cv_subsystem': PYTHONPATH=/home/dash/Desktop/ros_ws/build/cv_subsystem/prefix_override:/home/dash/Desktop/ros_ws/install/cv_subsystem/lib/python3.10/site-packages:${PYTHONPATH} /usr/bin/python3 -W ignore:setup.py install is deprecated setup.py egg_info --egg-base ../../build/cv_subsystem build --build-base /home/dash/Desktop/ros_ws/build/cv_subsystem/build install --record /home/dash/Desktop/ros_ws/build/cv_subsystem/install.log --single-version-externally-managed install_data --force
[9.446s] running egg_info
[9.449s] writing ../../build/cv_subsystem/cv_subsystem.egg-info/PKG-INFO
[9.451s] writing dependency_links to ../../build/cv_subsystem/cv_subsystem.egg-info/dependency_links.txt
[9.452s] writing entry points to ../../build/cv_subsystem/cv_subsystem.egg-info/entry_points.txt
[9.453s] writing requirements to ../../build/cv_subsystem/cv_subsystem.egg-info/requires.txt
[9.454s] writing top-level names to ../../build/cv_subsystem/cv_subsystem.egg-info/top_level.txt
[9.466s] reading manifest file '../../build/cv_subsystem/cv_subsystem.egg-info/SOURCES.txt'
[9.471s] writing manifest file '../../build/cv_subsystem/cv_subsystem.egg-info/SOURCES.txt'
[9.472s] running build
[9.473s] running build_py
[9.473s] copying cv_subsystem/gesture_recognizer.py -> /home/dash/Desktop/ros_ws/build/cv_subsystem/build/lib/cv_subsystem
[9.475s] running install
[9.476s] running install_lib
[9.481s] creating /home/dash/Desktop/ros_ws/install/cv_subsystem/lib/python3.10/site-packages/cv_subsystem
[9.483s] copying /home/dash/Desktop/ros_ws/build/cv_subsystem/build/lib/cv_subsystem/gesture_recognizer.py -> /home/dash/Desktop/ros_ws/install/cv_subsystem/lib/python3.10/site-packages/cv_subsystem
[9.488s] copying /home/dash/Desktop/ros_ws/build/cv_subsystem/build/lib/cv_subsystem/__init__.py -> /home/dash/Desktop/ros_ws/install/cv_subsystem/lib/python3.10/site-packages/cv_subsystem
[9.491s] byte-compiling /home/dash/Desktop/ros_ws/install/cv_subsystem/lib/python3.10/site-packages/cv_subsystem/gesture_recognizer.py to gesture_recognizer.cpython-310.pyc
[9.493s] byte-compiling /home/dash/Desktop/ros_ws/install/cv_subsystem/lib/python3.10/site-packages/cv_subsystem/__init__.py to __init__.cpython-310.pyc
[9.498s] running install_data
[9.501s] copying resource/cv_subsystem -> /home/dash/Desktop/ros_ws/install/cv_subsystem/share/ament_index/resource_index/packages
[9.502s] copying package.xml -> /home/dash/Desktop/ros_ws/install/cv_subsystem/share/cv_subsystem
[9.503s] running install_egg_info
[9.507s] Copying ../../build/cv_subsystem/cv_subsystem.egg-info to /home/dash/Desktop/ros_ws/install/cv_subsystem/lib/python3.10/site-packages/cv_subsystem-0.0.0-py3.10.egg-info
[9.519s] running install_scripts
[9.639s] Installing gesture_recognizer script to /home/dash/Desktop/ros_ws/install/cv_subsystem/lib/cv_subsystem
[9.644s] writing list of installed files to '/home/dash/Desktop/ros_ws/build/cv_subsystem/install.log'
[9.795s] Invoked command in '/home/dash/Desktop/ros_ws/src/cv_subsystem' returned '0': PYTHONPATH=/home/dash/Desktop/ros_ws/build/cv_subsystem/prefix_override:/home/dash/Desktop/ros_ws/install/cv_subsystem/lib/python3.10/site-packages:${PYTHONPATH} /usr/bin/python3 -W ignore:setup.py install is deprecated setup.py egg_info --egg-base ../../build/cv_subsystem build --build-base /home/dash/Desktop/ros_ws/build/cv_subsystem/build install --record /home/dash/Desktop/ros_ws/build/cv_subsystem/install.log --single-version-externally-managed install_data --force
