[0.636s] DEBUG:colcon:Command line arguments: ['/usr/bin/colcon', 'build']
[0.637s] DEBUG:colcon:Parsed command line arguments: Namespace(log_base=None, log_level=None, verb_name='build', build_base='build', install_base='install', merge_install=False, symlink_install=False, test_result_base=None, continue_on_error=False, executor='parallel', parallel_workers=4, event_handlers=None, ignore_user_meta=False, metas=['./colcon.meta'], base_paths=['.'], packages_ignore=None, packages_ignore_regex=None, paths=None, packages_up_to=None, packages_up_to_regex=None, packages_above=None, packages_above_and_dependencies=None, packages_above_depth=None, packages_select_by_dep=None, packages_skip_by_dep=None, packages_skip_up_to=None, packages_select_build_failed=False, packages_skip_build_finished=False, packages_select_test_failures=False, packages_skip_test_passed=False, packages_select=None, packages_skip=None, packages_select_regex=None, packages_skip_regex=None, packages_start=None, packages_end=None, allow_overriding=[], cmake_args=None, cmake_target=None, cmake_target_skip_unavailable=False, cmake_clean_cache=False, cmake_clean_first=False, cmake_force_configure=False, ament_cmake_args=None, catkin_cmake_args=None, catkin_skip_building_tests=False, verb_parser=<colcon_defaults.argument_parser.defaults.DefaultArgumentsDecorator object at 0xffff96315e40>, verb_extension=<colcon_core.verb.build.BuildVerb object at 0xffff96436920>, main=<bound method BuildVerb.main of <colcon_core.verb.build.BuildVerb object at 0xffff96436920>>)
[2.224s] Level 1:colcon.colcon_core.package_discovery:discover_packages(colcon_meta) check parameters
[2.225s] Level 1:colcon.colcon_core.package_discovery:discover_packages(recursive) check parameters
[2.225s] Level 1:colcon.colcon_core.package_discovery:discover_packages(ignore) check parameters
[2.226s] Level 1:colcon.colcon_core.package_discovery:discover_packages(path) check parameters
[2.226s] Level 1:colcon.colcon_core.package_discovery:discover_packages(colcon_meta) discover
[2.226s] Level 1:colcon.colcon_core.package_discovery:discover_packages(recursive) discover
[2.227s] INFO:colcon.colcon_core.package_discovery:Crawling recursively for packages in '/home/dash/Desktop/ros_ws'
[2.227s] Level 1:colcon.colcon_core.package_identification:_identify(.) by extensions ['ignore', 'ignore_ament_install']
[2.228s] Level 1:colcon.colcon_core.package_identification:_identify(.) by extension 'ignore'
[2.228s] Level 1:colcon.colcon_core.package_identification:_identify(.) by extension 'ignore_ament_install'
[2.229s] Level 1:colcon.colcon_core.package_identification:_identify(.) by extensions ['colcon_pkg']
[2.229s] Level 1:colcon.colcon_core.package_identification:_identify(.) by extension 'colcon_pkg'
[2.230s] Level 1:colcon.colcon_core.package_identification:_identify(.) by extensions ['colcon_meta']
[2.230s] Level 1:colcon.colcon_core.package_identification:_identify(.) by extension 'colcon_meta'
[2.230s] Level 1:colcon.colcon_core.package_identification:_identify(.) by extensions ['ros']
[2.231s] Level 1:colcon.colcon_core.package_identification:_identify(.) by extension 'ros'
[2.293s] Level 1:colcon.colcon_core.package_identification:_identify(.) by extensions ['cmake', 'python']
[2.294s] Level 1:colcon.colcon_core.package_identification:_identify(.) by extension 'cmake'
[2.294s] Level 1:colcon.colcon_core.package_identification:_identify(.) by extension 'python'
[2.294s] Level 1:colcon.colcon_core.package_identification:_identify(.) by extensions ['python_setup_py']
[2.295s] Level 1:colcon.colcon_core.package_identification:_identify(.) by extension 'python_setup_py'
[2.295s] Level 1:colcon.colcon_core.package_identification:_identify(build) by extensions ['ignore', 'ignore_ament_install']
[2.296s] Level 1:colcon.colcon_core.package_identification:_identify(build) by extension 'ignore'
[2.296s] Level 1:colcon.colcon_core.package_identification:_identify(build) ignored
[2.297s] Level 1:colcon.colcon_core.package_identification:_identify(install) by extensions ['ignore', 'ignore_ament_install']
[2.297s] Level 1:colcon.colcon_core.package_identification:_identify(install) by extension 'ignore'
[2.298s] Level 1:colcon.colcon_core.package_identification:_identify(install) ignored
[2.299s] Level 1:colcon.colcon_core.package_identification:_identify(log) by extensions ['ignore', 'ignore_ament_install']
[2.299s] Level 1:colcon.colcon_core.package_identification:_identify(log) by extension 'ignore'
[2.300s] Level 1:colcon.colcon_core.package_identification:_identify(log) ignored
[2.301s] Level 1:colcon.colcon_core.package_identification:_identify(src) by extensions ['ignore', 'ignore_ament_install']
[2.301s] Level 1:colcon.colcon_core.package_identification:_identify(src) by extension 'ignore'
[2.301s] Level 1:colcon.colcon_core.package_identification:_identify(src) by extension 'ignore_ament_install'
[2.302s] Level 1:colcon.colcon_core.package_identification:_identify(src) by extensions ['colcon_pkg']
[2.302s] Level 1:colcon.colcon_core.package_identification:_identify(src) by extension 'colcon_pkg'
[2.303s] Level 1:colcon.colcon_core.package_identification:_identify(src) by extensions ['colcon_meta']
[2.303s] Level 1:colcon.colcon_core.package_identification:_identify(src) by extension 'colcon_meta'
[2.303s] Level 1:colcon.colcon_core.package_identification:_identify(src) by extensions ['ros']
[2.304s] Level 1:colcon.colcon_core.package_identification:_identify(src) by extension 'ros'
[2.304s] Level 1:colcon.colcon_core.package_identification:_identify(src) by extensions ['cmake', 'python']
[2.305s] Level 1:colcon.colcon_core.package_identification:_identify(src) by extension 'cmake'
[2.305s] Level 1:colcon.colcon_core.package_identification:_identify(src) by extension 'python'
[2.306s] Level 1:colcon.colcon_core.package_identification:_identify(src) by extensions ['python_setup_py']
[2.306s] Level 1:colcon.colcon_core.package_identification:_identify(src) by extension 'python_setup_py'
[2.307s] Level 1:colcon.colcon_core.package_identification:_identify(src/DASH_bringup) by extensions ['ignore', 'ignore_ament_install']
[2.307s] Level 1:colcon.colcon_core.package_identification:_identify(src/DASH_bringup) by extension 'ignore'
[2.308s] Level 1:colcon.colcon_core.package_identification:_identify(src/DASH_bringup) by extension 'ignore_ament_install'
[2.308s] Level 1:colcon.colcon_core.package_identification:_identify(src/DASH_bringup) by extensions ['colcon_pkg']
[2.308s] Level 1:colcon.colcon_core.package_identification:_identify(src/DASH_bringup) by extension 'colcon_pkg'
[2.309s] Level 1:colcon.colcon_core.package_identification:_identify(src/DASH_bringup) by extensions ['colcon_meta']
[2.309s] Level 1:colcon.colcon_core.package_identification:_identify(src/DASH_bringup) by extension 'colcon_meta'
[2.309s] Level 1:colcon.colcon_core.package_identification:_identify(src/DASH_bringup) by extensions ['ros']
[2.309s] Level 1:colcon.colcon_core.package_identification:_identify(src/DASH_bringup) by extension 'ros'
[2.320s] DEBUG:colcon.colcon_core.package_identification:Package 'src/DASH_bringup' with type 'ros.ament_cmake' and name 'DASH_bringup'
[2.321s] Level 1:colcon.colcon_core.package_identification:_identify(src/controller) by extensions ['ignore', 'ignore_ament_install']
[2.322s] Level 1:colcon.colcon_core.package_identification:_identify(src/controller) by extension 'ignore'
[2.322s] Level 1:colcon.colcon_core.package_identification:_identify(src/controller) by extension 'ignore_ament_install'
[2.323s] Level 1:colcon.colcon_core.package_identification:_identify(src/controller) by extensions ['colcon_pkg']
[2.323s] Level 1:colcon.colcon_core.package_identification:_identify(src/controller) by extension 'colcon_pkg'
[2.323s] Level 1:colcon.colcon_core.package_identification:_identify(src/controller) by extensions ['colcon_meta']
[2.323s] Level 1:colcon.colcon_core.package_identification:_identify(src/controller) by extension 'colcon_meta'
[2.323s] Level 1:colcon.colcon_core.package_identification:_identify(src/controller) by extensions ['ros']
[2.324s] Level 1:colcon.colcon_core.package_identification:_identify(src/controller) by extension 'ros'
[2.332s] DEBUG:colcon.colcon_core.package_identification:Package 'src/controller' with type 'ros.ament_python' and name 'controller'
[2.333s] Level 1:colcon.colcon_core.package_identification:_identify(src/cv_subsystem) by extensions ['ignore', 'ignore_ament_install']
[2.334s] Level 1:colcon.colcon_core.package_identification:_identify(src/cv_subsystem) by extension 'ignore'
[2.335s] Level 1:colcon.colcon_core.package_identification:_identify(src/cv_subsystem) by extension 'ignore_ament_install'
[2.335s] Level 1:colcon.colcon_core.package_identification:_identify(src/cv_subsystem) by extensions ['colcon_pkg']
[2.336s] Level 1:colcon.colcon_core.package_identification:_identify(src/cv_subsystem) by extension 'colcon_pkg'
[2.336s] Level 1:colcon.colcon_core.package_identification:_identify(src/cv_subsystem) by extensions ['colcon_meta']
[2.337s] Level 1:colcon.colcon_core.package_identification:_identify(src/cv_subsystem) by extension 'colcon_meta'
[2.337s] Level 1:colcon.colcon_core.package_identification:_identify(src/cv_subsystem) by extensions ['ros']
[2.337s] Level 1:colcon.colcon_core.package_identification:_identify(src/cv_subsystem) by extension 'ros'
[2.340s] DEBUG:colcon.colcon_core.package_identification:Package 'src/cv_subsystem' with type 'ros.ament_python' and name 'cv_subsystem'
[2.341s] Level 1:colcon.colcon_core.package_identification:_identify(src/nlp_subsystem) by extensions ['ignore', 'ignore_ament_install']
[2.342s] Level 1:colcon.colcon_core.package_identification:_identify(src/nlp_subsystem) by extension 'ignore'
[2.342s] Level 1:colcon.colcon_core.package_identification:_identify(src/nlp_subsystem) by extension 'ignore_ament_install'
[2.342s] Level 1:colcon.colcon_core.package_identification:_identify(src/nlp_subsystem) by extensions ['colcon_pkg']
[2.343s] Level 1:colcon.colcon_core.package_identification:_identify(src/nlp_subsystem) by extension 'colcon_pkg'
[2.343s] Level 1:colcon.colcon_core.package_identification:_identify(src/nlp_subsystem) by extensions ['colcon_meta']
[2.343s] Level 1:colcon.colcon_core.package_identification:_identify(src/nlp_subsystem) by extension 'colcon_meta'
[2.344s] Level 1:colcon.colcon_core.package_identification:_identify(src/nlp_subsystem) by extensions ['ros']
[2.344s] Level 1:colcon.colcon_core.package_identification:_identify(src/nlp_subsystem) by extension 'ros'
[2.349s] DEBUG:colcon.colcon_core.package_identification:Package 'src/nlp_subsystem' with type 'ros.ament_python' and name 'nlp_subsystem'
[2.350s] Level 1:colcon.colcon_core.package_identification:_identify(src/robot_interfaces) by extensions ['ignore', 'ignore_ament_install']
[2.351s] Level 1:colcon.colcon_core.package_identification:_identify(src/robot_interfaces) by extension 'ignore'
[2.352s] Level 1:colcon.colcon_core.package_identification:_identify(src/robot_interfaces) by extension 'ignore_ament_install'
[2.353s] Level 1:colcon.colcon_core.package_identification:_identify(src/robot_interfaces) by extensions ['colcon_pkg']
[2.354s] Level 1:colcon.colcon_core.package_identification:_identify(src/robot_interfaces) by extension 'colcon_pkg'
[2.356s] Level 1:colcon.colcon_core.package_identification:_identify(src/robot_interfaces) by extensions ['colcon_meta']
[2.357s] Level 1:colcon.colcon_core.package_identification:_identify(src/robot_interfaces) by extension 'colcon_meta'
[2.359s] Level 1:colcon.colcon_core.package_identification:_identify(src/robot_interfaces) by extensions ['ros']
[2.360s] Level 1:colcon.colcon_core.package_identification:_identify(src/robot_interfaces) by extension 'ros'
[2.366s] DEBUG:colcon.colcon_core.package_identification:Package 'src/robot_interfaces' with type 'ros.ament_cmake' and name 'robot_interfaces'
[2.367s] Level 1:colcon.colcon_core.package_discovery:discover_packages(recursive) using defaults
[2.368s] Level 1:colcon.colcon_core.package_discovery:discover_packages(ignore) discover
[2.369s] Level 1:colcon.colcon_core.package_discovery:discover_packages(ignore) using defaults
[2.370s] Level 1:colcon.colcon_core.package_discovery:discover_packages(path) discover
[2.371s] Level 1:colcon.colcon_core.package_discovery:discover_packages(path) using defaults
[2.556s] Level 1:colcon.colcon_core.package_discovery:discover_packages(prefix_path) check parameters
[2.557s] Level 1:colcon.colcon_core.package_discovery:discover_packages(prefix_path) discover
[2.567s] WARNING:colcon.colcon_ros.prefix_path.ament:The path '/home/dash/Desktop/ros_ws/install/robot_interfaces' in the environment variable AMENT_PREFIX_PATH doesn't exist
[2.568s] WARNING:colcon.colcon_ros.prefix_path.ament:The path '/home/dash/Desktop/ros_ws/install/DASH_bringup' in the environment variable AMENT_PREFIX_PATH doesn't exist
[2.569s] WARNING:colcon.colcon_ros.prefix_path.ament:The path '/home/dash/Desktop/ros_ws/install/nlp_subsystem' in the environment variable AMENT_PREFIX_PATH doesn't exist
[2.570s] WARNING:colcon.colcon_ros.prefix_path.ament:The path '/home/dash/Desktop/ros_ws/install/cv_subsystem' in the environment variable AMENT_PREFIX_PATH doesn't exist
[2.572s] WARNING:colcon.colcon_ros.prefix_path.ament:The path '/home/dash/Desktop/ros_ws/install/controller' in the environment variable AMENT_PREFIX_PATH doesn't exist
[2.578s] WARNING:colcon.colcon_ros.prefix_path.catkin:The path '/home/dash/Desktop/ros_ws/install/robot_interfaces' in the environment variable CMAKE_PREFIX_PATH doesn't exist
[2.580s] WARNING:colcon.colcon_ros.prefix_path.catkin:The path '/home/dash/Desktop/ros_ws/install/DASH_bringup' in the environment variable CMAKE_PREFIX_PATH doesn't exist
[2.589s] DEBUG:colcon.colcon_installed_package_information.package_discovery:Found 7 installed packages in /home/dash/Desktop/depthai-ros/install
[2.593s] DEBUG:colcon.colcon_installed_package_information.package_discovery:Found 0 installed packages in /home/dash/Desktop/ros_ws/install
[2.610s] DEBUG:colcon.colcon_installed_package_information.package_discovery:Found 296 installed packages in /opt/ros/humble
[2.628s] Level 1:colcon.colcon_core.package_discovery:discover_packages(prefix_path) using defaults
[2.934s] Level 5:colcon.colcon_core.verb:set package 'controller' build argument 'cmake_args' from command line to 'None'
[2.935s] Level 5:colcon.colcon_core.verb:set package 'controller' build argument 'cmake_target' from command line to 'None'
[2.937s] Level 5:colcon.colcon_core.verb:set package 'controller' build argument 'cmake_target_skip_unavailable' from command line to 'False'
[2.938s] Level 5:colcon.colcon_core.verb:set package 'controller' build argument 'cmake_clean_cache' from command line to 'False'
[2.940s] Level 5:colcon.colcon_core.verb:set package 'controller' build argument 'cmake_clean_first' from command line to 'False'
[2.941s] Level 5:colcon.colcon_core.verb:set package 'controller' build argument 'cmake_force_configure' from command line to 'False'
[2.942s] Level 5:colcon.colcon_core.verb:set package 'controller' build argument 'ament_cmake_args' from command line to 'None'
[2.944s] Level 5:colcon.colcon_core.verb:set package 'controller' build argument 'catkin_cmake_args' from command line to 'None'
[2.945s] Level 5:colcon.colcon_core.verb:set package 'controller' build argument 'catkin_skip_building_tests' from command line to 'False'
[2.947s] DEBUG:colcon.colcon_core.verb:Building package 'controller' with the following arguments: {'ament_cmake_args': None, 'build_base': '/home/dash/Desktop/ros_ws/build/controller', 'catkin_cmake_args': None, 'catkin_skip_building_tests': False, 'cmake_args': None, 'cmake_clean_cache': False, 'cmake_clean_first': False, 'cmake_force_configure': False, 'cmake_target': None, 'cmake_target_skip_unavailable': False, 'install_base': '/home/dash/Desktop/ros_ws/install/controller', 'merge_install': False, 'path': '/home/dash/Desktop/ros_ws/src/controller', 'symlink_install': False, 'test_result_base': None}
[2.950s] Level 5:colcon.colcon_core.verb:set package 'cv_subsystem' build argument 'cmake_args' from command line to 'None'
[2.951s] Level 5:colcon.colcon_core.verb:set package 'cv_subsystem' build argument 'cmake_target' from command line to 'None'
[2.953s] Level 5:colcon.colcon_core.verb:set package 'cv_subsystem' build argument 'cmake_target_skip_unavailable' from command line to 'False'
[2.954s] Level 5:colcon.colcon_core.verb:set package 'cv_subsystem' build argument 'cmake_clean_cache' from command line to 'False'
[2.955s] Level 5:colcon.colcon_core.verb:set package 'cv_subsystem' build argument 'cmake_clean_first' from command line to 'False'
[2.956s] Level 5:colcon.colcon_core.verb:set package 'cv_subsystem' build argument 'cmake_force_configure' from command line to 'False'
[2.958s] Level 5:colcon.colcon_core.verb:set package 'cv_subsystem' build argument 'ament_cmake_args' from command line to 'None'
[2.959s] Level 5:colcon.colcon_core.verb:set package 'cv_subsystem' build argument 'catkin_cmake_args' from command line to 'None'
[2.960s] Level 5:colcon.colcon_core.verb:set package 'cv_subsystem' build argument 'catkin_skip_building_tests' from command line to 'False'
[2.961s] DEBUG:colcon.colcon_core.verb:Building package 'cv_subsystem' with the following arguments: {'ament_cmake_args': None, 'build_base': '/home/dash/Desktop/ros_ws/build/cv_subsystem', 'catkin_cmake_args': None, 'catkin_skip_building_tests': False, 'cmake_args': None, 'cmake_clean_cache': False, 'cmake_clean_first': False, 'cmake_force_configure': False, 'cmake_target': None, 'cmake_target_skip_unavailable': False, 'install_base': '/home/dash/Desktop/ros_ws/install/cv_subsystem', 'merge_install': False, 'path': '/home/dash/Desktop/ros_ws/src/cv_subsystem', 'symlink_install': False, 'test_result_base': None}
[2.964s] Level 5:colcon.colcon_core.verb:set package 'nlp_subsystem' build argument 'cmake_args' from command line to 'None'
[2.965s] Level 5:colcon.colcon_core.verb:set package 'nlp_subsystem' build argument 'cmake_target' from command line to 'None'
[2.966s] Level 5:colcon.colcon_core.verb:set package 'nlp_subsystem' build argument 'cmake_target_skip_unavailable' from command line to 'False'
[2.966s] Level 5:colcon.colcon_core.verb:set package 'nlp_subsystem' build argument 'cmake_clean_cache' from command line to 'False'
[2.966s] Level 5:colcon.colcon_core.verb:set package 'nlp_subsystem' build argument 'cmake_clean_first' from command line to 'False'
[2.967s] Level 5:colcon.colcon_core.verb:set package 'nlp_subsystem' build argument 'cmake_force_configure' from command line to 'False'
[2.967s] Level 5:colcon.colcon_core.verb:set package 'nlp_subsystem' build argument 'ament_cmake_args' from command line to 'None'
[2.967s] Level 5:colcon.colcon_core.verb:set package 'nlp_subsystem' build argument 'catkin_cmake_args' from command line to 'None'
[2.967s] Level 5:colcon.colcon_core.verb:set package 'nlp_subsystem' build argument 'catkin_skip_building_tests' from command line to 'False'
[2.967s] DEBUG:colcon.colcon_core.verb:Building package 'nlp_subsystem' with the following arguments: {'ament_cmake_args': None, 'build_base': '/home/dash/Desktop/ros_ws/build/nlp_subsystem', 'catkin_cmake_args': None, 'catkin_skip_building_tests': False, 'cmake_args': None, 'cmake_clean_cache': False, 'cmake_clean_first': False, 'cmake_force_configure': False, 'cmake_target': None, 'cmake_target_skip_unavailable': False, 'install_base': '/home/dash/Desktop/ros_ws/install/nlp_subsystem', 'merge_install': False, 'path': '/home/dash/Desktop/ros_ws/src/nlp_subsystem', 'symlink_install': False, 'test_result_base': None}
[2.969s] Level 5:colcon.colcon_core.verb:set package 'robot_interfaces' build argument 'cmake_args' from command line to 'None'
[2.970s] Level 5:colcon.colcon_core.verb:set package 'robot_interfaces' build argument 'cmake_target' from command line to 'None'
[2.970s] Level 5:colcon.colcon_core.verb:set package 'robot_interfaces' build argument 'cmake_target_skip_unavailable' from command line to 'False'
[2.970s] Level 5:colcon.colcon_core.verb:set package 'robot_interfaces' build argument 'cmake_clean_cache' from command line to 'False'
[2.970s] Level 5:colcon.colcon_core.verb:set package 'robot_interfaces' build argument 'cmake_clean_first' from command line to 'False'
[2.971s] Level 5:colcon.colcon_core.verb:set package 'robot_interfaces' build argument 'cmake_force_configure' from command line to 'False'
[2.971s] Level 5:colcon.colcon_core.verb:set package 'robot_interfaces' build argument 'ament_cmake_args' from command line to 'None'
[2.971s] Level 5:colcon.colcon_core.verb:set package 'robot_interfaces' build argument 'catkin_cmake_args' from command line to 'None'
[2.971s] Level 5:colcon.colcon_core.verb:set package 'robot_interfaces' build argument 'catkin_skip_building_tests' from command line to 'False'
[2.972s] DEBUG:colcon.colcon_core.verb:Building package 'robot_interfaces' with the following arguments: {'ament_cmake_args': None, 'build_base': '/home/dash/Desktop/ros_ws/build/robot_interfaces', 'catkin_cmake_args': None, 'catkin_skip_building_tests': False, 'cmake_args': None, 'cmake_clean_cache': False, 'cmake_clean_first': False, 'cmake_force_configure': False, 'cmake_target': None, 'cmake_target_skip_unavailable': False, 'install_base': '/home/dash/Desktop/ros_ws/install/robot_interfaces', 'merge_install': False, 'path': '/home/dash/Desktop/ros_ws/src/robot_interfaces', 'symlink_install': False, 'test_result_base': None}
[2.974s] Level 5:colcon.colcon_core.verb:set package 'DASH_bringup' build argument 'cmake_args' from command line to 'None'
[2.974s] Level 5:colcon.colcon_core.verb:set package 'DASH_bringup' build argument 'cmake_target' from command line to 'None'
[2.975s] Level 5:colcon.colcon_core.verb:set package 'DASH_bringup' build argument 'cmake_target_skip_unavailable' from command line to 'False'
[2.975s] Level 5:colcon.colcon_core.verb:set package 'DASH_bringup' build argument 'cmake_clean_cache' from command line to 'False'
[2.975s] Level 5:colcon.colcon_core.verb:set package 'DASH_bringup' build argument 'cmake_clean_first' from command line to 'False'
[2.975s] Level 5:colcon.colcon_core.verb:set package 'DASH_bringup' build argument 'cmake_force_configure' from command line to 'False'
[2.976s] Level 5:colcon.colcon_core.verb:set package 'DASH_bringup' build argument 'ament_cmake_args' from command line to 'None'
[2.976s] Level 5:colcon.colcon_core.verb:set package 'DASH_bringup' build argument 'catkin_cmake_args' from command line to 'None'
[2.976s] Level 5:colcon.colcon_core.verb:set package 'DASH_bringup' build argument 'catkin_skip_building_tests' from command line to 'False'
[2.976s] DEBUG:colcon.colcon_core.verb:Building package 'DASH_bringup' with the following arguments: {'ament_cmake_args': None, 'build_base': '/home/dash/Desktop/ros_ws/build/DASH_bringup', 'catkin_cmake_args': None, 'catkin_skip_building_tests': False, 'cmake_args': None, 'cmake_clean_cache': False, 'cmake_clean_first': False, 'cmake_force_configure': False, 'cmake_target': None, 'cmake_target_skip_unavailable': False, 'install_base': '/home/dash/Desktop/ros_ws/install/DASH_bringup', 'merge_install': False, 'path': '/home/dash/Desktop/ros_ws/src/DASH_bringup', 'symlink_install': False, 'test_result_base': None}
[2.977s] INFO:colcon.colcon_core.executor:Executing jobs using 'parallel' executor
[2.982s] DEBUG:colcon.colcon_parallel_executor.executor.parallel:run_until_complete
[2.983s] INFO:colcon.colcon_ros.task.ament_python.build:Building ROS package in '/home/dash/Desktop/ros_ws/src/controller' with build type 'ament_python'
[2.984s] Level 1:colcon.colcon_core.shell:create_environment_hook('controller', 'ament_prefix_path')
[3.000s] INFO:colcon.colcon_core.plugin_system:Skipping extension 'colcon_core.shell.bat': Not used on non-Windows systems
[3.002s] INFO:colcon.colcon_core.shell:Creating environment hook '/home/dash/Desktop/ros_ws/install/controller/share/controller/hook/ament_prefix_path.ps1'
[3.011s] INFO:colcon.colcon_core.shell:Creating environment descriptor '/home/dash/Desktop/ros_ws/install/controller/share/controller/hook/ament_prefix_path.dsv'
[3.014s] INFO:colcon.colcon_core.shell:Creating environment hook '/home/dash/Desktop/ros_ws/install/controller/share/controller/hook/ament_prefix_path.sh'
[3.023s] INFO:colcon.colcon_core.shell:Skip shell extension 'powershell' for command environment: Not usable outside of PowerShell
[3.025s] DEBUG:colcon.colcon_core.shell:Skip shell extension 'dsv' for command environment
[3.067s] INFO:colcon.colcon_ros.task.ament_python.build:Building ROS package in '/home/dash/Desktop/ros_ws/src/cv_subsystem' with build type 'ament_python'
[3.069s] Level 1:colcon.colcon_core.shell:create_environment_hook('cv_subsystem', 'ament_prefix_path')
[3.071s] INFO:colcon.colcon_core.shell:Creating environment hook '/home/dash/Desktop/ros_ws/install/cv_subsystem/share/cv_subsystem/hook/ament_prefix_path.ps1'
[3.080s] INFO:colcon.colcon_core.shell:Creating environment descriptor '/home/dash/Desktop/ros_ws/install/cv_subsystem/share/cv_subsystem/hook/ament_prefix_path.dsv'
[3.089s] INFO:colcon.colcon_core.shell:Creating environment hook '/home/dash/Desktop/ros_ws/install/cv_subsystem/share/cv_subsystem/hook/ament_prefix_path.sh'
[3.095s] INFO:colcon.colcon_core.shell:Skip shell extension 'powershell' for command environment: Not usable outside of PowerShell
[3.096s] DEBUG:colcon.colcon_core.shell:Skip shell extension 'dsv' for command environment
[3.142s] INFO:colcon.colcon_ros.task.ament_python.build:Building ROS package in '/home/dash/Desktop/ros_ws/src/nlp_subsystem' with build type 'ament_python'
[3.144s] Level 1:colcon.colcon_core.shell:create_environment_hook('nlp_subsystem', 'ament_prefix_path')
[3.147s] INFO:colcon.colcon_core.shell:Creating environment hook '/home/dash/Desktop/ros_ws/install/nlp_subsystem/share/nlp_subsystem/hook/ament_prefix_path.ps1'
[3.164s] INFO:colcon.colcon_core.shell:Creating environment descriptor '/home/dash/Desktop/ros_ws/install/nlp_subsystem/share/nlp_subsystem/hook/ament_prefix_path.dsv'
[3.168s] INFO:colcon.colcon_core.shell:Creating environment hook '/home/dash/Desktop/ros_ws/install/nlp_subsystem/share/nlp_subsystem/hook/ament_prefix_path.sh'
[3.174s] INFO:colcon.colcon_core.shell:Skip shell extension 'powershell' for command environment: Not usable outside of PowerShell
[3.175s] DEBUG:colcon.colcon_core.shell:Skip shell extension 'dsv' for command environment
[3.239s] INFO:colcon.colcon_ros.task.ament_cmake.build:Building ROS package in '/home/dash/Desktop/ros_ws/src/robot_interfaces' with build type 'ament_cmake'
[3.240s] INFO:colcon.colcon_cmake.task.cmake.build:Building CMake package in '/home/dash/Desktop/ros_ws/src/robot_interfaces'
[3.241s] INFO:colcon.colcon_core.shell:Skip shell extension 'powershell' for command environment: Not usable outside of PowerShell
[3.242s] DEBUG:colcon.colcon_core.shell:Skip shell extension 'dsv' for command environment
[5.614s] INFO:colcon.colcon_core.task.python.build:Building Python package in '/home/dash/Desktop/ros_ws/src/controller'
[5.617s] INFO:colcon.colcon_core.shell:Skip shell extension 'powershell' for command environment: Not usable outside of PowerShell
[5.618s] DEBUG:colcon.colcon_core.shell:Skip shell extension 'dsv' for command environment
[7.942s] INFO:colcon.colcon_core.task.python.build:Building Python package in '/home/dash/Desktop/ros_ws/src/cv_subsystem'
[7.944s] INFO:colcon.colcon_core.shell:Skip shell extension 'powershell' for command environment: Not usable outside of PowerShell
[7.944s] DEBUG:colcon.colcon_core.shell:Skip shell extension 'dsv' for command environment
[10.246s] INFO:colcon.colcon_core.task.python.build:Building Python package in '/home/dash/Desktop/ros_ws/src/nlp_subsystem'
[10.251s] INFO:colcon.colcon_core.shell:Skip shell extension 'powershell' for command environment: Not usable outside of PowerShell
[10.252s] DEBUG:colcon.colcon_core.shell:Skip shell extension 'dsv' for command environment
[10.320s] DEBUG:colcon.colcon_core.event_handler.log_command:Invoking command in '/home/dash/Desktop/ros_ws/build/robot_interfaces': CMAKE_PREFIX_PATH=${CMAKE_PREFIX_PATH}:/home/dash/Desktop/ros_ws/install/nlp_subsystem:/home/dash/Desktop/ros_ws/install/cv_subsystem:/home/dash/Desktop/ros_ws/install/controller:/opt/ros/humble /usr/bin/cmake /home/dash/Desktop/ros_ws/src/robot_interfaces -DCMAKE_INSTALL_PREFIX=/home/dash/Desktop/ros_ws/install/robot_interfaces
[15.853s] DEBUG:colcon.colcon_core.event_handler.log_command:Invoking command in '/home/dash/Desktop/ros_ws/src/cv_subsystem': PYTHONPATH=/home/dash/Desktop/ros_ws/build/cv_subsystem/prefix_override:/home/dash/Desktop/ros_ws/install/cv_subsystem/lib/python3.10/site-packages:${PYTHONPATH} /usr/bin/python3 -W ignore:setup.py install is deprecated setup.py egg_info --egg-base ../../build/cv_subsystem build --build-base /home/dash/Desktop/ros_ws/build/cv_subsystem/build install --record /home/dash/Desktop/ros_ws/build/cv_subsystem/install.log --single-version-externally-managed install_data
[16.877s] DEBUG:colcon.colcon_core.event_handler.log_command:Invoking command in '/home/dash/Desktop/ros_ws/src/controller': PYTHONPATH=/home/dash/Desktop/ros_ws/build/controller/prefix_override:/home/dash/Desktop/ros_ws/install/controller/lib/python3.10/site-packages:${PYTHONPATH} /usr/bin/python3 -W ignore:setup.py install is deprecated setup.py egg_info --egg-base ../../build/controller build --build-base /home/dash/Desktop/ros_ws/build/controller/build install --record /home/dash/Desktop/ros_ws/build/controller/install.log --single-version-externally-managed install_data
[17.579s] DEBUG:colcon.colcon_core.event_handler.log_command:Invoking command in '/home/dash/Desktop/ros_ws/src/nlp_subsystem': PYTHONPATH=/home/dash/Desktop/ros_ws/build/nlp_subsystem/prefix_override:/home/dash/Desktop/ros_ws/install/nlp_subsystem/lib/python3.10/site-packages:${PYTHONPATH} /usr/bin/python3 -W ignore:setup.py install is deprecated setup.py egg_info --egg-base ../../build/nlp_subsystem build --build-base /home/dash/Desktop/ros_ws/build/nlp_subsystem/build install --record /home/dash/Desktop/ros_ws/build/nlp_subsystem/install.log --single-version-externally-managed install_data
[20.922s] DEBUG:colcon.colcon_core.event_handler.log_command:Invoked command in '/home/dash/Desktop/ros_ws/src/cv_subsystem' returned '0': PYTHONPATH=/home/dash/Desktop/ros_ws/build/cv_subsystem/prefix_override:/home/dash/Desktop/ros_ws/install/cv_subsystem/lib/python3.10/site-packages:${PYTHONPATH} /usr/bin/python3 -W ignore:setup.py install is deprecated setup.py egg_info --egg-base ../../build/cv_subsystem build --build-base /home/dash/Desktop/ros_ws/build/cv_subsystem/build install --record /home/dash/Desktop/ros_ws/build/cv_subsystem/install.log --single-version-externally-managed install_data
[20.988s] Level 1:colcon.colcon_core.environment:checking '/home/dash/Desktop/ros_ws/install/cv_subsystem' for CMake module files
[21.003s] Level 1:colcon.colcon_core.environment:checking '/home/dash/Desktop/ros_ws/install/cv_subsystem' for CMake config files
[21.014s] Level 1:colcon.colcon_core.environment:checking '/home/dash/Desktop/ros_ws/install/cv_subsystem/lib'
[21.031s] Level 1:colcon.colcon_core.environment:checking '/home/dash/Desktop/ros_ws/install/cv_subsystem/bin'
[21.032s] Level 1:colcon.colcon_core.environment:checking '/home/dash/Desktop/ros_ws/install/cv_subsystem/lib/pkgconfig/cv_subsystem.pc'
[21.039s] Level 1:colcon.colcon_core.environment:checking '/home/dash/Desktop/ros_ws/install/cv_subsystem/lib/python3.10/site-packages'
[21.047s] Level 1:colcon.colcon_core.shell:create_environment_hook('cv_subsystem', 'pythonpath')
[21.049s] INFO:colcon.colcon_core.shell:Creating environment hook '/home/dash/Desktop/ros_ws/install/cv_subsystem/share/cv_subsystem/hook/pythonpath.ps1'
[21.082s] INFO:colcon.colcon_core.shell:Creating environment descriptor '/home/dash/Desktop/ros_ws/install/cv_subsystem/share/cv_subsystem/hook/pythonpath.dsv'
[21.095s] INFO:colcon.colcon_core.shell:Creating environment hook '/home/dash/Desktop/ros_ws/install/cv_subsystem/share/cv_subsystem/hook/pythonpath.sh'
[21.117s] Level 1:colcon.colcon_core.environment:checking '/home/dash/Desktop/ros_ws/install/cv_subsystem/bin'
[21.132s] Level 1:colcon.colcon_core.environment:create_environment_scripts_only(cv_subsystem)
[21.134s] INFO:colcon.colcon_core.shell:Creating package script '/home/dash/Desktop/ros_ws/install/cv_subsystem/share/cv_subsystem/package.ps1'
[21.172s] INFO:colcon.colcon_core.shell:Creating package descriptor '/home/dash/Desktop/ros_ws/install/cv_subsystem/share/cv_subsystem/package.dsv'
[21.197s] INFO:colcon.colcon_core.shell:Creating package script '/home/dash/Desktop/ros_ws/install/cv_subsystem/share/cv_subsystem/package.sh'
[21.218s] INFO:colcon.colcon_core.shell:Creating package script '/home/dash/Desktop/ros_ws/install/cv_subsystem/share/cv_subsystem/package.bash'
[21.248s] INFO:colcon.colcon_core.shell:Creating package script '/home/dash/Desktop/ros_ws/install/cv_subsystem/share/cv_subsystem/package.zsh'
[21.275s] Level 1:colcon.colcon_core.environment:create_file_with_runtime_dependencies(/home/dash/Desktop/ros_ws/install/cv_subsystem/share/colcon-core/packages/cv_subsystem)
[22.583s] Level 1:colcon.colcon_core.environment:checking '/home/dash/Desktop/ros_ws/install/controller' for CMake module files
[22.588s] Level 1:colcon.colcon_core.environment:checking '/home/dash/Desktop/ros_ws/install/controller' for CMake config files
[22.593s] DEBUG:colcon.colcon_core.event_handler.log_command:Invoked command in '/home/dash/Desktop/ros_ws/src/controller' returned '0': PYTHONPATH=/home/dash/Desktop/ros_ws/build/controller/prefix_override:/home/dash/Desktop/ros_ws/install/controller/lib/python3.10/site-packages:${PYTHONPATH} /usr/bin/python3 -W ignore:setup.py install is deprecated setup.py egg_info --egg-base ../../build/controller build --build-base /home/dash/Desktop/ros_ws/build/controller/build install --record /home/dash/Desktop/ros_ws/build/controller/install.log --single-version-externally-managed install_data
[22.597s] Level 1:colcon.colcon_core.environment:checking '/home/dash/Desktop/ros_ws/install/controller/lib'
[22.601s] Level 1:colcon.colcon_core.environment:checking '/home/dash/Desktop/ros_ws/install/controller/bin'
[22.609s] Level 1:colcon.colcon_core.environment:checking '/home/dash/Desktop/ros_ws/install/controller/lib/pkgconfig/controller.pc'
[22.612s] Level 1:colcon.colcon_core.environment:checking '/home/dash/Desktop/ros_ws/install/controller/lib/python3.10/site-packages'
[22.614s] Level 1:colcon.colcon_core.shell:create_environment_hook('controller', 'pythonpath')
[22.616s] INFO:colcon.colcon_core.shell:Creating environment hook '/home/dash/Desktop/ros_ws/install/controller/share/controller/hook/pythonpath.ps1'
[22.621s] INFO:colcon.colcon_core.shell:Creating environment descriptor '/home/dash/Desktop/ros_ws/install/controller/share/controller/hook/pythonpath.dsv'
[22.625s] INFO:colcon.colcon_core.shell:Creating environment hook '/home/dash/Desktop/ros_ws/install/controller/share/controller/hook/pythonpath.sh'
[22.647s] Level 1:colcon.colcon_core.environment:checking '/home/dash/Desktop/ros_ws/install/controller/bin'
[22.648s] Level 1:colcon.colcon_core.environment:create_environment_scripts_only(controller)
[22.660s] INFO:colcon.colcon_core.shell:Creating package script '/home/dash/Desktop/ros_ws/install/controller/share/controller/package.ps1'
[22.677s] INFO:colcon.colcon_core.shell:Creating package descriptor '/home/dash/Desktop/ros_ws/install/controller/share/controller/package.dsv'
[22.715s] INFO:colcon.colcon_core.shell:Creating package script '/home/dash/Desktop/ros_ws/install/controller/share/controller/package.sh'
[22.722s] INFO:colcon.colcon_core.shell:Creating package script '/home/dash/Desktop/ros_ws/install/controller/share/controller/package.bash'
[22.727s] INFO:colcon.colcon_core.shell:Creating package script '/home/dash/Desktop/ros_ws/install/controller/share/controller/package.zsh'
[22.731s] Level 1:colcon.colcon_core.environment:create_file_with_runtime_dependencies(/home/dash/Desktop/ros_ws/install/controller/share/colcon-core/packages/controller)
[22.992s] Level 1:colcon.colcon_core.environment:checking '/home/dash/Desktop/ros_ws/install/nlp_subsystem' for CMake module files
[23.007s] DEBUG:colcon.colcon_core.event_handler.log_command:Invoked command in '/home/dash/Desktop/ros_ws/src/nlp_subsystem' returned '0': PYTHONPATH=/home/dash/Desktop/ros_ws/build/nlp_subsystem/prefix_override:/home/dash/Desktop/ros_ws/install/nlp_subsystem/lib/python3.10/site-packages:${PYTHONPATH} /usr/bin/python3 -W ignore:setup.py install is deprecated setup.py egg_info --egg-base ../../build/nlp_subsystem build --build-base /home/dash/Desktop/ros_ws/build/nlp_subsystem/build install --record /home/dash/Desktop/ros_ws/build/nlp_subsystem/install.log --single-version-externally-managed install_data
[23.009s] Level 1:colcon.colcon_core.environment:checking '/home/dash/Desktop/ros_ws/install/nlp_subsystem' for CMake config files
[23.022s] Level 1:colcon.colcon_core.environment:checking '/home/dash/Desktop/ros_ws/install/nlp_subsystem/lib'
[23.023s] Level 1:colcon.colcon_core.environment:checking '/home/dash/Desktop/ros_ws/install/nlp_subsystem/bin'
[23.024s] Level 1:colcon.colcon_core.environment:checking '/home/dash/Desktop/ros_ws/install/nlp_subsystem/lib/pkgconfig/nlp_subsystem.pc'
[23.028s] Level 1:colcon.colcon_core.environment:checking '/home/dash/Desktop/ros_ws/install/nlp_subsystem/lib/python3.10/site-packages'
[23.029s] Level 1:colcon.colcon_core.shell:create_environment_hook('nlp_subsystem', 'pythonpath')
[23.031s] INFO:colcon.colcon_core.shell:Creating environment hook '/home/dash/Desktop/ros_ws/install/nlp_subsystem/share/nlp_subsystem/hook/pythonpath.ps1'
[23.036s] INFO:colcon.colcon_core.shell:Creating environment descriptor '/home/dash/Desktop/ros_ws/install/nlp_subsystem/share/nlp_subsystem/hook/pythonpath.dsv'
[23.040s] INFO:colcon.colcon_core.shell:Creating environment hook '/home/dash/Desktop/ros_ws/install/nlp_subsystem/share/nlp_subsystem/hook/pythonpath.sh'
[23.047s] Level 1:colcon.colcon_core.environment:checking '/home/dash/Desktop/ros_ws/install/nlp_subsystem/bin'
[23.048s] Level 1:colcon.colcon_core.environment:create_environment_scripts_only(nlp_subsystem)
[23.051s] INFO:colcon.colcon_core.shell:Creating package script '/home/dash/Desktop/ros_ws/install/nlp_subsystem/share/nlp_subsystem/package.ps1'
[23.055s] INFO:colcon.colcon_core.shell:Creating package descriptor '/home/dash/Desktop/ros_ws/install/nlp_subsystem/share/nlp_subsystem/package.dsv'
[23.058s] INFO:colcon.colcon_core.shell:Creating package script '/home/dash/Desktop/ros_ws/install/nlp_subsystem/share/nlp_subsystem/package.sh'
[23.064s] INFO:colcon.colcon_core.shell:Creating package script '/home/dash/Desktop/ros_ws/install/nlp_subsystem/share/nlp_subsystem/package.bash'
[23.066s] INFO:colcon.colcon_core.shell:Creating package script '/home/dash/Desktop/ros_ws/install/nlp_subsystem/share/nlp_subsystem/package.zsh'
[23.071s] Level 1:colcon.colcon_core.environment:create_file_with_runtime_dependencies(/home/dash/Desktop/ros_ws/install/nlp_subsystem/share/colcon-core/packages/nlp_subsystem)
[23.080s] INFO:colcon.colcon_ros.task.ament_cmake.build:Building ROS package in '/home/dash/Desktop/ros_ws/src/DASH_bringup' with build type 'ament_cmake'
[23.081s] INFO:colcon.colcon_cmake.task.cmake.build:Building CMake package in '/home/dash/Desktop/ros_ws/src/DASH_bringup'
[23.083s] INFO:colcon.colcon_core.shell:Skip shell extension 'powershell' for command environment: Not usable outside of PowerShell
[23.083s] DEBUG:colcon.colcon_core.shell:Skip shell extension 'dsv' for command environment
[23.204s] DEBUG:colcon.colcon_core.event_handler.log_command:Invoking command in '/home/dash/Desktop/ros_ws/build/DASH_bringup': AMENT_PREFIX_PATH=/home/dash/Desktop/ros_ws/install/nlp_subsystem:/home/dash/Desktop/ros_ws/install/cv_subsystem:/home/dash/Desktop/ros_ws/install/controller:/home/dash/Desktop/ros_ws/install/robot_interfaces:/home/dash/Desktop/ros_ws/install/DASH_bringup:/home/dash/Desktop/depthai-ros/install/depthai-ros:/home/dash/Desktop/depthai-ros/install/depthai_ros_driver:/home/dash/Desktop/depthai-ros/install/depthai_filters:/home/dash/Desktop/depthai-ros/install/depthai_examples:/home/dash/Desktop/depthai-ros/install/depthai_bridge:/home/dash/Desktop/depthai-ros/install/depthai_ros_msgs:/home/dash/Desktop/depthai-ros/install/depthai_descriptions:/opt/ros/humble CMAKE_PREFIX_PATH=${CMAKE_PREFIX_PATH}:/home/dash/Desktop/ros_ws/install/nlp_subsystem:/home/dash/Desktop/ros_ws/install/cv_subsystem:/home/dash/Desktop/ros_ws/install/controller:/opt/ros/humble PYTHONPATH=/home/dash/Desktop/ros_ws/install/nlp_subsystem/lib/python3.10/site-packages:/home/dash/Desktop/ros_ws/install/cv_subsystem/lib/python3.10/site-packages:/home/dash/Desktop/ros_ws/install/controller/lib/python3.10/site-packages:/home/dash/Desktop/ros_ws/install/robot_interfaces/local/lib/python3.10/dist-packages:/home/dash/Desktop/ros_ws/install/robot_interfaces/lib/python3.10/site-packages:/home/dash/Desktop/depthai-ros/install/depthai_ros_driver/local/lib/python3.10/dist-packages:/home/dash/Desktop/depthai-ros/install/depthai_ros_msgs/local/lib/python3.10/dist-packages:/opt/ros/humble/lib/python3.10/site-packages:/opt/ros/humble/local/lib/python3.10/dist-packages /usr/bin/cmake /home/dash/Desktop/ros_ws/src/DASH_bringup -DCMAKE_INSTALL_PREFIX=/home/dash/Desktop/ros_ws/install/DASH_bringup
[29.567s] DEBUG:colcon.colcon_core.event_handler.log_command:Invoked command in '/home/dash/Desktop/ros_ws/build/DASH_bringup' returned '0': AMENT_PREFIX_PATH=/home/dash/Desktop/ros_ws/install/nlp_subsystem:/home/dash/Desktop/ros_ws/install/cv_subsystem:/home/dash/Desktop/ros_ws/install/controller:/home/dash/Desktop/ros_ws/install/robot_interfaces:/home/dash/Desktop/ros_ws/install/DASH_bringup:/home/dash/Desktop/depthai-ros/install/depthai-ros:/home/dash/Desktop/depthai-ros/install/depthai_ros_driver:/home/dash/Desktop/depthai-ros/install/depthai_filters:/home/dash/Desktop/depthai-ros/install/depthai_examples:/home/dash/Desktop/depthai-ros/install/depthai_bridge:/home/dash/Desktop/depthai-ros/install/depthai_ros_msgs:/home/dash/Desktop/depthai-ros/install/depthai_descriptions:/opt/ros/humble CMAKE_PREFIX_PATH=${CMAKE_PREFIX_PATH}:/home/dash/Desktop/ros_ws/install/nlp_subsystem:/home/dash/Desktop/ros_ws/install/cv_subsystem:/home/dash/Desktop/ros_ws/install/controller:/opt/ros/humble PYTHONPATH=/home/dash/Desktop/ros_ws/install/nlp_subsystem/lib/python3.10/site-packages:/home/dash/Desktop/ros_ws/install/cv_subsystem/lib/python3.10/site-packages:/home/dash/Desktop/ros_ws/install/controller/lib/python3.10/site-packages:/home/dash/Desktop/ros_ws/install/robot_interfaces/local/lib/python3.10/dist-packages:/home/dash/Desktop/ros_ws/install/robot_interfaces/lib/python3.10/site-packages:/home/dash/Desktop/depthai-ros/install/depthai_ros_driver/local/lib/python3.10/dist-packages:/home/dash/Desktop/depthai-ros/install/depthai_ros_msgs/local/lib/python3.10/dist-packages:/opt/ros/humble/lib/python3.10/site-packages:/opt/ros/humble/local/lib/python3.10/dist-packages /usr/bin/cmake /home/dash/Desktop/ros_ws/src/DASH_bringup -DCMAKE_INSTALL_PREFIX=/home/dash/Desktop/ros_ws/install/DASH_bringup
[29.571s] DEBUG:colcon.colcon_core.event_handler.log_command:Invoking command in '/home/dash/Desktop/ros_ws/build/DASH_bringup': AMENT_PREFIX_PATH=/home/dash/Desktop/ros_ws/install/nlp_subsystem:/home/dash/Desktop/ros_ws/install/cv_subsystem:/home/dash/Desktop/ros_ws/install/controller:/home/dash/Desktop/ros_ws/install/robot_interfaces:/home/dash/Desktop/ros_ws/install/DASH_bringup:/home/dash/Desktop/depthai-ros/install/depthai-ros:/home/dash/Desktop/depthai-ros/install/depthai_ros_driver:/home/dash/Desktop/depthai-ros/install/depthai_filters:/home/dash/Desktop/depthai-ros/install/depthai_examples:/home/dash/Desktop/depthai-ros/install/depthai_bridge:/home/dash/Desktop/depthai-ros/install/depthai_ros_msgs:/home/dash/Desktop/depthai-ros/install/depthai_descriptions:/opt/ros/humble CMAKE_PREFIX_PATH=${CMAKE_PREFIX_PATH}:/home/dash/Desktop/ros_ws/install/nlp_subsystem:/home/dash/Desktop/ros_ws/install/cv_subsystem:/home/dash/Desktop/ros_ws/install/controller:/opt/ros/humble PYTHONPATH=/home/dash/Desktop/ros_ws/install/nlp_subsystem/lib/python3.10/site-packages:/home/dash/Desktop/ros_ws/install/cv_subsystem/lib/python3.10/site-packages:/home/dash/Desktop/ros_ws/install/controller/lib/python3.10/site-packages:/home/dash/Desktop/ros_ws/install/robot_interfaces/local/lib/python3.10/dist-packages:/home/dash/Desktop/ros_ws/install/robot_interfaces/lib/python3.10/site-packages:/home/dash/Desktop/depthai-ros/install/depthai_ros_driver/local/lib/python3.10/dist-packages:/home/dash/Desktop/depthai-ros/install/depthai_ros_msgs/local/lib/python3.10/dist-packages:/opt/ros/humble/lib/python3.10/site-packages:/opt/ros/humble/local/lib/python3.10/dist-packages /usr/bin/cmake --build /home/dash/Desktop/ros_ws/build/DASH_bringup -- -j4 -l4
[29.991s] DEBUG:colcon.colcon_core.event_handler.log_command:Invoked command in '/home/dash/Desktop/ros_ws/build/DASH_bringup' returned '0': AMENT_PREFIX_PATH=/home/dash/Desktop/ros_ws/install/nlp_subsystem:/home/dash/Desktop/ros_ws/install/cv_subsystem:/home/dash/Desktop/ros_ws/install/controller:/home/dash/Desktop/ros_ws/install/robot_interfaces:/home/dash/Desktop/ros_ws/install/DASH_bringup:/home/dash/Desktop/depthai-ros/install/depthai-ros:/home/dash/Desktop/depthai-ros/install/depthai_ros_driver:/home/dash/Desktop/depthai-ros/install/depthai_filters:/home/dash/Desktop/depthai-ros/install/depthai_examples:/home/dash/Desktop/depthai-ros/install/depthai_bridge:/home/dash/Desktop/depthai-ros/install/depthai_ros_msgs:/home/dash/Desktop/depthai-ros/install/depthai_descriptions:/opt/ros/humble CMAKE_PREFIX_PATH=${CMAKE_PREFIX_PATH}:/home/dash/Desktop/ros_ws/install/nlp_subsystem:/home/dash/Desktop/ros_ws/install/cv_subsystem:/home/dash/Desktop/ros_ws/install/controller:/opt/ros/humble PYTHONPATH=/home/dash/Desktop/ros_ws/install/nlp_subsystem/lib/python3.10/site-packages:/home/dash/Desktop/ros_ws/install/cv_subsystem/lib/python3.10/site-packages:/home/dash/Desktop/ros_ws/install/controller/lib/python3.10/site-packages:/home/dash/Desktop/ros_ws/install/robot_interfaces/local/lib/python3.10/dist-packages:/home/dash/Desktop/ros_ws/install/robot_interfaces/lib/python3.10/site-packages:/home/dash/Desktop/depthai-ros/install/depthai_ros_driver/local/lib/python3.10/dist-packages:/home/dash/Desktop/depthai-ros/install/depthai_ros_msgs/local/lib/python3.10/dist-packages:/opt/ros/humble/lib/python3.10/site-packages:/opt/ros/humble/local/lib/python3.10/dist-packages /usr/bin/cmake --build /home/dash/Desktop/ros_ws/build/DASH_bringup -- -j4 -l4
[30.346s] DEBUG:colcon.colcon_core.event_handler.log_command:Invoking command in '/home/dash/Desktop/ros_ws/build/DASH_bringup': AMENT_PREFIX_PATH=/home/dash/Desktop/ros_ws/install/nlp_subsystem:/home/dash/Desktop/ros_ws/install/cv_subsystem:/home/dash/Desktop/ros_ws/install/controller:/home/dash/Desktop/ros_ws/install/robot_interfaces:/home/dash/Desktop/ros_ws/install/DASH_bringup:/home/dash/Desktop/depthai-ros/install/depthai-ros:/home/dash/Desktop/depthai-ros/install/depthai_ros_driver:/home/dash/Desktop/depthai-ros/install/depthai_filters:/home/dash/Desktop/depthai-ros/install/depthai_examples:/home/dash/Desktop/depthai-ros/install/depthai_bridge:/home/dash/Desktop/depthai-ros/install/depthai_ros_msgs:/home/dash/Desktop/depthai-ros/install/depthai_descriptions:/opt/ros/humble CMAKE_PREFIX_PATH=${CMAKE_PREFIX_PATH}:/home/dash/Desktop/ros_ws/install/nlp_subsystem:/home/dash/Desktop/ros_ws/install/cv_subsystem:/home/dash/Desktop/ros_ws/install/controller:/opt/ros/humble PYTHONPATH=/home/dash/Desktop/ros_ws/install/nlp_subsystem/lib/python3.10/site-packages:/home/dash/Desktop/ros_ws/install/cv_subsystem/lib/python3.10/site-packages:/home/dash/Desktop/ros_ws/install/controller/lib/python3.10/site-packages:/home/dash/Desktop/ros_ws/install/robot_interfaces/local/lib/python3.10/dist-packages:/home/dash/Desktop/ros_ws/install/robot_interfaces/lib/python3.10/site-packages:/home/dash/Desktop/depthai-ros/install/depthai_ros_driver/local/lib/python3.10/dist-packages:/home/dash/Desktop/depthai-ros/install/depthai_ros_msgs/local/lib/python3.10/dist-packages:/opt/ros/humble/lib/python3.10/site-packages:/opt/ros/humble/local/lib/python3.10/dist-packages /usr/bin/cmake --install /home/dash/Desktop/ros_ws/build/DASH_bringup
[30.625s] Level 1:colcon.colcon_core.environment:create_environment_scripts_only(DASH_bringup)
[30.628s] Level 1:colcon.colcon_core.environment:checking '/home/dash/Desktop/ros_ws/install/DASH_bringup' for CMake module files
[30.632s] Level 1:colcon.colcon_core.environment:checking '/home/dash/Desktop/ros_ws/install/DASH_bringup' for CMake config files
[30.634s] Level 1:colcon.colcon_core.shell:create_environment_hook('DASH_bringup', 'cmake_prefix_path')
[30.636s] INFO:colcon.colcon_core.shell:Creating environment hook '/home/dash/Desktop/ros_ws/install/DASH_bringup/share/DASH_bringup/hook/cmake_prefix_path.ps1'
[30.650s] INFO:colcon.colcon_core.shell:Creating environment descriptor '/home/dash/Desktop/ros_ws/install/DASH_bringup/share/DASH_bringup/hook/cmake_prefix_path.dsv'
[30.654s] DEBUG:colcon.colcon_core.event_handler.log_command:Invoked command in '/home/dash/Desktop/ros_ws/build/DASH_bringup' returned '0': AMENT_PREFIX_PATH=/home/dash/Desktop/ros_ws/install/nlp_subsystem:/home/dash/Desktop/ros_ws/install/cv_subsystem:/home/dash/Desktop/ros_ws/install/controller:/home/dash/Desktop/ros_ws/install/robot_interfaces:/home/dash/Desktop/ros_ws/install/DASH_bringup:/home/dash/Desktop/depthai-ros/install/depthai-ros:/home/dash/Desktop/depthai-ros/install/depthai_ros_driver:/home/dash/Desktop/depthai-ros/install/depthai_filters:/home/dash/Desktop/depthai-ros/install/depthai_examples:/home/dash/Desktop/depthai-ros/install/depthai_bridge:/home/dash/Desktop/depthai-ros/install/depthai_ros_msgs:/home/dash/Desktop/depthai-ros/install/depthai_descriptions:/opt/ros/humble CMAKE_PREFIX_PATH=${CMAKE_PREFIX_PATH}:/home/dash/Desktop/ros_ws/install/nlp_subsystem:/home/dash/Desktop/ros_ws/install/cv_subsystem:/home/dash/Desktop/ros_ws/install/controller:/opt/ros/humble PYTHONPATH=/home/dash/Desktop/ros_ws/install/nlp_subsystem/lib/python3.10/site-packages:/home/dash/Desktop/ros_ws/install/cv_subsystem/lib/python3.10/site-packages:/home/dash/Desktop/ros_ws/install/controller/lib/python3.10/site-packages:/home/dash/Desktop/ros_ws/install/robot_interfaces/local/lib/python3.10/dist-packages:/home/dash/Desktop/ros_ws/install/robot_interfaces/lib/python3.10/site-packages:/home/dash/Desktop/depthai-ros/install/depthai_ros_driver/local/lib/python3.10/dist-packages:/home/dash/Desktop/depthai-ros/install/depthai_ros_msgs/local/lib/python3.10/dist-packages:/opt/ros/humble/lib/python3.10/site-packages:/opt/ros/humble/local/lib/python3.10/dist-packages /usr/bin/cmake --install /home/dash/Desktop/ros_ws/build/DASH_bringup
[30.667s] INFO:colcon.colcon_core.shell:Creating environment hook '/home/dash/Desktop/ros_ws/install/DASH_bringup/share/DASH_bringup/hook/cmake_prefix_path.sh'
[30.672s] Level 1:colcon.colcon_core.environment:checking '/home/dash/Desktop/ros_ws/install/DASH_bringup/bin'
[30.674s] Level 1:colcon.colcon_core.environment:checking '/home/dash/Desktop/ros_ws/install/DASH_bringup/lib/pkgconfig/DASH_bringup.pc'
[30.676s] Level 1:colcon.colcon_core.environment:checking '/home/dash/Desktop/ros_ws/install/DASH_bringup/lib/python3.10/site-packages'
[30.679s] Level 1:colcon.colcon_core.environment:checking '/home/dash/Desktop/ros_ws/install/DASH_bringup/bin'
[30.682s] INFO:colcon.colcon_core.shell:Creating package script '/home/dash/Desktop/ros_ws/install/DASH_bringup/share/DASH_bringup/package.ps1'
[30.695s] INFO:colcon.colcon_core.shell:Creating package descriptor '/home/dash/Desktop/ros_ws/install/DASH_bringup/share/DASH_bringup/package.dsv'
[30.708s] INFO:colcon.colcon_core.shell:Creating package script '/home/dash/Desktop/ros_ws/install/DASH_bringup/share/DASH_bringup/package.sh'
[30.715s] INFO:colcon.colcon_core.shell:Creating package script '/home/dash/Desktop/ros_ws/install/DASH_bringup/share/DASH_bringup/package.bash'
[30.729s] INFO:colcon.colcon_core.shell:Creating package script '/home/dash/Desktop/ros_ws/install/DASH_bringup/share/DASH_bringup/package.zsh'
[30.744s] Level 1:colcon.colcon_core.environment:create_file_with_runtime_dependencies(/home/dash/Desktop/ros_ws/install/DASH_bringup/share/colcon-core/packages/DASH_bringup)
[31.064s] Level 1:colcon.colcon_core.environment:create_environment_scripts_only(DASH_bringup)
[31.066s] Level 1:colcon.colcon_core.environment:checking '/home/dash/Desktop/ros_ws/install/DASH_bringup' for CMake module files
[31.069s] Level 1:colcon.colcon_core.environment:checking '/home/dash/Desktop/ros_ws/install/DASH_bringup' for CMake config files
[31.071s] Level 1:colcon.colcon_core.shell:create_environment_hook('DASH_bringup', 'cmake_prefix_path')
[31.072s] INFO:colcon.colcon_core.shell:Creating environment hook '/home/dash/Desktop/ros_ws/install/DASH_bringup/share/DASH_bringup/hook/cmake_prefix_path.ps1'
[31.075s] INFO:colcon.colcon_core.shell:Creating environment descriptor '/home/dash/Desktop/ros_ws/install/DASH_bringup/share/DASH_bringup/hook/cmake_prefix_path.dsv'
[31.078s] INFO:colcon.colcon_core.shell:Creating environment hook '/home/dash/Desktop/ros_ws/install/DASH_bringup/share/DASH_bringup/hook/cmake_prefix_path.sh'
[31.082s] Level 1:colcon.colcon_core.environment:checking '/home/dash/Desktop/ros_ws/install/DASH_bringup/bin'
[31.082s] Level 1:colcon.colcon_core.environment:checking '/home/dash/Desktop/ros_ws/install/DASH_bringup/lib/pkgconfig/DASH_bringup.pc'
[31.083s] Level 1:colcon.colcon_core.environment:checking '/home/dash/Desktop/ros_ws/install/DASH_bringup/lib/python3.10/site-packages'
[31.085s] Level 1:colcon.colcon_core.environment:checking '/home/dash/Desktop/ros_ws/install/DASH_bringup/bin'
[31.086s] INFO:colcon.colcon_core.shell:Creating package script '/home/dash/Desktop/ros_ws/install/DASH_bringup/share/DASH_bringup/package.ps1'
[31.090s] INFO:colcon.colcon_core.shell:Creating package descriptor '/home/dash/Desktop/ros_ws/install/DASH_bringup/share/DASH_bringup/package.dsv'
[31.093s] INFO:colcon.colcon_core.shell:Creating package script '/home/dash/Desktop/ros_ws/install/DASH_bringup/share/DASH_bringup/package.sh'
[31.101s] INFO:colcon.colcon_core.shell:Creating package script '/home/dash/Desktop/ros_ws/install/DASH_bringup/share/DASH_bringup/package.bash'
[31.108s] INFO:colcon.colcon_core.shell:Creating package script '/home/dash/Desktop/ros_ws/install/DASH_bringup/share/DASH_bringup/package.zsh'
[31.113s] Level 1:colcon.colcon_core.environment:create_file_with_runtime_dependencies(/home/dash/Desktop/ros_ws/install/DASH_bringup/share/colcon-core/packages/DASH_bringup)
[33.175s] DEBUG:colcon.colcon_core.event_handler.log_command:Invoked command in '/home/dash/Desktop/ros_ws/build/robot_interfaces' returned '0': CMAKE_PREFIX_PATH=${CMAKE_PREFIX_PATH}:/home/dash/Desktop/ros_ws/install/nlp_subsystem:/home/dash/Desktop/ros_ws/install/cv_subsystem:/home/dash/Desktop/ros_ws/install/controller:/opt/ros/humble /usr/bin/cmake /home/dash/Desktop/ros_ws/src/robot_interfaces -DCMAKE_INSTALL_PREFIX=/home/dash/Desktop/ros_ws/install/robot_interfaces
[33.190s] DEBUG:colcon.colcon_core.event_handler.log_command:Invoking command in '/home/dash/Desktop/ros_ws/build/robot_interfaces': CMAKE_PREFIX_PATH=${CMAKE_PREFIX_PATH}:/home/dash/Desktop/ros_ws/install/nlp_subsystem:/home/dash/Desktop/ros_ws/install/cv_subsystem:/home/dash/Desktop/ros_ws/install/controller:/opt/ros/humble /usr/bin/cmake --build /home/dash/Desktop/ros_ws/build/robot_interfaces -- -j4 -l4
[99.804s] DEBUG:colcon.colcon_core.event_handler.log_command:Invoked command in '/home/dash/Desktop/ros_ws/build/robot_interfaces' returned '0': CMAKE_PREFIX_PATH=${CMAKE_PREFIX_PATH}:/home/dash/Desktop/ros_ws/install/nlp_subsystem:/home/dash/Desktop/ros_ws/install/cv_subsystem:/home/dash/Desktop/ros_ws/install/controller:/opt/ros/humble /usr/bin/cmake --build /home/dash/Desktop/ros_ws/build/robot_interfaces -- -j4 -l4
[100.739s] DEBUG:colcon.colcon_core.event_handler.log_command:Invoking command in '/home/dash/Desktop/ros_ws/build/robot_interfaces': CMAKE_PREFIX_PATH=${CMAKE_PREFIX_PATH}:/home/dash/Desktop/ros_ws/install/nlp_subsystem:/home/dash/Desktop/ros_ws/install/cv_subsystem:/home/dash/Desktop/ros_ws/install/controller:/opt/ros/humble /usr/bin/cmake --install /home/dash/Desktop/ros_ws/build/robot_interfaces
[101.365s] Level 1:colcon.colcon_core.environment:create_environment_scripts_only(robot_interfaces)
[101.366s] Level 1:colcon.colcon_core.environment:checking '/home/dash/Desktop/ros_ws/install/robot_interfaces' for CMake module files
[101.372s] DEBUG:colcon.colcon_core.event_handler.log_command:Invoked command in '/home/dash/Desktop/ros_ws/build/robot_interfaces' returned '0': CMAKE_PREFIX_PATH=${CMAKE_PREFIX_PATH}:/home/dash/Desktop/ros_ws/install/nlp_subsystem:/home/dash/Desktop/ros_ws/install/cv_subsystem:/home/dash/Desktop/ros_ws/install/controller:/opt/ros/humble /usr/bin/cmake --install /home/dash/Desktop/ros_ws/build/robot_interfaces
[101.375s] Level 1:colcon.colcon_core.environment:checking '/home/dash/Desktop/ros_ws/install/robot_interfaces' for CMake config files
[101.379s] Level 1:colcon.colcon_core.shell:create_environment_hook('robot_interfaces', 'cmake_prefix_path')
[101.380s] INFO:colcon.colcon_core.shell:Creating environment hook '/home/dash/Desktop/ros_ws/install/robot_interfaces/share/robot_interfaces/hook/cmake_prefix_path.ps1'
[101.383s] INFO:colcon.colcon_core.shell:Creating environment descriptor '/home/dash/Desktop/ros_ws/install/robot_interfaces/share/robot_interfaces/hook/cmake_prefix_path.dsv'
[101.385s] INFO:colcon.colcon_core.shell:Creating environment hook '/home/dash/Desktop/ros_ws/install/robot_interfaces/share/robot_interfaces/hook/cmake_prefix_path.sh'
[101.389s] Level 1:colcon.colcon_core.environment:checking '/home/dash/Desktop/ros_ws/install/robot_interfaces/lib'
[101.389s] Level 1:colcon.colcon_core.shell:create_environment_hook('robot_interfaces', 'ld_library_path_lib')
[101.391s] INFO:colcon.colcon_core.shell:Creating environment hook '/home/dash/Desktop/ros_ws/install/robot_interfaces/share/robot_interfaces/hook/ld_library_path_lib.ps1'
[101.393s] INFO:colcon.colcon_core.shell:Creating environment descriptor '/home/dash/Desktop/ros_ws/install/robot_interfaces/share/robot_interfaces/hook/ld_library_path_lib.dsv'
[101.395s] INFO:colcon.colcon_core.shell:Creating environment hook '/home/dash/Desktop/ros_ws/install/robot_interfaces/share/robot_interfaces/hook/ld_library_path_lib.sh'
[101.397s] Level 1:colcon.colcon_core.environment:checking '/home/dash/Desktop/ros_ws/install/robot_interfaces/bin'
[101.398s] Level 1:colcon.colcon_core.environment:checking '/home/dash/Desktop/ros_ws/install/robot_interfaces/lib/pkgconfig/robot_interfaces.pc'
[101.399s] Level 1:colcon.colcon_core.environment:checking '/home/dash/Desktop/ros_ws/install/robot_interfaces/lib/python3.10/site-packages'
[101.401s] Level 1:colcon.colcon_core.environment:checking '/home/dash/Desktop/ros_ws/install/robot_interfaces/bin'
[101.404s] INFO:colcon.colcon_core.shell:Creating package script '/home/dash/Desktop/ros_ws/install/robot_interfaces/share/robot_interfaces/package.ps1'
[101.407s] INFO:colcon.colcon_core.shell:Creating package descriptor '/home/dash/Desktop/ros_ws/install/robot_interfaces/share/robot_interfaces/package.dsv'
[101.411s] INFO:colcon.colcon_core.shell:Creating package script '/home/dash/Desktop/ros_ws/install/robot_interfaces/share/robot_interfaces/package.sh'
[101.413s] INFO:colcon.colcon_core.shell:Creating package script '/home/dash/Desktop/ros_ws/install/robot_interfaces/share/robot_interfaces/package.bash'
[101.415s] INFO:colcon.colcon_core.shell:Creating package script '/home/dash/Desktop/ros_ws/install/robot_interfaces/share/robot_interfaces/package.zsh'
[101.418s] Level 1:colcon.colcon_core.environment:create_file_with_runtime_dependencies(/home/dash/Desktop/ros_ws/install/robot_interfaces/share/colcon-core/packages/robot_interfaces)
[102.339s] Level 1:colcon.colcon_core.environment:create_environment_scripts_only(robot_interfaces)
[102.340s] Level 1:colcon.colcon_core.environment:checking '/home/dash/Desktop/ros_ws/install/robot_interfaces' for CMake module files
[102.346s] Level 1:colcon.colcon_core.environment:checking '/home/dash/Desktop/ros_ws/install/robot_interfaces' for CMake config files
[102.350s] Level 1:colcon.colcon_core.shell:create_environment_hook('robot_interfaces', 'cmake_prefix_path')
[102.351s] INFO:colcon.colcon_core.shell:Creating environment hook '/home/dash/Desktop/ros_ws/install/robot_interfaces/share/robot_interfaces/hook/cmake_prefix_path.ps1'
[102.354s] INFO:colcon.colcon_core.shell:Creating environment descriptor '/home/dash/Desktop/ros_ws/install/robot_interfaces/share/robot_interfaces/hook/cmake_prefix_path.dsv'
[102.355s] INFO:colcon.colcon_core.shell:Creating environment hook '/home/dash/Desktop/ros_ws/install/robot_interfaces/share/robot_interfaces/hook/cmake_prefix_path.sh'
[102.358s] Level 1:colcon.colcon_core.environment:checking '/home/dash/Desktop/ros_ws/install/robot_interfaces/lib'
[102.359s] Level 1:colcon.colcon_core.shell:create_environment_hook('robot_interfaces', 'ld_library_path_lib')
[102.360s] INFO:colcon.colcon_core.shell:Creating environment hook '/home/dash/Desktop/ros_ws/install/robot_interfaces/share/robot_interfaces/hook/ld_library_path_lib.ps1'
[102.362s] INFO:colcon.colcon_core.shell:Creating environment descriptor '/home/dash/Desktop/ros_ws/install/robot_interfaces/share/robot_interfaces/hook/ld_library_path_lib.dsv'
[102.364s] INFO:colcon.colcon_core.shell:Creating environment hook '/home/dash/Desktop/ros_ws/install/robot_interfaces/share/robot_interfaces/hook/ld_library_path_lib.sh'
[102.366s] Level 1:colcon.colcon_core.environment:checking '/home/dash/Desktop/ros_ws/install/robot_interfaces/bin'
[102.366s] Level 1:colcon.colcon_core.environment:checking '/home/dash/Desktop/ros_ws/install/robot_interfaces/lib/pkgconfig/robot_interfaces.pc'
[102.368s] Level 1:colcon.colcon_core.environment:checking '/home/dash/Desktop/ros_ws/install/robot_interfaces/lib/python3.10/site-packages'
[102.369s] Level 1:colcon.colcon_core.environment:checking '/home/dash/Desktop/ros_ws/install/robot_interfaces/bin'
[102.370s] INFO:colcon.colcon_core.shell:Creating package script '/home/dash/Desktop/ros_ws/install/robot_interfaces/share/robot_interfaces/package.ps1'
[102.373s] INFO:colcon.colcon_core.shell:Creating package descriptor '/home/dash/Desktop/ros_ws/install/robot_interfaces/share/robot_interfaces/package.dsv'
[102.377s] INFO:colcon.colcon_core.shell:Creating package script '/home/dash/Desktop/ros_ws/install/robot_interfaces/share/robot_interfaces/package.sh'
[102.380s] INFO:colcon.colcon_core.shell:Creating package script '/home/dash/Desktop/ros_ws/install/robot_interfaces/share/robot_interfaces/package.bash'
[102.382s] INFO:colcon.colcon_core.shell:Creating package script '/home/dash/Desktop/ros_ws/install/robot_interfaces/share/robot_interfaces/package.zsh'
[102.384s] Level 1:colcon.colcon_core.environment:create_file_with_runtime_dependencies(/home/dash/Desktop/ros_ws/install/robot_interfaces/share/colcon-core/packages/robot_interfaces)
[102.385s] DEBUG:colcon.colcon_parallel_executor.executor.parallel:closing loop
[102.386s] DEBUG:colcon.colcon_parallel_executor.executor.parallel:loop closed
[102.389s] DEBUG:colcon.colcon_parallel_executor.executor.parallel:run_until_complete finished with '0'
[102.389s] DEBUG:colcon.colcon_core.event_reactor:joining thread
[102.420s] INFO:colcon.colcon_core.plugin_system:Skipping extension 'colcon_notification.desktop_notification.terminal_notifier': Not used on non-Darwin systems
[102.421s] INFO:colcon.colcon_core.plugin_system:Skipping extension 'colcon_notification.desktop_notification.win32': Not used on non-Windows systems
[102.422s] INFO:colcon.colcon_notification.desktop_notification:Sending desktop notification using 'notify2'
[102.507s] DEBUG:colcon.colcon_core.event_reactor:joined thread
[102.508s] INFO:colcon.colcon_core.shell:Creating prefix script '/home/dash/Desktop/ros_ws/install/local_setup.ps1'
[102.515s] INFO:colcon.colcon_core.shell:Creating prefix util module '/home/dash/Desktop/ros_ws/install/_local_setup_util_ps1.py'
[102.526s] INFO:colcon.colcon_core.shell:Creating prefix chain script '/home/dash/Desktop/ros_ws/install/setup.ps1'
[102.547s] INFO:colcon.colcon_core.shell:Creating prefix script '/home/dash/Desktop/ros_ws/install/local_setup.sh'
[102.554s] INFO:colcon.colcon_core.shell:Creating prefix util module '/home/dash/Desktop/ros_ws/install/_local_setup_util_sh.py'
[102.561s] INFO:colcon.colcon_core.shell:Creating prefix chain script '/home/dash/Desktop/ros_ws/install/setup.sh'
[102.576s] INFO:colcon.colcon_core.shell:Creating prefix script '/home/dash/Desktop/ros_ws/install/local_setup.bash'
[102.580s] INFO:colcon.colcon_core.shell:Creating prefix chain script '/home/dash/Desktop/ros_ws/install/setup.bash'
[102.594s] INFO:colcon.colcon_core.shell:Creating prefix script '/home/dash/Desktop/ros_ws/install/local_setup.zsh'
[102.597s] INFO:colcon.colcon_core.shell:Creating prefix chain script '/home/dash/Desktop/ros_ws/install/setup.zsh'
