[7.528s] Invoking command in '/home/dash/Desktop/ros_ws/build/robot_interfaces': CMAKE_PREFIX_PATH=${CMAKE_PREFIX_PATH}:/home/dash/Desktop/ros_ws/install/user_interface:/home/dash/Desktop/ros_ws/install/nlp_subsystem:/home/dash/Desktop/ros_ws/install/cv_subsystem:/home/dash/Desktop/ros_ws/install/controller:/opt/ros/humble /usr/bin/cmake --build /home/dash/Desktop/ros_ws/build/robot_interfaces -- -j4 -l4
[9.525s] [  2%] Built target robot_interfaces__cpp
[9.888s] [ 12%] Built target robot_interfaces__rosidl_generator_c
[9.992s] [ 12%] Built target ament_cmake_python_copy_robot_interfaces
[10.465s] [ 31%] Built target robot_interfaces__rosidl_typesupport_introspection_cpp
[10.487s] [ 34%] Built target robot_interfaces__rosidl_typesupport_fastrtps_cpp
[10.559s] [ 44%] Built target robot_interfaces__rosidl_typesupport_cpp
[10.735s] [ 55%] Built target robot_interfaces__rosidl_typesupport_fastrtps_c
[11.105s] [ 65%] Built target robot_interfaces__rosidl_typesupport_introspection_c
[11.337s] [ 76%] Built target robot_interfaces__rosidl_typesupport_c
[11.806s] [ 76%] Built target robot_interfaces
[12.226s] [ 78%] Built target robot_interfaces__py
[12.840s] [ 87%] Built target robot_interfaces__rosidl_generator_py
[13.327s] [ 91%] Built target robot_interfaces__rosidl_typesupport_c__pyext
[13.796s] [ 95%] Built target robot_interfaces__rosidl_typesupport_introspection_c__pyext
[13.858s] [100%] Built target robot_interfaces__rosidl_typesupport_fastrtps_c__pyext
[17.836s] running egg_info
[17.846s] writing robot_interfaces.egg-info/PKG-INFO
[17.848s] writing dependency_links to robot_interfaces.egg-info/dependency_links.txt
[17.861s] writing top-level names to robot_interfaces.egg-info/top_level.txt
[17.917s] reading manifest file 'robot_interfaces.egg-info/SOURCES.txt'
[17.919s] writing manifest file 'robot_interfaces.egg-info/SOURCES.txt'
[18.469s] [100%] Built target ament_cmake_python_build_robot_interfaces_egg
[18.596s] Invoked command in '/home/dash/Desktop/ros_ws/build/robot_interfaces' returned '0': CMAKE_PREFIX_PATH=${CMAKE_PREFIX_PATH}:/home/dash/Desktop/ros_ws/install/user_interface:/home/dash/Desktop/ros_ws/install/nlp_subsystem:/home/dash/Desktop/ros_ws/install/cv_subsystem:/home/dash/Desktop/ros_ws/install/controller:/opt/ros/humble /usr/bin/cmake --build /home/dash/Desktop/ros_ws/build/robot_interfaces -- -j4 -l4
[20.985s] Invoking command in '/home/dash/Desktop/ros_ws/build/robot_interfaces': CMAKE_PREFIX_PATH=${CMAKE_PREFIX_PATH}:/home/dash/Desktop/ros_ws/install/user_interface:/home/dash/Desktop/ros_ws/install/nlp_subsystem:/home/dash/Desktop/ros_ws/install/cv_subsystem:/home/dash/Desktop/ros_ws/install/controller:/opt/ros/humble /usr/bin/cmake --install /home/dash/Desktop/ros_ws/build/robot_interfaces
[21.125s] -- Install configuration: ""
[21.131s] -- Up-to-date: /home/dash/Desktop/ros_ws/install/robot_interfaces/share/ament_index/resource_index/rosidl_interfaces/robot_interfaces
[21.153s] -- Up-to-date: /home/dash/Desktop/ros_ws/install/robot_interfaces/include/robot_interfaces/robot_interfaces
[21.164s] -- Up-to-date: /home/dash/Desktop/ros_ws/install/robot_interfaces/include/robot_interfaces/robot_interfaces/srv
[21.170s] -- Up-to-date: /home/dash/Desktop/ros_ws/install/robot_interfaces/include/robot_interfaces/robot_interfaces/srv/detail
[21.201s] -- Up-to-date: /home/dash/Desktop/ros_ws/install/robot_interfaces/include/robot_interfaces/robot_interfaces/srv/detail/handshake__functions.c
[21.216s] -- Up-to-date: /home/dash/Desktop/ros_ws/install/robot_interfaces/include/robot_interfaces/robot_interfaces/srv/detail/robot_status_srv__struct.h
[21.216s] -- Up-to-date: /home/dash/Desktop/ros_ws/install/robot_interfaces/include/robot_interfaces/robot_interfaces/srv/detail/lm_chat__functions.h
[21.217s] -- Up-to-date: /home/dash/Desktop/ros_ws/install/robot_interfaces/include/robot_interfaces/robot_interfaces/srv/detail/lm_chat__functions.c
[21.218s] -- Up-to-date: /home/dash/Desktop/ros_ws/install/robot_interfaces/include/robot_interfaces/robot_interfaces/srv/detail/handshake__functions.h
[21.219s] -- Up-to-date: /home/dash/Desktop/ros_ws/install/robot_interfaces/include/robot_interfaces/robot_interfaces/srv/detail/lm_chat__struct.h
[21.229s] -- Up-to-date: /home/dash/Desktop/ros_ws/install/robot_interfaces/include/robot_interfaces/robot_interfaces/srv/detail/handshake__struct.h
[21.259s] -- Up-to-date: /home/dash/Desktop/ros_ws/install/robot_interfaces/include/robot_interfaces/robot_interfaces/srv/detail/robot_status_srv__functions.c
[21.266s] -- Up-to-date: /home/dash/Desktop/ros_ws/install/robot_interfaces/include/robot_interfaces/robot_interfaces/srv/detail/handshake__type_support.h
[21.269s] -- Up-to-date: /home/dash/Desktop/ros_ws/install/robot_interfaces/include/robot_interfaces/robot_interfaces/srv/detail/robot_status_srv__type_support.h
[21.272s] -- Up-to-date: /home/dash/Desktop/ros_ws/install/robot_interfaces/include/robot_interfaces/robot_interfaces/srv/detail/robot_status_srv__functions.h
[21.273s] -- Up-to-date: /home/dash/Desktop/ros_ws/install/robot_interfaces/include/robot_interfaces/robot_interfaces/srv/detail/lm_chat__type_support.h
[21.275s] -- Up-to-date: /home/dash/Desktop/ros_ws/install/robot_interfaces/include/robot_interfaces/robot_interfaces/srv/robot_status_srv.h
[21.276s] -- Up-to-date: /home/dash/Desktop/ros_ws/install/robot_interfaces/include/robot_interfaces/robot_interfaces/srv/lm_chat.h
[21.278s] -- Up-to-date: /home/dash/Desktop/ros_ws/install/robot_interfaces/include/robot_interfaces/robot_interfaces/srv/handshake.h
[21.291s] -- Up-to-date: /home/dash/Desktop/ros_ws/install/robot_interfaces/include/robot_interfaces/robot_interfaces/msg
[21.301s] -- Up-to-date: /home/dash/Desktop/ros_ws/install/robot_interfaces/include/robot_interfaces/robot_interfaces/msg/rosidl_generator_c__visibility_control.h
[21.304s] -- Up-to-date: /home/dash/Desktop/ros_ws/install/robot_interfaces/share/robot_interfaces/environment/library_path.sh
[21.309s] -- Up-to-date: /home/dash/Desktop/ros_ws/install/robot_interfaces/share/robot_interfaces/environment/library_path.dsv
[21.314s] -- Up-to-date: /home/dash/Desktop/ros_ws/install/robot_interfaces/lib/librobot_interfaces__rosidl_generator_c.so
[21.315s] -- Up-to-date: /home/dash/Desktop/ros_ws/install/robot_interfaces/include/robot_interfaces/robot_interfaces
[21.337s] -- Up-to-date: /home/dash/Desktop/ros_ws/install/robot_interfaces/include/robot_interfaces/robot_interfaces/srv
[21.347s] -- Up-to-date: /home/dash/Desktop/ros_ws/install/robot_interfaces/include/robot_interfaces/robot_interfaces/srv/detail
[21.356s] -- Up-to-date: /home/dash/Desktop/ros_ws/install/robot_interfaces/include/robot_interfaces/robot_interfaces/srv/detail/lm_chat__rosidl_typesupport_fastrtps_c.h
[21.362s] -- Up-to-date: /home/dash/Desktop/ros_ws/install/robot_interfaces/include/robot_interfaces/robot_interfaces/srv/detail/robot_status_srv__rosidl_typesupport_fastrtps_c.h
[21.369s] -- Up-to-date: /home/dash/Desktop/ros_ws/install/robot_interfaces/include/robot_interfaces/robot_interfaces/srv/detail/handshake__rosidl_typesupport_fastrtps_c.h
[21.392s] -- Up-to-date: /home/dash/Desktop/ros_ws/install/robot_interfaces/include/robot_interfaces/robot_interfaces/msg
[21.393s] -- Up-to-date: /home/dash/Desktop/ros_ws/install/robot_interfaces/include/robot_interfaces/robot_interfaces/msg/rosidl_typesupport_fastrtps_c__visibility_control.h
[21.395s] -- Up-to-date: /home/dash/Desktop/ros_ws/install/robot_interfaces/lib/librobot_interfaces__rosidl_typesupport_fastrtps_c.so
[21.423s] -- Up-to-date: /home/dash/Desktop/ros_ws/install/robot_interfaces/include/robot_interfaces/robot_interfaces
[21.435s] -- Up-to-date: /home/dash/Desktop/ros_ws/install/robot_interfaces/include/robot_interfaces/robot_interfaces/srv
[21.445s] -- Up-to-date: /home/dash/Desktop/ros_ws/install/robot_interfaces/include/robot_interfaces/robot_interfaces/srv/detail
[21.446s] -- Up-to-date: /home/dash/Desktop/ros_ws/install/robot_interfaces/include/robot_interfaces/robot_interfaces/srv/detail/lm_chat__rosidl_typesupport_introspection_c.h
[21.465s] -- Up-to-date: /home/dash/Desktop/ros_ws/install/robot_interfaces/include/robot_interfaces/robot_interfaces/srv/detail/handshake__rosidl_typesupport_introspection_c.h
[21.468s] -- Up-to-date: /home/dash/Desktop/ros_ws/install/robot_interfaces/include/robot_interfaces/robot_interfaces/srv/detail/robot_status_srv__rosidl_typesupport_introspection_c.h
[21.470s] -- Up-to-date: /home/dash/Desktop/ros_ws/install/robot_interfaces/include/robot_interfaces/robot_interfaces/srv/detail/handshake__type_support.c
[21.471s] -- Up-to-date: /home/dash/Desktop/ros_ws/install/robot_interfaces/include/robot_interfaces/robot_interfaces/srv/detail/robot_status_srv__type_support.c
[21.473s] -- Up-to-date: /home/dash/Desktop/ros_ws/install/robot_interfaces/include/robot_interfaces/robot_interfaces/srv/detail/lm_chat__type_support.c
[21.474s] -- Up-to-date: /home/dash/Desktop/ros_ws/install/robot_interfaces/include/robot_interfaces/robot_interfaces/msg
[21.480s] -- Up-to-date: /home/dash/Desktop/ros_ws/install/robot_interfaces/include/robot_interfaces/robot_interfaces/msg/rosidl_typesupport_introspection_c__visibility_control.h
[21.482s] -- Up-to-date: /home/dash/Desktop/ros_ws/install/robot_interfaces/lib/librobot_interfaces__rosidl_typesupport_introspection_c.so
[21.483s] -- Up-to-date: /home/dash/Desktop/ros_ws/install/robot_interfaces/lib/librobot_interfaces__rosidl_typesupport_c.so
[21.487s] -- Up-to-date: /home/dash/Desktop/ros_ws/install/robot_interfaces/include/robot_interfaces/robot_interfaces
[21.488s] -- Up-to-date: /home/dash/Desktop/ros_ws/install/robot_interfaces/include/robot_interfaces/robot_interfaces/srv
[21.488s] -- Up-to-date: /home/dash/Desktop/ros_ws/install/robot_interfaces/include/robot_interfaces/robot_interfaces/srv/detail
[21.489s] -- Up-to-date: /home/dash/Desktop/ros_ws/install/robot_interfaces/include/robot_interfaces/robot_interfaces/srv/detail/lm_chat__builder.hpp
[21.490s] -- Up-to-date: /home/dash/Desktop/ros_ws/install/robot_interfaces/include/robot_interfaces/robot_interfaces/srv/detail/lm_chat__struct.hpp
[21.505s] -- Up-to-date: /home/dash/Desktop/ros_ws/install/robot_interfaces/include/robot_interfaces/robot_interfaces/srv/detail/handshake__builder.hpp
[21.507s] -- Up-to-date: /home/dash/Desktop/ros_ws/install/robot_interfaces/include/robot_interfaces/robot_interfaces/srv/detail/robot_status_srv__builder.hpp
[21.508s] -- Up-to-date: /home/dash/Desktop/ros_ws/install/robot_interfaces/include/robot_interfaces/robot_interfaces/srv/detail/robot_status_srv__struct.hpp
[21.510s] -- Up-to-date: /home/dash/Desktop/ros_ws/install/robot_interfaces/include/robot_interfaces/robot_interfaces/srv/detail/handshake__traits.hpp
[21.511s] -- Up-to-date: /home/dash/Desktop/ros_ws/install/robot_interfaces/include/robot_interfaces/robot_interfaces/srv/detail/robot_status_srv__traits.hpp
[21.513s] -- Up-to-date: /home/dash/Desktop/ros_ws/install/robot_interfaces/include/robot_interfaces/robot_interfaces/srv/detail/lm_chat__traits.hpp
[21.514s] -- Up-to-date: /home/dash/Desktop/ros_ws/install/robot_interfaces/include/robot_interfaces/robot_interfaces/srv/detail/handshake__struct.hpp
[21.523s] -- Up-to-date: /home/dash/Desktop/ros_ws/install/robot_interfaces/include/robot_interfaces/robot_interfaces/srv/robot_status_srv.hpp
[21.526s] -- Up-to-date: /home/dash/Desktop/ros_ws/install/robot_interfaces/include/robot_interfaces/robot_interfaces/srv/handshake.hpp
[21.541s] -- Up-to-date: /home/dash/Desktop/ros_ws/install/robot_interfaces/include/robot_interfaces/robot_interfaces/srv/lm_chat.hpp
[21.542s] -- Up-to-date: /home/dash/Desktop/ros_ws/install/robot_interfaces/include/robot_interfaces/robot_interfaces
[21.544s] -- Up-to-date: /home/dash/Desktop/ros_ws/install/robot_interfaces/include/robot_interfaces/robot_interfaces/srv
[21.545s] -- Up-to-date: /home/dash/Desktop/ros_ws/install/robot_interfaces/include/robot_interfaces/robot_interfaces/srv/detail
[21.548s] -- Up-to-date: /home/dash/Desktop/ros_ws/install/robot_interfaces/include/robot_interfaces/robot_interfaces/srv/detail/dds_fastrtps
[21.554s] -- Up-to-date: /home/dash/Desktop/ros_ws/install/robot_interfaces/include/robot_interfaces/robot_interfaces/srv/detail/lm_chat__rosidl_typesupport_fastrtps_cpp.hpp
[21.569s] -- Up-to-date: /home/dash/Desktop/ros_ws/install/robot_interfaces/include/robot_interfaces/robot_interfaces/srv/detail/handshake__rosidl_typesupport_fastrtps_cpp.hpp
[21.570s] -- Up-to-date: /home/dash/Desktop/ros_ws/install/robot_interfaces/include/robot_interfaces/robot_interfaces/srv/detail/robot_status_srv__rosidl_typesupport_fastrtps_cpp.hpp
[21.579s] -- Up-to-date: /home/dash/Desktop/ros_ws/install/robot_interfaces/include/robot_interfaces/robot_interfaces/msg
[21.580s] -- Up-to-date: /home/dash/Desktop/ros_ws/install/robot_interfaces/include/robot_interfaces/robot_interfaces/msg/rosidl_typesupport_fastrtps_cpp__visibility_control.h
[21.581s] -- Up-to-date: /home/dash/Desktop/ros_ws/install/robot_interfaces/lib/librobot_interfaces__rosidl_typesupport_fastrtps_cpp.so
[21.582s] -- Up-to-date: /home/dash/Desktop/ros_ws/install/robot_interfaces/include/robot_interfaces/robot_interfaces
[21.600s] -- Up-to-date: /home/dash/Desktop/ros_ws/install/robot_interfaces/include/robot_interfaces/robot_interfaces/srv
[21.601s] -- Up-to-date: /home/dash/Desktop/ros_ws/install/robot_interfaces/include/robot_interfaces/robot_interfaces/srv/detail
[21.603s] -- Up-to-date: /home/dash/Desktop/ros_ws/install/robot_interfaces/include/robot_interfaces/robot_interfaces/srv/detail/handshake__rosidl_typesupport_introspection_cpp.hpp
[21.604s] -- Up-to-date: /home/dash/Desktop/ros_ws/install/robot_interfaces/include/robot_interfaces/robot_interfaces/srv/detail/handshake__type_support.cpp
[21.605s] -- Up-to-date: /home/dash/Desktop/ros_ws/install/robot_interfaces/include/robot_interfaces/robot_interfaces/srv/detail/lm_chat__type_support.cpp
[21.606s] -- Up-to-date: /home/dash/Desktop/ros_ws/install/robot_interfaces/include/robot_interfaces/robot_interfaces/srv/detail/lm_chat__rosidl_typesupport_introspection_cpp.hpp
[21.607s] -- Up-to-date: /home/dash/Desktop/ros_ws/install/robot_interfaces/include/robot_interfaces/robot_interfaces/srv/detail/robot_status_srv__type_support.cpp
[21.620s] -- Up-to-date: /home/dash/Desktop/ros_ws/install/robot_interfaces/include/robot_interfaces/robot_interfaces/srv/detail/robot_status_srv__rosidl_typesupport_introspection_cpp.hpp
[21.622s] -- Up-to-date: /home/dash/Desktop/ros_ws/install/robot_interfaces/lib/librobot_interfaces__rosidl_typesupport_introspection_cpp.so
[21.640s] -- Up-to-date: /home/dash/Desktop/ros_ws/install/robot_interfaces/lib/librobot_interfaces__rosidl_typesupport_cpp.so
[21.643s] -- Up-to-date: /home/dash/Desktop/ros_ws/install/robot_interfaces/share/robot_interfaces/environment/pythonpath.sh
[21.661s] -- Up-to-date: /home/dash/Desktop/ros_ws/install/robot_interfaces/share/robot_interfaces/environment/pythonpath.dsv
[21.663s] -- Up-to-date: /home/dash/Desktop/ros_ws/install/robot_interfaces/local/lib/python3.10/dist-packages/robot_interfaces-0.0.0-py3.10.egg-info
[21.677s] -- Installing: /home/dash/Desktop/ros_ws/install/robot_interfaces/local/lib/python3.10/dist-packages/robot_interfaces-0.0.0-py3.10.egg-info/dependency_links.txt
[21.688s] -- Installing: /home/dash/Desktop/ros_ws/install/robot_interfaces/local/lib/python3.10/dist-packages/robot_interfaces-0.0.0-py3.10.egg-info/top_level.txt
[21.689s] -- Installing: /home/dash/Desktop/ros_ws/install/robot_interfaces/local/lib/python3.10/dist-packages/robot_interfaces-0.0.0-py3.10.egg-info/SOURCES.txt
[21.691s] -- Installing: /home/dash/Desktop/ros_ws/install/robot_interfaces/local/lib/python3.10/dist-packages/robot_interfaces-0.0.0-py3.10.egg-info/PKG-INFO
[21.693s] -- Up-to-date: /home/dash/Desktop/ros_ws/install/robot_interfaces/local/lib/python3.10/dist-packages/robot_interfaces
[21.694s] -- Up-to-date: /home/dash/Desktop/ros_ws/install/robot_interfaces/local/lib/python3.10/dist-packages/robot_interfaces/_robot_interfaces_s.ep.rosidl_typesupport_introspection_c.c
[21.708s] -- Up-to-date: /home/dash/Desktop/ros_ws/install/robot_interfaces/local/lib/python3.10/dist-packages/robot_interfaces/robot_interfaces_s__rosidl_typesupport_c.cpython-310-aarch64-linux-gnu.so
[21.710s] -- Up-to-date: /home/dash/Desktop/ros_ws/install/robot_interfaces/local/lib/python3.10/dist-packages/robot_interfaces/_robot_interfaces_s.ep.rosidl_typesupport_c.c
[21.713s] -- Up-to-date: /home/dash/Desktop/ros_ws/install/robot_interfaces/local/lib/python3.10/dist-packages/robot_interfaces/librobot_interfaces__rosidl_generator_py.so
[21.716s] -- Up-to-date: /home/dash/Desktop/ros_ws/install/robot_interfaces/local/lib/python3.10/dist-packages/robot_interfaces/_robot_interfaces_s.ep.rosidl_typesupport_fastrtps_c.c
[21.717s] -- Up-to-date: /home/dash/Desktop/ros_ws/install/robot_interfaces/local/lib/python3.10/dist-packages/robot_interfaces/srv
[21.718s] -- Up-to-date: /home/dash/Desktop/ros_ws/install/robot_interfaces/local/lib/python3.10/dist-packages/robot_interfaces/srv/_robot_status_srv_s.c
[21.733s] -- Up-to-date: /home/dash/Desktop/ros_ws/install/robot_interfaces/local/lib/python3.10/dist-packages/robot_interfaces/srv/_robot_status_srv.py
[21.736s] -- Up-to-date: /home/dash/Desktop/ros_ws/install/robot_interfaces/local/lib/python3.10/dist-packages/robot_interfaces/srv/_lm_chat_s.c
[21.738s] -- Up-to-date: /home/dash/Desktop/ros_ws/install/robot_interfaces/local/lib/python3.10/dist-packages/robot_interfaces/srv/_handshake_s.c
[21.753s] -- Up-to-date: /home/dash/Desktop/ros_ws/install/robot_interfaces/local/lib/python3.10/dist-packages/robot_interfaces/srv/_handshake.py
[21.771s] -- Up-to-date: /home/dash/Desktop/ros_ws/install/robot_interfaces/local/lib/python3.10/dist-packages/robot_interfaces/srv/__init__.py
[21.774s] -- Up-to-date: /home/dash/Desktop/ros_ws/install/robot_interfaces/local/lib/python3.10/dist-packages/robot_interfaces/srv/_lm_chat.py
[21.822s] -- Up-to-date: /home/dash/Desktop/ros_ws/install/robot_interfaces/local/lib/python3.10/dist-packages/robot_interfaces/__init__.py
[21.823s] -- Up-to-date: /home/dash/Desktop/ros_ws/install/robot_interfaces/local/lib/python3.10/dist-packages/robot_interfaces/robot_interfaces_s__rosidl_typesupport_fastrtps_c.cpython-310-aarch64-linux-gnu.so
[21.825s] -- Up-to-date: /home/dash/Desktop/ros_ws/install/robot_interfaces/local/lib/python3.10/dist-packages/robot_interfaces/robot_interfaces_s__rosidl_typesupport_introspection_c.cpython-310-aarch64-linux-gnu.so
[22.154s] Listing '/home/dash/Desktop/ros_ws/install/robot_interfaces/local/lib/python3.10/dist-packages/robot_interfaces'...
[22.158s] Listing '/home/dash/Desktop/ros_ws/install/robot_interfaces/local/lib/python3.10/dist-packages/robot_interfaces/srv'...
[22.322s] -- Up-to-date: /home/dash/Desktop/ros_ws/install/robot_interfaces/local/lib/python3.10/dist-packages/robot_interfaces/robot_interfaces_s__rosidl_typesupport_fastrtps_c.cpython-310-aarch64-linux-gnu.so
[22.345s] -- Up-to-date: /home/dash/Desktop/ros_ws/install/robot_interfaces/local/lib/python3.10/dist-packages/robot_interfaces/robot_interfaces_s__rosidl_typesupport_introspection_c.cpython-310-aarch64-linux-gnu.so
[22.348s] -- Up-to-date: /home/dash/Desktop/ros_ws/install/robot_interfaces/local/lib/python3.10/dist-packages/robot_interfaces/robot_interfaces_s__rosidl_typesupport_c.cpython-310-aarch64-linux-gnu.so
[22.367s] -- Up-to-date: /home/dash/Desktop/ros_ws/install/robot_interfaces/lib/librobot_interfaces__rosidl_generator_py.so
[22.408s] -- Up-to-date: /home/dash/Desktop/ros_ws/install/robot_interfaces/share/robot_interfaces/srv/LMChat.idl
[22.410s] -- Up-to-date: /home/dash/Desktop/ros_ws/install/robot_interfaces/share/robot_interfaces/srv/Handshake.idl
[22.416s] -- Up-to-date: /home/dash/Desktop/ros_ws/install/robot_interfaces/share/robot_interfaces/srv/RobotStatusSrv.idl
[22.417s] -- Up-to-date: /home/dash/Desktop/ros_ws/install/robot_interfaces/share/robot_interfaces/srv/LMChat.srv
[22.422s] -- Up-to-date: /home/dash/Desktop/ros_ws/install/robot_interfaces/share/robot_interfaces/srv/LMChat_Request.msg
[22.423s] -- Up-to-date: /home/dash/Desktop/ros_ws/install/robot_interfaces/share/robot_interfaces/srv/LMChat_Response.msg
[22.432s] -- Up-to-date: /home/dash/Desktop/ros_ws/install/robot_interfaces/share/robot_interfaces/srv/Handshake.srv
[22.435s] -- Up-to-date: /home/dash/Desktop/ros_ws/install/robot_interfaces/share/robot_interfaces/srv/Handshake_Request.msg
[22.441s] -- Up-to-date: /home/dash/Desktop/ros_ws/install/robot_interfaces/share/robot_interfaces/srv/Handshake_Response.msg
[22.443s] -- Up-to-date: /home/dash/Desktop/ros_ws/install/robot_interfaces/share/robot_interfaces/srv/RobotStatusSrv.srv
[22.446s] -- Up-to-date: /home/dash/Desktop/ros_ws/install/robot_interfaces/share/robot_interfaces/srv/RobotStatusSrv_Request.msg
[22.449s] -- Up-to-date: /home/dash/Desktop/ros_ws/install/robot_interfaces/share/robot_interfaces/srv/RobotStatusSrv_Response.msg
[22.450s] -- Up-to-date: /home/dash/Desktop/ros_ws/install/robot_interfaces/share/ament_index/resource_index/package_run_dependencies/robot_interfaces
[22.451s] -- Up-to-date: /home/dash/Desktop/ros_ws/install/robot_interfaces/share/ament_index/resource_index/parent_prefix_path/robot_interfaces
[22.458s] -- Up-to-date: /home/dash/Desktop/ros_ws/install/robot_interfaces/share/robot_interfaces/environment/ament_prefix_path.sh
[22.464s] -- Up-to-date: /home/dash/Desktop/ros_ws/install/robot_interfaces/share/robot_interfaces/environment/ament_prefix_path.dsv
[22.481s] -- Up-to-date: /home/dash/Desktop/ros_ws/install/robot_interfaces/share/robot_interfaces/environment/path.sh
[22.482s] -- Up-to-date: /home/dash/Desktop/ros_ws/install/robot_interfaces/share/robot_interfaces/environment/path.dsv
[22.483s] -- Up-to-date: /home/dash/Desktop/ros_ws/install/robot_interfaces/share/robot_interfaces/local_setup.bash
[22.483s] -- Up-to-date: /home/dash/Desktop/ros_ws/install/robot_interfaces/share/robot_interfaces/local_setup.sh
[22.484s] -- Up-to-date: /home/dash/Desktop/ros_ws/install/robot_interfaces/share/robot_interfaces/local_setup.zsh
[22.485s] -- Up-to-date: /home/dash/Desktop/ros_ws/install/robot_interfaces/share/robot_interfaces/local_setup.dsv
[22.486s] -- Installing: /home/dash/Desktop/ros_ws/install/robot_interfaces/share/robot_interfaces/package.dsv
[22.488s] -- Up-to-date: /home/dash/Desktop/ros_ws/install/robot_interfaces/share/ament_index/resource_index/packages/robot_interfaces
[22.505s] -- Up-to-date: /home/dash/Desktop/ros_ws/install/robot_interfaces/share/robot_interfaces/cmake/export_robot_interfaces__rosidl_generator_cExport.cmake
[22.506s] -- Up-to-date: /home/dash/Desktop/ros_ws/install/robot_interfaces/share/robot_interfaces/cmake/export_robot_interfaces__rosidl_generator_cExport-noconfig.cmake
[22.516s] -- Up-to-date: /home/dash/Desktop/ros_ws/install/robot_interfaces/share/robot_interfaces/cmake/export_robot_interfaces__rosidl_typesupport_fastrtps_cExport.cmake
[22.525s] -- Up-to-date: /home/dash/Desktop/ros_ws/install/robot_interfaces/share/robot_interfaces/cmake/export_robot_interfaces__rosidl_typesupport_fastrtps_cExport-noconfig.cmake
[22.540s] -- Up-to-date: /home/dash/Desktop/ros_ws/install/robot_interfaces/share/robot_interfaces/cmake/robot_interfaces__rosidl_typesupport_introspection_cExport.cmake
[22.542s] -- Up-to-date: /home/dash/Desktop/ros_ws/install/robot_interfaces/share/robot_interfaces/cmake/robot_interfaces__rosidl_typesupport_introspection_cExport-noconfig.cmake
[22.546s] -- Up-to-date: /home/dash/Desktop/ros_ws/install/robot_interfaces/share/robot_interfaces/cmake/robot_interfaces__rosidl_typesupport_cExport.cmake
[22.548s] -- Up-to-date: /home/dash/Desktop/ros_ws/install/robot_interfaces/share/robot_interfaces/cmake/robot_interfaces__rosidl_typesupport_cExport-noconfig.cmake
[22.549s] -- Up-to-date: /home/dash/Desktop/ros_ws/install/robot_interfaces/share/robot_interfaces/cmake/export_robot_interfaces__rosidl_generator_cppExport.cmake
[22.550s] -- Up-to-date: /home/dash/Desktop/ros_ws/install/robot_interfaces/share/robot_interfaces/cmake/export_robot_interfaces__rosidl_typesupport_fastrtps_cppExport.cmake
[22.556s] -- Up-to-date: /home/dash/Desktop/ros_ws/install/robot_interfaces/share/robot_interfaces/cmake/export_robot_interfaces__rosidl_typesupport_fastrtps_cppExport-noconfig.cmake
[22.571s] -- Up-to-date: /home/dash/Desktop/ros_ws/install/robot_interfaces/share/robot_interfaces/cmake/robot_interfaces__rosidl_typesupport_introspection_cppExport.cmake
[22.573s] -- Up-to-date: /home/dash/Desktop/ros_ws/install/robot_interfaces/share/robot_interfaces/cmake/robot_interfaces__rosidl_typesupport_introspection_cppExport-noconfig.cmake
[22.606s] -- Up-to-date: /home/dash/Desktop/ros_ws/install/robot_interfaces/share/robot_interfaces/cmake/robot_interfaces__rosidl_typesupport_cppExport.cmake
[22.618s] -- Up-to-date: /home/dash/Desktop/ros_ws/install/robot_interfaces/share/robot_interfaces/cmake/robot_interfaces__rosidl_typesupport_cppExport-noconfig.cmake
[22.637s] -- Up-to-date: /home/dash/Desktop/ros_ws/install/robot_interfaces/share/robot_interfaces/cmake/export_robot_interfaces__rosidl_generator_pyExport.cmake
[22.639s] -- Up-to-date: /home/dash/Desktop/ros_ws/install/robot_interfaces/share/robot_interfaces/cmake/export_robot_interfaces__rosidl_generator_pyExport-noconfig.cmake
[22.657s] -- Up-to-date: /home/dash/Desktop/ros_ws/install/robot_interfaces/share/robot_interfaces/cmake/rosidl_cmake-extras.cmake
[22.664s] -- Up-to-date: /home/dash/Desktop/ros_ws/install/robot_interfaces/share/robot_interfaces/cmake/ament_cmake_export_include_directories-extras.cmake
[22.682s] -- Up-to-date: /home/dash/Desktop/ros_ws/install/robot_interfaces/share/robot_interfaces/cmake/ament_cmake_export_libraries-extras.cmake
[22.709s] -- Up-to-date: /home/dash/Desktop/ros_ws/install/robot_interfaces/share/robot_interfaces/cmake/ament_cmake_export_targets-extras.cmake
[22.711s] -- Up-to-date: /home/dash/Desktop/ros_ws/install/robot_interfaces/share/robot_interfaces/cmake/rosidl_cmake_export_typesupport_targets-extras.cmake
[22.714s] -- Up-to-date: /home/dash/Desktop/ros_ws/install/robot_interfaces/share/robot_interfaces/cmake/ament_cmake_export_dependencies-extras.cmake
[22.744s] -- Up-to-date: /home/dash/Desktop/ros_ws/install/robot_interfaces/share/robot_interfaces/cmake/rosidl_cmake_export_typesupport_libraries-extras.cmake
[22.746s] -- Up-to-date: /home/dash/Desktop/ros_ws/install/robot_interfaces/share/robot_interfaces/cmake/robot_interfacesConfig.cmake
[22.786s] -- Up-to-date: /home/dash/Desktop/ros_ws/install/robot_interfaces/share/robot_interfaces/cmake/robot_interfacesConfig-version.cmake
[22.789s] -- Up-to-date: /home/dash/Desktop/ros_ws/install/robot_interfaces/share/robot_interfaces/package.xml
[22.792s] Invoked command in '/home/dash/Desktop/ros_ws/build/robot_interfaces' returned '0': CMAKE_PREFIX_PATH=${CMAKE_PREFIX_PATH}:/home/dash/Desktop/ros_ws/install/user_interface:/home/dash/Desktop/ros_ws/install/nlp_subsystem:/home/dash/Desktop/ros_ws/install/cv_subsystem:/home/dash/Desktop/ros_ws/install/controller:/opt/ros/humble /usr/bin/cmake --install /home/dash/Desktop/ros_ws/build/robot_interfaces
