[7.434s] Invoking command in '/home/dash/Desktop/ros_ws/src/user_interface': PYTHONPATH=/home/dash/Desktop/ros_ws/build/user_interface/prefix_override:/home/dash/Desktop/ros_ws/install/user_interface/lib/python3.10/site-packages:${PYTHONPATH} /usr/bin/python3 -W ignore:setup.py install is deprecated setup.py egg_info --egg-base ../../build/user_interface build --build-base /home/dash/Desktop/ros_ws/build/user_interface/build install --record /home/dash/Desktop/ros_ws/build/user_interface/install.log --single-version-externally-managed install_data
[10.013s] running egg_info
[10.015s] writing ../../build/user_interface/user_interface.egg-info/PKG-INFO
[10.018s] writing dependency_links to ../../build/user_interface/user_interface.egg-info/dependency_links.txt
[10.020s] writing entry points to ../../build/user_interface/user_interface.egg-info/entry_points.txt
[10.029s] writing requirements to ../../build/user_interface/user_interface.egg-info/requires.txt
[10.034s] writing top-level names to ../../build/user_interface/user_interface.egg-info/top_level.txt
[10.038s] reading manifest file '../../build/user_interface/user_interface.egg-info/SOURCES.txt'
[10.048s] writing manifest file '../../build/user_interface/user_interface.egg-info/SOURCES.txt'
[10.051s] running build
[10.052s] running build_py
[10.064s] copying user_interface/flask_ui_server.py -> /home/dash/Desktop/ros_ws/build/user_interface/build/lib/user_interface
[10.067s] running install
[10.069s] running install_lib
[10.082s] copying /home/dash/Desktop/ros_ws/build/user_interface/build/lib/user_interface/flask_ui_server.py -> /home/dash/Desktop/ros_ws/install/user_interface/lib/python3.10/site-packages/user_interface
[10.089s] byte-compiling /home/dash/Desktop/ros_ws/install/user_interface/lib/python3.10/site-packages/user_interface/flask_ui_server.py to flask_ui_server.cpython-310.pyc
[10.097s] running install_data
[10.098s] running install_egg_info
[10.110s] removing '/home/dash/Desktop/ros_ws/install/user_interface/lib/python3.10/site-packages/user_interface-0.0.0-py3.10.egg-info' (and everything under it)
[10.114s] Copying ../../build/user_interface/user_interface.egg-info to /home/dash/Desktop/ros_ws/install/user_interface/lib/python3.10/site-packages/user_interface-0.0.0-py3.10.egg-info
[10.131s] running install_scripts
[10.297s] Installing flask_user_interface script to /home/dash/Desktop/ros_ws/install/user_interface/lib/user_interface
[10.297s] Installing user_interface script to /home/dash/Desktop/ros_ws/install/user_interface/lib/user_interface
[10.299s] writing list of installed files to '/home/dash/Desktop/ros_ws/build/user_interface/install.log'
[10.550s] Invoked command in '/home/dash/Desktop/ros_ws/src/user_interface' returned '0': PYTHONPATH=/home/dash/Desktop/ros_ws/build/user_interface/prefix_override:/home/dash/Desktop/ros_ws/install/user_interface/lib/python3.10/site-packages:${PYTHONPATH} /usr/bin/python3 -W ignore:setup.py install is deprecated setup.py egg_info --egg-base ../../build/user_interface build --build-base /home/dash/Desktop/ros_ws/build/user_interface/build install --record /home/dash/Desktop/ros_ws/build/user_interface/install.log --single-version-externally-managed install_data
