[15.931s] Invoking command in '/home/dash/Desktop/ros_ws/src/cv_subsystem': PYTHONPATH=/home/dash/Desktop/ros_ws/build/cv_subsystem/prefix_override:/home/dash/Desktop/ros_ws/install/cv_subsystem/lib/python3.10/site-packages:${PYTHONPATH} /usr/bin/python3 -W ignore:setup.py install is deprecated setup.py egg_info --egg-base ../../build/cv_subsystem build --build-base /home/dash/Desktop/ros_ws/build/cv_subsystem/build install --record /home/dash/Desktop/ros_ws/build/cv_subsystem/install.log --single-version-externally-managed install_data
[21.078s] running egg_info
[21.083s] writing ../../build/cv_subsystem/cv_subsystem.egg-info/PKG-INFO
[21.197s] writing dependency_links to ../../build/cv_subsystem/cv_subsystem.egg-info/dependency_links.txt
[21.210s] writing entry points to ../../build/cv_subsystem/cv_subsystem.egg-info/entry_points.txt
[21.233s] writing requirements to ../../build/cv_subsystem/cv_subsystem.egg-info/requires.txt
[21.259s] writing top-level names to ../../build/cv_subsystem/cv_subsystem.egg-info/top_level.txt
[21.314s] reading manifest file '../../build/cv_subsystem/cv_subsystem.egg-info/SOURCES.txt'
[21.348s] writing manifest file '../../build/cv_subsystem/cv_subsystem.egg-info/SOURCES.txt'
[21.352s] running build
[21.357s] running build_py
[21.362s] running install
[21.365s] running install_lib
[21.368s] running install_data
[21.369s] running install_egg_info
[21.370s] removing '/home/dash/Desktop/ros_ws/install/cv_subsystem/lib/python3.10/site-packages/cv_subsystem-0.0.0-py3.10.egg-info' (and everything under it)
[21.424s] Copying ../../build/cv_subsystem/cv_subsystem.egg-info to /home/dash/Desktop/ros_ws/install/cv_subsystem/lib/python3.10/site-packages/cv_subsystem-0.0.0-py3.10.egg-info
[21.480s] running install_scripts
[21.927s] Installing capture_handler script to /home/dash/Desktop/ros_ws/install/cv_subsystem/lib/cv_subsystem
[21.933s] Installing gesture_recognizer script to /home/dash/Desktop/ros_ws/install/cv_subsystem/lib/cv_subsystem
[21.940s] Installing picam_publisher script to /home/dash/Desktop/ros_ws/install/cv_subsystem/lib/cv_subsystem
[21.949s] writing list of installed files to '/home/dash/Desktop/ros_ws/build/cv_subsystem/install.log'
[22.764s] Invoked command in '/home/dash/Desktop/ros_ws/src/cv_subsystem' returned '0': PYTHONPATH=/home/dash/Desktop/ros_ws/build/cv_subsystem/prefix_override:/home/dash/Desktop/ros_ws/install/cv_subsystem/lib/python3.10/site-packages:${PYTHONPATH} /usr/bin/python3 -W ignore:setup.py install is deprecated setup.py egg_info --egg-base ../../build/cv_subsystem build --build-base /home/dash/Desktop/ros_ws/build/cv_subsystem/build install --record /home/dash/Desktop/ros_ws/build/cv_subsystem/install.log --single-version-externally-managed install_data
