[5.363s] Invoking command in '/home/dash/Desktop/ros_ws/src/user_interface': PYTHONPATH=/home/dash/Desktop/ros_ws/build/user_interface/prefix_override:/home/dash/Desktop/ros_ws/install/user_interface/lib/python3.10/site-packages:${PYTHONPATH} /usr/bin/python3 -W ignore:setup.py install is deprecated setup.py egg_info --egg-base ../../build/user_interface build --build-base /home/dash/Desktop/ros_ws/build/user_interface/build install --record /home/dash/Desktop/ros_ws/build/user_interface/install.log --single-version-externally-managed install_data
[7.001s] running egg_info
[7.004s] writing ../../build/user_interface/user_interface.egg-info/PKG-INFO
[7.006s] writing dependency_links to ../../build/user_interface/user_interface.egg-info/dependency_links.txt
[7.007s] writing entry points to ../../build/user_interface/user_interface.egg-info/entry_points.txt
[7.008s] writing requirements to ../../build/user_interface/user_interface.egg-info/requires.txt
[7.009s] writing top-level names to ../../build/user_interface/user_interface.egg-info/top_level.txt
[7.020s] reading manifest file '../../build/user_interface/user_interface.egg-info/SOURCES.txt'
[7.026s] writing manifest file '../../build/user_interface/user_interface.egg-info/SOURCES.txt'
[7.027s] running build
[7.028s] running build_py
[7.029s] copying user_interface/flask_ui_server.py -> /home/dash/Desktop/ros_ws/build/user_interface/build/lib/user_interface
[7.031s] running install
[7.033s] running install_lib
[7.040s] copying /home/dash/Desktop/ros_ws/build/user_interface/build/lib/user_interface/flask_ui_server.py -> /home/dash/Desktop/ros_ws/install/user_interface/lib/python3.10/site-packages/user_interface
[7.045s] byte-compiling /home/dash/Desktop/ros_ws/install/user_interface/lib/python3.10/site-packages/user_interface/flask_ui_server.py to flask_ui_server.cpython-310.pyc
[7.056s] running install_data
[7.057s] running install_egg_info
[7.063s] removing '/home/dash/Desktop/ros_ws/install/user_interface/lib/python3.10/site-packages/user_interface-0.0.0-py3.10.egg-info' (and everything under it)
[7.065s] Copying ../../build/user_interface/user_interface.egg-info to /home/dash/Desktop/ros_ws/install/user_interface/lib/python3.10/site-packages/user_interface-0.0.0-py3.10.egg-info
[7.074s] running install_scripts
[7.183s] Installing flask_user_interface script to /home/dash/Desktop/ros_ws/install/user_interface/lib/user_interface
[7.184s] Installing user_interface script to /home/dash/Desktop/ros_ws/install/user_interface/lib/user_interface
[7.186s] writing list of installed files to '/home/dash/Desktop/ros_ws/build/user_interface/install.log'
[7.347s] Invoked command in '/home/dash/Desktop/ros_ws/src/user_interface' returned '0': PYTHONPATH=/home/dash/Desktop/ros_ws/build/user_interface/prefix_override:/home/dash/Desktop/ros_ws/install/user_interface/lib/python3.10/site-packages:${PYTHONPATH} /usr/bin/python3 -W ignore:setup.py install is deprecated setup.py egg_info --egg-base ../../build/user_interface build --build-base /home/dash/Desktop/ros_ws/build/user_interface/build install --record /home/dash/Desktop/ros_ws/build/user_interface/install.log --single-version-externally-managed install_data
