[6.680s] Invoking command in '/home/dash/Desktop/ros_ws/src/user_interface': PYTHONPATH=/home/dash/Desktop/ros_ws/build/user_interface/prefix_override:/home/dash/Desktop/ros_ws/install/user_interface/lib/python3.10/site-packages:${PYTHONPATH} /usr/bin/python3 -W ignore:setup.py install is deprecated setup.py egg_info --egg-base ../../build/user_interface build --build-base /home/dash/Desktop/ros_ws/build/user_interface/build install --record /home/dash/Desktop/ros_ws/build/user_interface/install.log --single-version-externally-managed install_data
[9.425s] running egg_info
[9.429s] writing ../../build/user_interface/user_interface.egg-info/PKG-INFO
[9.431s] writing dependency_links to ../../build/user_interface/user_interface.egg-info/dependency_links.txt
[9.433s] writing entry points to ../../build/user_interface/user_interface.egg-info/entry_points.txt
[9.436s] writing requirements to ../../build/user_interface/user_interface.egg-info/requires.txt
[9.446s] writing top-level names to ../../build/user_interface/user_interface.egg-info/top_level.txt
[9.451s] reading manifest file '../../build/user_interface/user_interface.egg-info/SOURCES.txt'
[9.459s] writing manifest file '../../build/user_interface/user_interface.egg-info/SOURCES.txt'
[9.465s] running build
[9.466s] running build_py
[9.467s] copying user_interface/ui.py -> /home/dash/Desktop/ros_ws/build/user_interface/build/lib/user_interface
[9.468s] running install
[9.470s] running install_lib
[9.499s] copying /home/dash/Desktop/ros_ws/build/user_interface/build/lib/user_interface/ui.py -> /home/dash/Desktop/ros_ws/install/user_interface/lib/python3.10/site-packages/user_interface
[9.500s] byte-compiling /home/dash/Desktop/ros_ws/install/user_interface/lib/python3.10/site-packages/user_interface/ui.py to ui.cpython-310.pyc
[9.505s] running install_data
[9.505s] running install_egg_info
[9.527s] removing '/home/dash/Desktop/ros_ws/install/user_interface/lib/python3.10/site-packages/user_interface-0.0.0-py3.10.egg-info' (and everything under it)
[9.543s] Copying ../../build/user_interface/user_interface.egg-info to /home/dash/Desktop/ros_ws/install/user_interface/lib/python3.10/site-packages/user_interface-0.0.0-py3.10.egg-info
[9.554s] running install_scripts
[9.721s] Installing user_interface script to /home/dash/Desktop/ros_ws/install/user_interface/lib/user_interface
[9.726s] writing list of installed files to '/home/dash/Desktop/ros_ws/build/user_interface/install.log'
[10.056s] Invoked command in '/home/dash/Desktop/ros_ws/src/user_interface' returned '0': PYTHONPATH=/home/dash/Desktop/ros_ws/build/user_interface/prefix_override:/home/dash/Desktop/ros_ws/install/user_interface/lib/python3.10/site-packages:${PYTHONPATH} /usr/bin/python3 -W ignore:setup.py install is deprecated setup.py egg_info --egg-base ../../build/user_interface build --build-base /home/dash/Desktop/ros_ws/build/user_interface/build install --record /home/dash/Desktop/ros_ws/build/user_interface/install.log --single-version-externally-managed install_data
