[11.872s] Invoking command in '/home/dash/Desktop/ros_ws/src/nlp_subsystem': PYTHONPATH=/home/dash/Desktop/ros_ws/build/nlp_subsystem/prefix_override:/home/dash/Desktop/ros_ws/install/nlp_subsystem/lib/python3.10/site-packages:${PYTHONPATH} /usr/bin/python3 -W ignore:setup.py install is deprecated setup.py egg_info --egg-base ../../build/nlp_subsystem build --build-base /home/dash/Desktop/ros_ws/build/nlp_subsystem/build install --record /home/dash/Desktop/ros_ws/build/nlp_subsystem/install.log --single-version-externally-managed install_data
[15.368s] running egg_info
[15.385s] writing ../../build/nlp_subsystem/nlp_subsystem.egg-info/PKG-INFO
[15.393s] writing dependency_links to ../../build/nlp_subsystem/nlp_subsystem.egg-info/dependency_links.txt
[15.404s] writing entry points to ../../build/nlp_subsystem/nlp_subsystem.egg-info/entry_points.txt
[15.404s] writing requirements to ../../build/nlp_subsystem/nlp_subsystem.egg-info/requires.txt
[15.406s] writing top-level names to ../../build/nlp_subsystem/nlp_subsystem.egg-info/top_level.txt
[15.407s] reading manifest file '../../build/nlp_subsystem/nlp_subsystem.egg-info/SOURCES.txt'
[15.409s] writing manifest file '../../build/nlp_subsystem/nlp_subsystem.egg-info/SOURCES.txt'
[15.416s] running build
[15.417s] running build_py
[15.418s] running install
[15.429s] running install_lib
[15.444s] running install_data
[15.449s] running install_egg_info
[15.481s] removing '/home/dash/Desktop/ros_ws/install/nlp_subsystem/lib/python3.10/site-packages/nlp_subsystem-0.0.0-py3.10.egg-info' (and everything under it)
[15.501s] Copying ../../build/nlp_subsystem/nlp_subsystem.egg-info to /home/dash/Desktop/ros_ws/install/nlp_subsystem/lib/python3.10/site-packages/nlp_subsystem-0.0.0-py3.10.egg-info
[15.519s] running install_scripts
[15.690s] Installing chat_client script to /home/dash/Desktop/ros_ws/install/nlp_subsystem/lib/nlp_subsystem
[15.693s] Installing voice_assistant script to /home/dash/Desktop/ros_ws/install/nlp_subsystem/lib/nlp_subsystem
[15.700s] writing list of installed files to '/home/dash/Desktop/ros_ws/build/nlp_subsystem/install.log'
[16.169s] Invoked command in '/home/dash/Desktop/ros_ws/src/nlp_subsystem' returned '0': PYTHONPATH=/home/dash/Desktop/ros_ws/build/nlp_subsystem/prefix_override:/home/dash/Desktop/ros_ws/install/nlp_subsystem/lib/python3.10/site-packages:${PYTHONPATH} /usr/bin/python3 -W ignore:setup.py install is deprecated setup.py egg_info --egg-base ../../build/nlp_subsystem build --build-base /home/dash/Desktop/ros_ws/build/nlp_subsystem/build install --record /home/dash/Desktop/ros_ws/build/nlp_subsystem/install.log --single-version-externally-managed install_data
