[5.453s] Invoking command in '/home/dash/Desktop/ros_ws/build/robot_interfaces': CMAKE_PREFIX_PATH=${CMAKE_PREFIX_PATH}:/home/dash/Desktop/ros_ws/install/user_interface:/home/dash/Desktop/ros_ws/install/nlp_subsystem:/home/dash/Desktop/ros_ws/install/cv_subsystem:/home/dash/Desktop/ros_ws/install/controller:/opt/ros/humble /usr/bin/cmake --build /home/dash/Desktop/ros_ws/build/robot_interfaces -- -j4 -l4
[6.023s] [ 10%] Built target robot_interfaces__rosidl_generator_c
[6.230s] [ 12%] Built target robot_interfaces__cpp
[6.347s] [ 12%] Built target ament_cmake_python_copy_robot_interfaces
[6.435s] [ 23%] Built target robot_interfaces__rosidl_typesupport_fastrtps_c
[6.497s] [ 34%] Built target robot_interfaces__rosidl_typesupport_introspection_c
[6.597s] [ 44%] Built target robot_interfaces__rosidl_typesupport_c
[6.641s] [ 55%] Built target robot_interfaces__rosidl_typesupport_fastrtps_cpp
[6.760s] [ 65%] Built target robot_interfaces__rosidl_typesupport_introspection_cpp
[6.899s] [ 76%] Built target robot_interfaces__rosidl_typesupport_cpp
[7.199s] [ 76%] Built target robot_interfaces
[7.379s] [ 78%] Built target robot_interfaces__py
[7.682s] [ 87%] Built target robot_interfaces__rosidl_generator_py
[7.994s] [ 91%] Built target robot_interfaces__rosidl_typesupport_c__pyext
[8.058s] [ 95%] Built target robot_interfaces__rosidl_typesupport_fastrtps_c__pyext
[8.135s] [100%] Built target robot_interfaces__rosidl_typesupport_introspection_c__pyext
[10.164s] running egg_info
[10.171s] writing robot_interfaces.egg-info/PKG-INFO
[10.187s] writing dependency_links to robot_interfaces.egg-info/dependency_links.txt
[10.210s] writing top-level names to robot_interfaces.egg-info/top_level.txt
[10.211s] reading manifest file 'robot_interfaces.egg-info/SOURCES.txt'
[10.211s] writing manifest file 'robot_interfaces.egg-info/SOURCES.txt'
[10.546s] [100%] Built target ament_cmake_python_build_robot_interfaces_egg
[10.753s] Invoked command in '/home/dash/Desktop/ros_ws/build/robot_interfaces' returned '0': CMAKE_PREFIX_PATH=${CMAKE_PREFIX_PATH}:/home/dash/Desktop/ros_ws/install/user_interface:/home/dash/Desktop/ros_ws/install/nlp_subsystem:/home/dash/Desktop/ros_ws/install/cv_subsystem:/home/dash/Desktop/ros_ws/install/controller:/opt/ros/humble /usr/bin/cmake --build /home/dash/Desktop/ros_ws/build/robot_interfaces -- -j4 -l4
[12.524s] Invoking command in '/home/dash/Desktop/ros_ws/build/robot_interfaces': CMAKE_PREFIX_PATH=${CMAKE_PREFIX_PATH}:/home/dash/Desktop/ros_ws/install/user_interface:/home/dash/Desktop/ros_ws/install/nlp_subsystem:/home/dash/Desktop/ros_ws/install/cv_subsystem:/home/dash/Desktop/ros_ws/install/controller:/opt/ros/humble /usr/bin/cmake --install /home/dash/Desktop/ros_ws/build/robot_interfaces
[12.579s] -- Install configuration: ""
[12.592s] -- Up-to-date: /home/dash/Desktop/ros_ws/install/robot_interfaces/share/ament_index/resource_index/rosidl_interfaces/robot_interfaces
[12.596s] -- Up-to-date: /home/dash/Desktop/ros_ws/install/robot_interfaces/include/robot_interfaces/robot_interfaces
[12.610s] -- Up-to-date: /home/dash/Desktop/ros_ws/install/robot_interfaces/include/robot_interfaces/robot_interfaces/srv
[12.611s] -- Up-to-date: /home/dash/Desktop/ros_ws/install/robot_interfaces/include/robot_interfaces/robot_interfaces/srv/detail
[12.611s] -- Up-to-date: /home/dash/Desktop/ros_ws/install/robot_interfaces/include/robot_interfaces/robot_interfaces/srv/detail/handshake__functions.c
[12.612s] -- Up-to-date: /home/dash/Desktop/ros_ws/install/robot_interfaces/include/robot_interfaces/robot_interfaces/srv/detail/robot_status_srv__struct.h
[12.619s] -- Up-to-date: /home/dash/Desktop/ros_ws/install/robot_interfaces/include/robot_interfaces/robot_interfaces/srv/detail/lm_chat__functions.h
[12.626s] -- Up-to-date: /home/dash/Desktop/ros_ws/install/robot_interfaces/include/robot_interfaces/robot_interfaces/srv/detail/lm_chat__functions.c
[12.636s] -- Up-to-date: /home/dash/Desktop/ros_ws/install/robot_interfaces/include/robot_interfaces/robot_interfaces/srv/detail/handshake__functions.h
[12.638s] -- Up-to-date: /home/dash/Desktop/ros_ws/install/robot_interfaces/include/robot_interfaces/robot_interfaces/srv/detail/lm_chat__struct.h
[12.639s] -- Up-to-date: /home/dash/Desktop/ros_ws/install/robot_interfaces/include/robot_interfaces/robot_interfaces/srv/detail/handshake__struct.h
[12.640s] -- Up-to-date: /home/dash/Desktop/ros_ws/install/robot_interfaces/include/robot_interfaces/robot_interfaces/srv/detail/robot_status_srv__functions.c
[12.640s] -- Up-to-date: /home/dash/Desktop/ros_ws/install/robot_interfaces/include/robot_interfaces/robot_interfaces/srv/detail/handshake__type_support.h
[12.651s] -- Up-to-date: /home/dash/Desktop/ros_ws/install/robot_interfaces/include/robot_interfaces/robot_interfaces/srv/detail/robot_status_srv__type_support.h
[12.663s] -- Up-to-date: /home/dash/Desktop/ros_ws/install/robot_interfaces/include/robot_interfaces/robot_interfaces/srv/detail/robot_status_srv__functions.h
[12.664s] -- Up-to-date: /home/dash/Desktop/ros_ws/install/robot_interfaces/include/robot_interfaces/robot_interfaces/srv/detail/lm_chat__type_support.h
[12.673s] -- Up-to-date: /home/dash/Desktop/ros_ws/install/robot_interfaces/include/robot_interfaces/robot_interfaces/srv/robot_status_srv.h
[12.681s] -- Up-to-date: /home/dash/Desktop/ros_ws/install/robot_interfaces/include/robot_interfaces/robot_interfaces/srv/lm_chat.h
[12.684s] -- Up-to-date: /home/dash/Desktop/ros_ws/install/robot_interfaces/include/robot_interfaces/robot_interfaces/srv/handshake.h
[12.685s] -- Up-to-date: /home/dash/Desktop/ros_ws/install/robot_interfaces/include/robot_interfaces/robot_interfaces/msg
[12.685s] -- Up-to-date: /home/dash/Desktop/ros_ws/install/robot_interfaces/include/robot_interfaces/robot_interfaces/msg/rosidl_generator_c__visibility_control.h
[12.714s] -- Up-to-date: /home/dash/Desktop/ros_ws/install/robot_interfaces/share/robot_interfaces/environment/library_path.sh
[12.717s] -- Up-to-date: /home/dash/Desktop/ros_ws/install/robot_interfaces/share/robot_interfaces/environment/library_path.dsv
[12.735s] -- Up-to-date: /home/dash/Desktop/ros_ws/install/robot_interfaces/lib/librobot_interfaces__rosidl_generator_c.so
[12.757s] -- Up-to-date: /home/dash/Desktop/ros_ws/install/robot_interfaces/include/robot_interfaces/robot_interfaces
[12.758s] -- Up-to-date: /home/dash/Desktop/ros_ws/install/robot_interfaces/include/robot_interfaces/robot_interfaces/srv
[12.758s] -- Up-to-date: /home/dash/Desktop/ros_ws/install/robot_interfaces/include/robot_interfaces/robot_interfaces/srv/detail
[12.759s] -- Up-to-date: /home/dash/Desktop/ros_ws/install/robot_interfaces/include/robot_interfaces/robot_interfaces/srv/detail/lm_chat__rosidl_typesupport_fastrtps_c.h
[12.760s] -- Up-to-date: /home/dash/Desktop/ros_ws/install/robot_interfaces/include/robot_interfaces/robot_interfaces/srv/detail/robot_status_srv__rosidl_typesupport_fastrtps_c.h
[12.760s] -- Up-to-date: /home/dash/Desktop/ros_ws/install/robot_interfaces/include/robot_interfaces/robot_interfaces/srv/detail/handshake__rosidl_typesupport_fastrtps_c.h
[12.761s] -- Up-to-date: /home/dash/Desktop/ros_ws/install/robot_interfaces/include/robot_interfaces/robot_interfaces/msg
[12.769s] -- Up-to-date: /home/dash/Desktop/ros_ws/install/robot_interfaces/include/robot_interfaces/robot_interfaces/msg/rosidl_typesupport_fastrtps_c__visibility_control.h
[12.776s] -- Up-to-date: /home/dash/Desktop/ros_ws/install/robot_interfaces/lib/librobot_interfaces__rosidl_typesupport_fastrtps_c.so
[12.776s] -- Up-to-date: /home/dash/Desktop/ros_ws/install/robot_interfaces/include/robot_interfaces/robot_interfaces
[12.777s] -- Up-to-date: /home/dash/Desktop/ros_ws/install/robot_interfaces/include/robot_interfaces/robot_interfaces/srv
[12.777s] -- Up-to-date: /home/dash/Desktop/ros_ws/install/robot_interfaces/include/robot_interfaces/robot_interfaces/srv/detail
[12.782s] -- Up-to-date: /home/dash/Desktop/ros_ws/install/robot_interfaces/include/robot_interfaces/robot_interfaces/srv/detail/lm_chat__rosidl_typesupport_introspection_c.h
[12.783s] -- Up-to-date: /home/dash/Desktop/ros_ws/install/robot_interfaces/include/robot_interfaces/robot_interfaces/srv/detail/handshake__rosidl_typesupport_introspection_c.h
[12.784s] -- Up-to-date: /home/dash/Desktop/ros_ws/install/robot_interfaces/include/robot_interfaces/robot_interfaces/srv/detail/robot_status_srv__rosidl_typesupport_introspection_c.h
[12.784s] -- Up-to-date: /home/dash/Desktop/ros_ws/install/robot_interfaces/include/robot_interfaces/robot_interfaces/srv/detail/handshake__type_support.c
[12.785s] -- Up-to-date: /home/dash/Desktop/ros_ws/install/robot_interfaces/include/robot_interfaces/robot_interfaces/srv/detail/robot_status_srv__type_support.c
[12.792s] -- Up-to-date: /home/dash/Desktop/ros_ws/install/robot_interfaces/include/robot_interfaces/robot_interfaces/srv/detail/lm_chat__type_support.c
[12.793s] -- Up-to-date: /home/dash/Desktop/ros_ws/install/robot_interfaces/include/robot_interfaces/robot_interfaces/msg
[12.794s] -- Up-to-date: /home/dash/Desktop/ros_ws/install/robot_interfaces/include/robot_interfaces/robot_interfaces/msg/rosidl_typesupport_introspection_c__visibility_control.h
[12.795s] -- Up-to-date: /home/dash/Desktop/ros_ws/install/robot_interfaces/lib/librobot_interfaces__rosidl_typesupport_introspection_c.so
[12.795s] -- Up-to-date: /home/dash/Desktop/ros_ws/install/robot_interfaces/lib/librobot_interfaces__rosidl_typesupport_c.so
[12.796s] -- Up-to-date: /home/dash/Desktop/ros_ws/install/robot_interfaces/include/robot_interfaces/robot_interfaces
[12.797s] -- Up-to-date: /home/dash/Desktop/ros_ws/install/robot_interfaces/include/robot_interfaces/robot_interfaces/srv
[12.797s] -- Up-to-date: /home/dash/Desktop/ros_ws/install/robot_interfaces/include/robot_interfaces/robot_interfaces/srv/detail
[12.806s] -- Up-to-date: /home/dash/Desktop/ros_ws/install/robot_interfaces/include/robot_interfaces/robot_interfaces/srv/detail/lm_chat__builder.hpp
[12.807s] -- Up-to-date: /home/dash/Desktop/ros_ws/install/robot_interfaces/include/robot_interfaces/robot_interfaces/srv/detail/lm_chat__struct.hpp
[12.809s] -- Up-to-date: /home/dash/Desktop/ros_ws/install/robot_interfaces/include/robot_interfaces/robot_interfaces/srv/detail/handshake__builder.hpp
[12.809s] -- Up-to-date: /home/dash/Desktop/ros_ws/install/robot_interfaces/include/robot_interfaces/robot_interfaces/srv/detail/robot_status_srv__builder.hpp
[12.814s] -- Up-to-date: /home/dash/Desktop/ros_ws/install/robot_interfaces/include/robot_interfaces/robot_interfaces/srv/detail/robot_status_srv__struct.hpp
[12.815s] -- Up-to-date: /home/dash/Desktop/ros_ws/install/robot_interfaces/include/robot_interfaces/robot_interfaces/srv/detail/handshake__traits.hpp
[12.815s] -- Up-to-date: /home/dash/Desktop/ros_ws/install/robot_interfaces/include/robot_interfaces/robot_interfaces/srv/detail/robot_status_srv__traits.hpp
[12.816s] -- Up-to-date: /home/dash/Desktop/ros_ws/install/robot_interfaces/include/robot_interfaces/robot_interfaces/srv/detail/lm_chat__traits.hpp
[12.816s] -- Up-to-date: /home/dash/Desktop/ros_ws/install/robot_interfaces/include/robot_interfaces/robot_interfaces/srv/detail/handshake__struct.hpp
[12.817s] -- Up-to-date: /home/dash/Desktop/ros_ws/install/robot_interfaces/include/robot_interfaces/robot_interfaces/srv/robot_status_srv.hpp
[12.822s] -- Up-to-date: /home/dash/Desktop/ros_ws/install/robot_interfaces/include/robot_interfaces/robot_interfaces/srv/handshake.hpp
[12.823s] -- Up-to-date: /home/dash/Desktop/ros_ws/install/robot_interfaces/include/robot_interfaces/robot_interfaces/srv/lm_chat.hpp
[12.825s] -- Up-to-date: /home/dash/Desktop/ros_ws/install/robot_interfaces/include/robot_interfaces/robot_interfaces
[12.825s] -- Up-to-date: /home/dash/Desktop/ros_ws/install/robot_interfaces/include/robot_interfaces/robot_interfaces/srv
[12.830s] -- Up-to-date: /home/dash/Desktop/ros_ws/install/robot_interfaces/include/robot_interfaces/robot_interfaces/srv/detail
[12.831s] -- Up-to-date: /home/dash/Desktop/ros_ws/install/robot_interfaces/include/robot_interfaces/robot_interfaces/srv/detail/dds_fastrtps
[12.832s] -- Up-to-date: /home/dash/Desktop/ros_ws/install/robot_interfaces/include/robot_interfaces/robot_interfaces/srv/detail/lm_chat__rosidl_typesupport_fastrtps_cpp.hpp
[12.832s] -- Up-to-date: /home/dash/Desktop/ros_ws/install/robot_interfaces/include/robot_interfaces/robot_interfaces/srv/detail/handshake__rosidl_typesupport_fastrtps_cpp.hpp
[12.833s] -- Up-to-date: /home/dash/Desktop/ros_ws/install/robot_interfaces/include/robot_interfaces/robot_interfaces/srv/detail/robot_status_srv__rosidl_typesupport_fastrtps_cpp.hpp
[12.847s] -- Up-to-date: /home/dash/Desktop/ros_ws/install/robot_interfaces/include/robot_interfaces/robot_interfaces/msg
[12.862s] -- Up-to-date: /home/dash/Desktop/ros_ws/install/robot_interfaces/include/robot_interfaces/robot_interfaces/msg/rosidl_typesupport_fastrtps_cpp__visibility_control.h
[12.863s] -- Up-to-date: /home/dash/Desktop/ros_ws/install/robot_interfaces/lib/librobot_interfaces__rosidl_typesupport_fastrtps_cpp.so
[12.864s] -- Up-to-date: /home/dash/Desktop/ros_ws/install/robot_interfaces/include/robot_interfaces/robot_interfaces
[12.865s] -- Up-to-date: /home/dash/Desktop/ros_ws/install/robot_interfaces/include/robot_interfaces/robot_interfaces/srv
[12.879s] -- Up-to-date: /home/dash/Desktop/ros_ws/install/robot_interfaces/include/robot_interfaces/robot_interfaces/srv/detail
[12.880s] -- Up-to-date: /home/dash/Desktop/ros_ws/install/robot_interfaces/include/robot_interfaces/robot_interfaces/srv/detail/handshake__rosidl_typesupport_introspection_cpp.hpp
[12.880s] -- Up-to-date: /home/dash/Desktop/ros_ws/install/robot_interfaces/include/robot_interfaces/robot_interfaces/srv/detail/handshake__type_support.cpp
[12.881s] -- Up-to-date: /home/dash/Desktop/ros_ws/install/robot_interfaces/include/robot_interfaces/robot_interfaces/srv/detail/lm_chat__type_support.cpp
[12.889s] -- Up-to-date: /home/dash/Desktop/ros_ws/install/robot_interfaces/include/robot_interfaces/robot_interfaces/srv/detail/lm_chat__rosidl_typesupport_introspection_cpp.hpp
[12.898s] -- Up-to-date: /home/dash/Desktop/ros_ws/install/robot_interfaces/include/robot_interfaces/robot_interfaces/srv/detail/robot_status_srv__type_support.cpp
[12.898s] -- Up-to-date: /home/dash/Desktop/ros_ws/install/robot_interfaces/include/robot_interfaces/robot_interfaces/srv/detail/robot_status_srv__rosidl_typesupport_introspection_cpp.hpp
[12.899s] -- Up-to-date: /home/dash/Desktop/ros_ws/install/robot_interfaces/lib/librobot_interfaces__rosidl_typesupport_introspection_cpp.so
[12.900s] -- Up-to-date: /home/dash/Desktop/ros_ws/install/robot_interfaces/lib/librobot_interfaces__rosidl_typesupport_cpp.so
[12.901s] -- Up-to-date: /home/dash/Desktop/ros_ws/install/robot_interfaces/share/robot_interfaces/environment/pythonpath.sh
[12.901s] -- Up-to-date: /home/dash/Desktop/ros_ws/install/robot_interfaces/share/robot_interfaces/environment/pythonpath.dsv
[12.902s] -- Up-to-date: /home/dash/Desktop/ros_ws/install/robot_interfaces/local/lib/python3.10/dist-packages/robot_interfaces-0.0.0-py3.10.egg-info
[12.908s] -- Installing: /home/dash/Desktop/ros_ws/install/robot_interfaces/local/lib/python3.10/dist-packages/robot_interfaces-0.0.0-py3.10.egg-info/dependency_links.txt
[12.913s] -- Installing: /home/dash/Desktop/ros_ws/install/robot_interfaces/local/lib/python3.10/dist-packages/robot_interfaces-0.0.0-py3.10.egg-info/top_level.txt
[12.913s] -- Installing: /home/dash/Desktop/ros_ws/install/robot_interfaces/local/lib/python3.10/dist-packages/robot_interfaces-0.0.0-py3.10.egg-info/SOURCES.txt
[12.925s] -- Installing: /home/dash/Desktop/ros_ws/install/robot_interfaces/local/lib/python3.10/dist-packages/robot_interfaces-0.0.0-py3.10.egg-info/PKG-INFO
[12.927s] -- Up-to-date: /home/dash/Desktop/ros_ws/install/robot_interfaces/local/lib/python3.10/dist-packages/robot_interfaces
[12.928s] -- Up-to-date: /home/dash/Desktop/ros_ws/install/robot_interfaces/local/lib/python3.10/dist-packages/robot_interfaces/_robot_interfaces_s.ep.rosidl_typesupport_introspection_c.c
[12.928s] -- Up-to-date: /home/dash/Desktop/ros_ws/install/robot_interfaces/local/lib/python3.10/dist-packages/robot_interfaces/robot_interfaces_s__rosidl_typesupport_c.cpython-310-aarch64-linux-gnu.so
[12.929s] -- Up-to-date: /home/dash/Desktop/ros_ws/install/robot_interfaces/local/lib/python3.10/dist-packages/robot_interfaces/_robot_interfaces_s.ep.rosidl_typesupport_c.c
[12.929s] -- Up-to-date: /home/dash/Desktop/ros_ws/install/robot_interfaces/local/lib/python3.10/dist-packages/robot_interfaces/librobot_interfaces__rosidl_generator_py.so
[12.931s] -- Up-to-date: /home/dash/Desktop/ros_ws/install/robot_interfaces/local/lib/python3.10/dist-packages/robot_interfaces/_robot_interfaces_s.ep.rosidl_typesupport_fastrtps_c.c
[12.932s] -- Up-to-date: /home/dash/Desktop/ros_ws/install/robot_interfaces/local/lib/python3.10/dist-packages/robot_interfaces/srv
[12.933s] -- Up-to-date: /home/dash/Desktop/ros_ws/install/robot_interfaces/local/lib/python3.10/dist-packages/robot_interfaces/srv/_robot_status_srv_s.c
[12.934s] -- Up-to-date: /home/dash/Desktop/ros_ws/install/robot_interfaces/local/lib/python3.10/dist-packages/robot_interfaces/srv/_robot_status_srv.py
[12.935s] -- Up-to-date: /home/dash/Desktop/ros_ws/install/robot_interfaces/local/lib/python3.10/dist-packages/robot_interfaces/srv/_lm_chat_s.c
[12.937s] -- Up-to-date: /home/dash/Desktop/ros_ws/install/robot_interfaces/local/lib/python3.10/dist-packages/robot_interfaces/srv/_handshake_s.c
[12.942s] -- Up-to-date: /home/dash/Desktop/ros_ws/install/robot_interfaces/local/lib/python3.10/dist-packages/robot_interfaces/srv/_handshake.py
[12.944s] -- Up-to-date: /home/dash/Desktop/ros_ws/install/robot_interfaces/local/lib/python3.10/dist-packages/robot_interfaces/srv/__init__.py
[12.945s] -- Up-to-date: /home/dash/Desktop/ros_ws/install/robot_interfaces/local/lib/python3.10/dist-packages/robot_interfaces/srv/_lm_chat.py
[12.945s] -- Up-to-date: /home/dash/Desktop/ros_ws/install/robot_interfaces/local/lib/python3.10/dist-packages/robot_interfaces/__init__.py
[12.962s] -- Up-to-date: /home/dash/Desktop/ros_ws/install/robot_interfaces/local/lib/python3.10/dist-packages/robot_interfaces/robot_interfaces_s__rosidl_typesupport_fastrtps_c.cpython-310-aarch64-linux-gnu.so
[12.963s] -- Up-to-date: /home/dash/Desktop/ros_ws/install/robot_interfaces/local/lib/python3.10/dist-packages/robot_interfaces/robot_interfaces_s__rosidl_typesupport_introspection_c.cpython-310-aarch64-linux-gnu.so
[13.472s] Listing '/home/dash/Desktop/ros_ws/install/robot_interfaces/local/lib/python3.10/dist-packages/robot_interfaces'...
[13.480s] Listing '/home/dash/Desktop/ros_ws/install/robot_interfaces/local/lib/python3.10/dist-packages/robot_interfaces/srv'...
[13.491s] -- Up-to-date: /home/dash/Desktop/ros_ws/install/robot_interfaces/local/lib/python3.10/dist-packages/robot_interfaces/robot_interfaces_s__rosidl_typesupport_fastrtps_c.cpython-310-aarch64-linux-gnu.so
[13.501s] -- Up-to-date: /home/dash/Desktop/ros_ws/install/robot_interfaces/local/lib/python3.10/dist-packages/robot_interfaces/robot_interfaces_s__rosidl_typesupport_introspection_c.cpython-310-aarch64-linux-gnu.so
[13.516s] -- Up-to-date: /home/dash/Desktop/ros_ws/install/robot_interfaces/local/lib/python3.10/dist-packages/robot_interfaces/robot_interfaces_s__rosidl_typesupport_c.cpython-310-aarch64-linux-gnu.so
[13.519s] -- Up-to-date: /home/dash/Desktop/ros_ws/install/robot_interfaces/lib/librobot_interfaces__rosidl_generator_py.so
[13.527s] -- Up-to-date: /home/dash/Desktop/ros_ws/install/robot_interfaces/share/robot_interfaces/srv/LMChat.idl
[13.535s] -- Up-to-date: /home/dash/Desktop/ros_ws/install/robot_interfaces/share/robot_interfaces/srv/Handshake.idl
[13.536s] -- Up-to-date: /home/dash/Desktop/ros_ws/install/robot_interfaces/share/robot_interfaces/srv/RobotStatusSrv.idl
[13.550s] -- Up-to-date: /home/dash/Desktop/ros_ws/install/robot_interfaces/share/robot_interfaces/srv/LMChat.srv
[13.551s] -- Up-to-date: /home/dash/Desktop/ros_ws/install/robot_interfaces/share/robot_interfaces/srv/LMChat_Request.msg
[13.551s] -- Up-to-date: /home/dash/Desktop/ros_ws/install/robot_interfaces/share/robot_interfaces/srv/LMChat_Response.msg
[13.552s] -- Up-to-date: /home/dash/Desktop/ros_ws/install/robot_interfaces/share/robot_interfaces/srv/Handshake.srv
[13.555s] -- Up-to-date: /home/dash/Desktop/ros_ws/install/robot_interfaces/share/robot_interfaces/srv/Handshake_Request.msg
[13.556s] -- Up-to-date: /home/dash/Desktop/ros_ws/install/robot_interfaces/share/robot_interfaces/srv/Handshake_Response.msg
[13.556s] -- Up-to-date: /home/dash/Desktop/ros_ws/install/robot_interfaces/share/robot_interfaces/srv/RobotStatusSrv.srv
[13.557s] -- Up-to-date: /home/dash/Desktop/ros_ws/install/robot_interfaces/share/robot_interfaces/srv/RobotStatusSrv_Request.msg
[13.558s] -- Up-to-date: /home/dash/Desktop/ros_ws/install/robot_interfaces/share/robot_interfaces/srv/RobotStatusSrv_Response.msg
[13.559s] -- Up-to-date: /home/dash/Desktop/ros_ws/install/robot_interfaces/share/ament_index/resource_index/package_run_dependencies/robot_interfaces
[13.559s] -- Up-to-date: /home/dash/Desktop/ros_ws/install/robot_interfaces/share/ament_index/resource_index/parent_prefix_path/robot_interfaces
[13.560s] -- Up-to-date: /home/dash/Desktop/ros_ws/install/robot_interfaces/share/robot_interfaces/environment/ament_prefix_path.sh
[13.566s] -- Up-to-date: /home/dash/Desktop/ros_ws/install/robot_interfaces/share/robot_interfaces/environment/ament_prefix_path.dsv
[13.572s] -- Up-to-date: /home/dash/Desktop/ros_ws/install/robot_interfaces/share/robot_interfaces/environment/path.sh
[13.573s] -- Up-to-date: /home/dash/Desktop/ros_ws/install/robot_interfaces/share/robot_interfaces/environment/path.dsv
[13.574s] -- Up-to-date: /home/dash/Desktop/ros_ws/install/robot_interfaces/share/robot_interfaces/local_setup.bash
[13.574s] -- Up-to-date: /home/dash/Desktop/ros_ws/install/robot_interfaces/share/robot_interfaces/local_setup.sh
[13.575s] -- Up-to-date: /home/dash/Desktop/ros_ws/install/robot_interfaces/share/robot_interfaces/local_setup.zsh
[13.575s] -- Up-to-date: /home/dash/Desktop/ros_ws/install/robot_interfaces/share/robot_interfaces/local_setup.dsv
[13.576s] -- Installing: /home/dash/Desktop/ros_ws/install/robot_interfaces/share/robot_interfaces/package.dsv
[13.577s] -- Up-to-date: /home/dash/Desktop/ros_ws/install/robot_interfaces/share/ament_index/resource_index/packages/robot_interfaces
[13.577s] -- Up-to-date: /home/dash/Desktop/ros_ws/install/robot_interfaces/share/robot_interfaces/cmake/export_robot_interfaces__rosidl_generator_cExport.cmake
[13.578s] -- Up-to-date: /home/dash/Desktop/ros_ws/install/robot_interfaces/share/robot_interfaces/cmake/export_robot_interfaces__rosidl_generator_cExport-noconfig.cmake
[13.579s] -- Up-to-date: /home/dash/Desktop/ros_ws/install/robot_interfaces/share/robot_interfaces/cmake/export_robot_interfaces__rosidl_typesupport_fastrtps_cExport.cmake
[13.580s] -- Up-to-date: /home/dash/Desktop/ros_ws/install/robot_interfaces/share/robot_interfaces/cmake/export_robot_interfaces__rosidl_typesupport_fastrtps_cExport-noconfig.cmake
[13.588s] -- Up-to-date: /home/dash/Desktop/ros_ws/install/robot_interfaces/share/robot_interfaces/cmake/robot_interfaces__rosidl_typesupport_introspection_cExport.cmake
[13.590s] -- Up-to-date: /home/dash/Desktop/ros_ws/install/robot_interfaces/share/robot_interfaces/cmake/robot_interfaces__rosidl_typesupport_introspection_cExport-noconfig.cmake
[13.590s] -- Up-to-date: /home/dash/Desktop/ros_ws/install/robot_interfaces/share/robot_interfaces/cmake/robot_interfaces__rosidl_typesupport_cExport.cmake
[13.591s] -- Up-to-date: /home/dash/Desktop/ros_ws/install/robot_interfaces/share/robot_interfaces/cmake/robot_interfaces__rosidl_typesupport_cExport-noconfig.cmake
[13.592s] -- Up-to-date: /home/dash/Desktop/ros_ws/install/robot_interfaces/share/robot_interfaces/cmake/export_robot_interfaces__rosidl_generator_cppExport.cmake
[13.593s] -- Up-to-date: /home/dash/Desktop/ros_ws/install/robot_interfaces/share/robot_interfaces/cmake/export_robot_interfaces__rosidl_typesupport_fastrtps_cppExport.cmake
[13.593s] -- Up-to-date: /home/dash/Desktop/ros_ws/install/robot_interfaces/share/robot_interfaces/cmake/export_robot_interfaces__rosidl_typesupport_fastrtps_cppExport-noconfig.cmake
[13.594s] -- Up-to-date: /home/dash/Desktop/ros_ws/install/robot_interfaces/share/robot_interfaces/cmake/robot_interfaces__rosidl_typesupport_introspection_cppExport.cmake
[13.594s] -- Up-to-date: /home/dash/Desktop/ros_ws/install/robot_interfaces/share/robot_interfaces/cmake/robot_interfaces__rosidl_typesupport_introspection_cppExport-noconfig.cmake
[13.595s] -- Up-to-date: /home/dash/Desktop/ros_ws/install/robot_interfaces/share/robot_interfaces/cmake/robot_interfaces__rosidl_typesupport_cppExport.cmake
[13.595s] -- Up-to-date: /home/dash/Desktop/ros_ws/install/robot_interfaces/share/robot_interfaces/cmake/robot_interfaces__rosidl_typesupport_cppExport-noconfig.cmake
[13.596s] -- Up-to-date: /home/dash/Desktop/ros_ws/install/robot_interfaces/share/robot_interfaces/cmake/export_robot_interfaces__rosidl_generator_pyExport.cmake
[13.596s] -- Up-to-date: /home/dash/Desktop/ros_ws/install/robot_interfaces/share/robot_interfaces/cmake/export_robot_interfaces__rosidl_generator_pyExport-noconfig.cmake
[13.597s] -- Up-to-date: /home/dash/Desktop/ros_ws/install/robot_interfaces/share/robot_interfaces/cmake/rosidl_cmake-extras.cmake
[13.598s] -- Up-to-date: /home/dash/Desktop/ros_ws/install/robot_interfaces/share/robot_interfaces/cmake/ament_cmake_export_include_directories-extras.cmake
[13.598s] -- Up-to-date: /home/dash/Desktop/ros_ws/install/robot_interfaces/share/robot_interfaces/cmake/ament_cmake_export_libraries-extras.cmake
[13.599s] -- Up-to-date: /home/dash/Desktop/ros_ws/install/robot_interfaces/share/robot_interfaces/cmake/ament_cmake_export_targets-extras.cmake
[13.600s] -- Up-to-date: /home/dash/Desktop/ros_ws/install/robot_interfaces/share/robot_interfaces/cmake/rosidl_cmake_export_typesupport_targets-extras.cmake
[13.600s] -- Up-to-date: /home/dash/Desktop/ros_ws/install/robot_interfaces/share/robot_interfaces/cmake/ament_cmake_export_dependencies-extras.cmake
[13.601s] -- Up-to-date: /home/dash/Desktop/ros_ws/install/robot_interfaces/share/robot_interfaces/cmake/rosidl_cmake_export_typesupport_libraries-extras.cmake
[13.602s] -- Up-to-date: /home/dash/Desktop/ros_ws/install/robot_interfaces/share/robot_interfaces/cmake/robot_interfacesConfig.cmake
[13.602s] -- Up-to-date: /home/dash/Desktop/ros_ws/install/robot_interfaces/share/robot_interfaces/cmake/robot_interfacesConfig-version.cmake
[13.603s] -- Up-to-date: /home/dash/Desktop/ros_ws/install/robot_interfaces/share/robot_interfaces/package.xml
[13.872s] Invoked command in '/home/dash/Desktop/ros_ws/build/robot_interfaces' returned '0': CMAKE_PREFIX_PATH=${CMAKE_PREFIX_PATH}:/home/dash/Desktop/ros_ws/install/user_interface:/home/dash/Desktop/ros_ws/install/nlp_subsystem:/home/dash/Desktop/ros_ws/install/cv_subsystem:/home/dash/Desktop/ros_ws/install/controller:/opt/ros/humble /usr/bin/cmake --install /home/dash/Desktop/ros_ws/build/robot_interfaces
