[9.155s] Invoking command in '/home/dash/Desktop/ros_ws/src/cv_subsystem': PYTHONPATH=/home/dash/Desktop/ros_ws/build/cv_subsystem/prefix_override:/home/dash/Desktop/ros_ws/install/cv_subsystem/lib/python3.10/site-packages:${PYTHONPATH} /usr/bin/python3 -W ignore:setup.py install is deprecated setup.py egg_info --egg-base ../../build/cv_subsystem build --build-base /home/dash/Desktop/ros_ws/build/cv_subsystem/build install --record /home/dash/Desktop/ros_ws/build/cv_subsystem/install.log --single-version-externally-managed install_data
[11.759s] running egg_info
[11.774s] writing ../../build/cv_subsystem/cv_subsystem.egg-info/PKG-INFO
[11.778s] writing dependency_links to ../../build/cv_subsystem/cv_subsystem.egg-info/dependency_links.txt
[11.802s] writing entry points to ../../build/cv_subsystem/cv_subsystem.egg-info/entry_points.txt
[11.802s] writing requirements to ../../build/cv_subsystem/cv_subsystem.egg-info/requires.txt
[11.803s] writing top-level names to ../../build/cv_subsystem/cv_subsystem.egg-info/top_level.txt
[11.804s] reading manifest file '../../build/cv_subsystem/cv_subsystem.egg-info/SOURCES.txt'
[11.804s] writing manifest file '../../build/cv_subsystem/cv_subsystem.egg-info/SOURCES.txt'
[11.805s] running build
[11.805s] running build_py
[11.807s] running install
[11.807s] running install_lib
[11.808s] running install_data
[11.808s] running install_egg_info
[11.809s] removing '/home/dash/Desktop/ros_ws/install/cv_subsystem/lib/python3.10/site-packages/cv_subsystem-0.0.0-py3.10.egg-info' (and everything under it)
[11.821s] Copying ../../build/cv_subsystem/cv_subsystem.egg-info to /home/dash/Desktop/ros_ws/install/cv_subsystem/lib/python3.10/site-packages/cv_subsystem-0.0.0-py3.10.egg-info
[11.821s] running install_scripts
[11.960s] Installing gesture_recognizer script to /home/dash/Desktop/ros_ws/install/cv_subsystem/lib/cv_subsystem
[11.965s] writing list of installed files to '/home/dash/Desktop/ros_ws/build/cv_subsystem/install.log'
