[10.166s] Invoking command in '/home/dash/Desktop/ros_ws/src/controller': PYTHONPATH=/home/dash/Desktop/ros_ws/build/controller/prefix_override:/home/dash/Desktop/ros_ws/install/controller/lib/python3.10/site-packages:${PYTHONPATH} /usr/bin/python3 -W ignore:setup.py install is deprecated setup.py egg_info --egg-base ../../build/controller build --build-base /home/dash/Desktop/ros_ws/build/controller/build install --record /home/dash/Desktop/ros_ws/build/controller/install.log --single-version-externally-managed install_data
[13.880s] running egg_info
[13.881s] writing ../../build/controller/controller.egg-info/PKG-INFO
[13.881s] writing dependency_links to ../../build/controller/controller.egg-info/dependency_links.txt
[13.882s] writing entry points to ../../build/controller/controller.egg-info/entry_points.txt
[13.883s] writing requirements to ../../build/controller/controller.egg-info/requires.txt
[13.904s] writing top-level names to ../../build/controller/controller.egg-info/top_level.txt
[13.905s] reading manifest file '../../build/controller/controller.egg-info/SOURCES.txt'
[13.908s] writing manifest file '../../build/controller/controller.egg-info/SOURCES.txt'
[13.919s] running build
[13.920s] running build_py
[13.920s] running install
[13.921s] running install_lib
[13.931s] running install_data
[13.932s] running install_egg_info
[13.941s] removing '/home/dash/Desktop/ros_ws/install/controller/lib/python3.10/site-packages/controller-0.0.0-py3.10.egg-info' (and everything under it)
[13.942s] Copying ../../build/controller/controller.egg-info to /home/dash/Desktop/ros_ws/install/controller/lib/python3.10/site-packages/controller-0.0.0-py3.10.egg-info
[13.952s] running install_scripts
[14.066s] Installing app_control script to /home/dash/Desktop/ros_ws/install/controller/lib/controller
[14.072s] Installing handshake script to /home/dash/Desktop/ros_ws/install/controller/lib/controller
[14.076s] Installing robot_status script to /home/dash/Desktop/ros_ws/install/controller/lib/controller
[14.078s] writing list of installed files to '/home/dash/Desktop/ros_ws/build/controller/install.log'
[15.853s] Invoked command in '/home/dash/Desktop/ros_ws/src/controller' returned '0': PYTHONPATH=/home/dash/Desktop/ros_ws/build/controller/prefix_override:/home/dash/Desktop/ros_ws/install/controller/lib/python3.10/site-packages:${PYTHONPATH} /usr/bin/python3 -W ignore:setup.py install is deprecated setup.py egg_info --egg-base ../../build/controller build --build-base /home/dash/Desktop/ros_ws/build/controller/build install --record /home/dash/Desktop/ros_ws/build/controller/install.log --single-version-externally-managed install_data
